<div id="abkkbdumud" style="padding-left:0px;padding-right:0px;padding-top:10px;padding-bottom:10px;overflow-x:auto;overflow-y:auto;width:auto;height:auto;">
  <style>html {
  font-family: -apple-system, BlinkMacSystemFont, 'Segoe UI', Roboto, Oxygen, Ubuntu, Cantarell, 'Helvetica Neue', 'Fira Sans', 'Droid Sans', Arial, sans-serif;
}

#abkkbdumud .gt_table {
  display: table;
  border-collapse: collapse;
  margin-left: auto;
  margin-right: auto;
  color: #333333;
  font-size: 16px;
  font-weight: normal;
  font-style: normal;
  background-color: #FFFFFF;
  width: auto;
  border-top-style: solid;
  border-top-width: 2px;
  border-top-color: #A8A8A8;
  border-right-style: none;
  border-right-width: 2px;
  border-right-color: #D3D3D3;
  border-bottom-style: solid;
  border-bottom-width: 2px;
  border-bottom-color: #A8A8A8;
  border-left-style: none;
  border-left-width: 2px;
  border-left-color: #D3D3D3;
}

#abkkbdumud .gt_heading {
  background-color: #FFFFFF;
  text-align: center;
  border-bottom-color: #FFFFFF;
  border-left-style: none;
  border-left-width: 1px;
  border-left-color: #D3D3D3;
  border-right-style: none;
  border-right-width: 1px;
  border-right-color: #D3D3D3;
}

#abkkbdumud .gt_caption {
  padding-top: 4px;
  padding-bottom: 4px;
}

#abkkbdumud .gt_title {
  color: #333333;
  font-size: 125%;
  font-weight: initial;
  padding-top: 4px;
  padding-bottom: 4px;
  padding-left: 5px;
  padding-right: 5px;
  border-bottom-color: #FFFFFF;
  border-bottom-width: 0;
}

#abkkbdumud .gt_subtitle {
  color: #333333;
  font-size: 85%;
  font-weight: initial;
  padding-top: 0;
  padding-bottom: 6px;
  padding-left: 5px;
  padding-right: 5px;
  border-top-color: #FFFFFF;
  border-top-width: 0;
}

#abkkbdumud .gt_bottom_border {
  border-bottom-style: solid;
  border-bottom-width: 2px;
  border-bottom-color: #D3D3D3;
}

#abkkbdumud .gt_col_headings {
  border-top-style: solid;
  border-top-width: 2px;
  border-top-color: #D3D3D3;
  border-bottom-style: solid;
  border-bottom-width: 2px;
  border-bottom-color: #D3D3D3;
  border-left-style: none;
  border-left-width: 1px;
  border-left-color: #D3D3D3;
  border-right-style: none;
  border-right-width: 1px;
  border-right-color: #D3D3D3;
}

#abkkbdumud .gt_col_heading {
  color: #333333;
  background-color: #FFFFFF;
  font-size: 100%;
  font-weight: normal;
  text-transform: inherit;
  border-left-style: none;
  border-left-width: 1px;
  border-left-color: #D3D3D3;
  border-right-style: none;
  border-right-width: 1px;
  border-right-color: #D3D3D3;
  vertical-align: bottom;
  padding-top: 5px;
  padding-bottom: 6px;
  padding-left: 5px;
  padding-right: 5px;
  overflow-x: hidden;
}

#abkkbdumud .gt_column_spanner_outer {
  color: #333333;
  background-color: #FFFFFF;
  font-size: 100%;
  font-weight: normal;
  text-transform: inherit;
  padding-top: 0;
  padding-bottom: 0;
  padding-left: 4px;
  padding-right: 4px;
}

#abkkbdumud .gt_column_spanner_outer:first-child {
  padding-left: 0;
}

#abkkbdumud .gt_column_spanner_outer:last-child {
  padding-right: 0;
}

#abkkbdumud .gt_column_spanner {
  border-bottom-style: solid;
  border-bottom-width: 2px;
  border-bottom-color: #D3D3D3;
  vertical-align: bottom;
  padding-top: 5px;
  padding-bottom: 5px;
  overflow-x: hidden;
  display: inline-block;
  width: 100%;
}

#abkkbdumud .gt_group_heading {
  padding-top: 8px;
  padding-bottom: 8px;
  padding-left: 5px;
  padding-right: 5px;
  color: #333333;
  background-color: #FFFFFF;
  font-size: 100%;
  font-weight: initial;
  text-transform: inherit;
  border-top-style: solid;
  border-top-width: 2px;
  border-top-color: #D3D3D3;
  border-bottom-style: solid;
  border-bottom-width: 2px;
  border-bottom-color: #D3D3D3;
  border-left-style: none;
  border-left-width: 1px;
  border-left-color: #D3D3D3;
  border-right-style: none;
  border-right-width: 1px;
  border-right-color: #D3D3D3;
  vertical-align: middle;
  text-align: left;
}

#abkkbdumud .gt_empty_group_heading {
  padding: 0.5px;
  color: #333333;
  background-color: #FFFFFF;
  font-size: 100%;
  font-weight: initial;
  border-top-style: solid;
  border-top-width: 2px;
  border-top-color: #D3D3D3;
  border-bottom-style: solid;
  border-bottom-width: 2px;
  border-bottom-color: #D3D3D3;
  vertical-align: middle;
}

#abkkbdumud .gt_from_md > :first-child {
  margin-top: 0;
}

#abkkbdumud .gt_from_md > :last-child {
  margin-bottom: 0;
}

#abkkbdumud .gt_row {
  padding-top: 8px;
  padding-bottom: 8px;
  padding-left: 5px;
  padding-right: 5px;
  margin: 10px;
  border-top-style: solid;
  border-top-width: 1px;
  border-top-color: #D3D3D3;
  border-left-style: none;
  border-left-width: 1px;
  border-left-color: #D3D3D3;
  border-right-style: none;
  border-right-width: 1px;
  border-right-color: #D3D3D3;
  vertical-align: middle;
  overflow-x: hidden;
}

#abkkbdumud .gt_stub {
  color: #333333;
  background-color: #FFFFFF;
  font-size: 100%;
  font-weight: initial;
  text-transform: inherit;
  border-right-style: solid;
  border-right-width: 2px;
  border-right-color: #D3D3D3;
  padding-left: 5px;
  padding-right: 5px;
}

#abkkbdumud .gt_stub_row_group {
  color: #333333;
  background-color: #FFFFFF;
  font-size: 100%;
  font-weight: initial;
  text-transform: inherit;
  border-right-style: solid;
  border-right-width: 2px;
  border-right-color: #D3D3D3;
  padding-left: 5px;
  padding-right: 5px;
  vertical-align: top;
}

#abkkbdumud .gt_row_group_first td {
  border-top-width: 2px;
}

#abkkbdumud .gt_summary_row {
  color: #333333;
  background-color: #FFFFFF;
  text-transform: inherit;
  padding-top: 8px;
  padding-bottom: 8px;
  padding-left: 5px;
  padding-right: 5px;
}

#abkkbdumud .gt_first_summary_row {
  border-top-style: solid;
  border-top-color: #D3D3D3;
}

#abkkbdumud .gt_first_summary_row.thick {
  border-top-width: 2px;
}

#abkkbdumud .gt_last_summary_row {
  padding-top: 8px;
  padding-bottom: 8px;
  padding-left: 5px;
  padding-right: 5px;
  border-bottom-style: solid;
  border-bottom-width: 2px;
  border-bottom-color: #D3D3D3;
}

#abkkbdumud .gt_grand_summary_row {
  color: #333333;
  background-color: #FFFFFF;
  text-transform: inherit;
  padding-top: 8px;
  padding-bottom: 8px;
  padding-left: 5px;
  padding-right: 5px;
}

#abkkbdumud .gt_first_grand_summary_row {
  padding-top: 8px;
  padding-bottom: 8px;
  padding-left: 5px;
  padding-right: 5px;
  border-top-style: double;
  border-top-width: 6px;
  border-top-color: #D3D3D3;
}

#abkkbdumud .gt_striped {
  background-color: rgba(128, 128, 128, 0.05);
}

#abkkbdumud .gt_table_body {
  border-top-style: solid;
  border-top-width: 2px;
  border-top-color: #D3D3D3;
  border-bottom-style: solid;
  border-bottom-width: 2px;
  border-bottom-color: #D3D3D3;
}

#abkkbdumud .gt_footnotes {
  color: #333333;
  background-color: #FFFFFF;
  border-bottom-style: none;
  border-bottom-width: 2px;
  border-bottom-color: #D3D3D3;
  border-left-style: none;
  border-left-width: 2px;
  border-left-color: #D3D3D3;
  border-right-style: none;
  border-right-width: 2px;
  border-right-color: #D3D3D3;
}

#abkkbdumud .gt_footnote {
  margin: 0px;
  font-size: 90%;
  padding-left: 4px;
  padding-right: 4px;
  padding-left: 5px;
  padding-right: 5px;
}

#abkkbdumud .gt_sourcenotes {
  color: #333333;
  background-color: #FFFFFF;
  border-bottom-style: none;
  border-bottom-width: 2px;
  border-bottom-color: #D3D3D3;
  border-left-style: none;
  border-left-width: 2px;
  border-left-color: #D3D3D3;
  border-right-style: none;
  border-right-width: 2px;
  border-right-color: #D3D3D3;
}

#abkkbdumud .gt_sourcenote {
  font-size: 90%;
  padding-top: 4px;
  padding-bottom: 4px;
  padding-left: 5px;
  padding-right: 5px;
}

#abkkbdumud .gt_left {
  text-align: left;
}

#abkkbdumud .gt_center {
  text-align: center;
}

#abkkbdumud .gt_right {
  text-align: right;
  font-variant-numeric: tabular-nums;
}

#abkkbdumud .gt_font_normal {
  font-weight: normal;
}

#abkkbdumud .gt_font_bold {
  font-weight: bold;
}

#abkkbdumud .gt_font_italic {
  font-style: italic;
}

#abkkbdumud .gt_super {
  font-size: 65%;
}

#abkkbdumud .gt_footnote_marks {
  font-style: italic;
  font-weight: normal;
  font-size: 75%;
  vertical-align: 0.4em;
}

#abkkbdumud .gt_asterisk {
  font-size: 100%;
  vertical-align: 0;
}

#abkkbdumud .gt_indent_1 {
  text-indent: 5px;
}

#abkkbdumud .gt_indent_2 {
  text-indent: 10px;
}

#abkkbdumud .gt_indent_3 {
  text-indent: 15px;
}

#abkkbdumud .gt_indent_4 {
  text-indent: 20px;
}

#abkkbdumud .gt_indent_5 {
  text-indent: 25px;
}
</style>
  <table class="gt_table">
  
  <thead class="gt_col_headings">
    <tr>
      <th class="gt_col_heading gt_columns_bottom_border gt_left" rowspan="1" colspan="1" scope="col" id="&lt;strong&gt;Characteristic&lt;/strong&gt;"><strong>Characteristic</strong></th>
      <th class="gt_col_heading gt_columns_bottom_border gt_center" rowspan="1" colspan="1" scope="col" id="&lt;strong&gt;N = 3,438,635&lt;/strong&gt;&lt;sup class=&quot;gt_footnote_marks&quot;&gt;1&lt;/sup&gt;"><strong>N = 3,438,635</strong><sup class="gt_footnote_marks">1</sup></th>
    </tr>
  </thead>
  <tbody class="gt_table_body">
    <tr><td headers="label" class="gt_row gt_left" style="font-weight: bold;">Infected</td>
<td headers="stat_0" class="gt_row gt_center">5,290 (0.2%)</td></tr>
    <tr><td headers="label" class="gt_row gt_left" style="font-weight: bold;">Immunity</td>
<td headers="stat_0" class="gt_row gt_center"></td></tr>
    <tr><td headers="label" class="gt_row gt_left">    _noimmunity</td>
<td headers="stat_0" class="gt_row gt_center">212,474 (6.2%)</td></tr>
    <tr><td headers="label" class="gt_row gt_left">    _other</td>
<td headers="stat_0" class="gt_row gt_center">362,386 (11%)</td></tr>
    <tr><td headers="label" class="gt_row gt_left">    b45_062-122</td>
<td headers="stat_0" class="gt_row gt_center">1,434 (&lt;0.1%)</td></tr>
    <tr><td headers="label" class="gt_row gt_left">    b45_123-183</td>
<td headers="stat_0" class="gt_row gt_center">1,375 (&lt;0.1%)</td></tr>
    <tr><td headers="label" class="gt_row gt_left">    boost_001-061</td>
<td headers="stat_0" class="gt_row gt_center">267 (&lt;0.1%)</td></tr>
    <tr><td headers="label" class="gt_row gt_left">    boost_062-122</td>
<td headers="stat_0" class="gt_row gt_center">1,584 (&lt;0.1%)</td></tr>
    <tr><td headers="label" class="gt_row gt_left">    boost_123-183</td>
<td headers="stat_0" class="gt_row gt_center">3,968 (0.1%)</td></tr>
    <tr><td headers="label" class="gt_row gt_left">    boost_184-244</td>
<td headers="stat_0" class="gt_row gt_center">7,853 (0.2%)</td></tr>
    <tr><td headers="label" class="gt_row gt_left">    boost_245-305</td>
<td headers="stat_0" class="gt_row gt_center">16,273 (0.5%)</td></tr>
    <tr><td headers="label" class="gt_row gt_left">    boost_306-366</td>
<td headers="stat_0" class="gt_row gt_center">125,961 (3.7%)</td></tr>
    <tr><td headers="label" class="gt_row gt_left">    boost_367-427</td>
<td headers="stat_0" class="gt_row gt_center">228,941 (6.7%)</td></tr>
    <tr><td headers="label" class="gt_row gt_left">    boost_428-488</td>
<td headers="stat_0" class="gt_row gt_center">226,906 (6.6%)</td></tr>
    <tr><td headers="label" class="gt_row gt_left">    boost_489-549</td>
<td headers="stat_0" class="gt_row gt_center">216,476 (6.3%)</td></tr>
    <tr><td headers="label" class="gt_row gt_left">    full_062-122</td>
<td headers="stat_0" class="gt_row gt_center">414 (&lt;0.1%)</td></tr>
    <tr><td headers="label" class="gt_row gt_left">    full_123-183</td>
<td headers="stat_0" class="gt_row gt_center">580 (&lt;0.1%)</td></tr>
    <tr><td headers="label" class="gt_row gt_left">    full_184-244</td>
<td headers="stat_0" class="gt_row gt_center">979 (&lt;0.1%)</td></tr>
    <tr><td headers="label" class="gt_row gt_left">    full_245-305</td>
<td headers="stat_0" class="gt_row gt_center">2,787 (&lt;0.1%)</td></tr>
    <tr><td headers="label" class="gt_row gt_left">    full_306-366</td>
<td headers="stat_0" class="gt_row gt_center">18,196 (0.5%)</td></tr>
    <tr><td headers="label" class="gt_row gt_left">    full_367-427</td>
<td headers="stat_0" class="gt_row gt_center">45,076 (1.3%)</td></tr>
    <tr><td headers="label" class="gt_row gt_left">    full_428-488</td>
<td headers="stat_0" class="gt_row gt_center">67,180 (2.0%)</td></tr>
    <tr><td headers="label" class="gt_row gt_left">    full_489-549</td>
<td headers="stat_0" class="gt_row gt_center">116,039 (3.4%)</td></tr>
    <tr><td headers="label" class="gt_row gt_left">    hybridboost_001-061</td>
<td headers="stat_0" class="gt_row gt_center">19,784 (0.6%)</td></tr>
    <tr><td headers="label" class="gt_row gt_left">    hybridboost_062-122</td>
<td headers="stat_0" class="gt_row gt_center">51,161 (1.5%)</td></tr>
    <tr><td headers="label" class="gt_row gt_left">    hybridboost_123-183</td>
<td headers="stat_0" class="gt_row gt_center">71,651 (2.1%)</td></tr>
    <tr><td headers="label" class="gt_row gt_left">    hybridboost_184-244</td>
<td headers="stat_0" class="gt_row gt_center">76,096 (2.2%)</td></tr>
    <tr><td headers="label" class="gt_row gt_left">    hybridboost_245-305</td>
<td headers="stat_0" class="gt_row gt_center">77,080 (2.2%)</td></tr>
    <tr><td headers="label" class="gt_row gt_left">    hybridboost_306-366</td>
<td headers="stat_0" class="gt_row gt_center">118,538 (3.4%)</td></tr>
    <tr><td headers="label" class="gt_row gt_left">    hybridboost_367-427</td>
<td headers="stat_0" class="gt_row gt_center">125,066 (3.6%)</td></tr>
    <tr><td headers="label" class="gt_row gt_left">    hybridboost_428-488</td>
<td headers="stat_0" class="gt_row gt_center">110,894 (3.2%)</td></tr>
    <tr><td headers="label" class="gt_row gt_left">    hybridboost_489-549</td>
<td headers="stat_0" class="gt_row gt_center">70,445 (2.0%)</td></tr>
    <tr><td headers="label" class="gt_row gt_left">    hybridfull_062-122</td>
<td headers="stat_0" class="gt_row gt_center">8,639 (0.3%)</td></tr>
    <tr><td headers="label" class="gt_row gt_left">    hybridfull_123-183</td>
<td headers="stat_0" class="gt_row gt_center">13,835 (0.4%)</td></tr>
    <tr><td headers="label" class="gt_row gt_left">    hybridfull_184-244</td>
<td headers="stat_0" class="gt_row gt_center">14,389 (0.4%)</td></tr>
    <tr><td headers="label" class="gt_row gt_left">    hybridfull_245-305</td>
<td headers="stat_0" class="gt_row gt_center">25,348 (0.7%)</td></tr>
    <tr><td headers="label" class="gt_row gt_left">    hybridfull_306-366</td>
<td headers="stat_0" class="gt_row gt_center">90,388 (2.6%)</td></tr>
    <tr><td headers="label" class="gt_row gt_left">    hybridfull_367-427</td>
<td headers="stat_0" class="gt_row gt_center">120,476 (3.5%)</td></tr>
    <tr><td headers="label" class="gt_row gt_left">    hybridfull_428-488</td>
<td headers="stat_0" class="gt_row gt_center">106,717 (3.1%)</td></tr>
    <tr><td headers="label" class="gt_row gt_left">    hybridfull_489-549</td>
<td headers="stat_0" class="gt_row gt_center">94,488 (2.7%)</td></tr>
    <tr><td headers="label" class="gt_row gt_left">    inf_062-122</td>
<td headers="stat_0" class="gt_row gt_center">5,899 (0.2%)</td></tr>
    <tr><td headers="label" class="gt_row gt_left">    inf_123-183</td>
<td headers="stat_0" class="gt_row gt_center">9,510 (0.3%)</td></tr>
    <tr><td headers="label" class="gt_row gt_left">    inf_184-244</td>
<td headers="stat_0" class="gt_row gt_center">9,745 (0.3%)</td></tr>
    <tr><td headers="label" class="gt_row gt_left">    inf_245-305</td>
<td headers="stat_0" class="gt_row gt_center">19,619 (0.6%)</td></tr>
    <tr><td headers="label" class="gt_row gt_left">    inf_306-366</td>
<td headers="stat_0" class="gt_row gt_center">68,537 (2.0%)</td></tr>
    <tr><td headers="label" class="gt_row gt_left">    inf_367-427</td>
<td headers="stat_0" class="gt_row gt_center">106,065 (3.1%)</td></tr>
    <tr><td headers="label" class="gt_row gt_left">    inf_428-488</td>
<td headers="stat_0" class="gt_row gt_center">110,402 (3.2%)</td></tr>
    <tr><td headers="label" class="gt_row gt_left">    inf_489-549</td>
<td headers="stat_0" class="gt_row gt_center">98,525 (2.9%)</td></tr>
    <tr><td headers="label" class="gt_row gt_left">    secbnew_001-061</td>
<td headers="stat_0" class="gt_row gt_center">15,784 (0.5%)</td></tr>
    <tr><td headers="label" class="gt_row gt_left">    secbnew_062-122</td>
<td headers="stat_0" class="gt_row gt_center">28,301 (0.8%)</td></tr>
    <tr><td headers="label" class="gt_row gt_left">    secbnew_123-183</td>
<td headers="stat_0" class="gt_row gt_center">27,998 (0.8%)</td></tr>
    <tr><td headers="label" class="gt_row gt_left">    secboost_001-061</td>
<td headers="stat_0" class="gt_row gt_center">3,217 (&lt;0.1%)</td></tr>
    <tr><td headers="label" class="gt_row gt_left">    secboost_062-122</td>
<td headers="stat_0" class="gt_row gt_center">20,399 (0.6%)</td></tr>
    <tr><td headers="label" class="gt_row gt_left">    secboost_123-183</td>
<td headers="stat_0" class="gt_row gt_center">31,479 (0.9%)</td></tr>
    <tr><td headers="label" class="gt_row gt_left">    secboost_184-244</td>
<td headers="stat_0" class="gt_row gt_center">31,011 (0.9%)</td></tr>
    <tr><td headers="label" class="gt_row gt_left" style="font-weight: bold;">Sex</td>
<td headers="stat_0" class="gt_row gt_center"></td></tr>
    <tr><td headers="label" class="gt_row gt_left">    F</td>
<td headers="stat_0" class="gt_row gt_center">1,769,245 (51%)</td></tr>
    <tr><td headers="label" class="gt_row gt_left">    M</td>
<td headers="stat_0" class="gt_row gt_center">1,669,390 (49%)</td></tr>
  </tbody>
  
  <tfoot class="gt_footnotes">
    <tr>
      <td class="gt_footnote" colspan="2"><sup class="gt_footnote_marks">1</sup> n (%)</td>
    </tr>
  </tfoot>
</table>
</div>
 [1] "Immunity_other"              "Immunityb45_062-122"        
 [3] "Immunityb45_123-183"         "Immunityboost_001-061"      
 [5] "Immunityboost_062-122"       "Immunityboost_123-183"      
 [7] "Immunityboost_184-244"       "Immunityboost_245-305"      
 [9] "Immunityboost_306-366"       "Immunityboost_367-427"      
[11] "Immunityboost_428-488"       "Immunityboost_489-549"      
[13] "Immunityfull_062-122"        "Immunityfull_123-183"       
[15] "Immunityfull_184-244"        "Immunityfull_245-305"       
[17] "Immunityfull_306-366"        "Immunityfull_367-427"       
[19] "Immunityfull_428-488"        "Immunityfull_489-549"       
[21] "Immunityhybridboost_001-061" "Immunityhybridboost_062-122"
[23] "Immunityhybridboost_123-183" "Immunityhybridboost_184-244"
[25] "Immunityhybridboost_245-305" "Immunityhybridboost_306-366"
[27] "Immunityhybridboost_367-427" "Immunityhybridboost_428-488"
[29] "Immunityhybridboost_489-549" "Immunityhybridfull_062-122" 
[31] "Immunityhybridfull_123-183"  "Immunityhybridfull_184-244" 
[33] "Immunityhybridfull_245-305"  "Immunityhybridfull_306-366" 
[35] "Immunityhybridfull_367-427"  "Immunityhybridfull_428-488" 
[37] "Immunityhybridfull_489-549"  "Immunityinf_062-122"        
[39] "Immunityinf_123-183"         "Immunityinf_184-244"        
[41] "Immunityinf_245-305"         "Immunityinf_306-366"        
[43] "Immunityinf_367-427"         "Immunityinf_428-488"        
[45] "Immunityinf_489-549"         "Immunitysecbnew_001-061"    
[47] "Immunitysecbnew_062-122"     "Immunitysecbnew_123-183"    
[49] "Immunitysecboost_001-061"    "Immunitysecboost_062-122"   
[51] "Immunitysecboost_123-183"    "Immunitysecboost_184-244"   
[53] "AgeGr0-11"                   "AgeGr12-15"                 
[55] "AgeGr16-17"                  "AgeGr18-24"                 
[57] "AgeGr25-29"                  "AgeGr30-34"                 
[59] "AgeGr35-39"                  "AgeGr45-49"                 
[61] "AgeGr50-54"                  "AgeGr55-59"                 
[63] "AgeGr60-64"                  "AgeGr65-69"                 
[65] "AgeGr70-74"                  "AgeGr75-79"                 
[67] "AgeGr80+"                    "SexM"                       
