mkdir: cannot create directory ‘ProxyNew’: File exists
── Attaching core tidyverse packages ──────────────────────── tidyverse 2.0.0 ──
✔ dplyr     1.1.0     ✔ purrr     1.0.1
✔ forcats   1.0.0     ✔ stringr   1.5.0
✔ ggplot2   3.4.1     ✔ tibble    3.1.8
✔ lubridate 1.9.2     ✔ tidyr     1.3.0
── Conflicts ────────────────────────────────────────── tidyverse_conflicts() ──
✖ dplyr::filter() masks stats::filter()
✖ dplyr::lag()    masks stats::lag()
ℹ Use the conflicted package (<http://conflicted.r-lib.org/>) to force all conflicts to become errors
Loading required package: maditr

To get total summary skip 'by' argument: take_all(mtcars, mean)


Attaching package: ‘maditr’

The following objects are masked from ‘package:dplyr’:

    between, coalesce, first, last

The following object is masked from ‘package:purrr’:

    transpose

The following object is masked from ‘package:readr’:

    cols


Attaching package: ‘expss’

The following objects are masked from ‘package:gtsummary’:

    contains, vars

The following objects are masked from ‘package:stringr’:

    fixed, regex

The following objects are masked from ‘package:dplyr’:

    compute, contains, na_if, recode, vars, where

The following objects are masked from ‘package:purrr’:

    keep, modify, modify_if, when

The following objects are masked from ‘package:tidyr’:

    contains, nest

The following object is masked from ‘package:ggplot2’:

    vars


Attaching package: ‘gt’

The following objects are masked from ‘package:expss’:

    contains, gt, tab_caption, vars

Loading required package: ggpubr

Attaching package: ‘ggpubr’

The following object is masked from ‘package:expss’:

    compare_means


Attaching package: ‘survminer’

The following object is masked from ‘package:survival’:

    myeloma


Attaching package: ‘scales’

The following object is masked from ‘package:plotrix’:

    rescale

The following object is masked from ‘package:purrr’:

    discard

The following object is masked from ‘package:readr’:

    col_factor

gdata: read.xls support for 'XLS' (Excel 97-2004) files ENABLED.

gdata: read.xls support for 'XLSX' (Excel 2007+) files ENABLED.

Attaching package: ‘gdata’

The following object is masked from ‘package:expss’:

    keep

The following objects are masked from ‘package:maditr’:

    first, last

The following objects are masked from ‘package:dplyr’:

    combine, first, last

The following object is masked from ‘package:purrr’:

    keep

The following object is masked from ‘package:stats’:

    nobs

The following object is masked from ‘package:utils’:

    object.size

The following object is masked from ‘package:base’:

    startsWith

Registered S3 method overwritten by 'gplots':
  method         from 
  reorder.factor gdata

Attaching package: ‘gplots’

The following object is masked from ‘package:gdata’:

    reorder.factor

The following object is masked from ‘package:plotrix’:

    plotCI

The following object is masked from ‘package:stats’:

    lowess

file:////tmp/Rtmpd5IOgP/file38305e7cc40831.html screenshot completed
Saving 4 x 7 in image
Warning message:
system call failed: Cannot allocate memory 
Group done
mkdir: cannot create directory ‘ProxyBA12’: File exists
── Attaching core tidyverse packages ──────────────────────── tidyverse 2.0.0 ──
✔ dplyr     1.1.0     ✔ purrr     1.0.1
✔ forcats   1.0.0     ✔ stringr   1.5.0
✔ ggplot2   3.4.1     ✔ tibble    3.1.8
✔ lubridate 1.9.2     ✔ tidyr     1.3.0
── Conflicts ────────────────────────────────────────── tidyverse_conflicts() ──
✖ dplyr::filter() masks stats::filter()
✖ dplyr::lag()    masks stats::lag()
ℹ Use the conflicted package (<http://conflicted.r-lib.org/>) to force all conflicts to become errors
Loading required package: maditr

To aggregate all non-grouping columns: take_all(mtcars, mean, by = am)


Attaching package: ‘maditr’

The following objects are masked from ‘package:dplyr’:

    between, coalesce, first, last

The following object is masked from ‘package:purrr’:

    transpose

The following object is masked from ‘package:readr’:

    cols


Use 'expss_output_rnotebook()' to display tables inside R Notebooks.
 To return to the console output, use 'expss_output_default()'.


Attaching package: ‘expss’

The following objects are masked from ‘package:gtsummary’:

    contains, vars

The following objects are masked from ‘package:stringr’:

    fixed, regex

The following objects are masked from ‘package:dplyr’:

    compute, contains, na_if, recode, vars, where

The following objects are masked from ‘package:purrr’:

    keep, modify, modify_if, when

The following objects are masked from ‘package:tidyr’:

    contains, nest

The following object is masked from ‘package:ggplot2’:

    vars


Attaching package: ‘gt’

The following objects are masked from ‘package:expss’:

    contains, gt, tab_caption, vars

Loading required package: ggpubr

Attaching package: ‘ggpubr’

The following object is masked from ‘package:expss’:

    compare_means


Attaching package: ‘survminer’

The following object is masked from ‘package:survival’:

    myeloma


Attaching package: ‘scales’

The following object is masked from ‘package:plotrix’:

    rescale

The following object is masked from ‘package:purrr’:

    discard

The following object is masked from ‘package:readr’:

    col_factor

gdata: read.xls support for 'XLS' (Excel 97-2004) files ENABLED.

gdata: read.xls support for 'XLSX' (Excel 2007+) files ENABLED.

Attaching package: ‘gdata’

The following object is masked from ‘package:expss’:

    keep

The following objects are masked from ‘package:maditr’:

    first, last

The following objects are masked from ‘package:dplyr’:

    combine, first, last

The following object is masked from ‘package:purrr’:

    keep

The following object is masked from ‘package:stats’:

    nobs

The following object is masked from ‘package:utils’:

    object.size

The following object is masked from ‘package:base’:

    startsWith

Registered S3 method overwritten by 'gplots':
  method         from 
  reorder.factor gdata

Attaching package: ‘gplots’

The following object is masked from ‘package:gdata’:

    reorder.factor

The following object is masked from ‘package:plotrix’:

    plotCI

The following object is masked from ‘package:stats’:

    lowess

file:////tmp/RtmpCycZKu/file38a9497a1a8ede.html screenshot completed
Saving 4 x 7 in image
Group done
mkdir: cannot create directory ‘LCinfO’: File exists
── Attaching core tidyverse packages ──────────────────────── tidyverse 2.0.0 ──
✔ dplyr     1.1.0     ✔ purrr     1.0.1
✔ forcats   1.0.0     ✔ stringr   1.5.0
✔ ggplot2   3.4.1     ✔ tibble    3.1.8
✔ lubridate 1.9.2     ✔ tidyr     1.3.0
── Conflicts ────────────────────────────────────────── tidyverse_conflicts() ──
✖ dplyr::filter() masks stats::filter()
✖ dplyr::lag()    masks stats::lag()
ℹ Use the conflicted package (<http://conflicted.r-lib.org/>) to force all conflicts to become errors
Loading required package: maditr

To modify variables or add new variables:
             let(mtcars, new_var = 42, new_var2 = new_var*hp) %>% head()


Attaching package: ‘maditr’

The following objects are masked from ‘package:dplyr’:

    between, coalesce, first, last

The following object is masked from ‘package:purrr’:

    transpose

The following object is masked from ‘package:readr’:

    cols


Attaching package: ‘expss’

The following objects are masked from ‘package:gtsummary’:

    contains, vars

The following objects are masked from ‘package:stringr’:

    fixed, regex

The following objects are masked from ‘package:dplyr’:

    compute, contains, na_if, recode, vars, where

The following objects are masked from ‘package:purrr’:

    keep, modify, modify_if, when

The following objects are masked from ‘package:tidyr’:

    contains, nest

The following object is masked from ‘package:ggplot2’:

    vars


Attaching package: ‘gt’

The following objects are masked from ‘package:expss’:

    contains, gt, tab_caption, vars

Loading required package: ggpubr

Attaching package: ‘ggpubr’

The following object is masked from ‘package:expss’:

    compare_means


Attaching package: ‘survminer’

The following object is masked from ‘package:survival’:

    myeloma


Attaching package: ‘scales’

The following object is masked from ‘package:plotrix’:

    rescale

The following object is masked from ‘package:purrr’:

    discard

The following object is masked from ‘package:readr’:

    col_factor

gdata: read.xls support for 'XLS' (Excel 97-2004) files ENABLED.

gdata: read.xls support for 'XLSX' (Excel 2007+) files ENABLED.

Attaching package: ‘gdata’

The following object is masked from ‘package:expss’:

    keep

The following objects are masked from ‘package:maditr’:

    first, last

The following objects are masked from ‘package:dplyr’:

    combine, first, last

The following object is masked from ‘package:purrr’:

    keep

The following object is masked from ‘package:stats’:

    nobs

The following object is masked from ‘package:utils’:

    object.size

The following object is masked from ‘package:base’:

    startsWith

Registered S3 method overwritten by 'gplots':
  method         from 
  reorder.factor gdata

Attaching package: ‘gplots’

The following object is masked from ‘package:gdata’:

    reorder.factor

The following object is masked from ‘package:plotrix’:

    plotCI

The following object is masked from ‘package:stats’:

    lowess

file:////tmp/RtmpZ3IrgD/file38e1ce2a6be291.html screenshot completed
Saving 7 x 7 in image
Group done
cp: cannot stat 'v3/LCallO/heatmapshort.png': No such file or directory
cp: cannot stat 'v3/LCallO/heatmapshortnk.png': No such file or directory
cp: cannot stat 'v3/LCallO/heatmaplong.png': No such file or directory
cp: cannot stat 'v3/LCallO/heatmaplongnk.png': No such file or directory
cp: cannot stat 'v3/LCallO/short_fin_mat.txt': No such file or directory
cp: cannot stat 'v3/LCallO/short_z_score_fin_mat.txt': No such file or directory
cp: cannot stat 'v3/LCallO/long_fin_mat.txt': No such file or directory
cp: cannot stat 'v3/LCallO/long_z_score_fin_mat.txt': No such file or directory
This is pdfTeX, Version 3.14159265-2.6-1.40.19 (TeX Live 2018) (preloaded format=pdflatex)
 restricted \write18 enabled.
entering extended mode
(./report.tex
LaTeX2e <2017-04-15>
Babel <3.17> and hyphenation patterns for 3 language(s) loaded.
(/usr/share/texlive/texmf-dist/tex/latex/base/article.cls
Document Class: article 2014/09/29 v1.4h Standard LaTeX document class
(/usr/share/texlive/texmf-dist/tex/latex/base/size10.clo))
(/usr/share/texlive/texmf-dist/tex/latex/placeins/placeins.sty)
(/usr/share/texlive/texmf-dist/tex/latex/float/float.sty)
(/usr/share/texlive/texmf-dist/tex/latex/graphics/graphicx.sty
(/usr/share/texlive/texmf-dist/tex/latex/graphics/keyval.sty)
(/usr/share/texlive/texmf-dist/tex/latex/graphics/graphics.sty
(/usr/share/texlive/texmf-dist/tex/latex/graphics/trig.sty)
(/usr/share/texlive/texmf-dist/tex/latex/graphics-cfg/graphics.cfg)
(/usr/share/texlive/texmf-dist/tex/latex/graphics-def/pdftex.def)))
(/usr/share/texlive/texmf-dist/tex/latex/geometry/geometry.sty
(/usr/share/texlive/texmf-dist/tex/generic/oberdiek/ifpdf.sty)
(/usr/share/texlive/texmf-dist/tex/generic/oberdiek/ifvtex.sty)
(/usr/share/texlive/texmf-dist/tex/generic/ifxetex/ifxetex.sty)) (./report.aux)
(/usr/share/texlive/texmf-dist/tex/context/base/mkii/supp-pdf.mkii
[Loading MPS to PDF converter (version 2006.09.02).]
) (/usr/share/texlive/texmf-dist/tex/latex/oberdiek/epstopdf-base.sty
(/usr/share/texlive/texmf-dist/tex/generic/oberdiek/infwarerr.sty)
(/usr/share/texlive/texmf-dist/tex/latex/oberdiek/grfext.sty
(/usr/share/texlive/texmf-dist/tex/generic/oberdiek/kvdefinekeys.sty
(/usr/share/texlive/texmf-dist/tex/generic/oberdiek/ltxcmds.sty)))
(/usr/share/texlive/texmf-dist/tex/latex/oberdiek/kvoptions.sty
(/usr/share/texlive/texmf-dist/tex/generic/oberdiek/kvsetkeys.sty
(/usr/share/texlive/texmf-dist/tex/generic/oberdiek/etexcmds.sty
(/usr/share/texlive/texmf-dist/tex/generic/oberdiek/ifluatex.sty))))
(/usr/share/texlive/texmf-dist/tex/generic/oberdiek/pdftexcmds.sty)
(/usr/share/texlive/texmf-dist/tex/latex/latexconfig/epstopdf-sys.cfg))
*geometry* driver: auto-detecting
*geometry* detected driver: pdftex
[1{/usr/share/texlive/texmf-dist/fonts/map/pdftex/updmap/pdftex.map}]
(../ProxyBA12/cox_model_summary.tex
Overfull \hbox (36.8421pt too wide) in paragraph at lines 5--62
 [][] 
)
Overfull \hbox (45.62408pt too wide) in paragraph at lines 74--74
 [] 
(../ProxyBA12/est_table.tex) (../ProxyBA12/r_fin_mat.tex)
(../ProxyBA12/z_score_mat.tex) (../ProxyBA12/short_fin_mat.tex)

! LaTeX Error: File `../ProxyBA12/short_score_mat.tex' not found.

Type X to quit or <RETURN> to proceed,
or enter new name. (Default extension: tex)

Enter file name: 
! Emergency stop.
<read *> 
         
l.74 \coxresult{ProxyBA12}{Serious Course BA12}
                                               ^^M
!  ==> Fatal error occurred, no output PDF file produced!
Transcript written on report.log.
