mkdir: cannot create directory ‘LCallO’: File exists
cp: cannot stat '../../workscript/cox_estimation_formulas.txt': No such file or directory
── Attaching core tidyverse packages ──────────────────────── tidyverse 2.0.0 ──
✔ dplyr     1.1.0     ✔ purrr     1.0.1
✔ forcats   1.0.0     ✔ stringr   1.5.0
✔ ggplot2   3.4.1     ✔ tibble    3.1.8
✔ lubridate 1.9.2     ✔ tidyr     1.3.0
── Conflicts ────────────────────────────────────────── tidyverse_conflicts() ──
✖ dplyr::filter() masks stats::filter()
✖ dplyr::lag()    masks stats::lag()
ℹ Use the conflicted package (<http://conflicted.r-lib.org/>) to force all conflicts to become errors
Loading required package: maditr

To select columns from data: columns(mtcars, mpg, vs:carb)


Attaching package: ‘maditr’

The following objects are masked from ‘package:dplyr’:

    between, coalesce, first, last

The following object is masked from ‘package:purrr’:

    transpose

The following object is masked from ‘package:readr’:

    cols


Attaching package: ‘expss’

The following objects are masked from ‘package:gtsummary’:

    contains, vars

The following objects are masked from ‘package:stringr’:

    fixed, regex

The following objects are masked from ‘package:dplyr’:

    compute, contains, na_if, recode, vars, where

The following objects are masked from ‘package:purrr’:

    keep, modify, modify_if, when

The following objects are masked from ‘package:tidyr’:

    contains, nest

The following object is masked from ‘package:ggplot2’:

    vars


Attaching package: ‘gt’

The following objects are masked from ‘package:expss’:

    contains, gt, tab_caption, vars

Loading required package: ggpubr

Attaching package: ‘ggpubr’

The following object is masked from ‘package:expss’:

    compare_means


Attaching package: ‘survminer’

The following object is masked from ‘package:survival’:

    myeloma


Attaching package: ‘scales’

The following object is masked from ‘package:plotrix’:

    rescale

The following object is masked from ‘package:purrr’:

    discard

The following object is masked from ‘package:readr’:

    col_factor

gdata: read.xls support for 'XLS' (Excel 97-2004) files ENABLED.

gdata: read.xls support for 'XLSX' (Excel 2007+) files ENABLED.

Attaching package: ‘gdata’

The following object is masked from ‘package:expss’:

    keep

The following objects are masked from ‘package:maditr’:

    first, last

The following objects are masked from ‘package:dplyr’:

    combine, first, last

The following object is masked from ‘package:purrr’:

    keep

The following object is masked from ‘package:stats’:

    nobs

The following object is masked from ‘package:utils’:

    object.size

The following object is masked from ‘package:base’:

    startsWith

Registered S3 method overwritten by 'gplots':
  method         from 
  reorder.factor gdata

Attaching package: ‘gplots’

The following object is masked from ‘package:gdata’:

    reorder.factor

The following object is masked from ‘package:plotrix’:

    plotCI

The following object is masked from ‘package:stats’:

    lowess

Group done
