rm: cannot remove '*': No such file or directory
── Attaching core tidyverse packages ──────────────────────── tidyverse 2.0.0 ──
✔ dplyr     1.1.0     ✔ purrr     1.0.1
✔ forcats   1.0.0     ✔ stringr   1.5.0
✔ ggplot2   3.4.1     ✔ tibble    3.1.8
✔ lubridate 1.9.2     ✔ tidyr     1.3.0
── Conflicts ────────────────────────────────────────── tidyverse_conflicts() ──
✖ dplyr::filter() masks stats::filter()
✖ dplyr::lag()    masks stats::lag()
ℹ Use the conflicted package (<http://conflicted.r-lib.org/>) to force all conflicts to become errors
Loading required package: maditr

To aggregate all non-grouping columns: take_all(mtcars, mean, by = am)


Attaching package: ‘maditr’

The following objects are masked from ‘package:dplyr’:

    between, coalesce, first, last

The following object is masked from ‘package:purrr’:

    transpose

The following object is masked from ‘package:readr’:

    cols


Use 'expss_output_rnotebook()' to display tables inside R Notebooks.
 To return to the console output, use 'expss_output_default()'.


Attaching package: ‘expss’

The following objects are masked from ‘package:gtsummary’:

    contains, vars

The following objects are masked from ‘package:stringr’:

    fixed, regex

The following objects are masked from ‘package:dplyr’:

    compute, contains, na_if, recode, vars, where

The following objects are masked from ‘package:purrr’:

    keep, modify, modify_if, when

The following objects are masked from ‘package:tidyr’:

    contains, nest

The following object is masked from ‘package:ggplot2’:

    vars


Attaching package: ‘gt’

The following objects are masked from ‘package:expss’:

    contains, gt, tab_caption, vars

Loading required package: ggpubr

Attaching package: ‘ggpubr’

The following object is masked from ‘package:expss’:

    compare_means


Attaching package: ‘survminer’

The following object is masked from ‘package:survival’:

    myeloma

file:////tmp/Rtmp1tS009/filed313d5f7c53f0.html screenshot completed
Warning messages:
1: In min(x) : no non-missing arguments to min; returning Inf
2: In max(x) : no non-missing arguments to max; returning -Inf
Warning messages:
1: In min(x) : no non-missing arguments to min; returning Inf
2: In max(x) : no non-missing arguments to max; returning -Inf
Warning messages:
1: In min(x) : no non-missing arguments to min; returning Inf
2: In max(x) : no non-missing arguments to max; returning -Inf
Warning messages:
1: In min(x) : no non-missing arguments to min; returning Inf
2: In max(x) : no non-missing arguments to max; returning -Inf
Warning messages:
1: In min(x) : no non-missing arguments to min; returning Inf
2: In max(x) : no non-missing arguments to max; returning -Inf
Warning messages:
1: In min(x) : no non-missing arguments to min; returning Inf
2: In max(x) : no non-missing arguments to max; returning -Inf
Warning messages:
1: In min(x) : no non-missing arguments to min; returning Inf
2: In max(x) : no non-missing arguments to max; returning -Inf
Warning messages:
1: In min(x) : no non-missing arguments to min; returning Inf
2: In max(x) : no non-missing arguments to max; returning -Inf
Warning messages:
1: In min(x) : no non-missing arguments to min; returning Inf
2: In max(x) : no non-missing arguments to max; returning -Inf
Group done
Group done
