Working directory is: /home/smid/SANDBOX/vyvanuti3
More of men ( 237) treated then exist of age 100 (104)
── Attaching core tidyverse packages ──────────────────────── tidyverse 2.0.0 ──
✔ dplyr     1.1.0     ✔ purrr     1.0.1
✔ forcats   1.0.0     ✔ stringr   1.5.0
✔ ggplot2   3.4.1     ✔ tibble    3.1.8
✔ lubridate 1.9.2     ✔ tidyr     1.3.0
── Conflicts ────────────────────────────────────────── tidyverse_conflicts() ──
✖ dplyr::filter() masks stats::filter()
✖ dplyr::lag()    masks stats::lag()
ℹ Use the conflicted package (<http://conflicted.r-lib.org/>) to force all conflicts to become errors
Loading required package: maditr

To select rows from data: rows(mtcars, am==0)


Attaching package: ‘maditr’

The following objects are masked from ‘package:dplyr’:

    between, coalesce, first, last

The following object is masked from ‘package:purrr’:

    transpose

The following object is masked from ‘package:readr’:

    cols


Attaching package: ‘expss’

The following objects are masked from ‘package:gtsummary’:

    contains, vars

The following objects are masked from ‘package:stringr’:

    fixed, regex

The following objects are masked from ‘package:dplyr’:

    compute, contains, na_if, recode, vars, where

The following objects are masked from ‘package:purrr’:

    keep, modify, modify_if, when

The following objects are masked from ‘package:tidyr’:

    contains, nest

The following object is masked from ‘package:ggplot2’:

    vars


Attaching package: ‘gt’

The following objects are masked from ‘package:expss’:

    contains, gt, tab_caption, vars

Loading required package: ggpubr

Attaching package: ‘ggpubr’

The following object is masked from ‘package:expss’:

    compare_means


Attaching package: ‘survminer’

The following object is masked from ‘package:survival’:

    myeloma

Setting theme `JAMA`
file:////tmp/Rtmp1uXJ2f/file381878618e513d.html screenshot completed
Warning message:
In dimnames(df)[[1]][grep("Immunitysecboost", dimnames(df)[[1]])] %>%  :
  NAs introduced by coercion
Warning messages:
1: In min(x) : no non-missing arguments to min; returning Inf
2: In max(x) : no non-missing arguments to max; returning -Inf
Warning messages:
1: In min(x) : no non-missing arguments to min; returning Inf
2: In max(x) : no non-missing arguments to max; returning -Inf
Warning messages:
1: In min(x) : no non-missing arguments to min; returning Inf
2: In max(x) : no non-missing arguments to max; returning -Inf
Warning messages:
1: In min(x) : no non-missing arguments to min; returning Inf
2: In max(x) : no non-missing arguments to max; returning -Inf
Warning messages:
1: In min(x) : no non-missing arguments to min; returning Inf
2: In max(x) : no non-missing arguments to max; returning -Inf
Warning messages:
1: In min(x) : no non-missing arguments to min; returning Inf
2: In max(x) : no non-missing arguments to max; returning -Inf
Warning messages:
1: In min(x) : no non-missing arguments to min; returning Inf
2: In max(x) : no non-missing arguments to max; returning -Inf
Warning messages:
1: In min(x) : no non-missing arguments to min; returning Inf
2: In max(x) : no non-missing arguments to max; returning -Inf
file:////tmp/Rtmp1uXJ2f/file3818781c4f20cf.html screenshot completed
Error: unexpected ')' in "                  abbreviation = TRUE)"
Execution halted
Group done
Working directory is: /home/smid/SANDBOX/vyvanuti3
More of men ( 237) treated then exist of age 100 (104)
── Attaching core tidyverse packages ──────────────────────── tidyverse 2.0.0 ──
✔ dplyr     1.1.0     ✔ purrr     1.0.1
✔ forcats   1.0.0     ✔ stringr   1.5.0
✔ ggplot2   3.4.1     ✔ tibble    3.1.8
✔ lubridate 1.9.2     ✔ tidyr     1.3.0
── Conflicts ────────────────────────────────────────── tidyverse_conflicts() ──
✖ dplyr::filter() masks stats::filter()
✖ dplyr::lag()    masks stats::lag()
ℹ Use the conflicted package (<http://conflicted.r-lib.org/>) to force all conflicts to become errors
Loading required package: maditr

Use magrittr pipe '%>%' to chain several operations:
             mtcars %>%
                 let(mpg_hp = mpg/hp) %>%
                 take(mean(mpg_hp), by = am)
        


Attaching package: ‘maditr’

The following objects are masked from ‘package:dplyr’:

    between, coalesce, first, last

The following object is masked from ‘package:purrr’:

    transpose

The following object is masked from ‘package:readr’:

    cols


Use 'expss_output_rnotebook()' to display tables inside R Notebooks.
 To return to the console output, use 'expss_output_default()'.


Attaching package: ‘expss’

The following objects are masked from ‘package:gtsummary’:

    contains, vars

The following objects are masked from ‘package:stringr’:

    fixed, regex

The following objects are masked from ‘package:dplyr’:

    compute, contains, na_if, recode, vars, where

The following objects are masked from ‘package:purrr’:

    keep, modify, modify_if, when

The following objects are masked from ‘package:tidyr’:

    contains, nest

The following object is masked from ‘package:ggplot2’:

    vars


Attaching package: ‘gt’

The following objects are masked from ‘package:expss’:

    contains, gt, tab_caption, vars

Loading required package: ggpubr

Attaching package: ‘ggpubr’

The following object is masked from ‘package:expss’:

    compare_means


Attaching package: ‘survminer’

The following object is masked from ‘package:survival’:

    myeloma

Setting theme `JAMA`
file:////tmp/RtmpDGRC27/file3846984bf1e9ce.html screenshot completed
Working directory is: /home/smid/SANDBOX/vyvanuti3
rm: cannot remove '*': No such file or directory
Warning message:
In dimnames(df)[[1]][grep("Immunitysecboost", dimnames(df)[[1]])] %>%  :
  NAs introduced by coercion
Warning messages:
1: In min(x) : no non-missing arguments to min; returning Inf
2: In max(x) : no non-missing arguments to max; returning -Inf
Warning messages:
1: In min(x) : no non-missing arguments to min; returning Inf
2: In max(x) : no non-missing arguments to max; returning -Inf
Warning messages:
1: In min(x) : no non-missing arguments to min; returning Inf
2: In max(x) : no non-missing arguments to max; returning -Inf
Warning messages:
1: In min(x) : no non-missing arguments to min; returning Inf
2: In max(x) : no non-missing arguments to max; returning -Inf
Warning messages:
1: In min(x) : no non-missing arguments to min; returning Inf
2: In max(x) : no non-missing arguments to max; returning -Inf
Warning messages:
1: In min(x) : no non-missing arguments to min; returning Inf
2: In max(x) : no non-missing arguments to max; returning -Inf
Warning messages:
1: In min(x) : no non-missing arguments to min; returning Inf
2: In max(x) : no non-missing arguments to max; returning -Inf
Warning messages:
1: In min(x) : no non-missing arguments to min; returning Inf
2: In max(x) : no non-missing arguments to max; returning -Inf
More of men ( 237) treated then exist of age 100 (104)
── Attaching core tidyverse packages ──────────────────────── tidyverse 2.0.0 ──
✔ dplyr     1.1.0     ✔ purrr     1.0.1
✔ forcats   1.0.0     ✔ stringr   1.5.0
✔ ggplot2   3.4.1     ✔ tibble    3.1.8
✔ lubridate 1.9.2     ✔ tidyr     1.3.0
── Conflicts ────────────────────────────────────────── tidyverse_conflicts() ──
✖ dplyr::filter() masks stats::filter()
✖ dplyr::lag()    masks stats::lag()
ℹ Use the conflicted package (<http://conflicted.r-lib.org/>) to force all conflicts to become errors
Loading required package: maditr

To drop variable use NULL: let(mtcars, am = NULL) %>% head()


Attaching package: ‘maditr’

The following objects are masked from ‘package:dplyr’:

    between, coalesce, first, last

The following object is masked from ‘package:purrr’:

    transpose

The following object is masked from ‘package:readr’:

    cols


Attaching package: ‘expss’

The following objects are masked from ‘package:gtsummary’:

    contains, vars

The following objects are masked from ‘package:stringr’:

    fixed, regex

The following objects are masked from ‘package:dplyr’:

    compute, contains, na_if, recode, vars, where

The following objects are masked from ‘package:purrr’:

    keep, modify, modify_if, when

The following objects are masked from ‘package:tidyr’:

    contains, nest

The following object is masked from ‘package:ggplot2’:

    vars


Attaching package: ‘gt’

The following objects are masked from ‘package:expss’:

    contains, gt, tab_caption, vars

Loading required package: ggpubr

Attaching package: ‘ggpubr’

The following object is masked from ‘package:expss’:

    compare_means


Attaching package: ‘survminer’

The following object is masked from ‘package:survival’:

    myeloma

Setting theme `JAMA`
file:////tmp/RtmpjlT33k/file3861293eb6766d.html screenshot completed
file:////tmp/RtmpDGRC27/file3846986f359b48.html screenshot completed
Error: unexpected ')' in "                  abbreviation = TRUE)"
Execution halted
Group done
Warning message:
In agreg.fit(X, Y, istrat, offset, init, control, weights = weights,  :
  Loglik converged before variable  10 ; beta may be infinite. 
Warning message:
In dimnames(df)[[1]][grep("Immunityboost", dimnames(df)[[1]])] %>%  :
  NAs introduced by coercion
Warning messages:
1: In min(x) : no non-missing arguments to min; returning Inf
2: In max(x) : no non-missing arguments to max; returning -Inf
Warning messages:
1: In min(x) : no non-missing arguments to min; returning Inf
2: In max(x) : no non-missing arguments to max; returning -Inf
Warning messages:
1: In min(x) : no non-missing arguments to min; returning Inf
2: In max(x) : no non-missing arguments to max; returning -Inf
Warning messages:
1: In min(x) : no non-missing arguments to min; returning Inf
2: In max(x) : no non-missing arguments to max; returning -Inf
Warning messages:
1: In min(x) : no non-missing arguments to min; returning Inf
2: In max(x) : no non-missing arguments to max; returning -Inf
Warning messages:
1: In min(x) : no non-missing arguments to min; returning Inf
2: In max(x) : no non-missing arguments to max; returning -Inf
Warning messages:
1: In min(x) : no non-missing arguments to min; returning Inf
2: In max(x) : no non-missing arguments to max; returning -Inf
Warning messages:
1: In min(x) : no non-missing arguments to min; returning Inf
2: In max(x) : no non-missing arguments to max; returning -Inf
file:////tmp/RtmpjlT33k/file3861291815b6c5.html screenshot completed
Error: unexpected ')' in "                  abbreviation = TRUE)"
Execution halted
Group done
Working directory is: /home/smid/SANDBOX/vyvanuti3
More of men ( 237) treated then exist of age 100 (104)
── Attaching core tidyverse packages ──────────────────────── tidyverse 2.0.0 ──
✔ dplyr     1.1.0     ✔ purrr     1.0.1
✔ forcats   1.0.0     ✔ stringr   1.5.0
✔ ggplot2   3.4.1     ✔ tibble    3.1.8
✔ lubridate 1.9.2     ✔ tidyr     1.3.0
── Conflicts ────────────────────────────────────────── tidyverse_conflicts() ──
✖ dplyr::filter() masks stats::filter()
✖ dplyr::lag()    masks stats::lag()
ℹ Use the conflicted package (<http://conflicted.r-lib.org/>) to force all conflicts to become errors
Loading required package: maditr

To aggregate data: take(mtcars, mean_mpg = mean(mpg), by = am)


Attaching package: ‘maditr’

The following objects are masked from ‘package:dplyr’:

    between, coalesce, first, last

The following object is masked from ‘package:purrr’:

    transpose

The following object is masked from ‘package:readr’:

    cols


Attaching package: ‘expss’

The following objects are masked from ‘package:gtsummary’:

    contains, vars

The following objects are masked from ‘package:stringr’:

    fixed, regex

The following objects are masked from ‘package:dplyr’:

    compute, contains, na_if, recode, vars, where

The following objects are masked from ‘package:purrr’:

    keep, modify, modify_if, when

The following objects are masked from ‘package:tidyr’:

    contains, nest

The following object is masked from ‘package:ggplot2’:

    vars


Attaching package: ‘gt’

The following objects are masked from ‘package:expss’:

    contains, gt, tab_caption, vars

Loading required package: ggpubr

Attaching package: ‘ggpubr’

The following object is masked from ‘package:expss’:

    compare_means


Attaching package: ‘survminer’

The following object is masked from ‘package:survival’:

    myeloma

Setting theme `JAMA`
file:////tmp/RtmpTnQ1Ed/file38b6f5b78252e.html screenshot completed
Warning message:
In agreg.fit(X, Y, istrat, offset, init, control, weights = weights,  :
  Loglik converged before variable  11 ; beta may be infinite. 
Warning message:
In dimnames(df)[[1]][grep("Immunityboost", dimnames(df)[[1]])] %>%  :
  NAs introduced by coercion
Warning messages:
1: In min(x) : no non-missing arguments to min; returning Inf
2: In max(x) : no non-missing arguments to max; returning -Inf
Warning messages:
1: In min(x) : no non-missing arguments to min; returning Inf
2: In max(x) : no non-missing arguments to max; returning -Inf
Warning messages:
1: In min(x) : no non-missing arguments to min; returning Inf
2: In max(x) : no non-missing arguments to max; returning -Inf
Warning messages:
1: In min(x) : no non-missing arguments to min; returning Inf
2: In max(x) : no non-missing arguments to max; returning -Inf
Warning messages:
1: In min(x) : no non-missing arguments to min; returning Inf
2: In max(x) : no non-missing arguments to max; returning -Inf
Warning messages:
1: In min(x) : no non-missing arguments to min; returning Inf
2: In max(x) : no non-missing arguments to max; returning -Inf
Warning messages:
1: In min(x) : no non-missing arguments to min; returning Inf
2: In max(x) : no non-missing arguments to max; returning -Inf
Warning messages:
1: In min(x) : no non-missing arguments to min; returning Inf
2: In max(x) : no non-missing arguments to max; returning -Inf
file:////tmp/RtmpTnQ1Ed/file38b6f520e368e4.html screenshot completed
Error: unexpected ')' in "                  abbreviation = TRUE)"
Execution halted
Group done
