version 2.0
Usage convertool input output whattodo(DVRW) firstdate(rrrr-mm-dd) lastdate [minage maxage everyn]
hospitalization
All Omicrons as outcomes
Variants not discerned in InfPrior
Using intervals of dominance
Input ../../data/data_20230220.csv
Number of InfPrior covariates: 7
Number of VaccStatusFull covariates: 7
Number of VaccStatusBoost covariates: 7
Number of VaccStatusBoost covariates: 7
Output rinput.csv
Date range 2021-12-01 - 2023-02-20

Writing to temporary_full.csv
Importing from input, total 9020732 records.
Processing records from input, excluding inconsistent records:
1994146 individuals taken from the UZIS database
Omitting adding CZSO records.
Total 1994146 individuals.

Variants of infection found during study period

variant,infections,outcomes,discerned_in_condition,taken_as_outcome
NA,749459,22143,0,0
Delta,812005,24380,0,0
BA12,1118041,15168,0,1
BA45,245605,7395,0,1
Omicron,315924,7551,0,1
Alpha,592700,38947,0,0
Beta,0,0,0,0
Early,764946,24407,0,0

Untracked variants (joinded into NA)
(empty)
JIN

Mode hospitalization
Age filter: 65-333

infprior,N,events
_uninfected,12206755,21978
inf_NA_001-061,563842,0
inf_NA_062-122,520398,138
inf_NA_123-183,437558,76
inf_NA_184-244,385081,73
inf_NA_245-305,451825,78
inf_NA_306-366,497208,138
inf_NA_367+,1377827,656

vaccstatus,N,events
partial_062+,24126,182
full_123-183,1246721,346
boost_001-061,1779078,866
boost_062-122,1759794,2691
boost_123-183,1732342,1307
boost_184-244,1722665,1364
boost_245-305,1685404,2474
boost_306-366,1465412,1663
boost_367+,1025870,647
_unvaccinated,456726,7253
full_245-305,404789,783
full_184-244,781680,872
secboost_001-061,588709,317
secboost_062-122,488727,209
secboost_123-183,158453,68
full_062-122,246584,231
full_306-366,318919,501
full_367+,395628,1112
partial_001-061,59694,74
full_001-061,99173,177

immunity,N,events
other,1478004,2173
full_123-183,1013553,311
boost_001-061,1462055,829
boost_062-122,1430533,2612
boost_123-183,1371385,1268
boost_184-244,1340356,1307
boost_245-305,1281186,2394
boost_306-366,1083902,1601
inf_001-061,61440,0
inf_062-122,53836,52
inf_123-183,48663,27
inf_184-244,47925,31
inf_245-305,59599,27
inf_306-366,59310,56
hybridboost_001-061,622278,37
hybridboost_062-122,522553,99
hybridboost_123-183,420535,48
full_245-305,248279,735
_noimmunity,78056,6878
full_184-244,596329,815
secboost_001-061,439631,291
secboost_062-122,375443,191
secboost_123-183,124012,59
full_062-122,156770,212
full_306-366,174828,464
hybridfull_001-061,181994,6
hybridfull_062-122,214747,64
hybridfull_123-183,293192,52
hybridfull_184-244,171203,59
hybridfull_245-305,98249,40
hybridfull_306-366,75354,37
full_001-061,60472,171
hybridboost_184-244,343806,68
hybridboost_245-305,274370,75
hybridboost_306-366,176646,48

agegr,N,events
80+,3287991,11453
65-69,5006829,2436
75-79,3432395,5254
70-74,4713279,3994

covs (immunity version)=32 (39), events=23137, eventspercov=723.047(593.269)
Writing to rinput.csv
Importing from input, total 9020732 records.
Processing records from input, excluding inconsistent records:
1994146 individuals taken from the UZIS database
Adding records from CZSO from 4th half-year
Added,Men,Women
0-11,0,0
12-15,0,0
16-17,0,0
18-24,0,0
25-29,0,0
30-34,0,0
35-39,0,0
_40-44,0,0
45-49,0,0
50-54,0,0
55-59,0,0
60-64,0,0
65-69,43424,45539
70-74,32445,38941
75-79,11843,18025
80+,21466,52354
Total 2258183 individuals.

Variants of infection found during study period

variant,infections,outcomes,discerned_in_condition,taken_as_outcome
NA,749459,22143,0,0
Delta,812005,24380,0,0
BA12,1118041,15168,0,1
BA45,245605,7395,0,1
Omicron,315924,7551,0,1
Alpha,592700,38947,0,0
Beta,0,0,0,0
Early,764946,24407,0,0

Untracked variants (joinded into NA)
(empty)
JIN

Mode hospitalization
Age filter: 65-333

infprior,N,events
_uninfected,12206755,21978
inf_NA_062-122,520398,138
inf_NA_123-183,437558,76
inf_NA_184-244,385081,73
inf_NA_245-305,451825,78
inf_NA_306-366,497208,138
inf_NA_367+,1377827,656

vaccstatus,N,events
partial_062+,24126,182
full_123-183,1246721,346
boost_001-061,1779078,866
boost_062-122,1759794,2691
boost_123-183,1732342,1307
boost_184-244,1722665,1364
boost_245-305,1685404,2474
boost_306-366,1465412,1663
boost_367+,1025870,647
_unvaccinated,456726,7253
full_245-305,404789,783
full_184-244,781680,872
secboost_001-061,588709,317
secboost_062-122,488727,209
secboost_123-183,158453,68
full_062-122,246584,231
full_306-366,318919,501
full_367+,395628,1112
partial_001-061,59694,74
full_001-061,99173,177

immunity,N,events
other,1478004,2173
full_123-183,1013553,311
boost_001-061,1462055,829
boost_062-122,1430533,2612
boost_123-183,1371385,1268
boost_184-244,1340356,1307
boost_245-305,1281186,2394
boost_306-366,1083902,1601
inf_062-122,53836,52
inf_123-183,48663,27
inf_184-244,47925,31
inf_245-305,59599,27
inf_306-366,59310,56
hybridboost_001-061,622278,37
hybridboost_062-122,522553,99
hybridboost_123-183,420535,48
full_245-305,248279,735
_noimmunity,78056,6878
full_184-244,596329,815
secboost_001-061,439631,291
secboost_062-122,375443,191
secboost_123-183,124012,59
full_062-122,156770,212
full_306-366,174828,464
hybridfull_001-061,181994,6
hybridfull_062-122,214747,64
hybridfull_123-183,293192,52
hybridfull_184-244,171203,59
hybridfull_245-305,98249,40
hybridfull_306-366,75354,37
full_001-061,60472,171
hybridboost_184-244,343806,68
hybridboost_245-305,274370,75
hybridboost_306-366,176646,48

agegr,N,events
80+,3287991,11453
65-69,5006829,2436
75-79,3432395,5254
70-74,4713279,3994

covs (immunity version)=31 (38), events=23137, eventspercov=746.371(608.882)
