<div id="bpaxnpswbe" style="padding-left:0px;padding-right:0px;padding-top:10px;padding-bottom:10px;overflow-x:auto;overflow-y:auto;width:auto;height:auto;">
  <style>html {
  font-family: -apple-system, BlinkMacSystemFont, 'Segoe UI', Roboto, Oxygen, Ubuntu, Cantarell, 'Helvetica Neue', 'Fira Sans', 'Droid Sans', Arial, sans-serif;
}

#bpaxnpswbe .gt_table {
  display: table;
  border-collapse: collapse;
  margin-left: auto;
  margin-right: auto;
  color: #333333;
  font-size: 16px;
  font-weight: normal;
  font-style: normal;
  background-color: #FFFFFF;
  width: auto;
  border-top-style: solid;
  border-top-width: 2px;
  border-top-color: #A8A8A8;
  border-right-style: none;
  border-right-width: 2px;
  border-right-color: #D3D3D3;
  border-bottom-style: solid;
  border-bottom-width: 2px;
  border-bottom-color: #A8A8A8;
  border-left-style: none;
  border-left-width: 2px;
  border-left-color: #D3D3D3;
}

#bpaxnpswbe .gt_heading {
  background-color: #FFFFFF;
  text-align: center;
  border-bottom-color: #FFFFFF;
  border-left-style: none;
  border-left-width: 1px;
  border-left-color: #D3D3D3;
  border-right-style: none;
  border-right-width: 1px;
  border-right-color: #D3D3D3;
}

#bpaxnpswbe .gt_caption {
  padding-top: 4px;
  padding-bottom: 4px;
}

#bpaxnpswbe .gt_title {
  color: #333333;
  font-size: 125%;
  font-weight: initial;
  padding-top: 4px;
  padding-bottom: 4px;
  padding-left: 5px;
  padding-right: 5px;
  border-bottom-color: #FFFFFF;
  border-bottom-width: 0;
}

#bpaxnpswbe .gt_subtitle {
  color: #333333;
  font-size: 85%;
  font-weight: initial;
  padding-top: 0;
  padding-bottom: 6px;
  padding-left: 5px;
  padding-right: 5px;
  border-top-color: #FFFFFF;
  border-top-width: 0;
}

#bpaxnpswbe .gt_bottom_border {
  border-bottom-style: solid;
  border-bottom-width: 2px;
  border-bottom-color: #D3D3D3;
}

#bpaxnpswbe .gt_col_headings {
  border-top-style: solid;
  border-top-width: 2px;
  border-top-color: #D3D3D3;
  border-bottom-style: solid;
  border-bottom-width: 2px;
  border-bottom-color: #D3D3D3;
  border-left-style: none;
  border-left-width: 1px;
  border-left-color: #D3D3D3;
  border-right-style: none;
  border-right-width: 1px;
  border-right-color: #D3D3D3;
}

#bpaxnpswbe .gt_col_heading {
  color: #333333;
  background-color: #FFFFFF;
  font-size: 100%;
  font-weight: normal;
  text-transform: inherit;
  border-left-style: none;
  border-left-width: 1px;
  border-left-color: #D3D3D3;
  border-right-style: none;
  border-right-width: 1px;
  border-right-color: #D3D3D3;
  vertical-align: bottom;
  padding-top: 5px;
  padding-bottom: 6px;
  padding-left: 5px;
  padding-right: 5px;
  overflow-x: hidden;
}

#bpaxnpswbe .gt_column_spanner_outer {
  color: #333333;
  background-color: #FFFFFF;
  font-size: 100%;
  font-weight: normal;
  text-transform: inherit;
  padding-top: 0;
  padding-bottom: 0;
  padding-left: 4px;
  padding-right: 4px;
}

#bpaxnpswbe .gt_column_spanner_outer:first-child {
  padding-left: 0;
}

#bpaxnpswbe .gt_column_spanner_outer:last-child {
  padding-right: 0;
}

#bpaxnpswbe .gt_column_spanner {
  border-bottom-style: solid;
  border-bottom-width: 2px;
  border-bottom-color: #D3D3D3;
  vertical-align: bottom;
  padding-top: 5px;
  padding-bottom: 5px;
  overflow-x: hidden;
  display: inline-block;
  width: 100%;
}

#bpaxnpswbe .gt_group_heading {
  padding-top: 8px;
  padding-bottom: 8px;
  padding-left: 5px;
  padding-right: 5px;
  color: #333333;
  background-color: #FFFFFF;
  font-size: 100%;
  font-weight: initial;
  text-transform: inherit;
  border-top-style: solid;
  border-top-width: 2px;
  border-top-color: #D3D3D3;
  border-bottom-style: solid;
  border-bottom-width: 2px;
  border-bottom-color: #D3D3D3;
  border-left-style: none;
  border-left-width: 1px;
  border-left-color: #D3D3D3;
  border-right-style: none;
  border-right-width: 1px;
  border-right-color: #D3D3D3;
  vertical-align: middle;
  text-align: left;
}

#bpaxnpswbe .gt_empty_group_heading {
  padding: 0.5px;
  color: #333333;
  background-color: #FFFFFF;
  font-size: 100%;
  font-weight: initial;
  border-top-style: solid;
  border-top-width: 2px;
  border-top-color: #D3D3D3;
  border-bottom-style: solid;
  border-bottom-width: 2px;
  border-bottom-color: #D3D3D3;
  vertical-align: middle;
}

#bpaxnpswbe .gt_from_md > :first-child {
  margin-top: 0;
}

#bpaxnpswbe .gt_from_md > :last-child {
  margin-bottom: 0;
}

#bpaxnpswbe .gt_row {
  padding-top: 8px;
  padding-bottom: 8px;
  padding-left: 5px;
  padding-right: 5px;
  margin: 10px;
  border-top-style: solid;
  border-top-width: 1px;
  border-top-color: #D3D3D3;
  border-left-style: none;
  border-left-width: 1px;
  border-left-color: #D3D3D3;
  border-right-style: none;
  border-right-width: 1px;
  border-right-color: #D3D3D3;
  vertical-align: middle;
  overflow-x: hidden;
}

#bpaxnpswbe .gt_stub {
  color: #333333;
  background-color: #FFFFFF;
  font-size: 100%;
  font-weight: initial;
  text-transform: inherit;
  border-right-style: solid;
  border-right-width: 2px;
  border-right-color: #D3D3D3;
  padding-left: 5px;
  padding-right: 5px;
}

#bpaxnpswbe .gt_stub_row_group {
  color: #333333;
  background-color: #FFFFFF;
  font-size: 100%;
  font-weight: initial;
  text-transform: inherit;
  border-right-style: solid;
  border-right-width: 2px;
  border-right-color: #D3D3D3;
  padding-left: 5px;
  padding-right: 5px;
  vertical-align: top;
}

#bpaxnpswbe .gt_row_group_first td {
  border-top-width: 2px;
}

#bpaxnpswbe .gt_summary_row {
  color: #333333;
  background-color: #FFFFFF;
  text-transform: inherit;
  padding-top: 8px;
  padding-bottom: 8px;
  padding-left: 5px;
  padding-right: 5px;
}

#bpaxnpswbe .gt_first_summary_row {
  border-top-style: solid;
  border-top-color: #D3D3D3;
}

#bpaxnpswbe .gt_first_summary_row.thick {
  border-top-width: 2px;
}

#bpaxnpswbe .gt_last_summary_row {
  padding-top: 8px;
  padding-bottom: 8px;
  padding-left: 5px;
  padding-right: 5px;
  border-bottom-style: solid;
  border-bottom-width: 2px;
  border-bottom-color: #D3D3D3;
}

#bpaxnpswbe .gt_grand_summary_row {
  color: #333333;
  background-color: #FFFFFF;
  text-transform: inherit;
  padding-top: 8px;
  padding-bottom: 8px;
  padding-left: 5px;
  padding-right: 5px;
}

#bpaxnpswbe .gt_first_grand_summary_row {
  padding-top: 8px;
  padding-bottom: 8px;
  padding-left: 5px;
  padding-right: 5px;
  border-top-style: double;
  border-top-width: 6px;
  border-top-color: #D3D3D3;
}

#bpaxnpswbe .gt_striped {
  background-color: rgba(128, 128, 128, 0.05);
}

#bpaxnpswbe .gt_table_body {
  border-top-style: solid;
  border-top-width: 2px;
  border-top-color: #D3D3D3;
  border-bottom-style: solid;
  border-bottom-width: 2px;
  border-bottom-color: #D3D3D3;
}

#bpaxnpswbe .gt_footnotes {
  color: #333333;
  background-color: #FFFFFF;
  border-bottom-style: none;
  border-bottom-width: 2px;
  border-bottom-color: #D3D3D3;
  border-left-style: none;
  border-left-width: 2px;
  border-left-color: #D3D3D3;
  border-right-style: none;
  border-right-width: 2px;
  border-right-color: #D3D3D3;
}

#bpaxnpswbe .gt_footnote {
  margin: 0px;
  font-size: 90%;
  padding-left: 4px;
  padding-right: 4px;
  padding-left: 5px;
  padding-right: 5px;
}

#bpaxnpswbe .gt_sourcenotes {
  color: #333333;
  background-color: #FFFFFF;
  border-bottom-style: none;
  border-bottom-width: 2px;
  border-bottom-color: #D3D3D3;
  border-left-style: none;
  border-left-width: 2px;
  border-left-color: #D3D3D3;
  border-right-style: none;
  border-right-width: 2px;
  border-right-color: #D3D3D3;
}

#bpaxnpswbe .gt_sourcenote {
  font-size: 90%;
  padding-top: 4px;
  padding-bottom: 4px;
  padding-left: 5px;
  padding-right: 5px;
}

#bpaxnpswbe .gt_left {
  text-align: left;
}

#bpaxnpswbe .gt_center {
  text-align: center;
}

#bpaxnpswbe .gt_right {
  text-align: right;
  font-variant-numeric: tabular-nums;
}

#bpaxnpswbe .gt_font_normal {
  font-weight: normal;
}

#bpaxnpswbe .gt_font_bold {
  font-weight: bold;
}

#bpaxnpswbe .gt_font_italic {
  font-style: italic;
}

#bpaxnpswbe .gt_super {
  font-size: 65%;
}

#bpaxnpswbe .gt_footnote_marks {
  font-style: italic;
  font-weight: normal;
  font-size: 75%;
  vertical-align: 0.4em;
}

#bpaxnpswbe .gt_asterisk {
  font-size: 100%;
  vertical-align: 0;
}

#bpaxnpswbe .gt_indent_1 {
  text-indent: 5px;
}

#bpaxnpswbe .gt_indent_2 {
  text-indent: 10px;
}

#bpaxnpswbe .gt_indent_3 {
  text-indent: 15px;
}

#bpaxnpswbe .gt_indent_4 {
  text-indent: 20px;
}

#bpaxnpswbe .gt_indent_5 {
  text-indent: 25px;
}
</style>
  <table class="gt_table">
  
  <thead class="gt_col_headings">
    <tr>
      <th class="gt_col_heading gt_columns_bottom_border gt_left" rowspan="1" colspan="1" scope="col" id="&lt;strong&gt;Characteristic&lt;/strong&gt;"><strong>Characteristic</strong></th>
      <th class="gt_col_heading gt_columns_bottom_border gt_center" rowspan="1" colspan="1" scope="col" id="&lt;strong&gt;N = 68,091,507&lt;/strong&gt;"><strong>N = 68,091,507</strong></th>
    </tr>
  </thead>
  <tbody class="gt_table_body">
    <tr><td headers="label" class="gt_row gt_left" style="font-weight: bold;">Number of unique patients, n</td>
<td headers="stat_0" class="gt_row gt_center">10,613,077</td></tr>
    <tr><td headers="label" class="gt_row gt_left" style="font-weight: bold;">T1, Median (IQR)</td>
<td headers="stat_0" class="gt_row gt_center">165 (43 – 279)</td></tr>
    <tr><td headers="label" class="gt_row gt_left" style="font-weight: bold;">T2, Median (IQR)</td>
<td headers="stat_0" class="gt_row gt_center">234 (111 – 358)</td></tr>
    <tr><td headers="label" class="gt_row gt_left" style="font-weight: bold;">Infected, n (%)</td>
<td headers="stat_0" class="gt_row gt_center">1,662,959 (2.4%)</td></tr>
    <tr><td headers="label" class="gt_row gt_left" style="font-weight: bold;">Hospitalized, n (%)</td>
<td headers="stat_0" class="gt_row gt_center">29,299 (&lt;0.1%)</td></tr>
    <tr><td headers="label" class="gt_row gt_left" style="font-weight: bold;">SeriousCovidProxy, n (%)</td>
<td headers="stat_0" class="gt_row gt_center">0 (NA%)</td></tr>
    <tr><td headers="label" class="gt_row gt_left">    (Missing Observations)</td>
<td headers="stat_0" class="gt_row gt_center">68,091,507</td></tr>
    <tr><td headers="label" class="gt_row gt_left" style="font-weight: bold;">LongCovid, n (%)</td>
<td headers="stat_0" class="gt_row gt_center">0 (NA%)</td></tr>
    <tr><td headers="label" class="gt_row gt_left">    (Missing Observations)</td>
<td headers="stat_0" class="gt_row gt_center">68,091,507</td></tr>
    <tr><td headers="label" class="gt_row gt_left" style="font-weight: bold;">DeadByCovid, n (%)</td>
<td headers="stat_0" class="gt_row gt_center">612 (&lt;0.1%)</td></tr>
    <tr><td headers="label" class="gt_row gt_left" style="font-weight: bold;">DeadByOther, n (%)</td>
<td headers="stat_0" class="gt_row gt_center">94,480 (0.1%)</td></tr>
    <tr><td headers="label" class="gt_row gt_left" style="font-weight: bold;">VariantOfInf, n (%)</td>
<td headers="stat_0" class="gt_row gt_center">0 (NA%)</td></tr>
    <tr><td headers="label" class="gt_row gt_left">    (Missing Observations)</td>
<td headers="stat_0" class="gt_row gt_center">68,091,507</td></tr>
    <tr><td headers="label" class="gt_row gt_left" style="font-weight: bold;">InfPrior, n (%)</td>
<td headers="stat_0" class="gt_row gt_center"></td></tr>
    <tr><td headers="label" class="gt_row gt_left">    _uninfected</td>
<td headers="stat_0" class="gt_row gt_center">39,491,443 (58%)</td></tr>
    <tr><td headers="label" class="gt_row gt_left">    inf_NA_062-122</td>
<td headers="stat_0" class="gt_row gt_center">4,252,521 (6.2%)</td></tr>
    <tr><td headers="label" class="gt_row gt_left">    inf_NA_123-183</td>
<td headers="stat_0" class="gt_row gt_center">3,952,711 (5.8%)</td></tr>
    <tr><td headers="label" class="gt_row gt_left">    inf_NA_184-244</td>
<td headers="stat_0" class="gt_row gt_center">3,664,790 (5.4%)</td></tr>
    <tr><td headers="label" class="gt_row gt_left">    inf_NA_245-305</td>
<td headers="stat_0" class="gt_row gt_center">4,058,959 (6.0%)</td></tr>
    <tr><td headers="label" class="gt_row gt_left">    inf_NA_306-366</td>
<td headers="stat_0" class="gt_row gt_center">4,342,803 (6.4%)</td></tr>
    <tr><td headers="label" class="gt_row gt_left">    inf_NA_367+</td>
<td headers="stat_0" class="gt_row gt_center">8,328,280 (12%)</td></tr>
    <tr><td headers="label" class="gt_row gt_left" style="font-weight: bold;">VaccStatus, n (%)</td>
<td headers="stat_0" class="gt_row gt_center"></td></tr>
    <tr><td headers="label" class="gt_row gt_left">    _unvaccinated</td>
<td headers="stat_0" class="gt_row gt_center">10,886,630 (16%)</td></tr>
    <tr><td headers="label" class="gt_row gt_left">    boost_001-061</td>
<td headers="stat_0" class="gt_row gt_center">4,731,690 (6.9%)</td></tr>
    <tr><td headers="label" class="gt_row gt_left">    boost_062-122</td>
<td headers="stat_0" class="gt_row gt_center">4,532,366 (6.7%)</td></tr>
    <tr><td headers="label" class="gt_row gt_left">    boost_123-183</td>
<td headers="stat_0" class="gt_row gt_center">4,604,718 (6.8%)</td></tr>
    <tr><td headers="label" class="gt_row gt_left">    boost_184-244</td>
<td headers="stat_0" class="gt_row gt_center">4,645,448 (6.8%)</td></tr>
    <tr><td headers="label" class="gt_row gt_left">    boost_245-305</td>
<td headers="stat_0" class="gt_row gt_center">4,491,118 (6.6%)</td></tr>
    <tr><td headers="label" class="gt_row gt_left">    boost_306-366</td>
<td headers="stat_0" class="gt_row gt_center">4,033,885 (5.9%)</td></tr>
    <tr><td headers="label" class="gt_row gt_left">    boost_367+</td>
<td headers="stat_0" class="gt_row gt_center">2,539,336 (3.7%)</td></tr>
    <tr><td headers="label" class="gt_row gt_left">    full_001-061</td>
<td headers="stat_0" class="gt_row gt_center">1,113,204 (1.6%)</td></tr>
    <tr><td headers="label" class="gt_row gt_left">    full_062-122</td>
<td headers="stat_0" class="gt_row gt_center">2,806,931 (4.1%)</td></tr>
    <tr><td headers="label" class="gt_row gt_left">    full_123-183</td>
<td headers="stat_0" class="gt_row gt_center">6,053,086 (8.9%)</td></tr>
    <tr><td headers="label" class="gt_row gt_left">    full_184-244</td>
<td headers="stat_0" class="gt_row gt_center">4,283,975 (6.3%)</td></tr>
    <tr><td headers="label" class="gt_row gt_left">    full_245-305</td>
<td headers="stat_0" class="gt_row gt_center">3,394,879 (5.0%)</td></tr>
    <tr><td headers="label" class="gt_row gt_left">    full_306-366</td>
<td headers="stat_0" class="gt_row gt_center">3,250,104 (4.8%)</td></tr>
    <tr><td headers="label" class="gt_row gt_left">    full_367+</td>
<td headers="stat_0" class="gt_row gt_center">4,045,094 (5.9%)</td></tr>
    <tr><td headers="label" class="gt_row gt_left">    partial_001-061</td>
<td headers="stat_0" class="gt_row gt_center">664,424 (1.0%)</td></tr>
    <tr><td headers="label" class="gt_row gt_left">    partial_062+</td>
<td headers="stat_0" class="gt_row gt_center">240,223 (0.4%)</td></tr>
    <tr><td headers="label" class="gt_row gt_left">    secboost_001-061</td>
<td headers="stat_0" class="gt_row gt_center">861,778 (1.3%)</td></tr>
    <tr><td headers="label" class="gt_row gt_left">    secboost_062-122</td>
<td headers="stat_0" class="gt_row gt_center">698,746 (1.0%)</td></tr>
    <tr><td headers="label" class="gt_row gt_left">    secboost_123-183</td>
<td headers="stat_0" class="gt_row gt_center">213,872 (0.3%)</td></tr>
    <tr><td headers="label" class="gt_row gt_left" style="font-weight: bold;">Immunity, n (%)</td>
<td headers="stat_0" class="gt_row gt_center"></td></tr>
    <tr><td headers="label" class="gt_row gt_left">    _noimmunity</td>
<td headers="stat_0" class="gt_row gt_center">3,270,866 (4.8%)</td></tr>
    <tr><td headers="label" class="gt_row gt_left">    boost_001-061</td>
<td headers="stat_0" class="gt_row gt_center">3,526,960 (5.2%)</td></tr>
    <tr><td headers="label" class="gt_row gt_left">    boost_062-122</td>
<td headers="stat_0" class="gt_row gt_center">3,337,048 (4.9%)</td></tr>
    <tr><td headers="label" class="gt_row gt_left">    boost_123-183</td>
<td headers="stat_0" class="gt_row gt_center">3,174,628 (4.7%)</td></tr>
    <tr><td headers="label" class="gt_row gt_left">    boost_184-244</td>
<td headers="stat_0" class="gt_row gt_center">3,096,278 (4.5%)</td></tr>
    <tr><td headers="label" class="gt_row gt_left">    boost_245-305</td>
<td headers="stat_0" class="gt_row gt_center">2,951,064 (4.3%)</td></tr>
    <tr><td headers="label" class="gt_row gt_left">    boost_306-366</td>
<td headers="stat_0" class="gt_row gt_center">2,591,661 (3.8%)</td></tr>
    <tr><td headers="label" class="gt_row gt_left">    full_001-061</td>
<td headers="stat_0" class="gt_row gt_center">717,717 (1.1%)</td></tr>
    <tr><td headers="label" class="gt_row gt_left">    full_062-122</td>
<td headers="stat_0" class="gt_row gt_center">1,920,305 (2.8%)</td></tr>
    <tr><td headers="label" class="gt_row gt_left">    full_123-183</td>
<td headers="stat_0" class="gt_row gt_center">4,380,269 (6.4%)</td></tr>
    <tr><td headers="label" class="gt_row gt_left">    full_184-244</td>
<td headers="stat_0" class="gt_row gt_center">2,724,895 (4.0%)</td></tr>
    <tr><td headers="label" class="gt_row gt_left">    full_245-305</td>
<td headers="stat_0" class="gt_row gt_center">1,653,156 (2.4%)</td></tr>
    <tr><td headers="label" class="gt_row gt_left">    full_306-366</td>
<td headers="stat_0" class="gt_row gt_center">1,409,888 (2.1%)</td></tr>
    <tr><td headers="label" class="gt_row gt_left">    hybridboost_001-061</td>
<td headers="stat_0" class="gt_row gt_center">1,204,730 (1.8%)</td></tr>
    <tr><td headers="label" class="gt_row gt_left">    hybridboost_062-122</td>
<td headers="stat_0" class="gt_row gt_center">2,068,617 (3.0%)</td></tr>
    <tr><td headers="label" class="gt_row gt_left">    hybridboost_123-183</td>
<td headers="stat_0" class="gt_row gt_center">1,791,520 (2.6%)</td></tr>
    <tr><td headers="label" class="gt_row gt_left">    hybridboost_184-244</td>
<td headers="stat_0" class="gt_row gt_center">1,552,644 (2.3%)</td></tr>
    <tr><td headers="label" class="gt_row gt_left">    hybridboost_245-305</td>
<td headers="stat_0" class="gt_row gt_center">1,332,700 (2.0%)</td></tr>
    <tr><td headers="label" class="gt_row gt_left">    hybridboost_306-366</td>
<td headers="stat_0" class="gt_row gt_center">933,167 (1.4%)</td></tr>
    <tr><td headers="label" class="gt_row gt_left">    hybridfull_001-061</td>
<td headers="stat_0" class="gt_row gt_center">395,487 (0.6%)</td></tr>
    <tr><td headers="label" class="gt_row gt_left">    hybridfull_062-122</td>
<td headers="stat_0" class="gt_row gt_center">2,485,641 (3.7%)</td></tr>
    <tr><td headers="label" class="gt_row gt_left">    hybridfull_123-183</td>
<td headers="stat_0" class="gt_row gt_center">2,899,432 (4.3%)</td></tr>
    <tr><td headers="label" class="gt_row gt_left">    hybridfull_184-244</td>
<td headers="stat_0" class="gt_row gt_center">2,034,174 (3.0%)</td></tr>
    <tr><td headers="label" class="gt_row gt_left">    hybridfull_245-305</td>
<td headers="stat_0" class="gt_row gt_center">1,378,722 (2.0%)</td></tr>
    <tr><td headers="label" class="gt_row gt_left">    hybridfull_306-366</td>
<td headers="stat_0" class="gt_row gt_center">1,104,502 (1.6%)</td></tr>
    <tr><td headers="label" class="gt_row gt_left">    inf_062-122</td>
<td headers="stat_0" class="gt_row gt_center">1,283,940 (1.9%)</td></tr>
    <tr><td headers="label" class="gt_row gt_left">    inf_123-183</td>
<td headers="stat_0" class="gt_row gt_center">1,229,292 (1.8%)</td></tr>
    <tr><td headers="label" class="gt_row gt_left">    inf_184-244</td>
<td headers="stat_0" class="gt_row gt_center">1,223,442 (1.8%)</td></tr>
    <tr><td headers="label" class="gt_row gt_left">    inf_245-305</td>
<td headers="stat_0" class="gt_row gt_center">1,409,340 (2.1%)</td></tr>
    <tr><td headers="label" class="gt_row gt_left">    inf_306-366</td>
<td headers="stat_0" class="gt_row gt_center">1,441,642 (2.1%)</td></tr>
    <tr><td headers="label" class="gt_row gt_left">    other</td>
<td headers="stat_0" class="gt_row gt_center">6,292,214 (9.2%)</td></tr>
    <tr><td headers="label" class="gt_row gt_left">    secboost_001-061</td>
<td headers="stat_0" class="gt_row gt_center">602,427 (0.9%)</td></tr>
    <tr><td headers="label" class="gt_row gt_left">    secboost_062-122</td>
<td headers="stat_0" class="gt_row gt_center">510,434 (0.7%)</td></tr>
    <tr><td headers="label" class="gt_row gt_left">    secboost_123-183</td>
<td headers="stat_0" class="gt_row gt_center">162,705 (0.2%)</td></tr>
    <tr><td headers="label" class="gt_row gt_left" style="font-weight: bold;">Age, Median (IQR)</td>
<td headers="stat_0" class="gt_row gt_center">47 (31 – 64)</td></tr>
    <tr><td headers="label" class="gt_row gt_left" style="font-weight: bold;">AgeGr, n (%)</td>
<td headers="stat_0" class="gt_row gt_center"></td></tr>
    <tr><td headers="label" class="gt_row gt_left">    _40-44</td>
<td headers="stat_0" class="gt_row gt_center">5,823,957 (8.6%)</td></tr>
    <tr><td headers="label" class="gt_row gt_left">    0-11</td>
<td headers="stat_0" class="gt_row gt_center">3,507,930 (5.2%)</td></tr>
    <tr><td headers="label" class="gt_row gt_left">    12-15</td>
<td headers="stat_0" class="gt_row gt_center">2,730,879 (4.0%)</td></tr>
    <tr><td headers="label" class="gt_row gt_left">    16-17</td>
<td headers="stat_0" class="gt_row gt_center">1,378,596 (2.0%)</td></tr>
    <tr><td headers="label" class="gt_row gt_left">    18-24</td>
<td headers="stat_0" class="gt_row gt_center">4,657,491 (6.8%)</td></tr>
    <tr><td headers="label" class="gt_row gt_left">    25-29</td>
<td headers="stat_0" class="gt_row gt_center">3,759,668 (5.5%)</td></tr>
    <tr><td headers="label" class="gt_row gt_left">    30-34</td>
<td headers="stat_0" class="gt_row gt_center">4,525,804 (6.6%)</td></tr>
    <tr><td headers="label" class="gt_row gt_left">    35-39</td>
<td headers="stat_0" class="gt_row gt_center">4,818,600 (7.1%)</td></tr>
    <tr><td headers="label" class="gt_row gt_left">    45-49</td>
<td headers="stat_0" class="gt_row gt_center">6,463,048 (9.5%)</td></tr>
    <tr><td headers="label" class="gt_row gt_left">    50-54</td>
<td headers="stat_0" class="gt_row gt_center">5,041,376 (7.4%)</td></tr>
    <tr><td headers="label" class="gt_row gt_left">    55-59</td>
<td headers="stat_0" class="gt_row gt_center">4,853,286 (7.1%)</td></tr>
    <tr><td headers="label" class="gt_row gt_left">    60-64</td>
<td headers="stat_0" class="gt_row gt_center">4,390,183 (6.4%)</td></tr>
    <tr><td headers="label" class="gt_row gt_left">    65-69</td>
<td headers="stat_0" class="gt_row gt_center">4,917,886 (7.2%)</td></tr>
    <tr><td headers="label" class="gt_row gt_left">    70-74</td>
<td headers="stat_0" class="gt_row gt_center">4,632,511 (6.8%)</td></tr>
    <tr><td headers="label" class="gt_row gt_left">    75-79</td>
<td headers="stat_0" class="gt_row gt_center">3,346,223 (4.9%)</td></tr>
    <tr><td headers="label" class="gt_row gt_left">    80+</td>
<td headers="stat_0" class="gt_row gt_center">3,244,069 (4.8%)</td></tr>
    <tr><td headers="label" class="gt_row gt_left" style="font-weight: bold;">Sex, n (%)</td>
<td headers="stat_0" class="gt_row gt_center"></td></tr>
    <tr><td headers="label" class="gt_row gt_left">    F</td>
<td headers="stat_0" class="gt_row gt_center">34,905,561 (51%)</td></tr>
    <tr><td headers="label" class="gt_row gt_left">    M</td>
<td headers="stat_0" class="gt_row gt_center">33,185,946 (49%)</td></tr>
    <tr><td headers="label" class="gt_row gt_left" style="font-weight: bold;">InfPriorTime, n (%)</td>
<td headers="stat_0" class="gt_row gt_center">0 (NA%)</td></tr>
    <tr><td headers="label" class="gt_row gt_left">    (Missing Observations)</td>
<td headers="stat_0" class="gt_row gt_center">68,091,507</td></tr>
    <tr><td headers="label" class="gt_row gt_left" style="font-weight: bold;">LastVaccTime, n (%)</td>
<td headers="stat_0" class="gt_row gt_center">0 (NA%)</td></tr>
    <tr><td headers="label" class="gt_row gt_left">    (Missing Observations)</td>
<td headers="stat_0" class="gt_row gt_center">68,091,507</td></tr>
  </tbody>
  
  
</table>
</div>
Call:
coxph(formula = f.input, data = data)

  n= 68091507, number of events= 29299 

                               coef exp(coef) se(coef)       z Pr(>|z|)    
InfPriorinf_NA_062-122     -1.77974   0.16868  0.06980 -25.497  < 2e-16 ***
InfPriorinf_NA_123-183     -1.90141   0.14936  0.10001 -19.013  < 2e-16 ***
InfPriorinf_NA_184-244     -1.63195   0.19555  0.09126 -17.883  < 2e-16 ***
InfPriorinf_NA_245-305     -1.61732   0.19843  0.08807 -18.364  < 2e-16 ***
InfPriorinf_NA_306-366     -1.44899   0.23481  0.07138 -20.299  < 2e-16 ***
InfPriorinf_NA_367+        -1.27343   0.27987  0.03445 -36.961  < 2e-16 ***
VaccStatusboost_001-061    -1.91713   0.14703  0.03329 -57.581  < 2e-16 ***
VaccStatusboost_062-122    -1.62209   0.19749  0.02227 -72.827  < 2e-16 ***
VaccStatusboost_123-183    -1.14185   0.31923  0.03076 -37.117  < 2e-16 ***
VaccStatusboost_184-244    -0.68990   0.50163  0.03174 -21.739  < 2e-16 ***
VaccStatusboost_245-305    -0.54484   0.57993  0.02572 -21.186  < 2e-16 ***
VaccStatusboost_306-366    -0.48499   0.61570  0.02999 -16.174  < 2e-16 ***
VaccStatusboost_367+       -0.39083   0.67649  0.04711  -8.296  < 2e-16 ***
VaccStatusfull_001-061     -0.66021   0.51674  0.06289 -10.498  < 2e-16 ***
VaccStatusfull_062-122     -0.55820   0.57224  0.05519 -10.114  < 2e-16 ***
VaccStatusfull_123-183     -0.33340   0.71648  0.04363  -7.642 2.13e-14 ***
VaccStatusfull_184-244     -0.37928   0.68435  0.03145 -12.060  < 2e-16 ***
VaccStatusfull_245-305     -0.25830   0.77236  0.03441  -7.507 6.03e-14 ***
VaccStatusfull_306-366     -0.19255   0.82486  0.04188  -4.597 4.29e-06 ***
VaccStatusfull_367+        -0.14980   0.86088  0.03153  -4.750 2.03e-06 ***
VaccStatuspartial_001-061   0.08612   1.08993  0.10341   0.833 0.404961    
VaccStatuspartial_062+      0.20008   1.22150  0.06592   3.035 0.002402 ** 
VaccStatussecboost_001-061 -1.38431   0.25050  0.05778 -23.957  < 2e-16 ***
VaccStatussecboost_062-122 -0.98685   0.37275  0.07127 -13.846  < 2e-16 ***
VaccStatussecboost_123-183 -0.55572   0.57366  0.12434  -4.469 7.85e-06 ***
AgeGr0-11                   0.30343   1.35449  0.05982   5.072 3.93e-07 ***
AgeGr12-15                 -0.87212   0.41806  0.11794  -7.395 1.42e-13 ***
AgeGr16-17                 -0.29675   0.74323  0.13575  -2.186 0.028820 *  
AgeGr18-24                 -0.37240   0.68908  0.08733  -4.264 2.01e-05 ***
AgeGr25-29                 -0.32658   0.72139  0.08739  -3.737 0.000186 ***
AgeGr30-34                 -0.10137   0.90360  0.07931  -1.278 0.201168    
AgeGr35-39                 -0.03111   0.96937  0.07769  -0.400 0.688876    
AgeGr45-49                  0.46157   1.58656  0.06821   6.767 1.31e-11 ***
AgeGr50-54                  0.81888   2.26797  0.06654  12.307  < 2e-16 ***
AgeGr55-59                  1.20265   3.32892  0.06260  19.211  < 2e-16 ***
AgeGr60-64                  1.62539   5.08039  0.05977  27.196  < 2e-16 ***
AgeGr65-69                  2.20205   9.04358  0.05661  38.898  < 2e-16 ***
AgeGr70-74                  2.79928  16.43281  0.05526  50.658  < 2e-16 ***
AgeGr75-79                  3.51392  33.57978  0.05483  64.083  < 2e-16 ***
AgeGr80+                    4.07403  58.79314  0.05387  75.632  < 2e-16 ***
SexM                        0.38109   1.46388  0.01185  32.159  < 2e-16 ***
---
Signif. codes:  0 ‘***’ 0.001 ‘**’ 0.01 ‘*’ 0.05 ‘.’ 0.1 ‘ ’ 1

                           exp(coef) exp(-coef) lower .95 upper .95
InfPriorinf_NA_062-122        0.1687    5.92831    0.1471    0.1934
InfPriorinf_NA_123-183        0.1494    6.69534    0.1228    0.1817
InfPriorinf_NA_184-244        0.1955    5.11384    0.1635    0.2338
InfPriorinf_NA_245-305        0.1984    5.03957    0.1670    0.2358
InfPriorinf_NA_306-366        0.2348    4.25883    0.2041    0.2701
InfPriorinf_NA_367+           0.2799    3.57310    0.2616    0.2994
VaccStatusboost_001-061       0.1470    6.80143    0.1377    0.1569
VaccStatusboost_062-122       0.1975    5.06366    0.1890    0.2063
VaccStatusboost_123-183       0.3192    3.13254    0.3006    0.3391
VaccStatusboost_184-244       0.5016    1.99352    0.4714    0.5338
VaccStatusboost_245-305       0.5799    1.72434    0.5514    0.6099
VaccStatusboost_306-366       0.6157    1.62416    0.5806    0.6530
VaccStatusboost_367+          0.6765    1.47821    0.6168    0.7419
VaccStatusfull_001-061        0.5167    1.93520    0.4568    0.5845
VaccStatusfull_062-122        0.5722    1.74752    0.5136    0.6376
VaccStatusfull_123-183        0.7165    1.39571    0.6578    0.7804
VaccStatusfull_184-244        0.6844    1.46123    0.6434    0.7279
VaccStatusfull_245-305        0.7724    1.29473    0.7220    0.8262
VaccStatusfull_306-366        0.8249    1.21233    0.7598    0.8954
VaccStatusfull_367+           0.8609    1.16160    0.8093    0.9158
VaccStatuspartial_001-061     1.0899    0.91749    0.8900    1.3348
VaccStatuspartial_062+        1.2215    0.81866    1.0735    1.3900
VaccStatussecboost_001-061    0.2505    3.99206    0.2237    0.2805
VaccStatussecboost_062-122    0.3728    2.68276    0.3242    0.4286
VaccStatussecboost_123-183    0.5737    1.74319    0.4496    0.7320
AgeGr0-11                     1.3545    0.73828    1.2046    1.5230
AgeGr12-15                    0.4181    2.39198    0.3318    0.5268
AgeGr16-17                    0.7432    1.34548    0.5696    0.9698
AgeGr18-24                    0.6891    1.45121    0.5807    0.8177
AgeGr25-29                    0.7214    1.38622    0.6078    0.8562
AgeGr30-34                    0.9036    1.10669    0.7735    1.0556
AgeGr35-39                    0.9694    1.03160    0.8325    1.1288
AgeGr45-49                    1.5866    0.63030    1.3880    1.8135
AgeGr50-54                    2.2680    0.44092    1.9907    2.5839
AgeGr55-59                    3.3289    0.30040    2.9445    3.7635
AgeGr60-64                    5.0804    0.19684    4.5188    5.7118
AgeGr65-69                    9.0436    0.11058    8.0938   10.1048
AgeGr70-74                   16.4328    0.06085   14.7460   18.3125
AgeGr75-79                   33.5798    0.02978   30.1580   37.3897
AgeGr80+                     58.7931    0.01701   52.9024   65.3398
SexM                          1.4639    0.68312    1.4303    1.4983

Concordance= 0.877  (se = 0.001 )
Likelihood ratio test= 71999  on 41 df,   p=<2e-16
Wald test            = 58926  on 41 df,   p=<2e-16
Score (logrank) test = 117349  on 41 df,   p=<2e-16

[[1]]
 [1] "InfPriorinf_NA_062-122"     "InfPriorinf_NA_123-183"    
 [3] "InfPriorinf_NA_184-244"     "InfPriorinf_NA_245-305"    
 [5] "InfPriorinf_NA_306-366"     "VaccStatusboost_001-061"   
 [7] "VaccStatusboost_062-122"    "VaccStatusboost_123-183"   
 [9] "VaccStatusboost_184-244"    "VaccStatusboost_245-305"   
[11] "VaccStatusboost_306-366"    "VaccStatusfull_001-061"    
[13] "VaccStatusfull_062-122"     "VaccStatusfull_123-183"    
[15] "VaccStatusfull_184-244"     "VaccStatusfull_245-305"    
[17] "VaccStatusfull_306-366"     "VaccStatuspartial_001-061" 
[19] "VaccStatussecboost_001-061" "VaccStatussecboost_062-122"
[21] "VaccStatussecboost_123-183" "AgeGr0-11"                 
[23] "AgeGr12-15"                 "AgeGr16-17"                
[25] "AgeGr18-24"                 "AgeGr25-29"                
[27] "AgeGr30-34"                 "AgeGr35-39"                
[29] "AgeGr45-49"                 "AgeGr50-54"                
[31] "AgeGr55-59"                 "AgeGr60-64"                
[33] "AgeGr65-69"                 "AgeGr70-74"                
[35] "AgeGr75-79"                 "AgeGr80+"                  
[37] "SexM"                      

[[2]]
[1] "beta"          "beta_CI_lower" "beta_CI_upper" "HR"           
[5] "HR_CI_lower"   "HR_CI_upper"   "eff"           "eff_CI_upper" 
[9] "eff_CI_lower" 

null device 
          1 
null device 
          1 
null device 
          1 
null device 
          1 
<div id="bwouikuiil" style="padding-left:0px;padding-right:0px;padding-top:10px;padding-bottom:10px;overflow-x:auto;overflow-y:auto;width:auto;height:auto;">
  <style>html {
  font-family: -apple-system, BlinkMacSystemFont, 'Segoe UI', Roboto, Oxygen, Ubuntu, Cantarell, 'Helvetica Neue', 'Fira Sans', 'Droid Sans', Arial, sans-serif;
}

#bwouikuiil .gt_table {
  display: table;
  border-collapse: collapse;
  margin-left: auto;
  margin-right: auto;
  color: #333333;
  font-size: 16px;
  font-weight: normal;
  font-style: normal;
  background-color: #FFFFFF;
  width: auto;
  border-top-style: solid;
  border-top-width: 2px;
  border-top-color: #A8A8A8;
  border-right-style: none;
  border-right-width: 2px;
  border-right-color: #D3D3D3;
  border-bottom-style: solid;
  border-bottom-width: 2px;
  border-bottom-color: #A8A8A8;
  border-left-style: none;
  border-left-width: 2px;
  border-left-color: #D3D3D3;
}

#bwouikuiil .gt_heading {
  background-color: #FFFFFF;
  text-align: center;
  border-bottom-color: #FFFFFF;
  border-left-style: none;
  border-left-width: 1px;
  border-left-color: #D3D3D3;
  border-right-style: none;
  border-right-width: 1px;
  border-right-color: #D3D3D3;
}

#bwouikuiil .gt_caption {
  padding-top: 4px;
  padding-bottom: 4px;
}

#bwouikuiil .gt_title {
  color: #333333;
  font-size: 125%;
  font-weight: initial;
  padding-top: 4px;
  padding-bottom: 4px;
  padding-left: 5px;
  padding-right: 5px;
  border-bottom-color: #FFFFFF;
  border-bottom-width: 0;
}

#bwouikuiil .gt_subtitle {
  color: #333333;
  font-size: 85%;
  font-weight: initial;
  padding-top: 0;
  padding-bottom: 6px;
  padding-left: 5px;
  padding-right: 5px;
  border-top-color: #FFFFFF;
  border-top-width: 0;
}

#bwouikuiil .gt_bottom_border {
  border-bottom-style: solid;
  border-bottom-width: 2px;
  border-bottom-color: #D3D3D3;
}

#bwouikuiil .gt_col_headings {
  border-top-style: solid;
  border-top-width: 2px;
  border-top-color: #D3D3D3;
  border-bottom-style: solid;
  border-bottom-width: 2px;
  border-bottom-color: #D3D3D3;
  border-left-style: none;
  border-left-width: 1px;
  border-left-color: #D3D3D3;
  border-right-style: none;
  border-right-width: 1px;
  border-right-color: #D3D3D3;
}

#bwouikuiil .gt_col_heading {
  color: #333333;
  background-color: #FFFFFF;
  font-size: 100%;
  font-weight: normal;
  text-transform: inherit;
  border-left-style: none;
  border-left-width: 1px;
  border-left-color: #D3D3D3;
  border-right-style: none;
  border-right-width: 1px;
  border-right-color: #D3D3D3;
  vertical-align: bottom;
  padding-top: 5px;
  padding-bottom: 6px;
  padding-left: 5px;
  padding-right: 5px;
  overflow-x: hidden;
}

#bwouikuiil .gt_column_spanner_outer {
  color: #333333;
  background-color: #FFFFFF;
  font-size: 100%;
  font-weight: normal;
  text-transform: inherit;
  padding-top: 0;
  padding-bottom: 0;
  padding-left: 4px;
  padding-right: 4px;
}

#bwouikuiil .gt_column_spanner_outer:first-child {
  padding-left: 0;
}

#bwouikuiil .gt_column_spanner_outer:last-child {
  padding-right: 0;
}

#bwouikuiil .gt_column_spanner {
  border-bottom-style: solid;
  border-bottom-width: 2px;
  border-bottom-color: #D3D3D3;
  vertical-align: bottom;
  padding-top: 5px;
  padding-bottom: 5px;
  overflow-x: hidden;
  display: inline-block;
  width: 100%;
}

#bwouikuiil .gt_group_heading {
  padding-top: 8px;
  padding-bottom: 8px;
  padding-left: 5px;
  padding-right: 5px;
  color: #333333;
  background-color: #FFFFFF;
  font-size: 100%;
  font-weight: initial;
  text-transform: inherit;
  border-top-style: solid;
  border-top-width: 2px;
  border-top-color: #D3D3D3;
  border-bottom-style: solid;
  border-bottom-width: 2px;
  border-bottom-color: #D3D3D3;
  border-left-style: none;
  border-left-width: 1px;
  border-left-color: #D3D3D3;
  border-right-style: none;
  border-right-width: 1px;
  border-right-color: #D3D3D3;
  vertical-align: middle;
  text-align: left;
}

#bwouikuiil .gt_empty_group_heading {
  padding: 0.5px;
  color: #333333;
  background-color: #FFFFFF;
  font-size: 100%;
  font-weight: initial;
  border-top-style: solid;
  border-top-width: 2px;
  border-top-color: #D3D3D3;
  border-bottom-style: solid;
  border-bottom-width: 2px;
  border-bottom-color: #D3D3D3;
  vertical-align: middle;
}

#bwouikuiil .gt_from_md > :first-child {
  margin-top: 0;
}

#bwouikuiil .gt_from_md > :last-child {
  margin-bottom: 0;
}

#bwouikuiil .gt_row {
  padding-top: 8px;
  padding-bottom: 8px;
  padding-left: 5px;
  padding-right: 5px;
  margin: 10px;
  border-top-style: solid;
  border-top-width: 1px;
  border-top-color: #D3D3D3;
  border-left-style: none;
  border-left-width: 1px;
  border-left-color: #D3D3D3;
  border-right-style: none;
  border-right-width: 1px;
  border-right-color: #D3D3D3;
  vertical-align: middle;
  overflow-x: hidden;
}

#bwouikuiil .gt_stub {
  color: #333333;
  background-color: #FFFFFF;
  font-size: 100%;
  font-weight: initial;
  text-transform: inherit;
  border-right-style: solid;
  border-right-width: 2px;
  border-right-color: #D3D3D3;
  padding-left: 5px;
  padding-right: 5px;
}

#bwouikuiil .gt_stub_row_group {
  color: #333333;
  background-color: #FFFFFF;
  font-size: 100%;
  font-weight: initial;
  text-transform: inherit;
  border-right-style: solid;
  border-right-width: 2px;
  border-right-color: #D3D3D3;
  padding-left: 5px;
  padding-right: 5px;
  vertical-align: top;
}

#bwouikuiil .gt_row_group_first td {
  border-top-width: 2px;
}

#bwouikuiil .gt_summary_row {
  color: #333333;
  background-color: #FFFFFF;
  text-transform: inherit;
  padding-top: 8px;
  padding-bottom: 8px;
  padding-left: 5px;
  padding-right: 5px;
}

#bwouikuiil .gt_first_summary_row {
  border-top-style: solid;
  border-top-color: #D3D3D3;
}

#bwouikuiil .gt_first_summary_row.thick {
  border-top-width: 2px;
}

#bwouikuiil .gt_last_summary_row {
  padding-top: 8px;
  padding-bottom: 8px;
  padding-left: 5px;
  padding-right: 5px;
  border-bottom-style: solid;
  border-bottom-width: 2px;
  border-bottom-color: #D3D3D3;
}

#bwouikuiil .gt_grand_summary_row {
  color: #333333;
  background-color: #FFFFFF;
  text-transform: inherit;
  padding-top: 8px;
  padding-bottom: 8px;
  padding-left: 5px;
  padding-right: 5px;
}

#bwouikuiil .gt_first_grand_summary_row {
  padding-top: 8px;
  padding-bottom: 8px;
  padding-left: 5px;
  padding-right: 5px;
  border-top-style: double;
  border-top-width: 6px;
  border-top-color: #D3D3D3;
}

#bwouikuiil .gt_striped {
  background-color: rgba(128, 128, 128, 0.05);
}

#bwouikuiil .gt_table_body {
  border-top-style: solid;
  border-top-width: 2px;
  border-top-color: #D3D3D3;
  border-bottom-style: solid;
  border-bottom-width: 2px;
  border-bottom-color: #D3D3D3;
}

#bwouikuiil .gt_footnotes {
  color: #333333;
  background-color: #FFFFFF;
  border-bottom-style: none;
  border-bottom-width: 2px;
  border-bottom-color: #D3D3D3;
  border-left-style: none;
  border-left-width: 2px;
  border-left-color: #D3D3D3;
  border-right-style: none;
  border-right-width: 2px;
  border-right-color: #D3D3D3;
}

#bwouikuiil .gt_footnote {
  margin: 0px;
  font-size: 90%;
  padding-left: 4px;
  padding-right: 4px;
  padding-left: 5px;
  padding-right: 5px;
}

#bwouikuiil .gt_sourcenotes {
  color: #333333;
  background-color: #FFFFFF;
  border-bottom-style: none;
  border-bottom-width: 2px;
  border-bottom-color: #D3D3D3;
  border-left-style: none;
  border-left-width: 2px;
  border-left-color: #D3D3D3;
  border-right-style: none;
  border-right-width: 2px;
  border-right-color: #D3D3D3;
}

#bwouikuiil .gt_sourcenote {
  font-size: 90%;
  padding-top: 4px;
  padding-bottom: 4px;
  padding-left: 5px;
  padding-right: 5px;
}

#bwouikuiil .gt_left {
  text-align: left;
}

#bwouikuiil .gt_center {
  text-align: center;
}

#bwouikuiil .gt_right {
  text-align: right;
  font-variant-numeric: tabular-nums;
}

#bwouikuiil .gt_font_normal {
  font-weight: normal;
}

#bwouikuiil .gt_font_bold {
  font-weight: bold;
}

#bwouikuiil .gt_font_italic {
  font-style: italic;
}

#bwouikuiil .gt_super {
  font-size: 65%;
}

#bwouikuiil .gt_footnote_marks {
  font-style: italic;
  font-weight: normal;
  font-size: 75%;
  vertical-align: 0.4em;
}

#bwouikuiil .gt_asterisk {
  font-size: 100%;
  vertical-align: 0;
}

#bwouikuiil .gt_indent_1 {
  text-indent: 5px;
}

#bwouikuiil .gt_indent_2 {
  text-indent: 10px;
}

#bwouikuiil .gt_indent_3 {
  text-indent: 15px;
}

#bwouikuiil .gt_indent_4 {
  text-indent: 20px;
}

#bwouikuiil .gt_indent_5 {
  text-indent: 25px;
}
</style>
  <table class="gt_table">
  
  <thead class="gt_col_headings">
    <tr>
      <th class="gt_col_heading gt_columns_bottom_border gt_left" rowspan="1" colspan="1" scope="col" id="&lt;strong&gt;Characteristic&lt;/strong&gt;"><strong>Characteristic</strong></th>
      <th class="gt_col_heading gt_columns_bottom_border gt_center" rowspan="1" colspan="1" scope="col" id="&lt;strong&gt;N&lt;/strong&gt;"><strong>N</strong></th>
      <th class="gt_col_heading gt_columns_bottom_border gt_center" rowspan="1" colspan="1" scope="col" id="&lt;strong&gt;Event N&lt;/strong&gt;"><strong>Event N</strong></th>
      <th class="gt_col_heading gt_columns_bottom_border gt_center" rowspan="1" colspan="1" scope="col" id="&lt;strong&gt;HR&lt;/strong&gt; &lt;strong&gt;(95% CI)&lt;/strong&gt;&lt;sup class=&quot;gt_footnote_marks&quot;&gt;1&lt;/sup&gt;"><strong>HR</strong> <strong>(95% CI)</strong><sup class="gt_footnote_marks">1</sup></th>
      <th class="gt_col_heading gt_columns_bottom_border gt_center" rowspan="1" colspan="1" scope="col" id="&lt;strong&gt;p-value&lt;/strong&gt;"><strong>p-value</strong></th>
    </tr>
  </thead>
  <tbody class="gt_table_body">
    <tr><td headers="label" class="gt_row gt_left" style="font-weight: bold;">InfPrior</td>
<td headers="stat_n" class="gt_row gt_center"></td>
<td headers="stat_nevent" class="gt_row gt_center"></td>
<td headers="estimate" class="gt_row gt_center"></td>
<td headers="p.value" class="gt_row gt_center"></td></tr>
    <tr><td headers="label" class="gt_row gt_left">    _uninfected</td>
<td headers="stat_n" class="gt_row gt_center">39,491,443</td>
<td headers="stat_nevent" class="gt_row gt_center">27659</td>
<td headers="estimate" class="gt_row gt_center">—</td>
<td headers="p.value" class="gt_row gt_center"></td></tr>
    <tr><td headers="label" class="gt_row gt_left">    inf_NA_062-122</td>
<td headers="stat_n" class="gt_row gt_center">4,252,521</td>
<td headers="stat_nevent" class="gt_row gt_center">209</td>
<td headers="estimate" class="gt_row gt_center">0.17 (0.15 to 0.19)</td>
<td headers="p.value" class="gt_row gt_center" style="font-weight: bold;"><0.001</td></tr>
    <tr><td headers="label" class="gt_row gt_left">    inf_NA_123-183</td>
<td headers="stat_n" class="gt_row gt_center">3,952,711</td>
<td headers="stat_nevent" class="gt_row gt_center">101</td>
<td headers="estimate" class="gt_row gt_center">0.15 (0.12 to 0.18)</td>
<td headers="p.value" class="gt_row gt_center" style="font-weight: bold;"><0.001</td></tr>
    <tr><td headers="label" class="gt_row gt_left">    inf_NA_184-244</td>
<td headers="stat_n" class="gt_row gt_center">3,664,790</td>
<td headers="stat_nevent" class="gt_row gt_center">122</td>
<td headers="estimate" class="gt_row gt_center">0.20 (0.16 to 0.23)</td>
<td headers="p.value" class="gt_row gt_center" style="font-weight: bold;"><0.001</td></tr>
    <tr><td headers="label" class="gt_row gt_left">    inf_NA_245-305</td>
<td headers="stat_n" class="gt_row gt_center">4,058,959</td>
<td headers="stat_nevent" class="gt_row gt_center">131</td>
<td headers="estimate" class="gt_row gt_center">0.20 (0.17 to 0.24)</td>
<td headers="p.value" class="gt_row gt_center" style="font-weight: bold;"><0.001</td></tr>
    <tr><td headers="label" class="gt_row gt_left">    inf_NA_306-366</td>
<td headers="stat_n" class="gt_row gt_center">4,342,803</td>
<td headers="stat_nevent" class="gt_row gt_center">200</td>
<td headers="estimate" class="gt_row gt_center">0.23 (0.20 to 0.27)</td>
<td headers="p.value" class="gt_row gt_center" style="font-weight: bold;"><0.001</td></tr>
    <tr><td headers="label" class="gt_row gt_left">    inf_NA_367+</td>
<td headers="stat_n" class="gt_row gt_center">8,328,280</td>
<td headers="stat_nevent" class="gt_row gt_center">877</td>
<td headers="estimate" class="gt_row gt_center">0.28 (0.26 to 0.30)</td>
<td headers="p.value" class="gt_row gt_center" style="font-weight: bold;"><0.001</td></tr>
    <tr><td headers="label" class="gt_row gt_left" style="font-weight: bold;">VaccStatus</td>
<td headers="stat_n" class="gt_row gt_center"></td>
<td headers="stat_nevent" class="gt_row gt_center"></td>
<td headers="estimate" class="gt_row gt_center"></td>
<td headers="p.value" class="gt_row gt_center"></td></tr>
    <tr><td headers="label" class="gt_row gt_left">    _unvaccinated</td>
<td headers="stat_n" class="gt_row gt_center">10,886,630</td>
<td headers="stat_nevent" class="gt_row gt_center">10884</td>
<td headers="estimate" class="gt_row gt_center">—</td>
<td headers="p.value" class="gt_row gt_center"></td></tr>
    <tr><td headers="label" class="gt_row gt_left">    boost_001-061</td>
<td headers="stat_n" class="gt_row gt_center">4,731,690</td>
<td headers="stat_nevent" class="gt_row gt_center">1088</td>
<td headers="estimate" class="gt_row gt_center">0.15 (0.14 to 0.16)</td>
<td headers="p.value" class="gt_row gt_center" style="font-weight: bold;"><0.001</td></tr>
    <tr><td headers="label" class="gt_row gt_left">    boost_062-122</td>
<td headers="stat_n" class="gt_row gt_center">4,532,366</td>
<td headers="stat_nevent" class="gt_row gt_center">2940</td>
<td headers="estimate" class="gt_row gt_center">0.20 (0.19 to 0.21)</td>
<td headers="p.value" class="gt_row gt_center" style="font-weight: bold;"><0.001</td></tr>
    <tr><td headers="label" class="gt_row gt_left">    boost_123-183</td>
<td headers="stat_n" class="gt_row gt_center">4,604,718</td>
<td headers="stat_nevent" class="gt_row gt_center">1430</td>
<td headers="estimate" class="gt_row gt_center">0.32 (0.30 to 0.34)</td>
<td headers="p.value" class="gt_row gt_center" style="font-weight: bold;"><0.001</td></tr>
    <tr><td headers="label" class="gt_row gt_left">    boost_184-244</td>
<td headers="stat_n" class="gt_row gt_center">4,645,448</td>
<td headers="stat_nevent" class="gt_row gt_center">1559</td>
<td headers="estimate" class="gt_row gt_center">0.50 (0.47 to 0.53)</td>
<td headers="p.value" class="gt_row gt_center" style="font-weight: bold;"><0.001</td></tr>
    <tr><td headers="label" class="gt_row gt_left">    boost_245-305</td>
<td headers="stat_n" class="gt_row gt_center">4,491,118</td>
<td headers="stat_nevent" class="gt_row gt_center">2702</td>
<td headers="estimate" class="gt_row gt_center">0.58 (0.55 to 0.61)</td>
<td headers="p.value" class="gt_row gt_center" style="font-weight: bold;"><0.001</td></tr>
    <tr><td headers="label" class="gt_row gt_left">    boost_306-366</td>
<td headers="stat_n" class="gt_row gt_center">4,033,885</td>
<td headers="stat_nevent" class="gt_row gt_center">1811</td>
<td headers="estimate" class="gt_row gt_center">0.62 (0.58 to 0.65)</td>
<td headers="p.value" class="gt_row gt_center" style="font-weight: bold;"><0.001</td></tr>
    <tr><td headers="label" class="gt_row gt_left">    boost_367+</td>
<td headers="stat_n" class="gt_row gt_center">2,539,336</td>
<td headers="stat_nevent" class="gt_row gt_center">682</td>
<td headers="estimate" class="gt_row gt_center">0.68 (0.62 to 0.74)</td>
<td headers="p.value" class="gt_row gt_center" style="font-weight: bold;"><0.001</td></tr>
    <tr><td headers="label" class="gt_row gt_left">    full_001-061</td>
<td headers="stat_n" class="gt_row gt_center">1,113,204</td>
<td headers="stat_nevent" class="gt_row gt_center">264</td>
<td headers="estimate" class="gt_row gt_center">0.52 (0.46 to 0.58)</td>
<td headers="p.value" class="gt_row gt_center" style="font-weight: bold;"><0.001</td></tr>
    <tr><td headers="label" class="gt_row gt_left">    full_062-122</td>
<td headers="stat_n" class="gt_row gt_center">2,806,931</td>
<td headers="stat_nevent" class="gt_row gt_center">347</td>
<td headers="estimate" class="gt_row gt_center">0.57 (0.51 to 0.64)</td>
<td headers="p.value" class="gt_row gt_center" style="font-weight: bold;"><0.001</td></tr>
    <tr><td headers="label" class="gt_row gt_left">    full_123-183</td>
<td headers="stat_n" class="gt_row gt_center">6,053,086</td>
<td headers="stat_nevent" class="gt_row gt_center">586</td>
<td headers="estimate" class="gt_row gt_center">0.72 (0.66 to 0.78)</td>
<td headers="p.value" class="gt_row gt_center" style="font-weight: bold;"><0.001</td></tr>
    <tr><td headers="label" class="gt_row gt_left">    full_184-244</td>
<td headers="stat_n" class="gt_row gt_center">4,283,975</td>
<td headers="stat_nevent" class="gt_row gt_center">1191</td>
<td headers="estimate" class="gt_row gt_center">0.68 (0.64 to 0.73)</td>
<td headers="p.value" class="gt_row gt_center" style="font-weight: bold;"><0.001</td></tr>
    <tr><td headers="label" class="gt_row gt_left">    full_245-305</td>
<td headers="stat_n" class="gt_row gt_center">3,394,879</td>
<td headers="stat_nevent" class="gt_row gt_center">944</td>
<td headers="estimate" class="gt_row gt_center">0.77 (0.72 to 0.83)</td>
<td headers="p.value" class="gt_row gt_center" style="font-weight: bold;"><0.001</td></tr>
    <tr><td headers="label" class="gt_row gt_left">    full_306-366</td>
<td headers="stat_n" class="gt_row gt_center">3,250,104</td>
<td headers="stat_nevent" class="gt_row gt_center">612</td>
<td headers="estimate" class="gt_row gt_center">0.82 (0.76 to 0.90)</td>
<td headers="p.value" class="gt_row gt_center" style="font-weight: bold;"><0.001</td></tr>
    <tr><td headers="label" class="gt_row gt_left">    full_367+</td>
<td headers="stat_n" class="gt_row gt_center">4,045,094</td>
<td headers="stat_nevent" class="gt_row gt_center">1309</td>
<td headers="estimate" class="gt_row gt_center">0.86 (0.81 to 0.92)</td>
<td headers="p.value" class="gt_row gt_center" style="font-weight: bold;"><0.001</td></tr>
    <tr><td headers="label" class="gt_row gt_left">    partial_001-061</td>
<td headers="stat_n" class="gt_row gt_center">664,424</td>
<td headers="stat_nevent" class="gt_row gt_center">95</td>
<td headers="estimate" class="gt_row gt_center">1.09 (0.89 to 1.33)</td>
<td headers="p.value" class="gt_row gt_center">0.40</td></tr>
    <tr><td headers="label" class="gt_row gt_left">    partial_062+</td>
<td headers="stat_n" class="gt_row gt_center">240,223</td>
<td headers="stat_nevent" class="gt_row gt_center">236</td>
<td headers="estimate" class="gt_row gt_center">1.22 (1.07 to 1.39)</td>
<td headers="p.value" class="gt_row gt_center" style="font-weight: bold;">0.002</td></tr>
    <tr><td headers="label" class="gt_row gt_left">    secboost_001-061</td>
<td headers="stat_n" class="gt_row gt_center">861,778</td>
<td headers="stat_nevent" class="gt_row gt_center">331</td>
<td headers="estimate" class="gt_row gt_center">0.25 (0.22 to 0.28)</td>
<td headers="p.value" class="gt_row gt_center" style="font-weight: bold;"><0.001</td></tr>
    <tr><td headers="label" class="gt_row gt_left">    secboost_062-122</td>
<td headers="stat_n" class="gt_row gt_center">698,746</td>
<td headers="stat_nevent" class="gt_row gt_center">219</td>
<td headers="estimate" class="gt_row gt_center">0.37 (0.32 to 0.43)</td>
<td headers="p.value" class="gt_row gt_center" style="font-weight: bold;"><0.001</td></tr>
    <tr><td headers="label" class="gt_row gt_left">    secboost_123-183</td>
<td headers="stat_n" class="gt_row gt_center">213,872</td>
<td headers="stat_nevent" class="gt_row gt_center">69</td>
<td headers="estimate" class="gt_row gt_center">0.57 (0.45 to 0.73)</td>
<td headers="p.value" class="gt_row gt_center" style="font-weight: bold;"><0.001</td></tr>
    <tr><td headers="label" class="gt_row gt_left" style="font-weight: bold;">AgeGr</td>
<td headers="stat_n" class="gt_row gt_center"></td>
<td headers="stat_nevent" class="gt_row gt_center"></td>
<td headers="estimate" class="gt_row gt_center"></td>
<td headers="p.value" class="gt_row gt_center"></td></tr>
    <tr><td headers="label" class="gt_row gt_left">    _40-44</td>
<td headers="stat_n" class="gt_row gt_center">5,823,957</td>
<td headers="stat_nevent" class="gt_row gt_center">360</td>
<td headers="estimate" class="gt_row gt_center">—</td>
<td headers="p.value" class="gt_row gt_center"></td></tr>
    <tr><td headers="label" class="gt_row gt_left">    0-11</td>
<td headers="stat_n" class="gt_row gt_center">3,507,930</td>
<td headers="stat_nevent" class="gt_row gt_center">1350</td>
<td headers="estimate" class="gt_row gt_center">1.35 (1.20 to 1.52)</td>
<td headers="p.value" class="gt_row gt_center" style="font-weight: bold;"><0.001</td></tr>
    <tr><td headers="label" class="gt_row gt_left">    12-15</td>
<td headers="stat_n" class="gt_row gt_center">2,730,879</td>
<td headers="stat_nevent" class="gt_row gt_center">90</td>
<td headers="estimate" class="gt_row gt_center">0.42 (0.33 to 0.53)</td>
<td headers="p.value" class="gt_row gt_center" style="font-weight: bold;"><0.001</td></tr>
    <tr><td headers="label" class="gt_row gt_left">    16-17</td>
<td headers="stat_n" class="gt_row gt_center">1,378,596</td>
<td headers="stat_nevent" class="gt_row gt_center">64</td>
<td headers="estimate" class="gt_row gt_center">0.74 (0.57 to 0.97)</td>
<td headers="p.value" class="gt_row gt_center" style="font-weight: bold;">0.029</td></tr>
    <tr><td headers="label" class="gt_row gt_left">    18-24</td>
<td headers="stat_n" class="gt_row gt_center">4,657,491</td>
<td headers="stat_nevent" class="gt_row gt_center">207</td>
<td headers="estimate" class="gt_row gt_center">0.69 (0.58 to 0.82)</td>
<td headers="p.value" class="gt_row gt_center" style="font-weight: bold;"><0.001</td></tr>
    <tr><td headers="label" class="gt_row gt_left">    25-29</td>
<td headers="stat_n" class="gt_row gt_center">3,759,668</td>
<td headers="stat_nevent" class="gt_row gt_center">206</td>
<td headers="estimate" class="gt_row gt_center">0.72 (0.61 to 0.86)</td>
<td headers="p.value" class="gt_row gt_center" style="font-weight: bold;"><0.001</td></tr>
    <tr><td headers="label" class="gt_row gt_left">    30-34</td>
<td headers="stat_n" class="gt_row gt_center">4,525,804</td>
<td headers="stat_nevent" class="gt_row gt_center">285</td>
<td headers="estimate" class="gt_row gt_center">0.90 (0.77 to 1.06)</td>
<td headers="p.value" class="gt_row gt_center">0.20</td></tr>
    <tr><td headers="label" class="gt_row gt_left">    35-39</td>
<td headers="stat_n" class="gt_row gt_center">4,818,600</td>
<td headers="stat_nevent" class="gt_row gt_center">307</td>
<td headers="estimate" class="gt_row gt_center">0.97 (0.83 to 1.13)</td>
<td headers="p.value" class="gt_row gt_center">0.69</td></tr>
    <tr><td headers="label" class="gt_row gt_left">    45-49</td>
<td headers="stat_n" class="gt_row gt_center">6,463,048</td>
<td headers="stat_nevent" class="gt_row gt_center">534</td>
<td headers="estimate" class="gt_row gt_center">1.59 (1.39 to 1.81)</td>
<td headers="p.value" class="gt_row gt_center" style="font-weight: bold;"><0.001</td></tr>
    <tr><td headers="label" class="gt_row gt_left">    50-54</td>
<td headers="stat_n" class="gt_row gt_center">5,041,376</td>
<td headers="stat_nevent" class="gt_row gt_center">607</td>
<td headers="estimate" class="gt_row gt_center">2.27 (1.99 to 2.58)</td>
<td headers="p.value" class="gt_row gt_center" style="font-weight: bold;"><0.001</td></tr>
    <tr><td headers="label" class="gt_row gt_left">    55-59</td>
<td headers="stat_n" class="gt_row gt_center">4,853,286</td>
<td headers="stat_nevent" class="gt_row gt_center">879</td>
<td headers="estimate" class="gt_row gt_center">3.33 (2.94 to 3.76)</td>
<td headers="p.value" class="gt_row gt_center" style="font-weight: bold;"><0.001</td></tr>
    <tr><td headers="label" class="gt_row gt_left">    60-64</td>
<td headers="stat_n" class="gt_row gt_center">4,390,183</td>
<td headers="stat_nevent" class="gt_row gt_center">1273</td>
<td headers="estimate" class="gt_row gt_center">5.08 (4.52 to 5.71)</td>
<td headers="p.value" class="gt_row gt_center" style="font-weight: bold;"><0.001</td></tr>
    <tr><td headers="label" class="gt_row gt_left">    65-69</td>
<td headers="stat_n" class="gt_row gt_center">4,917,886</td>
<td headers="stat_nevent" class="gt_row gt_center">2436</td>
<td headers="estimate" class="gt_row gt_center">9.04 (8.09 to 10.1)</td>
<td headers="p.value" class="gt_row gt_center" style="font-weight: bold;"><0.001</td></tr>
    <tr><td headers="label" class="gt_row gt_left">    70-74</td>
<td headers="stat_n" class="gt_row gt_center">4,632,511</td>
<td headers="stat_nevent" class="gt_row gt_center">3994</td>
<td headers="estimate" class="gt_row gt_center">16.4 (14.7 to 18.3)</td>
<td headers="p.value" class="gt_row gt_center" style="font-weight: bold;"><0.001</td></tr>
    <tr><td headers="label" class="gt_row gt_left">    75-79</td>
<td headers="stat_n" class="gt_row gt_center">3,346,223</td>
<td headers="stat_nevent" class="gt_row gt_center">5254</td>
<td headers="estimate" class="gt_row gt_center">33.6 (30.2 to 37.4)</td>
<td headers="p.value" class="gt_row gt_center" style="font-weight: bold;"><0.001</td></tr>
    <tr><td headers="label" class="gt_row gt_left">    80+</td>
<td headers="stat_n" class="gt_row gt_center">3,244,069</td>
<td headers="stat_nevent" class="gt_row gt_center">11453</td>
<td headers="estimate" class="gt_row gt_center">58.8 (52.9 to 65.3)</td>
<td headers="p.value" class="gt_row gt_center" style="font-weight: bold;"><0.001</td></tr>
    <tr><td headers="label" class="gt_row gt_left" style="font-weight: bold;">Sex</td>
<td headers="stat_n" class="gt_row gt_center"></td>
<td headers="stat_nevent" class="gt_row gt_center"></td>
<td headers="estimate" class="gt_row gt_center"></td>
<td headers="p.value" class="gt_row gt_center"></td></tr>
    <tr><td headers="label" class="gt_row gt_left">    F</td>
<td headers="stat_n" class="gt_row gt_center">34,905,561</td>
<td headers="stat_nevent" class="gt_row gt_center">14729</td>
<td headers="estimate" class="gt_row gt_center">—</td>
<td headers="p.value" class="gt_row gt_center"></td></tr>
    <tr><td headers="label" class="gt_row gt_left">    M</td>
<td headers="stat_n" class="gt_row gt_center">33,185,946</td>
<td headers="stat_nevent" class="gt_row gt_center">14570</td>
<td headers="estimate" class="gt_row gt_center">1.46 (1.43 to 1.50)</td>
<td headers="p.value" class="gt_row gt_center" style="font-weight: bold;"><0.001</td></tr>
  </tbody>
  
  <tfoot class="gt_footnotes">
    <tr>
      <td class="gt_footnote" colspan="5"><sup class="gt_footnote_marks">1</sup> HR = Hazard Ratio, CI = Confidence Interval</td>
    </tr>
  </tfoot>
</table>
</div>
null device 
          1 
<div id="pfzcgtuvww" style="padding-left:0px;padding-right:0px;padding-top:10px;padding-bottom:10px;overflow-x:auto;overflow-y:auto;width:auto;height:auto;">
  <style>html {
  font-family: -apple-system, BlinkMacSystemFont, 'Segoe UI', Roboto, Oxygen, Ubuntu, Cantarell, 'Helvetica Neue', 'Fira Sans', 'Droid Sans', Arial, sans-serif;
}

#pfzcgtuvww .gt_table {
  display: table;
  border-collapse: collapse;
  margin-left: auto;
  margin-right: auto;
  color: #333333;
  font-size: 16px;
  font-weight: normal;
  font-style: normal;
  background-color: #FFFFFF;
  width: auto;
  border-top-style: solid;
  border-top-width: 2px;
  border-top-color: #A8A8A8;
  border-right-style: none;
  border-right-width: 2px;
  border-right-color: #D3D3D3;
  border-bottom-style: solid;
  border-bottom-width: 2px;
  border-bottom-color: #A8A8A8;
  border-left-style: none;
  border-left-width: 2px;
  border-left-color: #D3D3D3;
}

#pfzcgtuvww .gt_heading {
  background-color: #FFFFFF;
  text-align: center;
  border-bottom-color: #FFFFFF;
  border-left-style: none;
  border-left-width: 1px;
  border-left-color: #D3D3D3;
  border-right-style: none;
  border-right-width: 1px;
  border-right-color: #D3D3D3;
}

#pfzcgtuvww .gt_caption {
  padding-top: 4px;
  padding-bottom: 4px;
}

#pfzcgtuvww .gt_title {
  color: #333333;
  font-size: 125%;
  font-weight: initial;
  padding-top: 4px;
  padding-bottom: 4px;
  padding-left: 5px;
  padding-right: 5px;
  border-bottom-color: #FFFFFF;
  border-bottom-width: 0;
}

#pfzcgtuvww .gt_subtitle {
  color: #333333;
  font-size: 85%;
  font-weight: initial;
  padding-top: 0;
  padding-bottom: 6px;
  padding-left: 5px;
  padding-right: 5px;
  border-top-color: #FFFFFF;
  border-top-width: 0;
}

#pfzcgtuvww .gt_bottom_border {
  border-bottom-style: solid;
  border-bottom-width: 2px;
  border-bottom-color: #D3D3D3;
}

#pfzcgtuvww .gt_col_headings {
  border-top-style: solid;
  border-top-width: 2px;
  border-top-color: #D3D3D3;
  border-bottom-style: solid;
  border-bottom-width: 2px;
  border-bottom-color: #D3D3D3;
  border-left-style: none;
  border-left-width: 1px;
  border-left-color: #D3D3D3;
  border-right-style: none;
  border-right-width: 1px;
  border-right-color: #D3D3D3;
}

#pfzcgtuvww .gt_col_heading {
  color: #333333;
  background-color: #FFFFFF;
  font-size: 100%;
  font-weight: normal;
  text-transform: inherit;
  border-left-style: none;
  border-left-width: 1px;
  border-left-color: #D3D3D3;
  border-right-style: none;
  border-right-width: 1px;
  border-right-color: #D3D3D3;
  vertical-align: bottom;
  padding-top: 5px;
  padding-bottom: 6px;
  padding-left: 5px;
  padding-right: 5px;
  overflow-x: hidden;
}

#pfzcgtuvww .gt_column_spanner_outer {
  color: #333333;
  background-color: #FFFFFF;
  font-size: 100%;
  font-weight: normal;
  text-transform: inherit;
  padding-top: 0;
  padding-bottom: 0;
  padding-left: 4px;
  padding-right: 4px;
}

#pfzcgtuvww .gt_column_spanner_outer:first-child {
  padding-left: 0;
}

#pfzcgtuvww .gt_column_spanner_outer:last-child {
  padding-right: 0;
}

#pfzcgtuvww .gt_column_spanner {
  border-bottom-style: solid;
  border-bottom-width: 2px;
  border-bottom-color: #D3D3D3;
  vertical-align: bottom;
  padding-top: 5px;
  padding-bottom: 5px;
  overflow-x: hidden;
  display: inline-block;
  width: 100%;
}

#pfzcgtuvww .gt_group_heading {
  padding-top: 8px;
  padding-bottom: 8px;
  padding-left: 5px;
  padding-right: 5px;
  color: #333333;
  background-color: #FFFFFF;
  font-size: 100%;
  font-weight: initial;
  text-transform: inherit;
  border-top-style: solid;
  border-top-width: 2px;
  border-top-color: #D3D3D3;
  border-bottom-style: solid;
  border-bottom-width: 2px;
  border-bottom-color: #D3D3D3;
  border-left-style: none;
  border-left-width: 1px;
  border-left-color: #D3D3D3;
  border-right-style: none;
  border-right-width: 1px;
  border-right-color: #D3D3D3;
  vertical-align: middle;
  text-align: left;
}

#pfzcgtuvww .gt_empty_group_heading {
  padding: 0.5px;
  color: #333333;
  background-color: #FFFFFF;
  font-size: 100%;
  font-weight: initial;
  border-top-style: solid;
  border-top-width: 2px;
  border-top-color: #D3D3D3;
  border-bottom-style: solid;
  border-bottom-width: 2px;
  border-bottom-color: #D3D3D3;
  vertical-align: middle;
}

#pfzcgtuvww .gt_from_md > :first-child {
  margin-top: 0;
}

#pfzcgtuvww .gt_from_md > :last-child {
  margin-bottom: 0;
}

#pfzcgtuvww .gt_row {
  padding-top: 8px;
  padding-bottom: 8px;
  padding-left: 5px;
  padding-right: 5px;
  margin: 10px;
  border-top-style: solid;
  border-top-width: 1px;
  border-top-color: #D3D3D3;
  border-left-style: none;
  border-left-width: 1px;
  border-left-color: #D3D3D3;
  border-right-style: none;
  border-right-width: 1px;
  border-right-color: #D3D3D3;
  vertical-align: middle;
  overflow-x: hidden;
}

#pfzcgtuvww .gt_stub {
  color: #333333;
  background-color: #FFFFFF;
  font-size: 100%;
  font-weight: initial;
  text-transform: inherit;
  border-right-style: solid;
  border-right-width: 2px;
  border-right-color: #D3D3D3;
  padding-left: 5px;
  padding-right: 5px;
}

#pfzcgtuvww .gt_stub_row_group {
  color: #333333;
  background-color: #FFFFFF;
  font-size: 100%;
  font-weight: initial;
  text-transform: inherit;
  border-right-style: solid;
  border-right-width: 2px;
  border-right-color: #D3D3D3;
  padding-left: 5px;
  padding-right: 5px;
  vertical-align: top;
}

#pfzcgtuvww .gt_row_group_first td {
  border-top-width: 2px;
}

#pfzcgtuvww .gt_summary_row {
  color: #333333;
  background-color: #FFFFFF;
  text-transform: inherit;
  padding-top: 8px;
  padding-bottom: 8px;
  padding-left: 5px;
  padding-right: 5px;
}

#pfzcgtuvww .gt_first_summary_row {
  border-top-style: solid;
  border-top-color: #D3D3D3;
}

#pfzcgtuvww .gt_first_summary_row.thick {
  border-top-width: 2px;
}

#pfzcgtuvww .gt_last_summary_row {
  padding-top: 8px;
  padding-bottom: 8px;
  padding-left: 5px;
  padding-right: 5px;
  border-bottom-style: solid;
  border-bottom-width: 2px;
  border-bottom-color: #D3D3D3;
}

#pfzcgtuvww .gt_grand_summary_row {
  color: #333333;
  background-color: #FFFFFF;
  text-transform: inherit;
  padding-top: 8px;
  padding-bottom: 8px;
  padding-left: 5px;
  padding-right: 5px;
}

#pfzcgtuvww .gt_first_grand_summary_row {
  padding-top: 8px;
  padding-bottom: 8px;
  padding-left: 5px;
  padding-right: 5px;
  border-top-style: double;
  border-top-width: 6px;
  border-top-color: #D3D3D3;
}

#pfzcgtuvww .gt_striped {
  background-color: rgba(128, 128, 128, 0.05);
}

#pfzcgtuvww .gt_table_body {
  border-top-style: solid;
  border-top-width: 2px;
  border-top-color: #D3D3D3;
  border-bottom-style: solid;
  border-bottom-width: 2px;
  border-bottom-color: #D3D3D3;
}

#pfzcgtuvww .gt_footnotes {
  color: #333333;
  background-color: #FFFFFF;
  border-bottom-style: none;
  border-bottom-width: 2px;
  border-bottom-color: #D3D3D3;
  border-left-style: none;
  border-left-width: 2px;
  border-left-color: #D3D3D3;
  border-right-style: none;
  border-right-width: 2px;
  border-right-color: #D3D3D3;
}

#pfzcgtuvww .gt_footnote {
  margin: 0px;
  font-size: 90%;
  padding-left: 4px;
  padding-right: 4px;
  padding-left: 5px;
  padding-right: 5px;
}

#pfzcgtuvww .gt_sourcenotes {
  color: #333333;
  background-color: #FFFFFF;
  border-bottom-style: none;
  border-bottom-width: 2px;
  border-bottom-color: #D3D3D3;
  border-left-style: none;
  border-left-width: 2px;
  border-left-color: #D3D3D3;
  border-right-style: none;
  border-right-width: 2px;
  border-right-color: #D3D3D3;
}

#pfzcgtuvww .gt_sourcenote {
  font-size: 90%;
  padding-top: 4px;
  padding-bottom: 4px;
  padding-left: 5px;
  padding-right: 5px;
}

#pfzcgtuvww .gt_left {
  text-align: left;
}

#pfzcgtuvww .gt_center {
  text-align: center;
}

#pfzcgtuvww .gt_right {
  text-align: right;
  font-variant-numeric: tabular-nums;
}

#pfzcgtuvww .gt_font_normal {
  font-weight: normal;
}

#pfzcgtuvww .gt_font_bold {
  font-weight: bold;
}

#pfzcgtuvww .gt_font_italic {
  font-style: italic;
}

#pfzcgtuvww .gt_super {
  font-size: 65%;
}

#pfzcgtuvww .gt_footnote_marks {
  font-style: italic;
  font-weight: normal;
  font-size: 75%;
  vertical-align: 0.4em;
}

#pfzcgtuvww .gt_asterisk {
  font-size: 100%;
  vertical-align: 0;
}

#pfzcgtuvww .gt_indent_1 {
  text-indent: 5px;
}

#pfzcgtuvww .gt_indent_2 {
  text-indent: 10px;
}

#pfzcgtuvww .gt_indent_3 {
  text-indent: 15px;
}

#pfzcgtuvww .gt_indent_4 {
  text-indent: 20px;
}

#pfzcgtuvww .gt_indent_5 {
  text-indent: 25px;
}
</style>
  <table class="gt_table">
  
  <thead class="gt_col_headings">
    <tr>
      <th class="gt_col_heading gt_columns_bottom_border gt_left" rowspan="1" colspan="1" scope="col" id="&lt;strong&gt;Characteristic&lt;/strong&gt;"><strong>Characteristic</strong></th>
      <th class="gt_col_heading gt_columns_bottom_border gt_center" rowspan="1" colspan="1" scope="col" id="&lt;strong&gt;N&lt;/strong&gt;"><strong>N</strong></th>
      <th class="gt_col_heading gt_columns_bottom_border gt_center" rowspan="1" colspan="1" scope="col" id="&lt;strong&gt;Event N&lt;/strong&gt;"><strong>Event N</strong></th>
      <th class="gt_col_heading gt_columns_bottom_border gt_center" rowspan="1" colspan="1" scope="col" id="&lt;strong&gt;VE (95% CI)&lt;/strong&gt;&lt;sup class=&quot;gt_footnote_marks&quot;&gt;1&lt;/sup&gt;"><strong>VE (95% CI)</strong><sup class="gt_footnote_marks">1</sup></th>
      <th class="gt_col_heading gt_columns_bottom_border gt_center" rowspan="1" colspan="1" scope="col" id="&lt;strong&gt;p-value&lt;/strong&gt;"><strong>p-value</strong></th>
    </tr>
  </thead>
  <tbody class="gt_table_body">
    <tr><td headers="label" class="gt_row gt_left" style="font-weight: bold;">InfPrior</td>
<td headers="stat_n" class="gt_row gt_center"></td>
<td headers="stat_nevent" class="gt_row gt_center"></td>
<td headers="estimate" class="gt_row gt_center"></td>
<td headers="p.value" class="gt_row gt_center"></td></tr>
    <tr><td headers="label" class="gt_row gt_left">    _uninfected</td>
<td headers="stat_n" class="gt_row gt_center">39,491,443</td>
<td headers="stat_nevent" class="gt_row gt_center">27659</td>
<td headers="estimate" class="gt_row gt_center">—</td>
<td headers="p.value" class="gt_row gt_center"></td></tr>
    <tr><td headers="label" class="gt_row gt_left">    inf_NA_062-122</td>
<td headers="stat_n" class="gt_row gt_center">4,252,521</td>
<td headers="stat_nevent" class="gt_row gt_center">209</td>
<td headers="estimate" class="gt_row gt_center">0.83</td>
<td headers="p.value" class="gt_row gt_center" style="font-weight: bold;"><0.001</td></tr>
    <tr><td headers="label" class="gt_row gt_left">    inf_NA_123-183</td>
<td headers="stat_n" class="gt_row gt_center">3,952,711</td>
<td headers="stat_nevent" class="gt_row gt_center">101</td>
<td headers="estimate" class="gt_row gt_center">0.85</td>
<td headers="p.value" class="gt_row gt_center" style="font-weight: bold;"><0.001</td></tr>
    <tr><td headers="label" class="gt_row gt_left">    inf_NA_184-244</td>
<td headers="stat_n" class="gt_row gt_center">3,664,790</td>
<td headers="stat_nevent" class="gt_row gt_center">122</td>
<td headers="estimate" class="gt_row gt_center">0.8</td>
<td headers="p.value" class="gt_row gt_center" style="font-weight: bold;"><0.001</td></tr>
    <tr><td headers="label" class="gt_row gt_left">    inf_NA_245-305</td>
<td headers="stat_n" class="gt_row gt_center">4,058,959</td>
<td headers="stat_nevent" class="gt_row gt_center">131</td>
<td headers="estimate" class="gt_row gt_center">0.8</td>
<td headers="p.value" class="gt_row gt_center" style="font-weight: bold;"><0.001</td></tr>
    <tr><td headers="label" class="gt_row gt_left">    inf_NA_306-366</td>
<td headers="stat_n" class="gt_row gt_center">4,342,803</td>
<td headers="stat_nevent" class="gt_row gt_center">200</td>
<td headers="estimate" class="gt_row gt_center">0.77</td>
<td headers="p.value" class="gt_row gt_center" style="font-weight: bold;"><0.001</td></tr>
    <tr><td headers="label" class="gt_row gt_left">    inf_NA_367+</td>
<td headers="stat_n" class="gt_row gt_center">8,328,280</td>
<td headers="stat_nevent" class="gt_row gt_center">877</td>
<td headers="estimate" class="gt_row gt_center">0.72</td>
<td headers="p.value" class="gt_row gt_center" style="font-weight: bold;"><0.001</td></tr>
    <tr><td headers="label" class="gt_row gt_left" style="font-weight: bold;">VaccStatus</td>
<td headers="stat_n" class="gt_row gt_center"></td>
<td headers="stat_nevent" class="gt_row gt_center"></td>
<td headers="estimate" class="gt_row gt_center"></td>
<td headers="p.value" class="gt_row gt_center"></td></tr>
    <tr><td headers="label" class="gt_row gt_left">    _unvaccinated</td>
<td headers="stat_n" class="gt_row gt_center">10,886,630</td>
<td headers="stat_nevent" class="gt_row gt_center">10884</td>
<td headers="estimate" class="gt_row gt_center">—</td>
<td headers="p.value" class="gt_row gt_center"></td></tr>
    <tr><td headers="label" class="gt_row gt_left">    boost_001-061</td>
<td headers="stat_n" class="gt_row gt_center">4,731,690</td>
<td headers="stat_nevent" class="gt_row gt_center">1088</td>
<td headers="estimate" class="gt_row gt_center">0.85</td>
<td headers="p.value" class="gt_row gt_center" style="font-weight: bold;"><0.001</td></tr>
    <tr><td headers="label" class="gt_row gt_left">    boost_062-122</td>
<td headers="stat_n" class="gt_row gt_center">4,532,366</td>
<td headers="stat_nevent" class="gt_row gt_center">2940</td>
<td headers="estimate" class="gt_row gt_center">0.8</td>
<td headers="p.value" class="gt_row gt_center" style="font-weight: bold;"><0.001</td></tr>
    <tr><td headers="label" class="gt_row gt_left">    boost_123-183</td>
<td headers="stat_n" class="gt_row gt_center">4,604,718</td>
<td headers="stat_nevent" class="gt_row gt_center">1430</td>
<td headers="estimate" class="gt_row gt_center">0.68</td>
<td headers="p.value" class="gt_row gt_center" style="font-weight: bold;"><0.001</td></tr>
    <tr><td headers="label" class="gt_row gt_left">    boost_184-244</td>
<td headers="stat_n" class="gt_row gt_center">4,645,448</td>
<td headers="stat_nevent" class="gt_row gt_center">1559</td>
<td headers="estimate" class="gt_row gt_center">0.5</td>
<td headers="p.value" class="gt_row gt_center" style="font-weight: bold;"><0.001</td></tr>
    <tr><td headers="label" class="gt_row gt_left">    boost_245-305</td>
<td headers="stat_n" class="gt_row gt_center">4,491,118</td>
<td headers="stat_nevent" class="gt_row gt_center">2702</td>
<td headers="estimate" class="gt_row gt_center">0.42</td>
<td headers="p.value" class="gt_row gt_center" style="font-weight: bold;"><0.001</td></tr>
    <tr><td headers="label" class="gt_row gt_left">    boost_306-366</td>
<td headers="stat_n" class="gt_row gt_center">4,033,885</td>
<td headers="stat_nevent" class="gt_row gt_center">1811</td>
<td headers="estimate" class="gt_row gt_center">0.38</td>
<td headers="p.value" class="gt_row gt_center" style="font-weight: bold;"><0.001</td></tr>
    <tr><td headers="label" class="gt_row gt_left">    boost_367+</td>
<td headers="stat_n" class="gt_row gt_center">2,539,336</td>
<td headers="stat_nevent" class="gt_row gt_center">682</td>
<td headers="estimate" class="gt_row gt_center">0.32</td>
<td headers="p.value" class="gt_row gt_center" style="font-weight: bold;"><0.001</td></tr>
    <tr><td headers="label" class="gt_row gt_left">    full_001-061</td>
<td headers="stat_n" class="gt_row gt_center">1,113,204</td>
<td headers="stat_nevent" class="gt_row gt_center">264</td>
<td headers="estimate" class="gt_row gt_center">0.48</td>
<td headers="p.value" class="gt_row gt_center" style="font-weight: bold;"><0.001</td></tr>
    <tr><td headers="label" class="gt_row gt_left">    full_062-122</td>
<td headers="stat_n" class="gt_row gt_center">2,806,931</td>
<td headers="stat_nevent" class="gt_row gt_center">347</td>
<td headers="estimate" class="gt_row gt_center">0.43</td>
<td headers="p.value" class="gt_row gt_center" style="font-weight: bold;"><0.001</td></tr>
    <tr><td headers="label" class="gt_row gt_left">    full_123-183</td>
<td headers="stat_n" class="gt_row gt_center">6,053,086</td>
<td headers="stat_nevent" class="gt_row gt_center">586</td>
<td headers="estimate" class="gt_row gt_center">0.28</td>
<td headers="p.value" class="gt_row gt_center" style="font-weight: bold;"><0.001</td></tr>
    <tr><td headers="label" class="gt_row gt_left">    full_184-244</td>
<td headers="stat_n" class="gt_row gt_center">4,283,975</td>
<td headers="stat_nevent" class="gt_row gt_center">1191</td>
<td headers="estimate" class="gt_row gt_center">0.32</td>
<td headers="p.value" class="gt_row gt_center" style="font-weight: bold;"><0.001</td></tr>
    <tr><td headers="label" class="gt_row gt_left">    full_245-305</td>
<td headers="stat_n" class="gt_row gt_center">3,394,879</td>
<td headers="stat_nevent" class="gt_row gt_center">944</td>
<td headers="estimate" class="gt_row gt_center">0.23</td>
<td headers="p.value" class="gt_row gt_center" style="font-weight: bold;"><0.001</td></tr>
    <tr><td headers="label" class="gt_row gt_left">    full_306-366</td>
<td headers="stat_n" class="gt_row gt_center">3,250,104</td>
<td headers="stat_nevent" class="gt_row gt_center">612</td>
<td headers="estimate" class="gt_row gt_center">0.18</td>
<td headers="p.value" class="gt_row gt_center" style="font-weight: bold;"><0.001</td></tr>
    <tr><td headers="label" class="gt_row gt_left">    full_367+</td>
<td headers="stat_n" class="gt_row gt_center">4,045,094</td>
<td headers="stat_nevent" class="gt_row gt_center">1309</td>
<td headers="estimate" class="gt_row gt_center">0.14</td>
<td headers="p.value" class="gt_row gt_center" style="font-weight: bold;"><0.001</td></tr>
    <tr><td headers="label" class="gt_row gt_left">    partial_001-061</td>
<td headers="stat_n" class="gt_row gt_center">664,424</td>
<td headers="stat_nevent" class="gt_row gt_center">95</td>
<td headers="estimate" class="gt_row gt_center">-0.09</td>
<td headers="p.value" class="gt_row gt_center">0.40</td></tr>
    <tr><td headers="label" class="gt_row gt_left">    partial_062+</td>
<td headers="stat_n" class="gt_row gt_center">240,223</td>
<td headers="stat_nevent" class="gt_row gt_center">236</td>
<td headers="estimate" class="gt_row gt_center">-0.22</td>
<td headers="p.value" class="gt_row gt_center" style="font-weight: bold;">0.002</td></tr>
    <tr><td headers="label" class="gt_row gt_left">    secboost_001-061</td>
<td headers="stat_n" class="gt_row gt_center">861,778</td>
<td headers="stat_nevent" class="gt_row gt_center">331</td>
<td headers="estimate" class="gt_row gt_center">0.75</td>
<td headers="p.value" class="gt_row gt_center" style="font-weight: bold;"><0.001</td></tr>
    <tr><td headers="label" class="gt_row gt_left">    secboost_062-122</td>
<td headers="stat_n" class="gt_row gt_center">698,746</td>
<td headers="stat_nevent" class="gt_row gt_center">219</td>
<td headers="estimate" class="gt_row gt_center">0.63</td>
<td headers="p.value" class="gt_row gt_center" style="font-weight: bold;"><0.001</td></tr>
    <tr><td headers="label" class="gt_row gt_left">    secboost_123-183</td>
<td headers="stat_n" class="gt_row gt_center">213,872</td>
<td headers="stat_nevent" class="gt_row gt_center">69</td>
<td headers="estimate" class="gt_row gt_center">0.43</td>
<td headers="p.value" class="gt_row gt_center" style="font-weight: bold;"><0.001</td></tr>
  </tbody>
  
  <tfoot class="gt_footnotes">
    <tr>
      <td class="gt_footnote" colspan="5"><sup class="gt_footnote_marks">1</sup> Vaccine Effectiveness, CI = Confidence Interval</td>
    </tr>
  </tfoot>
</table>
</div>
