 [1] "Immunityboost_001-061"    "Immunityboost_062-122"   
 [3] "Immunityboost_123-183"    "Immunityboost_184-244"   
 [5] "Immunityboost_245-305"    "Immunityboost_306-366"   
 [7] "Immunityfull_001-061"     "Immunityfull_062-122"    
 [9] "Immunityfull_123-183"     "Immunityfull_184-244"    
[11] "Immunityfull_245-305"     "Immunityfull_306-366"    
[13] "Immunityfull_367-427"     "Immunityfull_428-488"    
[15] "Immunityfull_489-549"     "Immunityfull_550+"       
[17] "Immunitypartial_001-061"  "Immunitypartial_062+"    
[19] "Immunitysecboost_001-061" "Immunitysecboost_062-122"
[21] "DCCI1"                    "DCCI2+"                  
[23] "InfPriorinf_NA_062-122"   "InfPriorinf_NA_123-183"  
[25] "InfPriorinf_NA_184-244"   "InfPriorinf_NA_245-305"  
[27] "InfPriorinf_NA_306-366"   "AgeGr0-11"               
[29] "AgeGr12-15"               "AgeGr16-17"              
[31] "AgeGr18-24"               "AgeGr25-29"              
[33] "AgeGr30-34"               "AgeGr35-39"              
[35] "AgeGr45-49"               "AgeGr50-54"              
[37] "AgeGr55-59"               "AgeGr60-64"              
[39] "AgeGr65-69"               "AgeGr70-74"              
[41] "AgeGr75-79"               "AgeGr80+"                
[43] "SexM"                    
null device 
          1 
