<div id="rgylmlepsf" style="padding-left:0px;padding-right:0px;padding-top:10px;padding-bottom:10px;overflow-x:auto;overflow-y:auto;width:auto;height:auto;">
  <style>html {
  font-family: -apple-system, BlinkMacSystemFont, 'Segoe UI', Roboto, Oxygen, Ubuntu, Cantarell, 'Helvetica Neue', 'Fira Sans', 'Droid Sans', Arial, sans-serif;
}

#rgylmlepsf .gt_table {
  display: table;
  border-collapse: collapse;
  margin-left: auto;
  margin-right: auto;
  color: #333333;
  font-size: 16px;
  font-weight: normal;
  font-style: normal;
  background-color: #FFFFFF;
  width: auto;
  border-top-style: solid;
  border-top-width: 2px;
  border-top-color: #A8A8A8;
  border-right-style: none;
  border-right-width: 2px;
  border-right-color: #D3D3D3;
  border-bottom-style: solid;
  border-bottom-width: 2px;
  border-bottom-color: #A8A8A8;
  border-left-style: none;
  border-left-width: 2px;
  border-left-color: #D3D3D3;
}

#rgylmlepsf .gt_heading {
  background-color: #FFFFFF;
  text-align: center;
  border-bottom-color: #FFFFFF;
  border-left-style: none;
  border-left-width: 1px;
  border-left-color: #D3D3D3;
  border-right-style: none;
  border-right-width: 1px;
  border-right-color: #D3D3D3;
}

#rgylmlepsf .gt_caption {
  padding-top: 4px;
  padding-bottom: 4px;
}

#rgylmlepsf .gt_title {
  color: #333333;
  font-size: 125%;
  font-weight: initial;
  padding-top: 4px;
  padding-bottom: 4px;
  padding-left: 5px;
  padding-right: 5px;
  border-bottom-color: #FFFFFF;
  border-bottom-width: 0;
}

#rgylmlepsf .gt_subtitle {
  color: #333333;
  font-size: 85%;
  font-weight: initial;
  padding-top: 0;
  padding-bottom: 6px;
  padding-left: 5px;
  padding-right: 5px;
  border-top-color: #FFFFFF;
  border-top-width: 0;
}

#rgylmlepsf .gt_bottom_border {
  border-bottom-style: solid;
  border-bottom-width: 2px;
  border-bottom-color: #D3D3D3;
}

#rgylmlepsf .gt_col_headings {
  border-top-style: solid;
  border-top-width: 2px;
  border-top-color: #D3D3D3;
  border-bottom-style: solid;
  border-bottom-width: 2px;
  border-bottom-color: #D3D3D3;
  border-left-style: none;
  border-left-width: 1px;
  border-left-color: #D3D3D3;
  border-right-style: none;
  border-right-width: 1px;
  border-right-color: #D3D3D3;
}

#rgylmlepsf .gt_col_heading {
  color: #333333;
  background-color: #FFFFFF;
  font-size: 100%;
  font-weight: normal;
  text-transform: inherit;
  border-left-style: none;
  border-left-width: 1px;
  border-left-color: #D3D3D3;
  border-right-style: none;
  border-right-width: 1px;
  border-right-color: #D3D3D3;
  vertical-align: bottom;
  padding-top: 5px;
  padding-bottom: 6px;
  padding-left: 5px;
  padding-right: 5px;
  overflow-x: hidden;
}

#rgylmlepsf .gt_column_spanner_outer {
  color: #333333;
  background-color: #FFFFFF;
  font-size: 100%;
  font-weight: normal;
  text-transform: inherit;
  padding-top: 0;
  padding-bottom: 0;
  padding-left: 4px;
  padding-right: 4px;
}

#rgylmlepsf .gt_column_spanner_outer:first-child {
  padding-left: 0;
}

#rgylmlepsf .gt_column_spanner_outer:last-child {
  padding-right: 0;
}

#rgylmlepsf .gt_column_spanner {
  border-bottom-style: solid;
  border-bottom-width: 2px;
  border-bottom-color: #D3D3D3;
  vertical-align: bottom;
  padding-top: 5px;
  padding-bottom: 5px;
  overflow-x: hidden;
  display: inline-block;
  width: 100%;
}

#rgylmlepsf .gt_group_heading {
  padding-top: 8px;
  padding-bottom: 8px;
  padding-left: 5px;
  padding-right: 5px;
  color: #333333;
  background-color: #FFFFFF;
  font-size: 100%;
  font-weight: initial;
  text-transform: inherit;
  border-top-style: solid;
  border-top-width: 2px;
  border-top-color: #D3D3D3;
  border-bottom-style: solid;
  border-bottom-width: 2px;
  border-bottom-color: #D3D3D3;
  border-left-style: none;
  border-left-width: 1px;
  border-left-color: #D3D3D3;
  border-right-style: none;
  border-right-width: 1px;
  border-right-color: #D3D3D3;
  vertical-align: middle;
  text-align: left;
}

#rgylmlepsf .gt_empty_group_heading {
  padding: 0.5px;
  color: #333333;
  background-color: #FFFFFF;
  font-size: 100%;
  font-weight: initial;
  border-top-style: solid;
  border-top-width: 2px;
  border-top-color: #D3D3D3;
  border-bottom-style: solid;
  border-bottom-width: 2px;
  border-bottom-color: #D3D3D3;
  vertical-align: middle;
}

#rgylmlepsf .gt_from_md > :first-child {
  margin-top: 0;
}

#rgylmlepsf .gt_from_md > :last-child {
  margin-bottom: 0;
}

#rgylmlepsf .gt_row {
  padding-top: 8px;
  padding-bottom: 8px;
  padding-left: 5px;
  padding-right: 5px;
  margin: 10px;
  border-top-style: solid;
  border-top-width: 1px;
  border-top-color: #D3D3D3;
  border-left-style: none;
  border-left-width: 1px;
  border-left-color: #D3D3D3;
  border-right-style: none;
  border-right-width: 1px;
  border-right-color: #D3D3D3;
  vertical-align: middle;
  overflow-x: hidden;
}

#rgylmlepsf .gt_stub {
  color: #333333;
  background-color: #FFFFFF;
  font-size: 100%;
  font-weight: initial;
  text-transform: inherit;
  border-right-style: solid;
  border-right-width: 2px;
  border-right-color: #D3D3D3;
  padding-left: 5px;
  padding-right: 5px;
}

#rgylmlepsf .gt_stub_row_group {
  color: #333333;
  background-color: #FFFFFF;
  font-size: 100%;
  font-weight: initial;
  text-transform: inherit;
  border-right-style: solid;
  border-right-width: 2px;
  border-right-color: #D3D3D3;
  padding-left: 5px;
  padding-right: 5px;
  vertical-align: top;
}

#rgylmlepsf .gt_row_group_first td {
  border-top-width: 2px;
}

#rgylmlepsf .gt_summary_row {
  color: #333333;
  background-color: #FFFFFF;
  text-transform: inherit;
  padding-top: 8px;
  padding-bottom: 8px;
  padding-left: 5px;
  padding-right: 5px;
}

#rgylmlepsf .gt_first_summary_row {
  border-top-style: solid;
  border-top-color: #D3D3D3;
}

#rgylmlepsf .gt_first_summary_row.thick {
  border-top-width: 2px;
}

#rgylmlepsf .gt_last_summary_row {
  padding-top: 8px;
  padding-bottom: 8px;
  padding-left: 5px;
  padding-right: 5px;
  border-bottom-style: solid;
  border-bottom-width: 2px;
  border-bottom-color: #D3D3D3;
}

#rgylmlepsf .gt_grand_summary_row {
  color: #333333;
  background-color: #FFFFFF;
  text-transform: inherit;
  padding-top: 8px;
  padding-bottom: 8px;
  padding-left: 5px;
  padding-right: 5px;
}

#rgylmlepsf .gt_first_grand_summary_row {
  padding-top: 8px;
  padding-bottom: 8px;
  padding-left: 5px;
  padding-right: 5px;
  border-top-style: double;
  border-top-width: 6px;
  border-top-color: #D3D3D3;
}

#rgylmlepsf .gt_striped {
  background-color: rgba(128, 128, 128, 0.05);
}

#rgylmlepsf .gt_table_body {
  border-top-style: solid;
  border-top-width: 2px;
  border-top-color: #D3D3D3;
  border-bottom-style: solid;
  border-bottom-width: 2px;
  border-bottom-color: #D3D3D3;
}

#rgylmlepsf .gt_footnotes {
  color: #333333;
  background-color: #FFFFFF;
  border-bottom-style: none;
  border-bottom-width: 2px;
  border-bottom-color: #D3D3D3;
  border-left-style: none;
  border-left-width: 2px;
  border-left-color: #D3D3D3;
  border-right-style: none;
  border-right-width: 2px;
  border-right-color: #D3D3D3;
}

#rgylmlepsf .gt_footnote {
  margin: 0px;
  font-size: 90%;
  padding-left: 4px;
  padding-right: 4px;
  padding-left: 5px;
  padding-right: 5px;
}

#rgylmlepsf .gt_sourcenotes {
  color: #333333;
  background-color: #FFFFFF;
  border-bottom-style: none;
  border-bottom-width: 2px;
  border-bottom-color: #D3D3D3;
  border-left-style: none;
  border-left-width: 2px;
  border-left-color: #D3D3D3;
  border-right-style: none;
  border-right-width: 2px;
  border-right-color: #D3D3D3;
}

#rgylmlepsf .gt_sourcenote {
  font-size: 90%;
  padding-top: 4px;
  padding-bottom: 4px;
  padding-left: 5px;
  padding-right: 5px;
}

#rgylmlepsf .gt_left {
  text-align: left;
}

#rgylmlepsf .gt_center {
  text-align: center;
}

#rgylmlepsf .gt_right {
  text-align: right;
  font-variant-numeric: tabular-nums;
}

#rgylmlepsf .gt_font_normal {
  font-weight: normal;
}

#rgylmlepsf .gt_font_bold {
  font-weight: bold;
}

#rgylmlepsf .gt_font_italic {
  font-style: italic;
}

#rgylmlepsf .gt_super {
  font-size: 65%;
}

#rgylmlepsf .gt_footnote_marks {
  font-style: italic;
  font-weight: normal;
  font-size: 75%;
  vertical-align: 0.4em;
}

#rgylmlepsf .gt_asterisk {
  font-size: 100%;
  vertical-align: 0;
}

#rgylmlepsf .gt_indent_1 {
  text-indent: 5px;
}

#rgylmlepsf .gt_indent_2 {
  text-indent: 10px;
}

#rgylmlepsf .gt_indent_3 {
  text-indent: 15px;
}

#rgylmlepsf .gt_indent_4 {
  text-indent: 20px;
}

#rgylmlepsf .gt_indent_5 {
  text-indent: 25px;
}
</style>
  <table class="gt_table">
  
  <thead class="gt_col_headings">
    <tr>
      <th class="gt_col_heading gt_columns_bottom_border gt_left" rowspan="1" colspan="1" scope="col" id="&lt;strong&gt;Characteristic&lt;/strong&gt;"><strong>Characteristic</strong></th>
      <th class="gt_col_heading gt_columns_bottom_border gt_center" rowspan="1" colspan="1" scope="col" id="&lt;strong&gt;N = 9,984,243&lt;/strong&gt;&lt;sup class=&quot;gt_footnote_marks&quot;&gt;1&lt;/sup&gt;"><strong>N = 9,984,243</strong><sup class="gt_footnote_marks">1</sup></th>
    </tr>
  </thead>
  <tbody class="gt_table_body">
    <tr><td headers="label" class="gt_row gt_left" style="font-weight: bold;">Infected</td>
<td headers="stat_0" class="gt_row gt_center">36,674 (0.4%)</td></tr>
    <tr><td headers="label" class="gt_row gt_left" style="font-weight: bold;">Immunity</td>
<td headers="stat_0" class="gt_row gt_center"></td></tr>
    <tr><td headers="label" class="gt_row gt_left">    _noimmunity</td>
<td headers="stat_0" class="gt_row gt_center">184,840 (1.9%)</td></tr>
    <tr><td headers="label" class="gt_row gt_left">    _other</td>
<td headers="stat_0" class="gt_row gt_center">379,024 (3.8%)</td></tr>
    <tr><td headers="label" class="gt_row gt_left">    bnew_001-061</td>
<td headers="stat_0" class="gt_row gt_center">1,206 (&lt;0.1%)</td></tr>
    <tr><td headers="label" class="gt_row gt_left">    bnew_062-122</td>
<td headers="stat_0" class="gt_row gt_center">1,136 (&lt;0.1%)</td></tr>
    <tr><td headers="label" class="gt_row gt_left">    bnew_123-183</td>
<td headers="stat_0" class="gt_row gt_center">1,103 (&lt;0.1%)</td></tr>
    <tr><td headers="label" class="gt_row gt_left">    boost_001-061</td>
<td headers="stat_0" class="gt_row gt_center">369,752 (3.7%)</td></tr>
    <tr><td headers="label" class="gt_row gt_left">    boost_062-122</td>
<td headers="stat_0" class="gt_row gt_center">343,792 (3.4%)</td></tr>
    <tr><td headers="label" class="gt_row gt_left">    boost_123-183</td>
<td headers="stat_0" class="gt_row gt_center">325,976 (3.3%)</td></tr>
    <tr><td headers="label" class="gt_row gt_left">    boost_184-244</td>
<td headers="stat_0" class="gt_row gt_center">321,105 (3.2%)</td></tr>
    <tr><td headers="label" class="gt_row gt_left">    boost_245-305</td>
<td headers="stat_0" class="gt_row gt_center">310,911 (3.1%)</td></tr>
    <tr><td headers="label" class="gt_row gt_left">    boost_306-366</td>
<td headers="stat_0" class="gt_row gt_center">297,290 (3.0%)</td></tr>
    <tr><td headers="label" class="gt_row gt_left">    boost_367-427</td>
<td headers="stat_0" class="gt_row gt_center">267,841 (2.7%)</td></tr>
    <tr><td headers="label" class="gt_row gt_left">    boost_428-488</td>
<td headers="stat_0" class="gt_row gt_center">260,033 (2.6%)</td></tr>
    <tr><td headers="label" class="gt_row gt_left">    boost_489-549</td>
<td headers="stat_0" class="gt_row gt_center">249,806 (2.5%)</td></tr>
    <tr><td headers="label" class="gt_row gt_left">    full_001-061</td>
<td headers="stat_0" class="gt_row gt_center">49,503 (0.5%)</td></tr>
    <tr><td headers="label" class="gt_row gt_left">    full_062-122</td>
<td headers="stat_0" class="gt_row gt_center">124,850 (1.3%)</td></tr>
    <tr><td headers="label" class="gt_row gt_left">    full_123-183</td>
<td headers="stat_0" class="gt_row gt_center">471,219 (4.7%)</td></tr>
    <tr><td headers="label" class="gt_row gt_left">    full_184-244</td>
<td headers="stat_0" class="gt_row gt_center">282,210 (2.8%)</td></tr>
    <tr><td headers="label" class="gt_row gt_left">    full_245-305</td>
<td headers="stat_0" class="gt_row gt_center">146,058 (1.5%)</td></tr>
    <tr><td headers="label" class="gt_row gt_left">    full_306-366</td>
<td headers="stat_0" class="gt_row gt_center">122,951 (1.2%)</td></tr>
    <tr><td headers="label" class="gt_row gt_left">    full_367-427</td>
<td headers="stat_0" class="gt_row gt_center">116,670 (1.2%)</td></tr>
    <tr><td headers="label" class="gt_row gt_left">    full_428-488</td>
<td headers="stat_0" class="gt_row gt_center">114,500 (1.1%)</td></tr>
    <tr><td headers="label" class="gt_row gt_left">    full_489-549</td>
<td headers="stat_0" class="gt_row gt_center">112,587 (1.1%)</td></tr>
    <tr><td headers="label" class="gt_row gt_left">    hybridboost_001-061</td>
<td headers="stat_0" class="gt_row gt_center">385,813 (3.9%)</td></tr>
    <tr><td headers="label" class="gt_row gt_left">    hybridboost_062-122</td>
<td headers="stat_0" class="gt_row gt_center">376,689 (3.8%)</td></tr>
    <tr><td headers="label" class="gt_row gt_left">    hybridboost_123-183</td>
<td headers="stat_0" class="gt_row gt_center">350,827 (3.5%)</td></tr>
    <tr><td headers="label" class="gt_row gt_left">    hybridboost_184-244</td>
<td headers="stat_0" class="gt_row gt_center">313,362 (3.1%)</td></tr>
    <tr><td headers="label" class="gt_row gt_left">    hybridboost_245-305</td>
<td headers="stat_0" class="gt_row gt_center">252,227 (2.5%)</td></tr>
    <tr><td headers="label" class="gt_row gt_left">    hybridboost_306-366</td>
<td headers="stat_0" class="gt_row gt_center">201,946 (2.0%)</td></tr>
    <tr><td headers="label" class="gt_row gt_left">    hybridboost_367-427</td>
<td headers="stat_0" class="gt_row gt_center">174,080 (1.7%)</td></tr>
    <tr><td headers="label" class="gt_row gt_left">    hybridboost_428-488</td>
<td headers="stat_0" class="gt_row gt_center">155,530 (1.6%)</td></tr>
    <tr><td headers="label" class="gt_row gt_left">    hybridboost_489-549</td>
<td headers="stat_0" class="gt_row gt_center">100,891 (1.0%)</td></tr>
    <tr><td headers="label" class="gt_row gt_left">    hybridfull_001-061</td>
<td headers="stat_0" class="gt_row gt_center">222,696 (2.2%)</td></tr>
    <tr><td headers="label" class="gt_row gt_left">    hybridfull_062-122</td>
<td headers="stat_0" class="gt_row gt_center">263,369 (2.6%)</td></tr>
    <tr><td headers="label" class="gt_row gt_left">    hybridfull_123-183</td>
<td headers="stat_0" class="gt_row gt_center">368,003 (3.7%)</td></tr>
    <tr><td headers="label" class="gt_row gt_left">    hybridfull_184-244</td>
<td headers="stat_0" class="gt_row gt_center">289,490 (2.9%)</td></tr>
    <tr><td headers="label" class="gt_row gt_left">    hybridfull_245-305</td>
<td headers="stat_0" class="gt_row gt_center">237,051 (2.4%)</td></tr>
    <tr><td headers="label" class="gt_row gt_left">    hybridfull_306-366</td>
<td headers="stat_0" class="gt_row gt_center">200,298 (2.0%)</td></tr>
    <tr><td headers="label" class="gt_row gt_left">    hybridfull_367-427</td>
<td headers="stat_0" class="gt_row gt_center">154,685 (1.5%)</td></tr>
    <tr><td headers="label" class="gt_row gt_left">    hybridfull_428-488</td>
<td headers="stat_0" class="gt_row gt_center">119,004 (1.2%)</td></tr>
    <tr><td headers="label" class="gt_row gt_left">    hybridfull_489-549</td>
<td headers="stat_0" class="gt_row gt_center">96,325 (1.0%)</td></tr>
    <tr><td headers="label" class="gt_row gt_left">    inf_062-122</td>
<td headers="stat_0" class="gt_row gt_center">82,928 (0.8%)</td></tr>
    <tr><td headers="label" class="gt_row gt_left">    inf_123-183</td>
<td headers="stat_0" class="gt_row gt_center">81,095 (0.8%)</td></tr>
    <tr><td headers="label" class="gt_row gt_left">    inf_184-244</td>
<td headers="stat_0" class="gt_row gt_center">83,963 (0.8%)</td></tr>
    <tr><td headers="label" class="gt_row gt_left">    inf_245-305</td>
<td headers="stat_0" class="gt_row gt_center">99,135 (1.0%)</td></tr>
    <tr><td headers="label" class="gt_row gt_left">    inf_306-366</td>
<td headers="stat_0" class="gt_row gt_center">100,590 (1.0%)</td></tr>
    <tr><td headers="label" class="gt_row gt_left">    inf_367-427</td>
<td headers="stat_0" class="gt_row gt_center">101,838 (1.0%)</td></tr>
    <tr><td headers="label" class="gt_row gt_left">    inf_428-488</td>
<td headers="stat_0" class="gt_row gt_center">97,404 (1.0%)</td></tr>
    <tr><td headers="label" class="gt_row gt_left">    inf_489-549</td>
<td headers="stat_0" class="gt_row gt_center">84,745 (0.8%)</td></tr>
    <tr><td headers="label" class="gt_row gt_left">    secbnew_001-061</td>
<td headers="stat_0" class="gt_row gt_center">20,968 (0.2%)</td></tr>
    <tr><td headers="label" class="gt_row gt_left">    secbnew_062-122</td>
<td headers="stat_0" class="gt_row gt_center">19,800 (0.2%)</td></tr>
    <tr><td headers="label" class="gt_row gt_left">    secbnew_123-183</td>
<td headers="stat_0" class="gt_row gt_center">19,559 (0.2%)</td></tr>
    <tr><td headers="label" class="gt_row gt_left">    secboost_001-061</td>
<td headers="stat_0" class="gt_row gt_center">19,295 (0.2%)</td></tr>
    <tr><td headers="label" class="gt_row gt_left">    secboost_062-122</td>
<td headers="stat_0" class="gt_row gt_center">19,507 (0.2%)</td></tr>
    <tr><td headers="label" class="gt_row gt_left">    secboost_123-183</td>
<td headers="stat_0" class="gt_row gt_center">18,570 (0.2%)</td></tr>
    <tr><td headers="label" class="gt_row gt_left">    secboost_184-244</td>
<td headers="stat_0" class="gt_row gt_center">18,197 (0.2%)</td></tr>
    <tr><td headers="label" class="gt_row gt_left" style="font-weight: bold;">Sex</td>
<td headers="stat_0" class="gt_row gt_center"></td></tr>
    <tr><td headers="label" class="gt_row gt_left">    F</td>
<td headers="stat_0" class="gt_row gt_center">5,049,437 (51%)</td></tr>
    <tr><td headers="label" class="gt_row gt_left">    M</td>
<td headers="stat_0" class="gt_row gt_center">4,934,806 (49%)</td></tr>
  </tbody>
  
  <tfoot class="gt_footnotes">
    <tr>
      <td class="gt_footnote" colspan="2"><sup class="gt_footnote_marks">1</sup> n (%)</td>
    </tr>
  </tfoot>
</table>
</div>
 [1] "Immunity_other"              "Immunitybnew_001-061"       
 [3] "Immunitybnew_062-122"        "Immunitybnew_123-183"       
 [5] "Immunityboost_001-061"       "Immunityboost_062-122"      
 [7] "Immunityboost_123-183"       "Immunityboost_184-244"      
 [9] "Immunityboost_245-305"       "Immunityboost_306-366"      
[11] "Immunityboost_367-427"       "Immunityboost_428-488"      
[13] "Immunityboost_489-549"       "Immunityfull_001-061"       
[15] "Immunityfull_062-122"        "Immunityfull_123-183"       
[17] "Immunityfull_184-244"        "Immunityfull_245-305"       
[19] "Immunityfull_306-366"        "Immunityfull_367-427"       
[21] "Immunityfull_428-488"        "Immunityfull_489-549"       
[23] "Immunityhybridboost_001-061" "Immunityhybridboost_062-122"
[25] "Immunityhybridboost_123-183" "Immunityhybridboost_184-244"
[27] "Immunityhybridboost_245-305" "Immunityhybridboost_306-366"
[29] "Immunityhybridboost_367-427" "Immunityhybridboost_428-488"
[31] "Immunityhybridboost_489-549" "Immunityhybridfull_001-061" 
[33] "Immunityhybridfull_062-122"  "Immunityhybridfull_123-183" 
[35] "Immunityhybridfull_184-244"  "Immunityhybridfull_245-305" 
[37] "Immunityhybridfull_306-366"  "Immunityhybridfull_367-427" 
[39] "Immunityhybridfull_428-488"  "Immunityhybridfull_489-549" 
[41] "Immunityinf_062-122"         "Immunityinf_123-183"        
[43] "Immunityinf_184-244"         "Immunityinf_245-305"        
[45] "Immunityinf_306-366"         "Immunityinf_367-427"        
[47] "Immunityinf_428-488"         "Immunityinf_489-549"        
[49] "Immunitysecbnew_001-061"     "Immunitysecbnew_062-122"    
[51] "Immunitysecbnew_123-183"     "Immunitysecboost_001-061"   
[53] "Immunitysecboost_062-122"    "Immunitysecboost_123-183"   
[55] "Immunitysecboost_184-244"    "AgeGr45-49"                 
[57] "AgeGr50-54"                  "AgeGr55-59"                 
[59] "AgeGr60-64"                  "AgeGr65-69"                 
[61] "SexM"                       
