<div id="juzqjqevql" style="padding-left:0px;padding-right:0px;padding-top:10px;padding-bottom:10px;overflow-x:auto;overflow-y:auto;width:auto;height:auto;">
  <style>html {
  font-family: -apple-system, BlinkMacSystemFont, 'Segoe UI', Roboto, Oxygen, Ubuntu, Cantarell, 'Helvetica Neue', 'Fira Sans', 'Droid Sans', Arial, sans-serif;
}

#juzqjqevql .gt_table {
  display: table;
  border-collapse: collapse;
  margin-left: auto;
  margin-right: auto;
  color: #333333;
  font-size: 16px;
  font-weight: normal;
  font-style: normal;
  background-color: #FFFFFF;
  width: auto;
  border-top-style: solid;
  border-top-width: 2px;
  border-top-color: #A8A8A8;
  border-right-style: none;
  border-right-width: 2px;
  border-right-color: #D3D3D3;
  border-bottom-style: solid;
  border-bottom-width: 2px;
  border-bottom-color: #A8A8A8;
  border-left-style: none;
  border-left-width: 2px;
  border-left-color: #D3D3D3;
}

#juzqjqevql .gt_heading {
  background-color: #FFFFFF;
  text-align: center;
  border-bottom-color: #FFFFFF;
  border-left-style: none;
  border-left-width: 1px;
  border-left-color: #D3D3D3;
  border-right-style: none;
  border-right-width: 1px;
  border-right-color: #D3D3D3;
}

#juzqjqevql .gt_caption {
  padding-top: 4px;
  padding-bottom: 4px;
}

#juzqjqevql .gt_title {
  color: #333333;
  font-size: 125%;
  font-weight: initial;
  padding-top: 4px;
  padding-bottom: 4px;
  padding-left: 5px;
  padding-right: 5px;
  border-bottom-color: #FFFFFF;
  border-bottom-width: 0;
}

#juzqjqevql .gt_subtitle {
  color: #333333;
  font-size: 85%;
  font-weight: initial;
  padding-top: 0;
  padding-bottom: 6px;
  padding-left: 5px;
  padding-right: 5px;
  border-top-color: #FFFFFF;
  border-top-width: 0;
}

#juzqjqevql .gt_bottom_border {
  border-bottom-style: solid;
  border-bottom-width: 2px;
  border-bottom-color: #D3D3D3;
}

#juzqjqevql .gt_col_headings {
  border-top-style: solid;
  border-top-width: 2px;
  border-top-color: #D3D3D3;
  border-bottom-style: solid;
  border-bottom-width: 2px;
  border-bottom-color: #D3D3D3;
  border-left-style: none;
  border-left-width: 1px;
  border-left-color: #D3D3D3;
  border-right-style: none;
  border-right-width: 1px;
  border-right-color: #D3D3D3;
}

#juzqjqevql .gt_col_heading {
  color: #333333;
  background-color: #FFFFFF;
  font-size: 100%;
  font-weight: normal;
  text-transform: inherit;
  border-left-style: none;
  border-left-width: 1px;
  border-left-color: #D3D3D3;
  border-right-style: none;
  border-right-width: 1px;
  border-right-color: #D3D3D3;
  vertical-align: bottom;
  padding-top: 5px;
  padding-bottom: 6px;
  padding-left: 5px;
  padding-right: 5px;
  overflow-x: hidden;
}

#juzqjqevql .gt_column_spanner_outer {
  color: #333333;
  background-color: #FFFFFF;
  font-size: 100%;
  font-weight: normal;
  text-transform: inherit;
  padding-top: 0;
  padding-bottom: 0;
  padding-left: 4px;
  padding-right: 4px;
}

#juzqjqevql .gt_column_spanner_outer:first-child {
  padding-left: 0;
}

#juzqjqevql .gt_column_spanner_outer:last-child {
  padding-right: 0;
}

#juzqjqevql .gt_column_spanner {
  border-bottom-style: solid;
  border-bottom-width: 2px;
  border-bottom-color: #D3D3D3;
  vertical-align: bottom;
  padding-top: 5px;
  padding-bottom: 5px;
  overflow-x: hidden;
  display: inline-block;
  width: 100%;
}

#juzqjqevql .gt_group_heading {
  padding-top: 8px;
  padding-bottom: 8px;
  padding-left: 5px;
  padding-right: 5px;
  color: #333333;
  background-color: #FFFFFF;
  font-size: 100%;
  font-weight: initial;
  text-transform: inherit;
  border-top-style: solid;
  border-top-width: 2px;
  border-top-color: #D3D3D3;
  border-bottom-style: solid;
  border-bottom-width: 2px;
  border-bottom-color: #D3D3D3;
  border-left-style: none;
  border-left-width: 1px;
  border-left-color: #D3D3D3;
  border-right-style: none;
  border-right-width: 1px;
  border-right-color: #D3D3D3;
  vertical-align: middle;
  text-align: left;
}

#juzqjqevql .gt_empty_group_heading {
  padding: 0.5px;
  color: #333333;
  background-color: #FFFFFF;
  font-size: 100%;
  font-weight: initial;
  border-top-style: solid;
  border-top-width: 2px;
  border-top-color: #D3D3D3;
  border-bottom-style: solid;
  border-bottom-width: 2px;
  border-bottom-color: #D3D3D3;
  vertical-align: middle;
}

#juzqjqevql .gt_from_md > :first-child {
  margin-top: 0;
}

#juzqjqevql .gt_from_md > :last-child {
  margin-bottom: 0;
}

#juzqjqevql .gt_row {
  padding-top: 8px;
  padding-bottom: 8px;
  padding-left: 5px;
  padding-right: 5px;
  margin: 10px;
  border-top-style: solid;
  border-top-width: 1px;
  border-top-color: #D3D3D3;
  border-left-style: none;
  border-left-width: 1px;
  border-left-color: #D3D3D3;
  border-right-style: none;
  border-right-width: 1px;
  border-right-color: #D3D3D3;
  vertical-align: middle;
  overflow-x: hidden;
}

#juzqjqevql .gt_stub {
  color: #333333;
  background-color: #FFFFFF;
  font-size: 100%;
  font-weight: initial;
  text-transform: inherit;
  border-right-style: solid;
  border-right-width: 2px;
  border-right-color: #D3D3D3;
  padding-left: 5px;
  padding-right: 5px;
}

#juzqjqevql .gt_stub_row_group {
  color: #333333;
  background-color: #FFFFFF;
  font-size: 100%;
  font-weight: initial;
  text-transform: inherit;
  border-right-style: solid;
  border-right-width: 2px;
  border-right-color: #D3D3D3;
  padding-left: 5px;
  padding-right: 5px;
  vertical-align: top;
}

#juzqjqevql .gt_row_group_first td {
  border-top-width: 2px;
}

#juzqjqevql .gt_summary_row {
  color: #333333;
  background-color: #FFFFFF;
  text-transform: inherit;
  padding-top: 8px;
  padding-bottom: 8px;
  padding-left: 5px;
  padding-right: 5px;
}

#juzqjqevql .gt_first_summary_row {
  border-top-style: solid;
  border-top-color: #D3D3D3;
}

#juzqjqevql .gt_first_summary_row.thick {
  border-top-width: 2px;
}

#juzqjqevql .gt_last_summary_row {
  padding-top: 8px;
  padding-bottom: 8px;
  padding-left: 5px;
  padding-right: 5px;
  border-bottom-style: solid;
  border-bottom-width: 2px;
  border-bottom-color: #D3D3D3;
}

#juzqjqevql .gt_grand_summary_row {
  color: #333333;
  background-color: #FFFFFF;
  text-transform: inherit;
  padding-top: 8px;
  padding-bottom: 8px;
  padding-left: 5px;
  padding-right: 5px;
}

#juzqjqevql .gt_first_grand_summary_row {
  padding-top: 8px;
  padding-bottom: 8px;
  padding-left: 5px;
  padding-right: 5px;
  border-top-style: double;
  border-top-width: 6px;
  border-top-color: #D3D3D3;
}

#juzqjqevql .gt_striped {
  background-color: rgba(128, 128, 128, 0.05);
}

#juzqjqevql .gt_table_body {
  border-top-style: solid;
  border-top-width: 2px;
  border-top-color: #D3D3D3;
  border-bottom-style: solid;
  border-bottom-width: 2px;
  border-bottom-color: #D3D3D3;
}

#juzqjqevql .gt_footnotes {
  color: #333333;
  background-color: #FFFFFF;
  border-bottom-style: none;
  border-bottom-width: 2px;
  border-bottom-color: #D3D3D3;
  border-left-style: none;
  border-left-width: 2px;
  border-left-color: #D3D3D3;
  border-right-style: none;
  border-right-width: 2px;
  border-right-color: #D3D3D3;
}

#juzqjqevql .gt_footnote {
  margin: 0px;
  font-size: 90%;
  padding-left: 4px;
  padding-right: 4px;
  padding-left: 5px;
  padding-right: 5px;
}

#juzqjqevql .gt_sourcenotes {
  color: #333333;
  background-color: #FFFFFF;
  border-bottom-style: none;
  border-bottom-width: 2px;
  border-bottom-color: #D3D3D3;
  border-left-style: none;
  border-left-width: 2px;
  border-left-color: #D3D3D3;
  border-right-style: none;
  border-right-width: 2px;
  border-right-color: #D3D3D3;
}

#juzqjqevql .gt_sourcenote {
  font-size: 90%;
  padding-top: 4px;
  padding-bottom: 4px;
  padding-left: 5px;
  padding-right: 5px;
}

#juzqjqevql .gt_left {
  text-align: left;
}

#juzqjqevql .gt_center {
  text-align: center;
}

#juzqjqevql .gt_right {
  text-align: right;
  font-variant-numeric: tabular-nums;
}

#juzqjqevql .gt_font_normal {
  font-weight: normal;
}

#juzqjqevql .gt_font_bold {
  font-weight: bold;
}

#juzqjqevql .gt_font_italic {
  font-style: italic;
}

#juzqjqevql .gt_super {
  font-size: 65%;
}

#juzqjqevql .gt_footnote_marks {
  font-style: italic;
  font-weight: normal;
  font-size: 75%;
  vertical-align: 0.4em;
}

#juzqjqevql .gt_asterisk {
  font-size: 100%;
  vertical-align: 0;
}

#juzqjqevql .gt_indent_1 {
  text-indent: 5px;
}

#juzqjqevql .gt_indent_2 {
  text-indent: 10px;
}

#juzqjqevql .gt_indent_3 {
  text-indent: 15px;
}

#juzqjqevql .gt_indent_4 {
  text-indent: 20px;
}

#juzqjqevql .gt_indent_5 {
  text-indent: 25px;
}
</style>
  <table class="gt_table">
  
  <thead class="gt_col_headings">
    <tr>
      <th class="gt_col_heading gt_columns_bottom_border gt_left" rowspan="1" colspan="1" scope="col" id="&lt;strong&gt;Characteristic&lt;/strong&gt;"><strong>Characteristic</strong></th>
      <th class="gt_col_heading gt_columns_bottom_border gt_center" rowspan="1" colspan="1" scope="col" id="&lt;strong&gt;N = 91,861,666&lt;/strong&gt;"><strong>N = 91,861,666</strong></th>
    </tr>
  </thead>
  <tbody class="gt_table_body">
    <tr><td headers="label" class="gt_row gt_left" style="font-weight: bold;">Number of unique patients, n</td>
<td headers="stat_0" class="gt_row gt_center">10,693,818</td></tr>
    <tr><td headers="label" class="gt_row gt_left" style="font-weight: bold;">T1, Median (IQR)</td>
<td headers="stat_0" class="gt_row gt_center">354 (187 – 499)</td></tr>
    <tr><td headers="label" class="gt_row gt_left" style="font-weight: bold;">T2, Median (IQR)</td>
<td headers="stat_0" class="gt_row gt_center">412 (269 – 561)</td></tr>
    <tr><td headers="label" class="gt_row gt_left" style="font-weight: bold;">Infected, n (%)</td>
<td headers="stat_0" class="gt_row gt_center">3,710,807 (4.0%)</td></tr>
    <tr><td headers="label" class="gt_row gt_left" style="font-weight: bold;">Hospitalized, n (%)</td>
<td headers="stat_0" class="gt_row gt_center">0 (NA%)</td></tr>
    <tr><td headers="label" class="gt_row gt_left">    (Missing Observations)</td>
<td headers="stat_0" class="gt_row gt_center">91,861,666</td></tr>
    <tr><td headers="label" class="gt_row gt_left" style="font-weight: bold;">SeriousCovidProxy, n (%)</td>
<td headers="stat_0" class="gt_row gt_center">0 (NA%)</td></tr>
    <tr><td headers="label" class="gt_row gt_left">    (Missing Observations)</td>
<td headers="stat_0" class="gt_row gt_center">91,861,666</td></tr>
    <tr><td headers="label" class="gt_row gt_left" style="font-weight: bold;">LongCovid, n (%)</td>
<td headers="stat_0" class="gt_row gt_center">62,025 (&lt;0.1%)</td></tr>
    <tr><td headers="label" class="gt_row gt_left" style="font-weight: bold;">DeadByCovid, n (%)</td>
<td headers="stat_0" class="gt_row gt_center">1,945 (&lt;0.1%)</td></tr>
    <tr><td headers="label" class="gt_row gt_left" style="font-weight: bold;">DeadByOther, n (%)</td>
<td headers="stat_0" class="gt_row gt_center">119,153 (0.1%)</td></tr>
    <tr><td headers="label" class="gt_row gt_left" style="font-weight: bold;">VariantOfInf, n (%)</td>
<td headers="stat_0" class="gt_row gt_center">0 (NA%)</td></tr>
    <tr><td headers="label" class="gt_row gt_left">    (Missing Observations)</td>
<td headers="stat_0" class="gt_row gt_center">91,861,666</td></tr>
    <tr><td headers="label" class="gt_row gt_left" style="font-weight: bold;">InfPrior, n (%)</td>
<td headers="stat_0" class="gt_row gt_center"></td></tr>
    <tr><td headers="label" class="gt_row gt_left">    _uninfected</td>
<td headers="stat_0" class="gt_row gt_center">56,157,804 (61%)</td></tr>
    <tr><td headers="label" class="gt_row gt_left">    inf_NA_062-122</td>
<td headers="stat_0" class="gt_row gt_center">5,788,329 (6.3%)</td></tr>
    <tr><td headers="label" class="gt_row gt_left">    inf_NA_123-183</td>
<td headers="stat_0" class="gt_row gt_center">6,073,723 (6.6%)</td></tr>
    <tr><td headers="label" class="gt_row gt_left">    inf_NA_184-244</td>
<td headers="stat_0" class="gt_row gt_center">5,885,357 (6.4%)</td></tr>
    <tr><td headers="label" class="gt_row gt_left">    inf_NA_245-305</td>
<td headers="stat_0" class="gt_row gt_center">4,346,626 (4.7%)</td></tr>
    <tr><td headers="label" class="gt_row gt_left">    inf_NA_306-366</td>
<td headers="stat_0" class="gt_row gt_center">3,246,218 (3.5%)</td></tr>
    <tr><td headers="label" class="gt_row gt_left">    inf_NA_367-427</td>
<td headers="stat_0" class="gt_row gt_center">2,722,167 (3.0%)</td></tr>
    <tr><td headers="label" class="gt_row gt_left">    inf_NA_428-488</td>
<td headers="stat_0" class="gt_row gt_center">2,561,484 (2.8%)</td></tr>
    <tr><td headers="label" class="gt_row gt_left">    inf_NA_489-549</td>
<td headers="stat_0" class="gt_row gt_center">2,388,833 (2.6%)</td></tr>
    <tr><td headers="label" class="gt_row gt_left">    inf_NA_550+</td>
<td headers="stat_0" class="gt_row gt_center">2,691,125 (2.9%)</td></tr>
    <tr><td headers="label" class="gt_row gt_left" style="font-weight: bold;">VaccStatus, n (%)</td>
<td headers="stat_0" class="gt_row gt_center"></td></tr>
    <tr><td headers="label" class="gt_row gt_left">    _unvaccinated</td>
<td headers="stat_0" class="gt_row gt_center">21,305,724 (23%)</td></tr>
    <tr><td headers="label" class="gt_row gt_left">    boost_001-061</td>
<td headers="stat_0" class="gt_row gt_center">5,012,460 (5.5%)</td></tr>
    <tr><td headers="label" class="gt_row gt_left">    boost_062-122</td>
<td headers="stat_0" class="gt_row gt_center">4,921,966 (5.4%)</td></tr>
    <tr><td headers="label" class="gt_row gt_left">    boost_123-183</td>
<td headers="stat_0" class="gt_row gt_center">4,899,438 (5.3%)</td></tr>
    <tr><td headers="label" class="gt_row gt_left">    boost_184-244</td>
<td headers="stat_0" class="gt_row gt_center">4,680,848 (5.1%)</td></tr>
    <tr><td headers="label" class="gt_row gt_left">    boost_245-305</td>
<td headers="stat_0" class="gt_row gt_center">3,640,564 (4.0%)</td></tr>
    <tr><td headers="label" class="gt_row gt_left">    boost_306-366</td>
<td headers="stat_0" class="gt_row gt_center">569,006 (0.6%)</td></tr>
    <tr><td headers="label" class="gt_row gt_left">    full_001-061</td>
<td headers="stat_0" class="gt_row gt_center">8,003,040 (8.7%)</td></tr>
    <tr><td headers="label" class="gt_row gt_left">    full_062-122</td>
<td headers="stat_0" class="gt_row gt_center">7,973,752 (8.7%)</td></tr>
    <tr><td headers="label" class="gt_row gt_left">    full_123-183</td>
<td headers="stat_0" class="gt_row gt_center">7,847,410 (8.5%)</td></tr>
    <tr><td headers="label" class="gt_row gt_left">    full_184-244</td>
<td headers="stat_0" class="gt_row gt_center">5,394,543 (5.9%)</td></tr>
    <tr><td headers="label" class="gt_row gt_left">    full_245-305</td>
<td headers="stat_0" class="gt_row gt_center">3,645,727 (4.0%)</td></tr>
    <tr><td headers="label" class="gt_row gt_left">    full_306-366</td>
<td headers="stat_0" class="gt_row gt_center">2,719,837 (3.0%)</td></tr>
    <tr><td headers="label" class="gt_row gt_left">    full_367-427</td>
<td headers="stat_0" class="gt_row gt_center">2,168,518 (2.4%)</td></tr>
    <tr><td headers="label" class="gt_row gt_left">    full_428-488</td>
<td headers="stat_0" class="gt_row gt_center">847,685 (0.9%)</td></tr>
    <tr><td headers="label" class="gt_row gt_left">    full_489-549</td>
<td headers="stat_0" class="gt_row gt_center">122,907 (0.1%)</td></tr>
    <tr><td headers="label" class="gt_row gt_left">    full_550+</td>
<td headers="stat_0" class="gt_row gt_center">25,905 (&lt;0.1%)</td></tr>
    <tr><td headers="label" class="gt_row gt_left">    partial_001-061</td>
<td headers="stat_0" class="gt_row gt_center">7,125,643 (7.8%)</td></tr>
    <tr><td headers="label" class="gt_row gt_left">    partial_062+</td>
<td headers="stat_0" class="gt_row gt_center">676,042 (0.7%)</td></tr>
    <tr><td headers="label" class="gt_row gt_left">    secboost_001-061</td>
<td headers="stat_0" class="gt_row gt_center">280,651 (0.3%)</td></tr>
    <tr><td headers="label" class="gt_row gt_left" style="font-weight: bold;">Immunity, n (%)</td>
<td headers="stat_0" class="gt_row gt_center"></td></tr>
    <tr><td headers="label" class="gt_row gt_left">    _noimmunity</td>
<td headers="stat_0" class="gt_row gt_center">9,979,698 (11%)</td></tr>
    <tr><td headers="label" class="gt_row gt_left">    _other</td>
<td headers="stat_0" class="gt_row gt_center">8,142,960 (8.9%)</td></tr>
    <tr><td headers="label" class="gt_row gt_left">    boost_001-061</td>
<td headers="stat_0" class="gt_row gt_center">3,512,621 (3.8%)</td></tr>
    <tr><td headers="label" class="gt_row gt_left">    boost_062-122</td>
<td headers="stat_0" class="gt_row gt_center">3,299,794 (3.6%)</td></tr>
    <tr><td headers="label" class="gt_row gt_left">    boost_123-183</td>
<td headers="stat_0" class="gt_row gt_center">3,126,595 (3.4%)</td></tr>
    <tr><td headers="label" class="gt_row gt_left">    boost_184-244</td>
<td headers="stat_0" class="gt_row gt_center">3,012,025 (3.3%)</td></tr>
    <tr><td headers="label" class="gt_row gt_left">    boost_245-305</td>
<td headers="stat_0" class="gt_row gt_center">2,539,619 (2.8%)</td></tr>
    <tr><td headers="label" class="gt_row gt_left">    boost_306-366</td>
<td headers="stat_0" class="gt_row gt_center">418,032 (0.5%)</td></tr>
    <tr><td headers="label" class="gt_row gt_left">    full_001-061</td>
<td headers="stat_0" class="gt_row gt_center">5,710,662 (6.2%)</td></tr>
    <tr><td headers="label" class="gt_row gt_left">    full_062-122</td>
<td headers="stat_0" class="gt_row gt_center">5,626,401 (6.1%)</td></tr>
    <tr><td headers="label" class="gt_row gt_left">    full_123-183</td>
<td headers="stat_0" class="gt_row gt_center">5,459,494 (5.9%)</td></tr>
    <tr><td headers="label" class="gt_row gt_left">    full_184-244</td>
<td headers="stat_0" class="gt_row gt_center">3,387,613 (3.7%)</td></tr>
    <tr><td headers="label" class="gt_row gt_left">    full_245-305</td>
<td headers="stat_0" class="gt_row gt_center">1,686,791 (1.8%)</td></tr>
    <tr><td headers="label" class="gt_row gt_left">    full_306-366</td>
<td headers="stat_0" class="gt_row gt_center">1,037,084 (1.1%)</td></tr>
    <tr><td headers="label" class="gt_row gt_left">    full_367-427</td>
<td headers="stat_0" class="gt_row gt_center">844,731 (0.9%)</td></tr>
    <tr><td headers="label" class="gt_row gt_left">    full_428-488</td>
<td headers="stat_0" class="gt_row gt_center">350,109 (0.4%)</td></tr>
    <tr><td headers="label" class="gt_row gt_left">    full_489-549</td>
<td headers="stat_0" class="gt_row gt_center">42,811 (&lt;0.1%)</td></tr>
    <tr><td headers="label" class="gt_row gt_left">    hybridboost_001-061</td>
<td headers="stat_0" class="gt_row gt_center">1,567,854 (1.7%)</td></tr>
    <tr><td headers="label" class="gt_row gt_left">    hybridboost_062-122</td>
<td headers="stat_0" class="gt_row gt_center">2,242,386 (2.4%)</td></tr>
    <tr><td headers="label" class="gt_row gt_left">    hybridboost_123-183</td>
<td headers="stat_0" class="gt_row gt_center">1,965,158 (2.1%)</td></tr>
    <tr><td headers="label" class="gt_row gt_left">    hybridboost_184-244</td>
<td headers="stat_0" class="gt_row gt_center">1,468,009 (1.6%)</td></tr>
    <tr><td headers="label" class="gt_row gt_left">    hybridboost_245-305</td>
<td headers="stat_0" class="gt_row gt_center">589,560 (0.6%)</td></tr>
    <tr><td headers="label" class="gt_row gt_left">    hybridboost_306-366</td>
<td headers="stat_0" class="gt_row gt_center">50,644 (&lt;0.1%)</td></tr>
    <tr><td headers="label" class="gt_row gt_left">    hybridfull_001-061</td>
<td headers="stat_0" class="gt_row gt_center">2,292,378 (2.5%)</td></tr>
    <tr><td headers="label" class="gt_row gt_left">    hybridfull_062-122</td>
<td headers="stat_0" class="gt_row gt_center">3,888,183 (4.2%)</td></tr>
    <tr><td headers="label" class="gt_row gt_left">    hybridfull_123-183</td>
<td headers="stat_0" class="gt_row gt_center">3,604,132 (3.9%)</td></tr>
    <tr><td headers="label" class="gt_row gt_left">    hybridfull_184-244</td>
<td headers="stat_0" class="gt_row gt_center">2,547,326 (2.8%)</td></tr>
    <tr><td headers="label" class="gt_row gt_left">    hybridfull_245-305</td>
<td headers="stat_0" class="gt_row gt_center">1,322,255 (1.4%)</td></tr>
    <tr><td headers="label" class="gt_row gt_left">    hybridfull_306-366</td>
<td headers="stat_0" class="gt_row gt_center">560,414 (0.6%)</td></tr>
    <tr><td headers="label" class="gt_row gt_left">    hybridfull_367-427</td>
<td headers="stat_0" class="gt_row gt_center">285,016 (0.3%)</td></tr>
    <tr><td headers="label" class="gt_row gt_left">    hybridfull_428-488</td>
<td headers="stat_0" class="gt_row gt_center">82,687 (&lt;0.1%)</td></tr>
    <tr><td headers="label" class="gt_row gt_left">    hybridfull_489-549</td>
<td headers="stat_0" class="gt_row gt_center">10,198 (&lt;0.1%)</td></tr>
    <tr><td headers="label" class="gt_row gt_left">    inf_062-122</td>
<td headers="stat_0" class="gt_row gt_center">2,792,178 (3.0%)</td></tr>
    <tr><td headers="label" class="gt_row gt_left">    inf_123-183</td>
<td headers="stat_0" class="gt_row gt_center">2,507,969 (2.7%)</td></tr>
    <tr><td headers="label" class="gt_row gt_left">    inf_184-244</td>
<td headers="stat_0" class="gt_row gt_center">2,098,892 (2.3%)</td></tr>
    <tr><td headers="label" class="gt_row gt_left">    inf_245-305</td>
<td headers="stat_0" class="gt_row gt_center">1,438,028 (1.6%)</td></tr>
    <tr><td headers="label" class="gt_row gt_left">    inf_306-366</td>
<td headers="stat_0" class="gt_row gt_center">848,896 (0.9%)</td></tr>
    <tr><td headers="label" class="gt_row gt_left">    inf_367-427</td>
<td headers="stat_0" class="gt_row gt_center">498,660 (0.5%)</td></tr>
    <tr><td headers="label" class="gt_row gt_left">    inf_428-488</td>
<td headers="stat_0" class="gt_row gt_center">425,184 (0.5%)</td></tr>
    <tr><td headers="label" class="gt_row gt_left">    inf_489-549</td>
<td headers="stat_0" class="gt_row gt_center">385,983 (0.4%)</td></tr>
    <tr><td headers="label" class="gt_row gt_left">    secboost_001-061</td>
<td headers="stat_0" class="gt_row gt_center">212,636 (0.2%)</td></tr>
    <tr><td headers="label" class="gt_row gt_left" style="font-weight: bold;">Age, Median (IQR)</td>
<td headers="stat_0" class="gt_row gt_center">48 (33 – 65)</td></tr>
    <tr><td headers="label" class="gt_row gt_left" style="font-weight: bold;">AgeGr, n (%)</td>
<td headers="stat_0" class="gt_row gt_center"></td></tr>
    <tr><td headers="label" class="gt_row gt_left">    _40-44</td>
<td headers="stat_0" class="gt_row gt_center">8,011,638 (8.7%)</td></tr>
    <tr><td headers="label" class="gt_row gt_left">    0-11</td>
<td headers="stat_0" class="gt_row gt_center">3,885,567 (4.2%)</td></tr>
    <tr><td headers="label" class="gt_row gt_left">    12-15</td>
<td headers="stat_0" class="gt_row gt_center">3,027,788 (3.3%)</td></tr>
    <tr><td headers="label" class="gt_row gt_left">    16-17</td>
<td headers="stat_0" class="gt_row gt_center">1,624,471 (1.8%)</td></tr>
    <tr><td headers="label" class="gt_row gt_left">    18-24</td>
<td headers="stat_0" class="gt_row gt_center">5,918,220 (6.4%)</td></tr>
    <tr><td headers="label" class="gt_row gt_left">    25-29</td>
<td headers="stat_0" class="gt_row gt_center">4,895,153 (5.3%)</td></tr>
    <tr><td headers="label" class="gt_row gt_left">    30-34</td>
<td headers="stat_0" class="gt_row gt_center">5,849,294 (6.4%)</td></tr>
    <tr><td headers="label" class="gt_row gt_left">    35-39</td>
<td headers="stat_0" class="gt_row gt_center">6,367,526 (6.9%)</td></tr>
    <tr><td headers="label" class="gt_row gt_left">    45-49</td>
<td headers="stat_0" class="gt_row gt_center">8,993,430 (9.8%)</td></tr>
    <tr><td headers="label" class="gt_row gt_left">    50-54</td>
<td headers="stat_0" class="gt_row gt_center">7,081,189 (7.7%)</td></tr>
    <tr><td headers="label" class="gt_row gt_left">    55-59</td>
<td headers="stat_0" class="gt_row gt_center">6,831,667 (7.4%)</td></tr>
    <tr><td headers="label" class="gt_row gt_left">    60-64</td>
<td headers="stat_0" class="gt_row gt_center">6,080,726 (6.6%)</td></tr>
    <tr><td headers="label" class="gt_row gt_left">    65-69</td>
<td headers="stat_0" class="gt_row gt_center">6,626,566 (7.2%)</td></tr>
    <tr><td headers="label" class="gt_row gt_left">    70-74</td>
<td headers="stat_0" class="gt_row gt_center">6,511,559 (7.1%)</td></tr>
    <tr><td headers="label" class="gt_row gt_left">    75-79</td>
<td headers="stat_0" class="gt_row gt_center">4,936,342 (5.4%)</td></tr>
    <tr><td headers="label" class="gt_row gt_left">    80+</td>
<td headers="stat_0" class="gt_row gt_center">5,220,530 (5.7%)</td></tr>
    <tr><td headers="label" class="gt_row gt_left" style="font-weight: bold;">Sex, n (%)</td>
<td headers="stat_0" class="gt_row gt_center"></td></tr>
    <tr><td headers="label" class="gt_row gt_left">    F</td>
<td headers="stat_0" class="gt_row gt_center">47,521,575 (52%)</td></tr>
    <tr><td headers="label" class="gt_row gt_left">    M</td>
<td headers="stat_0" class="gt_row gt_center">44,340,091 (48%)</td></tr>
    <tr><td headers="label" class="gt_row gt_left" style="font-weight: bold;">InfPriorTime, n (%)</td>
<td headers="stat_0" class="gt_row gt_center">0 (NA%)</td></tr>
    <tr><td headers="label" class="gt_row gt_left">    (Missing Observations)</td>
<td headers="stat_0" class="gt_row gt_center">91,861,666</td></tr>
    <tr><td headers="label" class="gt_row gt_left" style="font-weight: bold;">LastVaccTime, n (%)</td>
<td headers="stat_0" class="gt_row gt_center">0 (NA%)</td></tr>
    <tr><td headers="label" class="gt_row gt_left">    (Missing Observations)</td>
<td headers="stat_0" class="gt_row gt_center">91,861,666</td></tr>
  </tbody>
  
  
</table>
</div>
Call:
coxph(formula = f.input, data = data)

  n= 91861666, number of events= 62025 

                                 coef  exp(coef)   se(coef)       z Pr(>|z|)
InfPriorinf_NA_062-122     -2.0884216  0.1238825  0.0528179 -39.540  < 2e-16
InfPriorinf_NA_123-183     -1.9876382  0.1370187  0.0750872 -26.471  < 2e-16
InfPriorinf_NA_184-244     -1.8400826  0.1588043  0.0991098 -18.566  < 2e-16
InfPriorinf_NA_245-305     -1.8533990  0.1567036  0.0764440 -24.245  < 2e-16
InfPriorinf_NA_306-366     -1.1632129  0.3124806  0.0465124 -25.009  < 2e-16
InfPriorinf_NA_367-427     -0.9290560  0.3949264  0.0423867 -21.919  < 2e-16
InfPriorinf_NA_428-488     -0.4682030  0.6261264  0.0434032 -10.787  < 2e-16
InfPriorinf_NA_489-549     -0.5081949  0.6015805  0.0651777  -7.797 6.34e-15
InfPriorinf_NA_550+        -0.6768645  0.5082080  0.0867942  -7.799 6.26e-15
VaccStatusboost_001-061    -1.6019240  0.2015084  0.0227457 -70.427  < 2e-16
VaccStatusboost_062-122    -0.9272599  0.3956363  0.0239632 -38.695  < 2e-16
VaccStatusboost_123-183    -0.2091579  0.8112672  0.0398534  -5.248 1.54e-07
VaccStatusboost_184-244    -0.0002387  0.9997614  0.0558776  -0.004  0.99659
VaccStatusboost_245-305     0.3191779  1.3759961  0.0715345   4.462 8.12e-06
VaccStatusboost_306-366     0.6215567  1.8618241  0.2461600   2.525  0.01157
VaccStatusfull_001-061     -1.2909860  0.2749995  0.0376468 -34.292  < 2e-16
VaccStatusfull_062-122     -1.1861235  0.3054029  0.0266907 -44.440  < 2e-16
VaccStatusfull_123-183     -0.8099348  0.4448871  0.0174624 -46.382  < 2e-16
VaccStatusfull_184-244     -0.4448896  0.6408951  0.0208328 -21.355  < 2e-16
VaccStatusfull_245-305     -0.2378341  0.7883334  0.0354383  -6.711 1.93e-11
VaccStatusfull_306-366     -0.0857354  0.9178371  0.0666201  -1.287  0.19812
VaccStatusfull_367-427      0.0563811  1.0580008  0.0923521   0.611  0.54153
VaccStatusfull_428-488      0.3801651  1.4625261  0.1850084   2.055  0.03989
VaccStatusfull_489-549      0.8472464  2.3332132  0.3048321   2.779  0.00545
VaccStatusfull_550+         0.7834399  2.1889891  1.0018486   0.782  0.43422
VaccStatuspartial_001-061  -0.7272595  0.4832315  0.0374813 -19.403  < 2e-16
VaccStatuspartial_062+     -0.4498690  0.6377117  0.0898763  -5.005 5.57e-07
VaccStatussecboost_001-061 -1.0758032  0.3410237  0.4502326  -2.389  0.01687
AgeGr0-11                  -3.6317434  0.0264700  0.0576555 -62.990  < 2e-16
AgeGr12-15                 -2.2758823  0.1027062  0.0587012 -38.771  < 2e-16
AgeGr16-17                 -1.9600954  0.1408450  0.0785806 -24.944  < 2e-16
AgeGr18-24                 -1.1256479  0.3244422  0.0308103 -36.535  < 2e-16
AgeGr25-29                 -0.7673345  0.4642489  0.0270125 -28.407  < 2e-16
AgeGr30-34                 -0.5125266  0.5989803  0.0238636 -21.477  < 2e-16
AgeGr35-39                 -0.2332986  0.7919171  0.0216002 -10.801  < 2e-16
AgeGr45-49                  0.3748175  1.4547258  0.0180214  20.799  < 2e-16
AgeGr50-54                  0.4825470  1.6201957  0.0184603  26.140  < 2e-16
AgeGr55-59                  0.5897368  1.8035137  0.0180464  32.679  < 2e-16
AgeGr60-64                  0.4392496  1.5515425  0.0186976  23.492  < 2e-16
AgeGr65-69                  0.2987867  1.3482220  0.0189359  15.779  < 2e-16
AgeGr70-74                  0.2989294  1.3484145  0.0193201  15.472  < 2e-16
AgeGr75-79                  0.4215176  1.5242730  0.0208890  20.179  < 2e-16
AgeGr80+                    0.1748864  1.1911109  0.0213553   8.189 2.63e-16
SexM                       -0.1783167  0.8366774  0.0081295 -21.935  < 2e-16
                              
InfPriorinf_NA_062-122     ***
InfPriorinf_NA_123-183     ***
InfPriorinf_NA_184-244     ***
InfPriorinf_NA_245-305     ***
InfPriorinf_NA_306-366     ***
InfPriorinf_NA_367-427     ***
InfPriorinf_NA_428-488     ***
InfPriorinf_NA_489-549     ***
InfPriorinf_NA_550+        ***
VaccStatusboost_001-061    ***
VaccStatusboost_062-122    ***
VaccStatusboost_123-183    ***
VaccStatusboost_184-244       
VaccStatusboost_245-305    ***
VaccStatusboost_306-366    *  
VaccStatusfull_001-061     ***
VaccStatusfull_062-122     ***
VaccStatusfull_123-183     ***
VaccStatusfull_184-244     ***
VaccStatusfull_245-305     ***
VaccStatusfull_306-366        
VaccStatusfull_367-427        
VaccStatusfull_428-488     *  
VaccStatusfull_489-549     ** 
VaccStatusfull_550+           
VaccStatuspartial_001-061  ***
VaccStatuspartial_062+     ***
VaccStatussecboost_001-061 *  
AgeGr0-11                  ***
AgeGr12-15                 ***
AgeGr16-17                 ***
AgeGr18-24                 ***
AgeGr25-29                 ***
AgeGr30-34                 ***
AgeGr35-39                 ***
AgeGr45-49                 ***
AgeGr50-54                 ***
AgeGr55-59                 ***
AgeGr60-64                 ***
AgeGr65-69                 ***
AgeGr70-74                 ***
AgeGr75-79                 ***
AgeGr80+                   ***
SexM                       ***
---
Signif. codes:  0 ‘***’ 0.001 ‘**’ 0.01 ‘*’ 0.05 ‘.’ 0.1 ‘ ’ 1

                           exp(coef) exp(-coef) lower .95 upper .95
InfPriorinf_NA_062-122       0.12388     8.0722   0.11170   0.13739
InfPriorinf_NA_123-183       0.13702     7.2983   0.11827   0.15874
InfPriorinf_NA_184-244       0.15880     6.2971   0.13077   0.19285
InfPriorinf_NA_245-305       0.15670     6.3815   0.13490   0.18203
InfPriorinf_NA_306-366       0.31248     3.2002   0.28525   0.34231
InfPriorinf_NA_367-427       0.39493     2.5321   0.36344   0.42914
InfPriorinf_NA_428-488       0.62613     1.5971   0.57507   0.68172
InfPriorinf_NA_489-549       0.60158     1.6623   0.52944   0.68355
InfPriorinf_NA_550+          0.50821     1.9677   0.42871   0.60245
VaccStatusboost_001-061      0.20151     4.9626   0.19272   0.21070
VaccStatusboost_062-122      0.39564     2.5276   0.37748   0.41466
VaccStatusboost_123-183      0.81127     1.2326   0.75031   0.87718
VaccStatusboost_184-244      0.99976     1.0002   0.89605   1.11547
VaccStatusboost_245-305      1.37600     0.7267   1.19599   1.58310
VaccStatusboost_306-366      1.86182     0.5371   1.14923   3.01627
VaccStatusfull_001-061       0.27500     3.6364   0.25544   0.29606
VaccStatusfull_062-122       0.30540     3.2744   0.28984   0.32180
VaccStatusfull_123-183       0.44489     2.2478   0.42992   0.46038
VaccStatusfull_184-244       0.64090     1.5603   0.61525   0.66761
VaccStatusfull_245-305       0.78833     1.2685   0.73544   0.84504
VaccStatusfull_306-366       0.91784     1.0895   0.80549   1.04586
VaccStatusfull_367-427       1.05800     0.9452   0.88283   1.26793
VaccStatusfull_428-488       1.46253     0.6837   1.01771   2.10176
VaccStatusfull_489-549       2.33321     0.4286   1.28375   4.24061
VaccStatusfull_550+          2.18899     0.4568   0.30723  15.59620
VaccStatuspartial_001-061    0.48323     2.0694   0.44900   0.52007
VaccStatuspartial_062+       0.63771     1.5681   0.53471   0.76055
VaccStatussecboost_001-061   0.34102     2.9323   0.14111   0.82418
AgeGr0-11                    0.02647    37.7786   0.02364   0.02964
AgeGr12-15                   0.10271     9.7365   0.09154   0.11523
AgeGr16-17                   0.14084     7.1000   0.12074   0.16430
AgeGr18-24                   0.32444     3.0822   0.30543   0.34464
AgeGr25-29                   0.46425     2.1540   0.44031   0.48949
AgeGr30-34                   0.59898     1.6695   0.57161   0.62766
AgeGr35-39                   0.79192     1.2628   0.75909   0.82616
AgeGr45-49                   1.45473     0.6874   1.40424   1.50703
AgeGr50-54                   1.62020     0.6172   1.56262   1.67989
AgeGr55-59                   1.80351     0.5545   1.74084   1.86845
AgeGr60-64                   1.55154     0.6445   1.49571   1.60946
AgeGr65-69                   1.34822     0.7417   1.29910   1.39920
AgeGr70-74                   1.34841     0.7416   1.29831   1.40045
AgeGr75-79                   1.52427     0.6561   1.46313   1.58797
AgeGr80+                     1.19111     0.8396   1.14229   1.24202
SexM                         0.83668     1.1952   0.82345   0.85012

Concordance= 0.73  (se = 0.001 )
Likelihood ratio test= 46483  on 44 df,   p=<2e-16
Wald test            = 27461  on 44 df,   p=<2e-16
Score (logrank) test = 38133  on 44 df,   p=<2e-16

[[1]]
 [1] "InfPriorinf_NA_062-122"     "InfPriorinf_NA_123-183"    
 [3] "InfPriorinf_NA_184-244"     "InfPriorinf_NA_245-305"    
 [5] "InfPriorinf_NA_306-366"     "InfPriorinf_NA_428-488"    
 [7] "InfPriorinf_NA_489-549"     "InfPriorinf_NA_550+"       
 [9] "VaccStatusboost_001-061"    "VaccStatusboost_062-122"   
[11] "VaccStatusboost_123-183"    "VaccStatusboost_184-244"   
[13] "VaccStatusboost_245-305"    "VaccStatusboost_306-366"   
[15] "VaccStatusfull_001-061"     "VaccStatusfull_062-122"    
[17] "VaccStatusfull_123-183"     "VaccStatusfull_184-244"    
[19] "VaccStatusfull_245-305"     "VaccStatusfull_306-366"    
[21] "VaccStatusfull_428-488"     "VaccStatusfull_489-549"    
[23] "VaccStatusfull_550+"        "VaccStatuspartial_001-061" 
[25] "VaccStatussecboost_001-061" "AgeGr0-11"                 
[27] "AgeGr12-15"                 "AgeGr16-17"                
[29] "AgeGr18-24"                 "AgeGr25-29"                
[31] "AgeGr30-34"                 "AgeGr35-39"                
[33] "AgeGr45-49"                 "AgeGr50-54"                
[35] "AgeGr55-59"                 "AgeGr60-64"                
[37] "AgeGr65-69"                 "AgeGr70-74"                
[39] "AgeGr75-79"                 "AgeGr80+"                  
[41] "SexM"                      

[[2]]
[1] "beta"          "beta_CI_lower" "beta_CI_upper" "HR"           
[5] "HR_CI_lower"   "HR_CI_upper"   "eff"           "eff_CI_upper" 
[9] "eff_CI_lower" 

null device 
          1 
null device 
          1 
null device 
          1 
null device 
          1 
<div id="bvirqnflkr" style="padding-left:0px;padding-right:0px;padding-top:10px;padding-bottom:10px;overflow-x:auto;overflow-y:auto;width:auto;height:auto;">
  <style>html {
  font-family: -apple-system, BlinkMacSystemFont, 'Segoe UI', Roboto, Oxygen, Ubuntu, Cantarell, 'Helvetica Neue', 'Fira Sans', 'Droid Sans', Arial, sans-serif;
}

#bvirqnflkr .gt_table {
  display: table;
  border-collapse: collapse;
  margin-left: auto;
  margin-right: auto;
  color: #333333;
  font-size: 16px;
  font-weight: normal;
  font-style: normal;
  background-color: #FFFFFF;
  width: auto;
  border-top-style: solid;
  border-top-width: 2px;
  border-top-color: #A8A8A8;
  border-right-style: none;
  border-right-width: 2px;
  border-right-color: #D3D3D3;
  border-bottom-style: solid;
  border-bottom-width: 2px;
  border-bottom-color: #A8A8A8;
  border-left-style: none;
  border-left-width: 2px;
  border-left-color: #D3D3D3;
}

#bvirqnflkr .gt_heading {
  background-color: #FFFFFF;
  text-align: center;
  border-bottom-color: #FFFFFF;
  border-left-style: none;
  border-left-width: 1px;
  border-left-color: #D3D3D3;
  border-right-style: none;
  border-right-width: 1px;
  border-right-color: #D3D3D3;
}

#bvirqnflkr .gt_caption {
  padding-top: 4px;
  padding-bottom: 4px;
}

#bvirqnflkr .gt_title {
  color: #333333;
  font-size: 125%;
  font-weight: initial;
  padding-top: 4px;
  padding-bottom: 4px;
  padding-left: 5px;
  padding-right: 5px;
  border-bottom-color: #FFFFFF;
  border-bottom-width: 0;
}

#bvirqnflkr .gt_subtitle {
  color: #333333;
  font-size: 85%;
  font-weight: initial;
  padding-top: 0;
  padding-bottom: 6px;
  padding-left: 5px;
  padding-right: 5px;
  border-top-color: #FFFFFF;
  border-top-width: 0;
}

#bvirqnflkr .gt_bottom_border {
  border-bottom-style: solid;
  border-bottom-width: 2px;
  border-bottom-color: #D3D3D3;
}

#bvirqnflkr .gt_col_headings {
  border-top-style: solid;
  border-top-width: 2px;
  border-top-color: #D3D3D3;
  border-bottom-style: solid;
  border-bottom-width: 2px;
  border-bottom-color: #D3D3D3;
  border-left-style: none;
  border-left-width: 1px;
  border-left-color: #D3D3D3;
  border-right-style: none;
  border-right-width: 1px;
  border-right-color: #D3D3D3;
}

#bvirqnflkr .gt_col_heading {
  color: #333333;
  background-color: #FFFFFF;
  font-size: 100%;
  font-weight: normal;
  text-transform: inherit;
  border-left-style: none;
  border-left-width: 1px;
  border-left-color: #D3D3D3;
  border-right-style: none;
  border-right-width: 1px;
  border-right-color: #D3D3D3;
  vertical-align: bottom;
  padding-top: 5px;
  padding-bottom: 6px;
  padding-left: 5px;
  padding-right: 5px;
  overflow-x: hidden;
}

#bvirqnflkr .gt_column_spanner_outer {
  color: #333333;
  background-color: #FFFFFF;
  font-size: 100%;
  font-weight: normal;
  text-transform: inherit;
  padding-top: 0;
  padding-bottom: 0;
  padding-left: 4px;
  padding-right: 4px;
}

#bvirqnflkr .gt_column_spanner_outer:first-child {
  padding-left: 0;
}

#bvirqnflkr .gt_column_spanner_outer:last-child {
  padding-right: 0;
}

#bvirqnflkr .gt_column_spanner {
  border-bottom-style: solid;
  border-bottom-width: 2px;
  border-bottom-color: #D3D3D3;
  vertical-align: bottom;
  padding-top: 5px;
  padding-bottom: 5px;
  overflow-x: hidden;
  display: inline-block;
  width: 100%;
}

#bvirqnflkr .gt_group_heading {
  padding-top: 8px;
  padding-bottom: 8px;
  padding-left: 5px;
  padding-right: 5px;
  color: #333333;
  background-color: #FFFFFF;
  font-size: 100%;
  font-weight: initial;
  text-transform: inherit;
  border-top-style: solid;
  border-top-width: 2px;
  border-top-color: #D3D3D3;
  border-bottom-style: solid;
  border-bottom-width: 2px;
  border-bottom-color: #D3D3D3;
  border-left-style: none;
  border-left-width: 1px;
  border-left-color: #D3D3D3;
  border-right-style: none;
  border-right-width: 1px;
  border-right-color: #D3D3D3;
  vertical-align: middle;
  text-align: left;
}

#bvirqnflkr .gt_empty_group_heading {
  padding: 0.5px;
  color: #333333;
  background-color: #FFFFFF;
  font-size: 100%;
  font-weight: initial;
  border-top-style: solid;
  border-top-width: 2px;
  border-top-color: #D3D3D3;
  border-bottom-style: solid;
  border-bottom-width: 2px;
  border-bottom-color: #D3D3D3;
  vertical-align: middle;
}

#bvirqnflkr .gt_from_md > :first-child {
  margin-top: 0;
}

#bvirqnflkr .gt_from_md > :last-child {
  margin-bottom: 0;
}

#bvirqnflkr .gt_row {
  padding-top: 8px;
  padding-bottom: 8px;
  padding-left: 5px;
  padding-right: 5px;
  margin: 10px;
  border-top-style: solid;
  border-top-width: 1px;
  border-top-color: #D3D3D3;
  border-left-style: none;
  border-left-width: 1px;
  border-left-color: #D3D3D3;
  border-right-style: none;
  border-right-width: 1px;
  border-right-color: #D3D3D3;
  vertical-align: middle;
  overflow-x: hidden;
}

#bvirqnflkr .gt_stub {
  color: #333333;
  background-color: #FFFFFF;
  font-size: 100%;
  font-weight: initial;
  text-transform: inherit;
  border-right-style: solid;
  border-right-width: 2px;
  border-right-color: #D3D3D3;
  padding-left: 5px;
  padding-right: 5px;
}

#bvirqnflkr .gt_stub_row_group {
  color: #333333;
  background-color: #FFFFFF;
  font-size: 100%;
  font-weight: initial;
  text-transform: inherit;
  border-right-style: solid;
  border-right-width: 2px;
  border-right-color: #D3D3D3;
  padding-left: 5px;
  padding-right: 5px;
  vertical-align: top;
}

#bvirqnflkr .gt_row_group_first td {
  border-top-width: 2px;
}

#bvirqnflkr .gt_summary_row {
  color: #333333;
  background-color: #FFFFFF;
  text-transform: inherit;
  padding-top: 8px;
  padding-bottom: 8px;
  padding-left: 5px;
  padding-right: 5px;
}

#bvirqnflkr .gt_first_summary_row {
  border-top-style: solid;
  border-top-color: #D3D3D3;
}

#bvirqnflkr .gt_first_summary_row.thick {
  border-top-width: 2px;
}

#bvirqnflkr .gt_last_summary_row {
  padding-top: 8px;
  padding-bottom: 8px;
  padding-left: 5px;
  padding-right: 5px;
  border-bottom-style: solid;
  border-bottom-width: 2px;
  border-bottom-color: #D3D3D3;
}

#bvirqnflkr .gt_grand_summary_row {
  color: #333333;
  background-color: #FFFFFF;
  text-transform: inherit;
  padding-top: 8px;
  padding-bottom: 8px;
  padding-left: 5px;
  padding-right: 5px;
}

#bvirqnflkr .gt_first_grand_summary_row {
  padding-top: 8px;
  padding-bottom: 8px;
  padding-left: 5px;
  padding-right: 5px;
  border-top-style: double;
  border-top-width: 6px;
  border-top-color: #D3D3D3;
}

#bvirqnflkr .gt_striped {
  background-color: rgba(128, 128, 128, 0.05);
}

#bvirqnflkr .gt_table_body {
  border-top-style: solid;
  border-top-width: 2px;
  border-top-color: #D3D3D3;
  border-bottom-style: solid;
  border-bottom-width: 2px;
  border-bottom-color: #D3D3D3;
}

#bvirqnflkr .gt_footnotes {
  color: #333333;
  background-color: #FFFFFF;
  border-bottom-style: none;
  border-bottom-width: 2px;
  border-bottom-color: #D3D3D3;
  border-left-style: none;
  border-left-width: 2px;
  border-left-color: #D3D3D3;
  border-right-style: none;
  border-right-width: 2px;
  border-right-color: #D3D3D3;
}

#bvirqnflkr .gt_footnote {
  margin: 0px;
  font-size: 90%;
  padding-left: 4px;
  padding-right: 4px;
  padding-left: 5px;
  padding-right: 5px;
}

#bvirqnflkr .gt_sourcenotes {
  color: #333333;
  background-color: #FFFFFF;
  border-bottom-style: none;
  border-bottom-width: 2px;
  border-bottom-color: #D3D3D3;
  border-left-style: none;
  border-left-width: 2px;
  border-left-color: #D3D3D3;
  border-right-style: none;
  border-right-width: 2px;
  border-right-color: #D3D3D3;
}

#bvirqnflkr .gt_sourcenote {
  font-size: 90%;
  padding-top: 4px;
  padding-bottom: 4px;
  padding-left: 5px;
  padding-right: 5px;
}

#bvirqnflkr .gt_left {
  text-align: left;
}

#bvirqnflkr .gt_center {
  text-align: center;
}

#bvirqnflkr .gt_right {
  text-align: right;
  font-variant-numeric: tabular-nums;
}

#bvirqnflkr .gt_font_normal {
  font-weight: normal;
}

#bvirqnflkr .gt_font_bold {
  font-weight: bold;
}

#bvirqnflkr .gt_font_italic {
  font-style: italic;
}

#bvirqnflkr .gt_super {
  font-size: 65%;
}

#bvirqnflkr .gt_footnote_marks {
  font-style: italic;
  font-weight: normal;
  font-size: 75%;
  vertical-align: 0.4em;
}

#bvirqnflkr .gt_asterisk {
  font-size: 100%;
  vertical-align: 0;
}

#bvirqnflkr .gt_indent_1 {
  text-indent: 5px;
}

#bvirqnflkr .gt_indent_2 {
  text-indent: 10px;
}

#bvirqnflkr .gt_indent_3 {
  text-indent: 15px;
}

#bvirqnflkr .gt_indent_4 {
  text-indent: 20px;
}

#bvirqnflkr .gt_indent_5 {
  text-indent: 25px;
}
</style>
  <table class="gt_table">
  
  <thead class="gt_col_headings">
    <tr>
      <th class="gt_col_heading gt_columns_bottom_border gt_left" rowspan="1" colspan="1" scope="col" id="&lt;strong&gt;Characteristic&lt;/strong&gt;"><strong>Characteristic</strong></th>
      <th class="gt_col_heading gt_columns_bottom_border gt_center" rowspan="1" colspan="1" scope="col" id="&lt;strong&gt;N&lt;/strong&gt;"><strong>N</strong></th>
      <th class="gt_col_heading gt_columns_bottom_border gt_center" rowspan="1" colspan="1" scope="col" id="&lt;strong&gt;Event N&lt;/strong&gt;"><strong>Event N</strong></th>
      <th class="gt_col_heading gt_columns_bottom_border gt_center" rowspan="1" colspan="1" scope="col" id="&lt;strong&gt;HR&lt;/strong&gt; &lt;strong&gt;(95% CI)&lt;/strong&gt;&lt;sup class=&quot;gt_footnote_marks&quot;&gt;1&lt;/sup&gt;"><strong>HR</strong> <strong>(95% CI)</strong><sup class="gt_footnote_marks">1</sup></th>
      <th class="gt_col_heading gt_columns_bottom_border gt_center" rowspan="1" colspan="1" scope="col" id="&lt;strong&gt;p-value&lt;/strong&gt;"><strong>p-value</strong></th>
    </tr>
  </thead>
  <tbody class="gt_table_body">
    <tr><td headers="label" class="gt_row gt_left" style="font-weight: bold;">InfPrior</td>
<td headers="stat_n" class="gt_row gt_center"></td>
<td headers="stat_nevent" class="gt_row gt_center"></td>
<td headers="estimate" class="gt_row gt_center"></td>
<td headers="p.value" class="gt_row gt_center"></td></tr>
    <tr><td headers="label" class="gt_row gt_left">    _uninfected</td>
<td headers="stat_n" class="gt_row gt_center">56,157,804</td>
<td headers="stat_nevent" class="gt_row gt_center">59236</td>
<td headers="estimate" class="gt_row gt_center">—</td>
<td headers="p.value" class="gt_row gt_center"></td></tr>
    <tr><td headers="label" class="gt_row gt_left">    inf_NA_062-122</td>
<td headers="stat_n" class="gt_row gt_center">5,788,329</td>
<td headers="stat_nevent" class="gt_row gt_center">363</td>
<td headers="estimate" class="gt_row gt_center">0.12 (0.11 to 0.14)</td>
<td headers="p.value" class="gt_row gt_center" style="font-weight: bold;"><0.001</td></tr>
    <tr><td headers="label" class="gt_row gt_left">    inf_NA_123-183</td>
<td headers="stat_n" class="gt_row gt_center">6,073,723</td>
<td headers="stat_nevent" class="gt_row gt_center">179</td>
<td headers="estimate" class="gt_row gt_center">0.14 (0.12 to 0.16)</td>
<td headers="p.value" class="gt_row gt_center" style="font-weight: bold;"><0.001</td></tr>
    <tr><td headers="label" class="gt_row gt_left">    inf_NA_184-244</td>
<td headers="stat_n" class="gt_row gt_center">5,885,357</td>
<td headers="stat_nevent" class="gt_row gt_center">103</td>
<td headers="estimate" class="gt_row gt_center">0.16 (0.13 to 0.19)</td>
<td headers="p.value" class="gt_row gt_center" style="font-weight: bold;"><0.001</td></tr>
    <tr><td headers="label" class="gt_row gt_left">    inf_NA_245-305</td>
<td headers="stat_n" class="gt_row gt_center">4,346,626</td>
<td headers="stat_nevent" class="gt_row gt_center">173</td>
<td headers="estimate" class="gt_row gt_center">0.16 (0.13 to 0.18)</td>
<td headers="p.value" class="gt_row gt_center" style="font-weight: bold;"><0.001</td></tr>
    <tr><td headers="label" class="gt_row gt_left">    inf_NA_306-366</td>
<td headers="stat_n" class="gt_row gt_center">3,246,218</td>
<td headers="stat_nevent" class="gt_row gt_center">472</td>
<td headers="estimate" class="gt_row gt_center">0.31 (0.29 to 0.34)</td>
<td headers="p.value" class="gt_row gt_center" style="font-weight: bold;"><0.001</td></tr>
    <tr><td headers="label" class="gt_row gt_left">    inf_NA_367-427</td>
<td headers="stat_n" class="gt_row gt_center">2,722,167</td>
<td headers="stat_nevent" class="gt_row gt_center">570</td>
<td headers="estimate" class="gt_row gt_center">0.39 (0.36 to 0.43)</td>
<td headers="p.value" class="gt_row gt_center" style="font-weight: bold;"><0.001</td></tr>
    <tr><td headers="label" class="gt_row gt_left">    inf_NA_428-488</td>
<td headers="stat_n" class="gt_row gt_center">2,561,484</td>
<td headers="stat_nevent" class="gt_row gt_center">548</td>
<td headers="estimate" class="gt_row gt_center">0.63 (0.58 to 0.68)</td>
<td headers="p.value" class="gt_row gt_center" style="font-weight: bold;"><0.001</td></tr>
    <tr><td headers="label" class="gt_row gt_left">    inf_NA_489-549</td>
<td headers="stat_n" class="gt_row gt_center">2,388,833</td>
<td headers="stat_nevent" class="gt_row gt_center">242</td>
<td headers="estimate" class="gt_row gt_center">0.60 (0.53 to 0.68)</td>
<td headers="p.value" class="gt_row gt_center" style="font-weight: bold;"><0.001</td></tr>
    <tr><td headers="label" class="gt_row gt_left">    inf_NA_550+</td>
<td headers="stat_n" class="gt_row gt_center">2,691,125</td>
<td headers="stat_nevent" class="gt_row gt_center">139</td>
<td headers="estimate" class="gt_row gt_center">0.51 (0.43 to 0.60)</td>
<td headers="p.value" class="gt_row gt_center" style="font-weight: bold;"><0.001</td></tr>
    <tr><td headers="label" class="gt_row gt_left" style="font-weight: bold;">VaccStatus</td>
<td headers="stat_n" class="gt_row gt_center"></td>
<td headers="stat_nevent" class="gt_row gt_center"></td>
<td headers="estimate" class="gt_row gt_center"></td>
<td headers="p.value" class="gt_row gt_center"></td></tr>
    <tr><td headers="label" class="gt_row gt_left">    _unvaccinated</td>
<td headers="stat_n" class="gt_row gt_center">21,305,724</td>
<td headers="stat_nevent" class="gt_row gt_center">43014</td>
<td headers="estimate" class="gt_row gt_center">—</td>
<td headers="p.value" class="gt_row gt_center"></td></tr>
    <tr><td headers="label" class="gt_row gt_left">    boost_001-061</td>
<td headers="stat_n" class="gt_row gt_center">5,012,460</td>
<td headers="stat_nevent" class="gt_row gt_center">2436</td>
<td headers="estimate" class="gt_row gt_center">0.20 (0.19 to 0.21)</td>
<td headers="p.value" class="gt_row gt_center" style="font-weight: bold;"><0.001</td></tr>
    <tr><td headers="label" class="gt_row gt_left">    boost_062-122</td>
<td headers="stat_n" class="gt_row gt_center">4,921,966</td>
<td headers="stat_nevent" class="gt_row gt_center">2466</td>
<td headers="estimate" class="gt_row gt_center">0.40 (0.38 to 0.41)</td>
<td headers="p.value" class="gt_row gt_center" style="font-weight: bold;"><0.001</td></tr>
    <tr><td headers="label" class="gt_row gt_left">    boost_123-183</td>
<td headers="stat_n" class="gt_row gt_center">4,899,438</td>
<td headers="stat_nevent" class="gt_row gt_center">857</td>
<td headers="estimate" class="gt_row gt_center">0.81 (0.75 to 0.88)</td>
<td headers="p.value" class="gt_row gt_center" style="font-weight: bold;"><0.001</td></tr>
    <tr><td headers="label" class="gt_row gt_left">    boost_184-244</td>
<td headers="stat_n" class="gt_row gt_center">4,680,848</td>
<td headers="stat_nevent" class="gt_row gt_center">615</td>
<td headers="estimate" class="gt_row gt_center">1.00 (0.90 to 1.12)</td>
<td headers="p.value" class="gt_row gt_center">>0.99</td></tr>
    <tr><td headers="label" class="gt_row gt_left">    boost_245-305</td>
<td headers="stat_n" class="gt_row gt_center">3,640,564</td>
<td headers="stat_nevent" class="gt_row gt_center">336</td>
<td headers="estimate" class="gt_row gt_center">1.38 (1.20 to 1.58)</td>
<td headers="p.value" class="gt_row gt_center" style="font-weight: bold;"><0.001</td></tr>
    <tr><td headers="label" class="gt_row gt_left">    boost_306-366</td>
<td headers="stat_n" class="gt_row gt_center">569,006</td>
<td headers="stat_nevent" class="gt_row gt_center">18</td>
<td headers="estimate" class="gt_row gt_center">1.86 (1.15 to 3.02)</td>
<td headers="p.value" class="gt_row gt_center" style="font-weight: bold;">0.012</td></tr>
    <tr><td headers="label" class="gt_row gt_left">    full_001-061</td>
<td headers="stat_n" class="gt_row gt_center">8,003,040</td>
<td headers="stat_nevent" class="gt_row gt_center">739</td>
<td headers="estimate" class="gt_row gt_center">0.27 (0.26 to 0.30)</td>
<td headers="p.value" class="gt_row gt_center" style="font-weight: bold;"><0.001</td></tr>
    <tr><td headers="label" class="gt_row gt_left">    full_062-122</td>
<td headers="stat_n" class="gt_row gt_center">7,973,752</td>
<td headers="stat_nevent" class="gt_row gt_center">1658</td>
<td headers="estimate" class="gt_row gt_center">0.31 (0.29 to 0.32)</td>
<td headers="p.value" class="gt_row gt_center" style="font-weight: bold;"><0.001</td></tr>
    <tr><td headers="label" class="gt_row gt_left">    full_123-183</td>
<td headers="stat_n" class="gt_row gt_center">7,847,410</td>
<td headers="stat_nevent" class="gt_row gt_center">4837</td>
<td headers="estimate" class="gt_row gt_center">0.44 (0.43 to 0.46)</td>
<td headers="p.value" class="gt_row gt_center" style="font-weight: bold;"><0.001</td></tr>
    <tr><td headers="label" class="gt_row gt_left">    full_184-244</td>
<td headers="stat_n" class="gt_row gt_center">5,394,543</td>
<td headers="stat_nevent" class="gt_row gt_center">2864</td>
<td headers="estimate" class="gt_row gt_center">0.64 (0.62 to 0.67)</td>
<td headers="p.value" class="gt_row gt_center" style="font-weight: bold;"><0.001</td></tr>
    <tr><td headers="label" class="gt_row gt_left">    full_245-305</td>
<td headers="stat_n" class="gt_row gt_center">3,645,727</td>
<td headers="stat_nevent" class="gt_row gt_center">881</td>
<td headers="estimate" class="gt_row gt_center">0.79 (0.74 to 0.85)</td>
<td headers="p.value" class="gt_row gt_center" style="font-weight: bold;"><0.001</td></tr>
    <tr><td headers="label" class="gt_row gt_left">    full_306-366</td>
<td headers="stat_n" class="gt_row gt_center">2,719,837</td>
<td headers="stat_nevent" class="gt_row gt_center">245</td>
<td headers="estimate" class="gt_row gt_center">0.92 (0.81 to 1.05)</td>
<td headers="p.value" class="gt_row gt_center">0.20</td></tr>
    <tr><td headers="label" class="gt_row gt_left">    full_367-427</td>
<td headers="stat_n" class="gt_row gt_center">2,168,518</td>
<td headers="stat_nevent" class="gt_row gt_center">138</td>
<td headers="estimate" class="gt_row gt_center">1.06 (0.88 to 1.27)</td>
<td headers="p.value" class="gt_row gt_center">0.54</td></tr>
    <tr><td headers="label" class="gt_row gt_left">    full_428-488</td>
<td headers="stat_n" class="gt_row gt_center">847,685</td>
<td headers="stat_nevent" class="gt_row gt_center">31</td>
<td headers="estimate" class="gt_row gt_center">1.46 (1.02 to 2.10)</td>
<td headers="p.value" class="gt_row gt_center" style="font-weight: bold;">0.040</td></tr>
    <tr><td headers="label" class="gt_row gt_left">    full_489-549</td>
<td headers="stat_n" class="gt_row gt_center">122,907</td>
<td headers="stat_nevent" class="gt_row gt_center">11</td>
<td headers="estimate" class="gt_row gt_center">2.33 (1.28 to 4.24)</td>
<td headers="p.value" class="gt_row gt_center" style="font-weight: bold;">0.005</td></tr>
    <tr><td headers="label" class="gt_row gt_left">    full_550+</td>
<td headers="stat_n" class="gt_row gt_center">25,905</td>
<td headers="stat_nevent" class="gt_row gt_center">1</td>
<td headers="estimate" class="gt_row gt_center">2.19 (0.31 to 15.6)</td>
<td headers="p.value" class="gt_row gt_center">0.43</td></tr>
    <tr><td headers="label" class="gt_row gt_left">    partial_001-061</td>
<td headers="stat_n" class="gt_row gt_center">7,125,643</td>
<td headers="stat_nevent" class="gt_row gt_center">748</td>
<td headers="estimate" class="gt_row gt_center">0.48 (0.45 to 0.52)</td>
<td headers="p.value" class="gt_row gt_center" style="font-weight: bold;"><0.001</td></tr>
    <tr><td headers="label" class="gt_row gt_left">    partial_062+</td>
<td headers="stat_n" class="gt_row gt_center">676,042</td>
<td headers="stat_nevent" class="gt_row gt_center">125</td>
<td headers="estimate" class="gt_row gt_center">0.64 (0.53 to 0.76)</td>
<td headers="p.value" class="gt_row gt_center" style="font-weight: bold;"><0.001</td></tr>
    <tr><td headers="label" class="gt_row gt_left">    secboost_001-061</td>
<td headers="stat_n" class="gt_row gt_center">280,651</td>
<td headers="stat_nevent" class="gt_row gt_center">5</td>
<td headers="estimate" class="gt_row gt_center">0.34 (0.14 to 0.82)</td>
<td headers="p.value" class="gt_row gt_center" style="font-weight: bold;">0.017</td></tr>
    <tr><td headers="label" class="gt_row gt_left" style="font-weight: bold;">AgeGr</td>
<td headers="stat_n" class="gt_row gt_center"></td>
<td headers="stat_nevent" class="gt_row gt_center"></td>
<td headers="estimate" class="gt_row gt_center"></td>
<td headers="p.value" class="gt_row gt_center"></td></tr>
    <tr><td headers="label" class="gt_row gt_left">    _40-44</td>
<td headers="stat_n" class="gt_row gt_center">8,011,638</td>
<td headers="stat_nevent" class="gt_row gt_center">5384</td>
<td headers="estimate" class="gt_row gt_center">—</td>
<td headers="p.value" class="gt_row gt_center"></td></tr>
    <tr><td headers="label" class="gt_row gt_left">    0-11</td>
<td headers="stat_n" class="gt_row gt_center">3,885,567</td>
<td headers="stat_nevent" class="gt_row gt_center">320</td>
<td headers="estimate" class="gt_row gt_center">0.03 (0.02 to 0.03)</td>
<td headers="p.value" class="gt_row gt_center" style="font-weight: bold;"><0.001</td></tr>
    <tr><td headers="label" class="gt_row gt_left">    12-15</td>
<td headers="stat_n" class="gt_row gt_center">3,027,788</td>
<td headers="stat_nevent" class="gt_row gt_center">307</td>
<td headers="estimate" class="gt_row gt_center">0.10 (0.09 to 0.12)</td>
<td headers="p.value" class="gt_row gt_center" style="font-weight: bold;"><0.001</td></tr>
    <tr><td headers="label" class="gt_row gt_left">    16-17</td>
<td headers="stat_n" class="gt_row gt_center">1,624,471</td>
<td headers="stat_nevent" class="gt_row gt_center">167</td>
<td headers="estimate" class="gt_row gt_center">0.14 (0.12 to 0.16)</td>
<td headers="p.value" class="gt_row gt_center" style="font-weight: bold;"><0.001</td></tr>
    <tr><td headers="label" class="gt_row gt_left">    18-24</td>
<td headers="stat_n" class="gt_row gt_center">5,918,220</td>
<td headers="stat_nevent" class="gt_row gt_center">1311</td>
<td headers="estimate" class="gt_row gt_center">0.32 (0.31 to 0.34)</td>
<td headers="p.value" class="gt_row gt_center" style="font-weight: bold;"><0.001</td></tr>
    <tr><td headers="label" class="gt_row gt_left">    25-29</td>
<td headers="stat_n" class="gt_row gt_center">4,895,153</td>
<td headers="stat_nevent" class="gt_row gt_center">1841</td>
<td headers="estimate" class="gt_row gt_center">0.46 (0.44 to 0.49)</td>
<td headers="p.value" class="gt_row gt_center" style="font-weight: bold;"><0.001</td></tr>
    <tr><td headers="label" class="gt_row gt_left">    30-34</td>
<td headers="stat_n" class="gt_row gt_center">5,849,294</td>
<td headers="stat_nevent" class="gt_row gt_center">2608</td>
<td headers="estimate" class="gt_row gt_center">0.60 (0.57 to 0.63)</td>
<td headers="p.value" class="gt_row gt_center" style="font-weight: bold;"><0.001</td></tr>
    <tr><td headers="label" class="gt_row gt_left">    35-39</td>
<td headers="stat_n" class="gt_row gt_center">6,367,526</td>
<td headers="stat_nevent" class="gt_row gt_center">3562</td>
<td headers="estimate" class="gt_row gt_center">0.79 (0.76 to 0.83)</td>
<td headers="p.value" class="gt_row gt_center" style="font-weight: bold;"><0.001</td></tr>
    <tr><td headers="label" class="gt_row gt_left">    45-49</td>
<td headers="stat_n" class="gt_row gt_center">8,993,430</td>
<td headers="stat_nevent" class="gt_row gt_center">7242</td>
<td headers="estimate" class="gt_row gt_center">1.45 (1.40 to 1.51)</td>
<td headers="p.value" class="gt_row gt_center" style="font-weight: bold;"><0.001</td></tr>
    <tr><td headers="label" class="gt_row gt_left">    50-54</td>
<td headers="stat_n" class="gt_row gt_center">7,081,189</td>
<td headers="stat_nevent" class="gt_row gt_center">6491</td>
<td headers="estimate" class="gt_row gt_center">1.62 (1.56 to 1.68)</td>
<td headers="p.value" class="gt_row gt_center" style="font-weight: bold;"><0.001</td></tr>
    <tr><td headers="label" class="gt_row gt_left">    55-59</td>
<td headers="stat_n" class="gt_row gt_center">6,831,667</td>
<td headers="stat_nevent" class="gt_row gt_center">7201</td>
<td headers="estimate" class="gt_row gt_center">1.80 (1.74 to 1.87)</td>
<td headers="p.value" class="gt_row gt_center" style="font-weight: bold;"><0.001</td></tr>
    <tr><td headers="label" class="gt_row gt_left">    60-64</td>
<td headers="stat_n" class="gt_row gt_center">6,080,726</td>
<td headers="stat_nevent" class="gt_row gt_center">6153</td>
<td headers="estimate" class="gt_row gt_center">1.55 (1.50 to 1.61)</td>
<td headers="p.value" class="gt_row gt_center" style="font-weight: bold;"><0.001</td></tr>
    <tr><td headers="label" class="gt_row gt_left">    65-69</td>
<td headers="stat_n" class="gt_row gt_center">6,626,566</td>
<td headers="stat_nevent" class="gt_row gt_center">5886</td>
<td headers="estimate" class="gt_row gt_center">1.35 (1.30 to 1.40)</td>
<td headers="p.value" class="gt_row gt_center" style="font-weight: bold;"><0.001</td></tr>
    <tr><td headers="label" class="gt_row gt_left">    70-74</td>
<td headers="stat_n" class="gt_row gt_center">6,511,559</td>
<td headers="stat_nevent" class="gt_row gt_center">5491</td>
<td headers="estimate" class="gt_row gt_center">1.35 (1.30 to 1.40)</td>
<td headers="p.value" class="gt_row gt_center" style="font-weight: bold;"><0.001</td></tr>
    <tr><td headers="label" class="gt_row gt_left">    75-79</td>
<td headers="stat_n" class="gt_row gt_center">4,936,342</td>
<td headers="stat_nevent" class="gt_row gt_center">4181</td>
<td headers="estimate" class="gt_row gt_center">1.52 (1.46 to 1.59)</td>
<td headers="p.value" class="gt_row gt_center" style="font-weight: bold;"><0.001</td></tr>
    <tr><td headers="label" class="gt_row gt_left">    80+</td>
<td headers="stat_n" class="gt_row gt_center">5,220,530</td>
<td headers="stat_nevent" class="gt_row gt_center">3880</td>
<td headers="estimate" class="gt_row gt_center">1.19 (1.14 to 1.24)</td>
<td headers="p.value" class="gt_row gt_center" style="font-weight: bold;"><0.001</td></tr>
    <tr><td headers="label" class="gt_row gt_left" style="font-weight: bold;">Sex</td>
<td headers="stat_n" class="gt_row gt_center"></td>
<td headers="stat_nevent" class="gt_row gt_center"></td>
<td headers="estimate" class="gt_row gt_center"></td>
<td headers="p.value" class="gt_row gt_center"></td></tr>
    <tr><td headers="label" class="gt_row gt_left">    F</td>
<td headers="stat_n" class="gt_row gt_center">47,521,575</td>
<td headers="stat_nevent" class="gt_row gt_center">34486</td>
<td headers="estimate" class="gt_row gt_center">—</td>
<td headers="p.value" class="gt_row gt_center"></td></tr>
    <tr><td headers="label" class="gt_row gt_left">    M</td>
<td headers="stat_n" class="gt_row gt_center">44,340,091</td>
<td headers="stat_nevent" class="gt_row gt_center">27539</td>
<td headers="estimate" class="gt_row gt_center">0.84 (0.82 to 0.85)</td>
<td headers="p.value" class="gt_row gt_center" style="font-weight: bold;"><0.001</td></tr>
  </tbody>
  
  <tfoot class="gt_footnotes">
    <tr>
      <td class="gt_footnote" colspan="5"><sup class="gt_footnote_marks">1</sup> HR = Hazard Ratio, CI = Confidence Interval</td>
    </tr>
  </tfoot>
</table>
</div>
null device 
          1 
