<div id="ezxjuaskcw" style="padding-left:0px;padding-right:0px;padding-top:10px;padding-bottom:10px;overflow-x:auto;overflow-y:auto;width:auto;height:auto;">
  <style>html {
  font-family: -apple-system, BlinkMacSystemFont, 'Segoe UI', Roboto, Oxygen, Ubuntu, Cantarell, 'Helvetica Neue', 'Fira Sans', 'Droid Sans', Arial, sans-serif;
}

#ezxjuaskcw .gt_table {
  display: table;
  border-collapse: collapse;
  margin-left: auto;
  margin-right: auto;
  color: #333333;
  font-size: 16px;
  font-weight: normal;
  font-style: normal;
  background-color: #FFFFFF;
  width: auto;
  border-top-style: solid;
  border-top-width: 2px;
  border-top-color: #A8A8A8;
  border-right-style: none;
  border-right-width: 2px;
  border-right-color: #D3D3D3;
  border-bottom-style: solid;
  border-bottom-width: 2px;
  border-bottom-color: #A8A8A8;
  border-left-style: none;
  border-left-width: 2px;
  border-left-color: #D3D3D3;
}

#ezxjuaskcw .gt_heading {
  background-color: #FFFFFF;
  text-align: center;
  border-bottom-color: #FFFFFF;
  border-left-style: none;
  border-left-width: 1px;
  border-left-color: #D3D3D3;
  border-right-style: none;
  border-right-width: 1px;
  border-right-color: #D3D3D3;
}

#ezxjuaskcw .gt_caption {
  padding-top: 4px;
  padding-bottom: 4px;
}

#ezxjuaskcw .gt_title {
  color: #333333;
  font-size: 125%;
  font-weight: initial;
  padding-top: 4px;
  padding-bottom: 4px;
  padding-left: 5px;
  padding-right: 5px;
  border-bottom-color: #FFFFFF;
  border-bottom-width: 0;
}

#ezxjuaskcw .gt_subtitle {
  color: #333333;
  font-size: 85%;
  font-weight: initial;
  padding-top: 0;
  padding-bottom: 6px;
  padding-left: 5px;
  padding-right: 5px;
  border-top-color: #FFFFFF;
  border-top-width: 0;
}

#ezxjuaskcw .gt_bottom_border {
  border-bottom-style: solid;
  border-bottom-width: 2px;
  border-bottom-color: #D3D3D3;
}

#ezxjuaskcw .gt_col_headings {
  border-top-style: solid;
  border-top-width: 2px;
  border-top-color: #D3D3D3;
  border-bottom-style: solid;
  border-bottom-width: 2px;
  border-bottom-color: #D3D3D3;
  border-left-style: none;
  border-left-width: 1px;
  border-left-color: #D3D3D3;
  border-right-style: none;
  border-right-width: 1px;
  border-right-color: #D3D3D3;
}

#ezxjuaskcw .gt_col_heading {
  color: #333333;
  background-color: #FFFFFF;
  font-size: 100%;
  font-weight: normal;
  text-transform: inherit;
  border-left-style: none;
  border-left-width: 1px;
  border-left-color: #D3D3D3;
  border-right-style: none;
  border-right-width: 1px;
  border-right-color: #D3D3D3;
  vertical-align: bottom;
  padding-top: 5px;
  padding-bottom: 6px;
  padding-left: 5px;
  padding-right: 5px;
  overflow-x: hidden;
}

#ezxjuaskcw .gt_column_spanner_outer {
  color: #333333;
  background-color: #FFFFFF;
  font-size: 100%;
  font-weight: normal;
  text-transform: inherit;
  padding-top: 0;
  padding-bottom: 0;
  padding-left: 4px;
  padding-right: 4px;
}

#ezxjuaskcw .gt_column_spanner_outer:first-child {
  padding-left: 0;
}

#ezxjuaskcw .gt_column_spanner_outer:last-child {
  padding-right: 0;
}

#ezxjuaskcw .gt_column_spanner {
  border-bottom-style: solid;
  border-bottom-width: 2px;
  border-bottom-color: #D3D3D3;
  vertical-align: bottom;
  padding-top: 5px;
  padding-bottom: 5px;
  overflow-x: hidden;
  display: inline-block;
  width: 100%;
}

#ezxjuaskcw .gt_group_heading {
  padding-top: 8px;
  padding-bottom: 8px;
  padding-left: 5px;
  padding-right: 5px;
  color: #333333;
  background-color: #FFFFFF;
  font-size: 100%;
  font-weight: initial;
  text-transform: inherit;
  border-top-style: solid;
  border-top-width: 2px;
  border-top-color: #D3D3D3;
  border-bottom-style: solid;
  border-bottom-width: 2px;
  border-bottom-color: #D3D3D3;
  border-left-style: none;
  border-left-width: 1px;
  border-left-color: #D3D3D3;
  border-right-style: none;
  border-right-width: 1px;
  border-right-color: #D3D3D3;
  vertical-align: middle;
  text-align: left;
}

#ezxjuaskcw .gt_empty_group_heading {
  padding: 0.5px;
  color: #333333;
  background-color: #FFFFFF;
  font-size: 100%;
  font-weight: initial;
  border-top-style: solid;
  border-top-width: 2px;
  border-top-color: #D3D3D3;
  border-bottom-style: solid;
  border-bottom-width: 2px;
  border-bottom-color: #D3D3D3;
  vertical-align: middle;
}

#ezxjuaskcw .gt_from_md > :first-child {
  margin-top: 0;
}

#ezxjuaskcw .gt_from_md > :last-child {
  margin-bottom: 0;
}

#ezxjuaskcw .gt_row {
  padding-top: 8px;
  padding-bottom: 8px;
  padding-left: 5px;
  padding-right: 5px;
  margin: 10px;
  border-top-style: solid;
  border-top-width: 1px;
  border-top-color: #D3D3D3;
  border-left-style: none;
  border-left-width: 1px;
  border-left-color: #D3D3D3;
  border-right-style: none;
  border-right-width: 1px;
  border-right-color: #D3D3D3;
  vertical-align: middle;
  overflow-x: hidden;
}

#ezxjuaskcw .gt_stub {
  color: #333333;
  background-color: #FFFFFF;
  font-size: 100%;
  font-weight: initial;
  text-transform: inherit;
  border-right-style: solid;
  border-right-width: 2px;
  border-right-color: #D3D3D3;
  padding-left: 5px;
  padding-right: 5px;
}

#ezxjuaskcw .gt_stub_row_group {
  color: #333333;
  background-color: #FFFFFF;
  font-size: 100%;
  font-weight: initial;
  text-transform: inherit;
  border-right-style: solid;
  border-right-width: 2px;
  border-right-color: #D3D3D3;
  padding-left: 5px;
  padding-right: 5px;
  vertical-align: top;
}

#ezxjuaskcw .gt_row_group_first td {
  border-top-width: 2px;
}

#ezxjuaskcw .gt_summary_row {
  color: #333333;
  background-color: #FFFFFF;
  text-transform: inherit;
  padding-top: 8px;
  padding-bottom: 8px;
  padding-left: 5px;
  padding-right: 5px;
}

#ezxjuaskcw .gt_first_summary_row {
  border-top-style: solid;
  border-top-color: #D3D3D3;
}

#ezxjuaskcw .gt_first_summary_row.thick {
  border-top-width: 2px;
}

#ezxjuaskcw .gt_last_summary_row {
  padding-top: 8px;
  padding-bottom: 8px;
  padding-left: 5px;
  padding-right: 5px;
  border-bottom-style: solid;
  border-bottom-width: 2px;
  border-bottom-color: #D3D3D3;
}

#ezxjuaskcw .gt_grand_summary_row {
  color: #333333;
  background-color: #FFFFFF;
  text-transform: inherit;
  padding-top: 8px;
  padding-bottom: 8px;
  padding-left: 5px;
  padding-right: 5px;
}

#ezxjuaskcw .gt_first_grand_summary_row {
  padding-top: 8px;
  padding-bottom: 8px;
  padding-left: 5px;
  padding-right: 5px;
  border-top-style: double;
  border-top-width: 6px;
  border-top-color: #D3D3D3;
}

#ezxjuaskcw .gt_striped {
  background-color: rgba(128, 128, 128, 0.05);
}

#ezxjuaskcw .gt_table_body {
  border-top-style: solid;
  border-top-width: 2px;
  border-top-color: #D3D3D3;
  border-bottom-style: solid;
  border-bottom-width: 2px;
  border-bottom-color: #D3D3D3;
}

#ezxjuaskcw .gt_footnotes {
  color: #333333;
  background-color: #FFFFFF;
  border-bottom-style: none;
  border-bottom-width: 2px;
  border-bottom-color: #D3D3D3;
  border-left-style: none;
  border-left-width: 2px;
  border-left-color: #D3D3D3;
  border-right-style: none;
  border-right-width: 2px;
  border-right-color: #D3D3D3;
}

#ezxjuaskcw .gt_footnote {
  margin: 0px;
  font-size: 90%;
  padding-left: 4px;
  padding-right: 4px;
  padding-left: 5px;
  padding-right: 5px;
}

#ezxjuaskcw .gt_sourcenotes {
  color: #333333;
  background-color: #FFFFFF;
  border-bottom-style: none;
  border-bottom-width: 2px;
  border-bottom-color: #D3D3D3;
  border-left-style: none;
  border-left-width: 2px;
  border-left-color: #D3D3D3;
  border-right-style: none;
  border-right-width: 2px;
  border-right-color: #D3D3D3;
}

#ezxjuaskcw .gt_sourcenote {
  font-size: 90%;
  padding-top: 4px;
  padding-bottom: 4px;
  padding-left: 5px;
  padding-right: 5px;
}

#ezxjuaskcw .gt_left {
  text-align: left;
}

#ezxjuaskcw .gt_center {
  text-align: center;
}

#ezxjuaskcw .gt_right {
  text-align: right;
  font-variant-numeric: tabular-nums;
}

#ezxjuaskcw .gt_font_normal {
  font-weight: normal;
}

#ezxjuaskcw .gt_font_bold {
  font-weight: bold;
}

#ezxjuaskcw .gt_font_italic {
  font-style: italic;
}

#ezxjuaskcw .gt_super {
  font-size: 65%;
}

#ezxjuaskcw .gt_footnote_marks {
  font-style: italic;
  font-weight: normal;
  font-size: 75%;
  vertical-align: 0.4em;
}

#ezxjuaskcw .gt_asterisk {
  font-size: 100%;
  vertical-align: 0;
}

#ezxjuaskcw .gt_indent_1 {
  text-indent: 5px;
}

#ezxjuaskcw .gt_indent_2 {
  text-indent: 10px;
}

#ezxjuaskcw .gt_indent_3 {
  text-indent: 15px;
}

#ezxjuaskcw .gt_indent_4 {
  text-indent: 20px;
}

#ezxjuaskcw .gt_indent_5 {
  text-indent: 25px;
}
</style>
  <table class="gt_table">
  
  <thead class="gt_col_headings">
    <tr>
      <th class="gt_col_heading gt_columns_bottom_border gt_left" rowspan="1" colspan="1" scope="col" id="&lt;strong&gt;Characteristic&lt;/strong&gt;"><strong>Characteristic</strong></th>
      <th class="gt_col_heading gt_columns_bottom_border gt_center" rowspan="1" colspan="1" scope="col" id="&lt;strong&gt;N = 3,472,616&lt;/strong&gt;&lt;sup class=&quot;gt_footnote_marks&quot;&gt;1&lt;/sup&gt;"><strong>N = 3,472,616</strong><sup class="gt_footnote_marks">1</sup></th>
    </tr>
  </thead>
  <tbody class="gt_table_body">
    <tr><td headers="label" class="gt_row gt_left" style="font-weight: bold;">Infected</td>
<td headers="stat_0" class="gt_row gt_center">6,328 (0.2%)</td></tr>
    <tr><td headers="label" class="gt_row gt_left" style="font-weight: bold;">Immunity</td>
<td headers="stat_0" class="gt_row gt_center"></td></tr>
    <tr><td headers="label" class="gt_row gt_left">    _noimmunity</td>
<td headers="stat_0" class="gt_row gt_center">218,415 (6.3%)</td></tr>
    <tr><td headers="label" class="gt_row gt_left">    _other</td>
<td headers="stat_0" class="gt_row gt_center">69,227 (2.0%)</td></tr>
    <tr><td headers="label" class="gt_row gt_left">    boost_001-061</td>
<td headers="stat_0" class="gt_row gt_center">8,342 (0.2%)</td></tr>
    <tr><td headers="label" class="gt_row gt_left">    boost_062-122</td>
<td headers="stat_0" class="gt_row gt_center">18,124 (0.5%)</td></tr>
    <tr><td headers="label" class="gt_row gt_left">    boost_123-183</td>
<td headers="stat_0" class="gt_row gt_center">144,728 (4.2%)</td></tr>
    <tr><td headers="label" class="gt_row gt_left">    boost_184-244</td>
<td headers="stat_0" class="gt_row gt_center">299,832 (8.6%)</td></tr>
    <tr><td headers="label" class="gt_row gt_left">    boost_245-305</td>
<td headers="stat_0" class="gt_row gt_center">293,463 (8.5%)</td></tr>
    <tr><td headers="label" class="gt_row gt_left">    full_001-061</td>
<td headers="stat_0" class="gt_row gt_center">1,094 (&lt;0.1%)</td></tr>
    <tr><td headers="label" class="gt_row gt_left">    full_062-122</td>
<td headers="stat_0" class="gt_row gt_center">3,352 (&lt;0.1%)</td></tr>
    <tr><td headers="label" class="gt_row gt_left">    full_123-183</td>
<td headers="stat_0" class="gt_row gt_center">21,716 (0.6%)</td></tr>
    <tr><td headers="label" class="gt_row gt_left">    full_184-244</td>
<td headers="stat_0" class="gt_row gt_center">48,481 (1.4%)</td></tr>
    <tr><td headers="label" class="gt_row gt_left">    full_245-305</td>
<td headers="stat_0" class="gt_row gt_center">73,181 (2.1%)</td></tr>
    <tr><td headers="label" class="gt_row gt_left">    full_306-366</td>
<td headers="stat_0" class="gt_row gt_center">123,800 (3.6%)</td></tr>
    <tr><td headers="label" class="gt_row gt_left">    full_367-427</td>
<td headers="stat_0" class="gt_row gt_center">112,835 (3.2%)</td></tr>
    <tr><td headers="label" class="gt_row gt_left">    full_428-488</td>
<td headers="stat_0" class="gt_row gt_center">87,452 (2.5%)</td></tr>
    <tr><td headers="label" class="gt_row gt_left">    full_489-549</td>
<td headers="stat_0" class="gt_row gt_center">61,831 (1.8%)</td></tr>
    <tr><td headers="label" class="gt_row gt_left">    hybridboost_001-061</td>
<td headers="stat_0" class="gt_row gt_center">83,208 (2.4%)</td></tr>
    <tr><td headers="label" class="gt_row gt_left">    hybridboost_062-122</td>
<td headers="stat_0" class="gt_row gt_center">90,824 (2.6%)</td></tr>
    <tr><td headers="label" class="gt_row gt_left">    hybridboost_123-183</td>
<td headers="stat_0" class="gt_row gt_center">152,161 (4.4%)</td></tr>
    <tr><td headers="label" class="gt_row gt_left">    hybridboost_184-244</td>
<td headers="stat_0" class="gt_row gt_center">172,112 (5.0%)</td></tr>
    <tr><td headers="label" class="gt_row gt_left">    hybridboost_245-305</td>
<td headers="stat_0" class="gt_row gt_center">134,039 (3.9%)</td></tr>
    <tr><td headers="label" class="gt_row gt_left">    hybridfull_062-122</td>
<td headers="stat_0" class="gt_row gt_center">32,051 (0.9%)</td></tr>
    <tr><td headers="label" class="gt_row gt_left">    hybridfull_123-183</td>
<td headers="stat_0" class="gt_row gt_center">107,236 (3.1%)</td></tr>
    <tr><td headers="label" class="gt_row gt_left">    hybridfull_184-244</td>
<td headers="stat_0" class="gt_row gt_center">160,478 (4.6%)</td></tr>
    <tr><td headers="label" class="gt_row gt_left">    hybridfull_245-305</td>
<td headers="stat_0" class="gt_row gt_center">170,404 (4.9%)</td></tr>
    <tr><td headers="label" class="gt_row gt_left">    hybridfull_306-366</td>
<td headers="stat_0" class="gt_row gt_center">141,927 (4.1%)</td></tr>
    <tr><td headers="label" class="gt_row gt_left">    hybridfull_367-427</td>
<td headers="stat_0" class="gt_row gt_center">61,942 (1.8%)</td></tr>
    <tr><td headers="label" class="gt_row gt_left">    hybridfull_428-488</td>
<td headers="stat_0" class="gt_row gt_center">25,526 (0.7%)</td></tr>
    <tr><td headers="label" class="gt_row gt_left">    hybridfull_489-549</td>
<td headers="stat_0" class="gt_row gt_center">14,771 (0.4%)</td></tr>
    <tr><td headers="label" class="gt_row gt_left">    inf_062-122</td>
<td headers="stat_0" class="gt_row gt_center">20,954 (0.6%)</td></tr>
    <tr><td headers="label" class="gt_row gt_left">    inf_123-183</td>
<td headers="stat_0" class="gt_row gt_center">71,276 (2.1%)</td></tr>
    <tr><td headers="label" class="gt_row gt_left">    inf_184-244</td>
<td headers="stat_0" class="gt_row gt_center">109,588 (3.2%)</td></tr>
    <tr><td headers="label" class="gt_row gt_left">    inf_245-305</td>
<td headers="stat_0" class="gt_row gt_center">112,586 (3.2%)</td></tr>
    <tr><td headers="label" class="gt_row gt_left">    inf_306-366</td>
<td headers="stat_0" class="gt_row gt_center">100,206 (2.9%)</td></tr>
    <tr><td headers="label" class="gt_row gt_left">    inf_367-427</td>
<td headers="stat_0" class="gt_row gt_center">48,362 (1.4%)</td></tr>
    <tr><td headers="label" class="gt_row gt_left">    inf_428-488</td>
<td headers="stat_0" class="gt_row gt_center">18,645 (0.5%)</td></tr>
    <tr><td headers="label" class="gt_row gt_left">    inf_489-549</td>
<td headers="stat_0" class="gt_row gt_center">26,251 (0.8%)</td></tr>
    <tr><td headers="label" class="gt_row gt_left">    secboost_001-061</td>
<td headers="stat_0" class="gt_row gt_center">32,196 (0.9%)</td></tr>
    <tr><td headers="label" class="gt_row gt_left" style="font-weight: bold;">Sex</td>
<td headers="stat_0" class="gt_row gt_center"></td></tr>
    <tr><td headers="label" class="gt_row gt_left">    F</td>
<td headers="stat_0" class="gt_row gt_center">1,769,711 (51%)</td></tr>
    <tr><td headers="label" class="gt_row gt_left">    M</td>
<td headers="stat_0" class="gt_row gt_center">1,702,905 (49%)</td></tr>
  </tbody>
  
  <tfoot class="gt_footnotes">
    <tr>
      <td class="gt_footnote" colspan="2"><sup class="gt_footnote_marks">1</sup> n (%)</td>
    </tr>
  </tfoot>
</table>
</div>
 [1] "Immunity_other"              "Immunityboost_001-061"      
 [3] "Immunityboost_062-122"       "Immunityboost_123-183"      
 [5] "Immunityboost_184-244"       "Immunityboost_245-305"      
 [7] "Immunityfull_001-061"        "Immunityfull_062-122"       
 [9] "Immunityfull_123-183"        "Immunityfull_184-244"       
[11] "Immunityfull_245-305"        "Immunityfull_306-366"       
[13] "Immunityfull_367-427"        "Immunityfull_428-488"       
[15] "Immunityfull_489-549"        "Immunityhybridboost_001-061"
[17] "Immunityhybridboost_062-122" "Immunityhybridboost_123-183"
[19] "Immunityhybridboost_184-244" "Immunityhybridboost_245-305"
[21] "Immunityhybridfull_062-122"  "Immunityhybridfull_123-183" 
[23] "Immunityhybridfull_184-244"  "Immunityhybridfull_245-305" 
[25] "Immunityhybridfull_306-366"  "Immunityhybridfull_367-427" 
[27] "Immunityhybridfull_428-488"  "Immunityhybridfull_489-549" 
[29] "Immunityinf_062-122"         "Immunityinf_123-183"        
[31] "Immunityinf_184-244"         "Immunityinf_245-305"        
[33] "Immunityinf_306-366"         "Immunityinf_367-427"        
[35] "Immunityinf_428-488"         "Immunityinf_489-549"        
[37] "Immunitysecboost_001-061"    "AgeGr0-11"                  
[39] "AgeGr12-15"                  "AgeGr16-17"                 
[41] "AgeGr18-24"                  "AgeGr25-29"                 
[43] "AgeGr30-34"                  "AgeGr35-39"                 
[45] "AgeGr45-49"                  "AgeGr50-54"                 
[47] "AgeGr55-59"                  "AgeGr60-64"                 
[49] "AgeGr65-69"                  "AgeGr70-74"                 
[51] "AgeGr75-79"                  "AgeGr80+"                   
[53] "SexM"                       
