<div id="wbqntxcyrf" style="padding-left:0px;padding-right:0px;padding-top:10px;padding-bottom:10px;overflow-x:auto;overflow-y:auto;width:auto;height:auto;">
  <style>html {
  font-family: -apple-system, BlinkMacSystemFont, 'Segoe UI', Roboto, Oxygen, Ubuntu, Cantarell, 'Helvetica Neue', 'Fira Sans', 'Droid Sans', Arial, sans-serif;
}

#wbqntxcyrf .gt_table {
  display: table;
  border-collapse: collapse;
  margin-left: auto;
  margin-right: auto;
  color: #333333;
  font-size: 16px;
  font-weight: normal;
  font-style: normal;
  background-color: #FFFFFF;
  width: auto;
  border-top-style: solid;
  border-top-width: 2px;
  border-top-color: #A8A8A8;
  border-right-style: none;
  border-right-width: 2px;
  border-right-color: #D3D3D3;
  border-bottom-style: solid;
  border-bottom-width: 2px;
  border-bottom-color: #A8A8A8;
  border-left-style: none;
  border-left-width: 2px;
  border-left-color: #D3D3D3;
}

#wbqntxcyrf .gt_heading {
  background-color: #FFFFFF;
  text-align: center;
  border-bottom-color: #FFFFFF;
  border-left-style: none;
  border-left-width: 1px;
  border-left-color: #D3D3D3;
  border-right-style: none;
  border-right-width: 1px;
  border-right-color: #D3D3D3;
}

#wbqntxcyrf .gt_caption {
  padding-top: 4px;
  padding-bottom: 4px;
}

#wbqntxcyrf .gt_title {
  color: #333333;
  font-size: 125%;
  font-weight: initial;
  padding-top: 4px;
  padding-bottom: 4px;
  padding-left: 5px;
  padding-right: 5px;
  border-bottom-color: #FFFFFF;
  border-bottom-width: 0;
}

#wbqntxcyrf .gt_subtitle {
  color: #333333;
  font-size: 85%;
  font-weight: initial;
  padding-top: 0;
  padding-bottom: 6px;
  padding-left: 5px;
  padding-right: 5px;
  border-top-color: #FFFFFF;
  border-top-width: 0;
}

#wbqntxcyrf .gt_bottom_border {
  border-bottom-style: solid;
  border-bottom-width: 2px;
  border-bottom-color: #D3D3D3;
}

#wbqntxcyrf .gt_col_headings {
  border-top-style: solid;
  border-top-width: 2px;
  border-top-color: #D3D3D3;
  border-bottom-style: solid;
  border-bottom-width: 2px;
  border-bottom-color: #D3D3D3;
  border-left-style: none;
  border-left-width: 1px;
  border-left-color: #D3D3D3;
  border-right-style: none;
  border-right-width: 1px;
  border-right-color: #D3D3D3;
}

#wbqntxcyrf .gt_col_heading {
  color: #333333;
  background-color: #FFFFFF;
  font-size: 100%;
  font-weight: normal;
  text-transform: inherit;
  border-left-style: none;
  border-left-width: 1px;
  border-left-color: #D3D3D3;
  border-right-style: none;
  border-right-width: 1px;
  border-right-color: #D3D3D3;
  vertical-align: bottom;
  padding-top: 5px;
  padding-bottom: 6px;
  padding-left: 5px;
  padding-right: 5px;
  overflow-x: hidden;
}

#wbqntxcyrf .gt_column_spanner_outer {
  color: #333333;
  background-color: #FFFFFF;
  font-size: 100%;
  font-weight: normal;
  text-transform: inherit;
  padding-top: 0;
  padding-bottom: 0;
  padding-left: 4px;
  padding-right: 4px;
}

#wbqntxcyrf .gt_column_spanner_outer:first-child {
  padding-left: 0;
}

#wbqntxcyrf .gt_column_spanner_outer:last-child {
  padding-right: 0;
}

#wbqntxcyrf .gt_column_spanner {
  border-bottom-style: solid;
  border-bottom-width: 2px;
  border-bottom-color: #D3D3D3;
  vertical-align: bottom;
  padding-top: 5px;
  padding-bottom: 5px;
  overflow-x: hidden;
  display: inline-block;
  width: 100%;
}

#wbqntxcyrf .gt_group_heading {
  padding-top: 8px;
  padding-bottom: 8px;
  padding-left: 5px;
  padding-right: 5px;
  color: #333333;
  background-color: #FFFFFF;
  font-size: 100%;
  font-weight: initial;
  text-transform: inherit;
  border-top-style: solid;
  border-top-width: 2px;
  border-top-color: #D3D3D3;
  border-bottom-style: solid;
  border-bottom-width: 2px;
  border-bottom-color: #D3D3D3;
  border-left-style: none;
  border-left-width: 1px;
  border-left-color: #D3D3D3;
  border-right-style: none;
  border-right-width: 1px;
  border-right-color: #D3D3D3;
  vertical-align: middle;
  text-align: left;
}

#wbqntxcyrf .gt_empty_group_heading {
  padding: 0.5px;
  color: #333333;
  background-color: #FFFFFF;
  font-size: 100%;
  font-weight: initial;
  border-top-style: solid;
  border-top-width: 2px;
  border-top-color: #D3D3D3;
  border-bottom-style: solid;
  border-bottom-width: 2px;
  border-bottom-color: #D3D3D3;
  vertical-align: middle;
}

#wbqntxcyrf .gt_from_md > :first-child {
  margin-top: 0;
}

#wbqntxcyrf .gt_from_md > :last-child {
  margin-bottom: 0;
}

#wbqntxcyrf .gt_row {
  padding-top: 8px;
  padding-bottom: 8px;
  padding-left: 5px;
  padding-right: 5px;
  margin: 10px;
  border-top-style: solid;
  border-top-width: 1px;
  border-top-color: #D3D3D3;
  border-left-style: none;
  border-left-width: 1px;
  border-left-color: #D3D3D3;
  border-right-style: none;
  border-right-width: 1px;
  border-right-color: #D3D3D3;
  vertical-align: middle;
  overflow-x: hidden;
}

#wbqntxcyrf .gt_stub {
  color: #333333;
  background-color: #FFFFFF;
  font-size: 100%;
  font-weight: initial;
  text-transform: inherit;
  border-right-style: solid;
  border-right-width: 2px;
  border-right-color: #D3D3D3;
  padding-left: 5px;
  padding-right: 5px;
}

#wbqntxcyrf .gt_stub_row_group {
  color: #333333;
  background-color: #FFFFFF;
  font-size: 100%;
  font-weight: initial;
  text-transform: inherit;
  border-right-style: solid;
  border-right-width: 2px;
  border-right-color: #D3D3D3;
  padding-left: 5px;
  padding-right: 5px;
  vertical-align: top;
}

#wbqntxcyrf .gt_row_group_first td {
  border-top-width: 2px;
}

#wbqntxcyrf .gt_summary_row {
  color: #333333;
  background-color: #FFFFFF;
  text-transform: inherit;
  padding-top: 8px;
  padding-bottom: 8px;
  padding-left: 5px;
  padding-right: 5px;
}

#wbqntxcyrf .gt_first_summary_row {
  border-top-style: solid;
  border-top-color: #D3D3D3;
}

#wbqntxcyrf .gt_first_summary_row.thick {
  border-top-width: 2px;
}

#wbqntxcyrf .gt_last_summary_row {
  padding-top: 8px;
  padding-bottom: 8px;
  padding-left: 5px;
  padding-right: 5px;
  border-bottom-style: solid;
  border-bottom-width: 2px;
  border-bottom-color: #D3D3D3;
}

#wbqntxcyrf .gt_grand_summary_row {
  color: #333333;
  background-color: #FFFFFF;
  text-transform: inherit;
  padding-top: 8px;
  padding-bottom: 8px;
  padding-left: 5px;
  padding-right: 5px;
}

#wbqntxcyrf .gt_first_grand_summary_row {
  padding-top: 8px;
  padding-bottom: 8px;
  padding-left: 5px;
  padding-right: 5px;
  border-top-style: double;
  border-top-width: 6px;
  border-top-color: #D3D3D3;
}

#wbqntxcyrf .gt_striped {
  background-color: rgba(128, 128, 128, 0.05);
}

#wbqntxcyrf .gt_table_body {
  border-top-style: solid;
  border-top-width: 2px;
  border-top-color: #D3D3D3;
  border-bottom-style: solid;
  border-bottom-width: 2px;
  border-bottom-color: #D3D3D3;
}

#wbqntxcyrf .gt_footnotes {
  color: #333333;
  background-color: #FFFFFF;
  border-bottom-style: none;
  border-bottom-width: 2px;
  border-bottom-color: #D3D3D3;
  border-left-style: none;
  border-left-width: 2px;
  border-left-color: #D3D3D3;
  border-right-style: none;
  border-right-width: 2px;
  border-right-color: #D3D3D3;
}

#wbqntxcyrf .gt_footnote {
  margin: 0px;
  font-size: 90%;
  padding-left: 4px;
  padding-right: 4px;
  padding-left: 5px;
  padding-right: 5px;
}

#wbqntxcyrf .gt_sourcenotes {
  color: #333333;
  background-color: #FFFFFF;
  border-bottom-style: none;
  border-bottom-width: 2px;
  border-bottom-color: #D3D3D3;
  border-left-style: none;
  border-left-width: 2px;
  border-left-color: #D3D3D3;
  border-right-style: none;
  border-right-width: 2px;
  border-right-color: #D3D3D3;
}

#wbqntxcyrf .gt_sourcenote {
  font-size: 90%;
  padding-top: 4px;
  padding-bottom: 4px;
  padding-left: 5px;
  padding-right: 5px;
}

#wbqntxcyrf .gt_left {
  text-align: left;
}

#wbqntxcyrf .gt_center {
  text-align: center;
}

#wbqntxcyrf .gt_right {
  text-align: right;
  font-variant-numeric: tabular-nums;
}

#wbqntxcyrf .gt_font_normal {
  font-weight: normal;
}

#wbqntxcyrf .gt_font_bold {
  font-weight: bold;
}

#wbqntxcyrf .gt_font_italic {
  font-style: italic;
}

#wbqntxcyrf .gt_super {
  font-size: 65%;
}

#wbqntxcyrf .gt_footnote_marks {
  font-style: italic;
  font-weight: normal;
  font-size: 75%;
  vertical-align: 0.4em;
}

#wbqntxcyrf .gt_asterisk {
  font-size: 100%;
  vertical-align: 0;
}

#wbqntxcyrf .gt_indent_1 {
  text-indent: 5px;
}

#wbqntxcyrf .gt_indent_2 {
  text-indent: 10px;
}

#wbqntxcyrf .gt_indent_3 {
  text-indent: 15px;
}

#wbqntxcyrf .gt_indent_4 {
  text-indent: 20px;
}

#wbqntxcyrf .gt_indent_5 {
  text-indent: 25px;
}
</style>
  <table class="gt_table">
  
  <thead class="gt_col_headings">
    <tr>
      <th class="gt_col_heading gt_columns_bottom_border gt_left" rowspan="1" colspan="1" scope="col" id="&lt;strong&gt;Characteristic&lt;/strong&gt;"><strong>Characteristic</strong></th>
      <th class="gt_col_heading gt_columns_bottom_border gt_center" rowspan="1" colspan="1" scope="col" id="&lt;strong&gt;N = 9,963,605&lt;/strong&gt;&lt;sup class=&quot;gt_footnote_marks&quot;&gt;1&lt;/sup&gt;"><strong>N = 9,963,605</strong><sup class="gt_footnote_marks">1</sup></th>
    </tr>
  </thead>
  <tbody class="gt_table_body">
    <tr><td headers="label" class="gt_row gt_left" style="font-weight: bold;">Infected</td>
<td headers="stat_0" class="gt_row gt_center">26,280 (0.3%)</td></tr>
    <tr><td headers="label" class="gt_row gt_left" style="font-weight: bold;">Immunity</td>
<td headers="stat_0" class="gt_row gt_center"></td></tr>
    <tr><td headers="label" class="gt_row gt_left">    _noimmunity</td>
<td headers="stat_0" class="gt_row gt_center">553,851 (5.6%)</td></tr>
    <tr><td headers="label" class="gt_row gt_left">    _other</td>
<td headers="stat_0" class="gt_row gt_center">542,586 (5.4%)</td></tr>
    <tr><td headers="label" class="gt_row gt_left">    bnew_001-061</td>
<td headers="stat_0" class="gt_row gt_center">1,704 (&lt;0.1%)</td></tr>
    <tr><td headers="label" class="gt_row gt_left">    boost_001-061</td>
<td headers="stat_0" class="gt_row gt_center">162,634 (1.6%)</td></tr>
    <tr><td headers="label" class="gt_row gt_left">    boost_062-122</td>
<td headers="stat_0" class="gt_row gt_center">149,072 (1.5%)</td></tr>
    <tr><td headers="label" class="gt_row gt_left">    boost_123-183</td>
<td headers="stat_0" class="gt_row gt_center">143,734 (1.4%)</td></tr>
    <tr><td headers="label" class="gt_row gt_left">    boost_184-244</td>
<td headers="stat_0" class="gt_row gt_center">141,603 (1.4%)</td></tr>
    <tr><td headers="label" class="gt_row gt_left">    boost_245-305</td>
<td headers="stat_0" class="gt_row gt_center">138,138 (1.4%)</td></tr>
    <tr><td headers="label" class="gt_row gt_left">    boost_306-366</td>
<td headers="stat_0" class="gt_row gt_center">132,857 (1.3%)</td></tr>
    <tr><td headers="label" class="gt_row gt_left">    boost_367-427</td>
<td headers="stat_0" class="gt_row gt_center">125,250 (1.3%)</td></tr>
    <tr><td headers="label" class="gt_row gt_left">    boost_428-488</td>
<td headers="stat_0" class="gt_row gt_center">117,563 (1.2%)</td></tr>
    <tr><td headers="label" class="gt_row gt_left">    boost_489-549</td>
<td headers="stat_0" class="gt_row gt_center">105,758 (1.1%)</td></tr>
    <tr><td headers="label" class="gt_row gt_left">    full_001-061</td>
<td headers="stat_0" class="gt_row gt_center">115,760 (1.2%)</td></tr>
    <tr><td headers="label" class="gt_row gt_left">    full_062-122</td>
<td headers="stat_0" class="gt_row gt_center">319,527 (3.2%)</td></tr>
    <tr><td headers="label" class="gt_row gt_left">    full_123-183</td>
<td headers="stat_0" class="gt_row gt_center">390,091 (3.9%)</td></tr>
    <tr><td headers="label" class="gt_row gt_left">    full_184-244</td>
<td headers="stat_0" class="gt_row gt_center">258,945 (2.6%)</td></tr>
    <tr><td headers="label" class="gt_row gt_left">    full_245-305</td>
<td headers="stat_0" class="gt_row gt_center">210,541 (2.1%)</td></tr>
    <tr><td headers="label" class="gt_row gt_left">    full_306-366</td>
<td headers="stat_0" class="gt_row gt_center">193,457 (1.9%)</td></tr>
    <tr><td headers="label" class="gt_row gt_left">    full_367-427</td>
<td headers="stat_0" class="gt_row gt_center">186,316 (1.9%)</td></tr>
    <tr><td headers="label" class="gt_row gt_left">    full_428-488</td>
<td headers="stat_0" class="gt_row gt_center">183,794 (1.8%)</td></tr>
    <tr><td headers="label" class="gt_row gt_left">    full_489-549</td>
<td headers="stat_0" class="gt_row gt_center">176,877 (1.8%)</td></tr>
    <tr><td headers="label" class="gt_row gt_left">    hybridboost_001-061</td>
<td headers="stat_0" class="gt_row gt_center">181,218 (1.8%)</td></tr>
    <tr><td headers="label" class="gt_row gt_left">    hybridboost_062-122</td>
<td headers="stat_0" class="gt_row gt_center">175,571 (1.8%)</td></tr>
    <tr><td headers="label" class="gt_row gt_left">    hybridboost_123-183</td>
<td headers="stat_0" class="gt_row gt_center">162,765 (1.6%)</td></tr>
    <tr><td headers="label" class="gt_row gt_left">    hybridboost_184-244</td>
<td headers="stat_0" class="gt_row gt_center">147,252 (1.5%)</td></tr>
    <tr><td headers="label" class="gt_row gt_left">    hybridboost_245-305</td>
<td headers="stat_0" class="gt_row gt_center">126,479 (1.3%)</td></tr>
    <tr><td headers="label" class="gt_row gt_left">    hybridboost_306-366</td>
<td headers="stat_0" class="gt_row gt_center">108,127 (1.1%)</td></tr>
    <tr><td headers="label" class="gt_row gt_left">    hybridboost_367-427</td>
<td headers="stat_0" class="gt_row gt_center">93,210 (0.9%)</td></tr>
    <tr><td headers="label" class="gt_row gt_left">    hybridboost_428-488</td>
<td headers="stat_0" class="gt_row gt_center">79,428 (0.8%)</td></tr>
    <tr><td headers="label" class="gt_row gt_left">    hybridboost_489-549</td>
<td headers="stat_0" class="gt_row gt_center">47,252 (0.5%)</td></tr>
    <tr><td headers="label" class="gt_row gt_left">    hybridfull_001-061</td>
<td headers="stat_0" class="gt_row gt_center">296,476 (3.0%)</td></tr>
    <tr><td headers="label" class="gt_row gt_left">    hybridfull_062-122</td>
<td headers="stat_0" class="gt_row gt_center">354,767 (3.6%)</td></tr>
    <tr><td headers="label" class="gt_row gt_left">    hybridfull_123-183</td>
<td headers="stat_0" class="gt_row gt_center">392,259 (3.9%)</td></tr>
    <tr><td headers="label" class="gt_row gt_left">    hybridfull_184-244</td>
<td headers="stat_0" class="gt_row gt_center">331,955 (3.3%)</td></tr>
    <tr><td headers="label" class="gt_row gt_left">    hybridfull_245-305</td>
<td headers="stat_0" class="gt_row gt_center">296,061 (3.0%)</td></tr>
    <tr><td headers="label" class="gt_row gt_left">    hybridfull_306-366</td>
<td headers="stat_0" class="gt_row gt_center">262,847 (2.6%)</td></tr>
    <tr><td headers="label" class="gt_row gt_left">    hybridfull_367-427</td>
<td headers="stat_0" class="gt_row gt_center">223,268 (2.2%)</td></tr>
    <tr><td headers="label" class="gt_row gt_left">    hybridfull_428-488</td>
<td headers="stat_0" class="gt_row gt_center">171,691 (1.7%)</td></tr>
    <tr><td headers="label" class="gt_row gt_left">    hybridfull_489-549</td>
<td headers="stat_0" class="gt_row gt_center">132,031 (1.3%)</td></tr>
    <tr><td headers="label" class="gt_row gt_left">    inf_062-122</td>
<td headers="stat_0" class="gt_row gt_center">230,242 (2.3%)</td></tr>
    <tr><td headers="label" class="gt_row gt_left">    inf_123-183</td>
<td headers="stat_0" class="gt_row gt_center">224,417 (2.3%)</td></tr>
    <tr><td headers="label" class="gt_row gt_left">    inf_184-244</td>
<td headers="stat_0" class="gt_row gt_center">229,663 (2.3%)</td></tr>
    <tr><td headers="label" class="gt_row gt_left">    inf_245-305</td>
<td headers="stat_0" class="gt_row gt_center">261,772 (2.6%)</td></tr>
    <tr><td headers="label" class="gt_row gt_left">    inf_306-366</td>
<td headers="stat_0" class="gt_row gt_center">271,852 (2.7%)</td></tr>
    <tr><td headers="label" class="gt_row gt_left">    inf_367-427</td>
<td headers="stat_0" class="gt_row gt_center">275,466 (2.8%)</td></tr>
    <tr><td headers="label" class="gt_row gt_left">    inf_428-488</td>
<td headers="stat_0" class="gt_row gt_center">268,815 (2.7%)</td></tr>
    <tr><td headers="label" class="gt_row gt_left">    inf_489-549</td>
<td headers="stat_0" class="gt_row gt_center">245,078 (2.5%)</td></tr>
    <tr><td headers="label" class="gt_row gt_left">    secbnew_001-061</td>
<td headers="stat_0" class="gt_row gt_center">3,971 (&lt;0.1%)</td></tr>
    <tr><td headers="label" class="gt_row gt_left">    secbnew_062-122</td>
<td headers="stat_0" class="gt_row gt_center">3,866 (&lt;0.1%)</td></tr>
    <tr><td headers="label" class="gt_row gt_left">    secbnew_123-183</td>
<td headers="stat_0" class="gt_row gt_center">3,773 (&lt;0.1%)</td></tr>
    <tr><td headers="label" class="gt_row gt_left">    secboost_001-061</td>
<td headers="stat_0" class="gt_row gt_center">3,062 (&lt;0.1%)</td></tr>
    <tr><td headers="label" class="gt_row gt_left">    secboost_062-122</td>
<td headers="stat_0" class="gt_row gt_center">3,074 (&lt;0.1%)</td></tr>
    <tr><td headers="label" class="gt_row gt_left">    secboost_123-183</td>
<td headers="stat_0" class="gt_row gt_center">2,964 (&lt;0.1%)</td></tr>
    <tr><td headers="label" class="gt_row gt_left">    secboost_184-244</td>
<td headers="stat_0" class="gt_row gt_center">2,875 (&lt;0.1%)</td></tr>
    <tr><td headers="label" class="gt_row gt_left" style="font-weight: bold;">Sex</td>
<td headers="stat_0" class="gt_row gt_center"></td></tr>
    <tr><td headers="label" class="gt_row gt_left">    F</td>
<td headers="stat_0" class="gt_row gt_center">4,892,492 (49%)</td></tr>
    <tr><td headers="label" class="gt_row gt_left">    M</td>
<td headers="stat_0" class="gt_row gt_center">5,071,113 (51%)</td></tr>
  </tbody>
  
  <tfoot class="gt_footnotes">
    <tr>
      <td class="gt_footnote" colspan="2"><sup class="gt_footnote_marks">1</sup> n (%)</td>
    </tr>
  </tfoot>
</table>
</div>
 [1] "Immunity_other"              "Immunitybnew_001-061"       
 [3] "Immunityboost_001-061"       "Immunityboost_062-122"      
 [5] "Immunityboost_123-183"       "Immunityboost_184-244"      
 [7] "Immunityboost_245-305"       "Immunityboost_306-366"      
 [9] "Immunityboost_367-427"       "Immunityboost_428-488"      
[11] "Immunityboost_489-549"       "Immunityfull_001-061"       
[13] "Immunityfull_062-122"        "Immunityfull_123-183"       
[15] "Immunityfull_184-244"        "Immunityfull_245-305"       
[17] "Immunityfull_306-366"        "Immunityfull_367-427"       
[19] "Immunityfull_428-488"        "Immunityfull_489-549"       
[21] "Immunityhybridboost_001-061" "Immunityhybridboost_062-122"
[23] "Immunityhybridboost_123-183" "Immunityhybridboost_184-244"
[25] "Immunityhybridboost_245-305" "Immunityhybridboost_306-366"
[27] "Immunityhybridboost_367-427" "Immunityhybridboost_428-488"
[29] "Immunityhybridboost_489-549" "Immunityhybridfull_001-061" 
[31] "Immunityhybridfull_062-122"  "Immunityhybridfull_123-183" 
[33] "Immunityhybridfull_184-244"  "Immunityhybridfull_245-305" 
[35] "Immunityhybridfull_306-366"  "Immunityhybridfull_367-427" 
[37] "Immunityhybridfull_428-488"  "Immunityhybridfull_489-549" 
[39] "Immunityinf_062-122"         "Immunityinf_123-183"        
[41] "Immunityinf_184-244"         "Immunityinf_245-305"        
[43] "Immunityinf_306-366"         "Immunityinf_367-427"        
[45] "Immunityinf_428-488"         "Immunityinf_489-549"        
[47] "Immunitysecbnew_001-061"     "Immunitysecbnew_062-122"    
[49] "Immunitysecbnew_123-183"     "Immunitysecboost_001-061"   
[51] "Immunitysecboost_062-122"    "Immunitysecboost_123-183"   
[53] "Immunitysecboost_184-244"    "AgeGr0-11"                  
[55] "AgeGr12-15"                  "AgeGr16-17"                 
[57] "AgeGr18-24"                  "AgeGr25-29"                 
[59] "AgeGr30-34"                  "AgeGr35-39"                 
[61] "SexM"                       
