<div id="iycywigndp" style="padding-left:0px;padding-right:0px;padding-top:10px;padding-bottom:10px;overflow-x:auto;overflow-y:auto;width:auto;height:auto;">
  <style>html {
  font-family: -apple-system, BlinkMacSystemFont, 'Segoe UI', Roboto, Oxygen, Ubuntu, Cantarell, 'Helvetica Neue', 'Fira Sans', 'Droid Sans', Arial, sans-serif;
}

#iycywigndp .gt_table {
  display: table;
  border-collapse: collapse;
  margin-left: auto;
  margin-right: auto;
  color: #333333;
  font-size: 16px;
  font-weight: normal;
  font-style: normal;
  background-color: #FFFFFF;
  width: auto;
  border-top-style: solid;
  border-top-width: 2px;
  border-top-color: #A8A8A8;
  border-right-style: none;
  border-right-width: 2px;
  border-right-color: #D3D3D3;
  border-bottom-style: solid;
  border-bottom-width: 2px;
  border-bottom-color: #A8A8A8;
  border-left-style: none;
  border-left-width: 2px;
  border-left-color: #D3D3D3;
}

#iycywigndp .gt_heading {
  background-color: #FFFFFF;
  text-align: center;
  border-bottom-color: #FFFFFF;
  border-left-style: none;
  border-left-width: 1px;
  border-left-color: #D3D3D3;
  border-right-style: none;
  border-right-width: 1px;
  border-right-color: #D3D3D3;
}

#iycywigndp .gt_caption {
  padding-top: 4px;
  padding-bottom: 4px;
}

#iycywigndp .gt_title {
  color: #333333;
  font-size: 125%;
  font-weight: initial;
  padding-top: 4px;
  padding-bottom: 4px;
  padding-left: 5px;
  padding-right: 5px;
  border-bottom-color: #FFFFFF;
  border-bottom-width: 0;
}

#iycywigndp .gt_subtitle {
  color: #333333;
  font-size: 85%;
  font-weight: initial;
  padding-top: 0;
  padding-bottom: 6px;
  padding-left: 5px;
  padding-right: 5px;
  border-top-color: #FFFFFF;
  border-top-width: 0;
}

#iycywigndp .gt_bottom_border {
  border-bottom-style: solid;
  border-bottom-width: 2px;
  border-bottom-color: #D3D3D3;
}

#iycywigndp .gt_col_headings {
  border-top-style: solid;
  border-top-width: 2px;
  border-top-color: #D3D3D3;
  border-bottom-style: solid;
  border-bottom-width: 2px;
  border-bottom-color: #D3D3D3;
  border-left-style: none;
  border-left-width: 1px;
  border-left-color: #D3D3D3;
  border-right-style: none;
  border-right-width: 1px;
  border-right-color: #D3D3D3;
}

#iycywigndp .gt_col_heading {
  color: #333333;
  background-color: #FFFFFF;
  font-size: 100%;
  font-weight: normal;
  text-transform: inherit;
  border-left-style: none;
  border-left-width: 1px;
  border-left-color: #D3D3D3;
  border-right-style: none;
  border-right-width: 1px;
  border-right-color: #D3D3D3;
  vertical-align: bottom;
  padding-top: 5px;
  padding-bottom: 6px;
  padding-left: 5px;
  padding-right: 5px;
  overflow-x: hidden;
}

#iycywigndp .gt_column_spanner_outer {
  color: #333333;
  background-color: #FFFFFF;
  font-size: 100%;
  font-weight: normal;
  text-transform: inherit;
  padding-top: 0;
  padding-bottom: 0;
  padding-left: 4px;
  padding-right: 4px;
}

#iycywigndp .gt_column_spanner_outer:first-child {
  padding-left: 0;
}

#iycywigndp .gt_column_spanner_outer:last-child {
  padding-right: 0;
}

#iycywigndp .gt_column_spanner {
  border-bottom-style: solid;
  border-bottom-width: 2px;
  border-bottom-color: #D3D3D3;
  vertical-align: bottom;
  padding-top: 5px;
  padding-bottom: 5px;
  overflow-x: hidden;
  display: inline-block;
  width: 100%;
}

#iycywigndp .gt_group_heading {
  padding-top: 8px;
  padding-bottom: 8px;
  padding-left: 5px;
  padding-right: 5px;
  color: #333333;
  background-color: #FFFFFF;
  font-size: 100%;
  font-weight: initial;
  text-transform: inherit;
  border-top-style: solid;
  border-top-width: 2px;
  border-top-color: #D3D3D3;
  border-bottom-style: solid;
  border-bottom-width: 2px;
  border-bottom-color: #D3D3D3;
  border-left-style: none;
  border-left-width: 1px;
  border-left-color: #D3D3D3;
  border-right-style: none;
  border-right-width: 1px;
  border-right-color: #D3D3D3;
  vertical-align: middle;
  text-align: left;
}

#iycywigndp .gt_empty_group_heading {
  padding: 0.5px;
  color: #333333;
  background-color: #FFFFFF;
  font-size: 100%;
  font-weight: initial;
  border-top-style: solid;
  border-top-width: 2px;
  border-top-color: #D3D3D3;
  border-bottom-style: solid;
  border-bottom-width: 2px;
  border-bottom-color: #D3D3D3;
  vertical-align: middle;
}

#iycywigndp .gt_from_md > :first-child {
  margin-top: 0;
}

#iycywigndp .gt_from_md > :last-child {
  margin-bottom: 0;
}

#iycywigndp .gt_row {
  padding-top: 8px;
  padding-bottom: 8px;
  padding-left: 5px;
  padding-right: 5px;
  margin: 10px;
  border-top-style: solid;
  border-top-width: 1px;
  border-top-color: #D3D3D3;
  border-left-style: none;
  border-left-width: 1px;
  border-left-color: #D3D3D3;
  border-right-style: none;
  border-right-width: 1px;
  border-right-color: #D3D3D3;
  vertical-align: middle;
  overflow-x: hidden;
}

#iycywigndp .gt_stub {
  color: #333333;
  background-color: #FFFFFF;
  font-size: 100%;
  font-weight: initial;
  text-transform: inherit;
  border-right-style: solid;
  border-right-width: 2px;
  border-right-color: #D3D3D3;
  padding-left: 5px;
  padding-right: 5px;
}

#iycywigndp .gt_stub_row_group {
  color: #333333;
  background-color: #FFFFFF;
  font-size: 100%;
  font-weight: initial;
  text-transform: inherit;
  border-right-style: solid;
  border-right-width: 2px;
  border-right-color: #D3D3D3;
  padding-left: 5px;
  padding-right: 5px;
  vertical-align: top;
}

#iycywigndp .gt_row_group_first td {
  border-top-width: 2px;
}

#iycywigndp .gt_summary_row {
  color: #333333;
  background-color: #FFFFFF;
  text-transform: inherit;
  padding-top: 8px;
  padding-bottom: 8px;
  padding-left: 5px;
  padding-right: 5px;
}

#iycywigndp .gt_first_summary_row {
  border-top-style: solid;
  border-top-color: #D3D3D3;
}

#iycywigndp .gt_first_summary_row.thick {
  border-top-width: 2px;
}

#iycywigndp .gt_last_summary_row {
  padding-top: 8px;
  padding-bottom: 8px;
  padding-left: 5px;
  padding-right: 5px;
  border-bottom-style: solid;
  border-bottom-width: 2px;
  border-bottom-color: #D3D3D3;
}

#iycywigndp .gt_grand_summary_row {
  color: #333333;
  background-color: #FFFFFF;
  text-transform: inherit;
  padding-top: 8px;
  padding-bottom: 8px;
  padding-left: 5px;
  padding-right: 5px;
}

#iycywigndp .gt_first_grand_summary_row {
  padding-top: 8px;
  padding-bottom: 8px;
  padding-left: 5px;
  padding-right: 5px;
  border-top-style: double;
  border-top-width: 6px;
  border-top-color: #D3D3D3;
}

#iycywigndp .gt_striped {
  background-color: rgba(128, 128, 128, 0.05);
}

#iycywigndp .gt_table_body {
  border-top-style: solid;
  border-top-width: 2px;
  border-top-color: #D3D3D3;
  border-bottom-style: solid;
  border-bottom-width: 2px;
  border-bottom-color: #D3D3D3;
}

#iycywigndp .gt_footnotes {
  color: #333333;
  background-color: #FFFFFF;
  border-bottom-style: none;
  border-bottom-width: 2px;
  border-bottom-color: #D3D3D3;
  border-left-style: none;
  border-left-width: 2px;
  border-left-color: #D3D3D3;
  border-right-style: none;
  border-right-width: 2px;
  border-right-color: #D3D3D3;
}

#iycywigndp .gt_footnote {
  margin: 0px;
  font-size: 90%;
  padding-left: 4px;
  padding-right: 4px;
  padding-left: 5px;
  padding-right: 5px;
}

#iycywigndp .gt_sourcenotes {
  color: #333333;
  background-color: #FFFFFF;
  border-bottom-style: none;
  border-bottom-width: 2px;
  border-bottom-color: #D3D3D3;
  border-left-style: none;
  border-left-width: 2px;
  border-left-color: #D3D3D3;
  border-right-style: none;
  border-right-width: 2px;
  border-right-color: #D3D3D3;
}

#iycywigndp .gt_sourcenote {
  font-size: 90%;
  padding-top: 4px;
  padding-bottom: 4px;
  padding-left: 5px;
  padding-right: 5px;
}

#iycywigndp .gt_left {
  text-align: left;
}

#iycywigndp .gt_center {
  text-align: center;
}

#iycywigndp .gt_right {
  text-align: right;
  font-variant-numeric: tabular-nums;
}

#iycywigndp .gt_font_normal {
  font-weight: normal;
}

#iycywigndp .gt_font_bold {
  font-weight: bold;
}

#iycywigndp .gt_font_italic {
  font-style: italic;
}

#iycywigndp .gt_super {
  font-size: 65%;
}

#iycywigndp .gt_footnote_marks {
  font-style: italic;
  font-weight: normal;
  font-size: 75%;
  vertical-align: 0.4em;
}

#iycywigndp .gt_asterisk {
  font-size: 100%;
  vertical-align: 0;
}

#iycywigndp .gt_indent_1 {
  text-indent: 5px;
}

#iycywigndp .gt_indent_2 {
  text-indent: 10px;
}

#iycywigndp .gt_indent_3 {
  text-indent: 15px;
}

#iycywigndp .gt_indent_4 {
  text-indent: 20px;
}

#iycywigndp .gt_indent_5 {
  text-indent: 25px;
}
</style>
  <table class="gt_table">
  
  <thead class="gt_col_headings">
    <tr>
      <th class="gt_col_heading gt_columns_bottom_border gt_left" rowspan="1" colspan="1" scope="col" id="&lt;strong&gt;Characteristic&lt;/strong&gt;"><strong>Characteristic</strong></th>
      <th class="gt_col_heading gt_columns_bottom_border gt_center" rowspan="1" colspan="1" scope="col" id="&lt;strong&gt;N = 86,729,278&lt;/strong&gt;&lt;sup class=&quot;gt_footnote_marks&quot;&gt;1&lt;/sup&gt;"><strong>N = 86,729,278</strong><sup class="gt_footnote_marks">1</sup></th>
    </tr>
  </thead>
  <tbody class="gt_table_body">
    <tr><td headers="label" class="gt_row gt_left" style="font-weight: bold;">Number of unique patients</td>
<td headers="stat_0" class="gt_row gt_center">10,702,756</td></tr>
    <tr><td headers="label" class="gt_row gt_left" style="font-weight: bold;">T1</td>
<td headers="stat_0" class="gt_row gt_center">340 (179, 477)</td></tr>
    <tr><td headers="label" class="gt_row gt_left" style="font-weight: bold;">T2</td>
<td headers="stat_0" class="gt_row gt_center">397 (256, 543)</td></tr>
    <tr><td headers="label" class="gt_row gt_left" style="font-weight: bold;">Infected</td>
<td headers="stat_0" class="gt_row gt_center">806,516 (0.9%)</td></tr>
    <tr><td headers="label" class="gt_row gt_left" style="font-weight: bold;">Hospitalized</td>
<td headers="stat_0" class="gt_row gt_center">0 (NA%)</td></tr>
    <tr><td headers="label" class="gt_row gt_left">    (Missing Observations)</td>
<td headers="stat_0" class="gt_row gt_center">86,729,278</td></tr>
    <tr><td headers="label" class="gt_row gt_left" style="font-weight: bold;">SeriousCovidProxy</td>
<td headers="stat_0" class="gt_row gt_center">0 (NA%)</td></tr>
    <tr><td headers="label" class="gt_row gt_left">    (Missing Observations)</td>
<td headers="stat_0" class="gt_row gt_center">86,729,278</td></tr>
    <tr><td headers="label" class="gt_row gt_left" style="font-weight: bold;">LongCovid</td>
<td headers="stat_0" class="gt_row gt_center">13,707 (&lt;0.1%)</td></tr>
    <tr><td headers="label" class="gt_row gt_left" style="font-weight: bold;">DeadByCovid</td>
<td headers="stat_0" class="gt_row gt_center">1,935 (&lt;0.1%)</td></tr>
    <tr><td headers="label" class="gt_row gt_left" style="font-weight: bold;">DeadByOther</td>
<td headers="stat_0" class="gt_row gt_center">113,979 (0.1%)</td></tr>
    <tr><td headers="label" class="gt_row gt_left" style="font-weight: bold;">VariantOfInf</td>
<td headers="stat_0" class="gt_row gt_center">0 (NA%)</td></tr>
    <tr><td headers="label" class="gt_row gt_left">    (Missing Observations)</td>
<td headers="stat_0" class="gt_row gt_center">86,729,278</td></tr>
    <tr><td headers="label" class="gt_row gt_left" style="font-weight: bold;">InfPrior</td>
<td headers="stat_0" class="gt_row gt_center"></td></tr>
    <tr><td headers="label" class="gt_row gt_left">    _uninfected</td>
<td headers="stat_0" class="gt_row gt_center">55,209,146 (64%)</td></tr>
    <tr><td headers="label" class="gt_row gt_left">    inf_NA_062-122</td>
<td headers="stat_0" class="gt_row gt_center">5,746,808 (6.6%)</td></tr>
    <tr><td headers="label" class="gt_row gt_left">    inf_NA_123-183</td>
<td headers="stat_0" class="gt_row gt_center">5,218,373 (6.0%)</td></tr>
    <tr><td headers="label" class="gt_row gt_left">    inf_NA_184-244</td>
<td headers="stat_0" class="gt_row gt_center">5,042,566 (5.8%)</td></tr>
    <tr><td headers="label" class="gt_row gt_left">    inf_NA_245-305</td>
<td headers="stat_0" class="gt_row gt_center">4,042,434 (4.7%)</td></tr>
    <tr><td headers="label" class="gt_row gt_left">    inf_NA_306-366</td>
<td headers="stat_0" class="gt_row gt_center">3,137,321 (3.6%)</td></tr>
    <tr><td headers="label" class="gt_row gt_left">    inf_NA_367-427</td>
<td headers="stat_0" class="gt_row gt_center">2,649,377 (3.1%)</td></tr>
    <tr><td headers="label" class="gt_row gt_left">    inf_NA_428-488</td>
<td headers="stat_0" class="gt_row gt_center">2,229,669 (2.6%)</td></tr>
    <tr><td headers="label" class="gt_row gt_left">    inf_NA_489-549</td>
<td headers="stat_0" class="gt_row gt_center">1,718,436 (2.0%)</td></tr>
    <tr><td headers="label" class="gt_row gt_left">    inf_NA_550+</td>
<td headers="stat_0" class="gt_row gt_center">1,735,148 (2.0%)</td></tr>
    <tr><td headers="label" class="gt_row gt_left" style="font-weight: bold;">VaccStatus</td>
<td headers="stat_0" class="gt_row gt_center"></td></tr>
    <tr><td headers="label" class="gt_row gt_left">    _unvaccinated</td>
<td headers="stat_0" class="gt_row gt_center">21,298,180 (25%)</td></tr>
    <tr><td headers="label" class="gt_row gt_left">    boost_001-061</td>
<td headers="stat_0" class="gt_row gt_center">4,995,333 (5.8%)</td></tr>
    <tr><td headers="label" class="gt_row gt_left">    boost_062-122</td>
<td headers="stat_0" class="gt_row gt_center">4,905,065 (5.7%)</td></tr>
    <tr><td headers="label" class="gt_row gt_left">    boost_123-183</td>
<td headers="stat_0" class="gt_row gt_center">3,466,877 (4.0%)</td></tr>
    <tr><td headers="label" class="gt_row gt_left">    boost_184-244</td>
<td headers="stat_0" class="gt_row gt_center">3,193,434 (3.7%)</td></tr>
    <tr><td headers="label" class="gt_row gt_left">    boost_245-305</td>
<td headers="stat_0" class="gt_row gt_center">3,166,121 (3.7%)</td></tr>
    <tr><td headers="label" class="gt_row gt_left">    full_001-061</td>
<td headers="stat_0" class="gt_row gt_center">7,979,687 (9.2%)</td></tr>
    <tr><td headers="label" class="gt_row gt_left">    full_062-122</td>
<td headers="stat_0" class="gt_row gt_center">7,950,514 (9.2%)</td></tr>
    <tr><td headers="label" class="gt_row gt_left">    full_123-183</td>
<td headers="stat_0" class="gt_row gt_center">7,824,596 (9.0%)</td></tr>
    <tr><td headers="label" class="gt_row gt_left">    full_184-244</td>
<td headers="stat_0" class="gt_row gt_center">5,379,277 (6.2%)</td></tr>
    <tr><td headers="label" class="gt_row gt_left">    full_245-305</td>
<td headers="stat_0" class="gt_row gt_center">3,636,761 (4.2%)</td></tr>
    <tr><td headers="label" class="gt_row gt_left">    full_306-366</td>
<td headers="stat_0" class="gt_row gt_center">2,713,201 (3.1%)</td></tr>
    <tr><td headers="label" class="gt_row gt_left">    full_367-427</td>
<td headers="stat_0" class="gt_row gt_center">2,162,892 (2.5%)</td></tr>
    <tr><td headers="label" class="gt_row gt_left">    partial_001-061</td>
<td headers="stat_0" class="gt_row gt_center">7,104,699 (8.2%)</td></tr>
    <tr><td headers="label" class="gt_row gt_left">    partial_062+</td>
<td headers="stat_0" class="gt_row gt_center">673,418 (0.8%)</td></tr>
    <tr><td headers="label" class="gt_row gt_left">    secboost_001-061</td>
<td headers="stat_0" class="gt_row gt_center">279,223 (0.3%)</td></tr>
    <tr><td headers="label" class="gt_row gt_left" style="font-weight: bold;">Immunity</td>
<td headers="stat_0" class="gt_row gt_center"></td></tr>
    <tr><td headers="label" class="gt_row gt_left">    _noimmunity</td>
<td headers="stat_0" class="gt_row gt_center">7,863,058 (9.3%)</td></tr>
    <tr><td headers="label" class="gt_row gt_left">    _other</td>
<td headers="stat_0" class="gt_row gt_center">8,107,920 (9.6%)</td></tr>
    <tr><td headers="label" class="gt_row gt_left">    boost_001-061</td>
<td headers="stat_0" class="gt_row gt_center">3,500,673 (4.1%)</td></tr>
    <tr><td headers="label" class="gt_row gt_left">    boost_062-122</td>
<td headers="stat_0" class="gt_row gt_center">3,288,466 (3.9%)</td></tr>
    <tr><td headers="label" class="gt_row gt_left">    boost_123-183</td>
<td headers="stat_0" class="gt_row gt_center">3,115,877 (3.7%)</td></tr>
    <tr><td headers="label" class="gt_row gt_left">    boost_184-244</td>
<td headers="stat_0" class="gt_row gt_center">3,001,538 (3.5%)</td></tr>
    <tr><td headers="label" class="gt_row gt_left">    boost_245-305</td>
<td headers="stat_0" class="gt_row gt_center">2,530,294 (3.0%)</td></tr>
    <tr><td headers="label" class="gt_row gt_left">    full_001-061</td>
<td headers="stat_0" class="gt_row gt_center">5,693,991 (6.7%)</td></tr>
    <tr><td headers="label" class="gt_row gt_left">    full_062-122</td>
<td headers="stat_0" class="gt_row gt_center">5,609,893 (6.6%)</td></tr>
    <tr><td headers="label" class="gt_row gt_left">    full_123-183</td>
<td headers="stat_0" class="gt_row gt_center">5,443,420 (6.4%)</td></tr>
    <tr><td headers="label" class="gt_row gt_left">    full_184-244</td>
<td headers="stat_0" class="gt_row gt_center">3,377,700 (4.0%)</td></tr>
    <tr><td headers="label" class="gt_row gt_left">    full_245-305</td>
<td headers="stat_0" class="gt_row gt_center">1,682,831 (2.0%)</td></tr>
    <tr><td headers="label" class="gt_row gt_left">    full_306-366</td>
<td headers="stat_0" class="gt_row gt_center">1,034,949 (1.2%)</td></tr>
    <tr><td headers="label" class="gt_row gt_left">    full_367-427</td>
<td headers="stat_0" class="gt_row gt_center">842,938 (1.0%)</td></tr>
    <tr><td headers="label" class="gt_row gt_left">    hybridboost_001-061</td>
<td headers="stat_0" class="gt_row gt_center">1,562,274 (1.8%)</td></tr>
    <tr><td headers="label" class="gt_row gt_left">    hybridboost_062-122</td>
<td headers="stat_0" class="gt_row gt_center">2,225,141 (2.6%)</td></tr>
    <tr><td headers="label" class="gt_row gt_left">    hybridboost_245-305</td>
<td headers="stat_0" class="gt_row gt_center">570,181 (0.7%)</td></tr>
    <tr><td headers="label" class="gt_row gt_left">    hybridfull_001-061</td>
<td headers="stat_0" class="gt_row gt_center">2,285,696 (2.7%)</td></tr>
    <tr><td headers="label" class="gt_row gt_left">    hybridfull_062-122</td>
<td headers="stat_0" class="gt_row gt_center">3,859,537 (4.6%)</td></tr>
    <tr><td headers="label" class="gt_row gt_left">    hybridfull_123-183</td>
<td headers="stat_0" class="gt_row gt_center">3,535,734 (4.2%)</td></tr>
    <tr><td headers="label" class="gt_row gt_left">    hybridfull_184-244</td>
<td headers="stat_0" class="gt_row gt_center">2,356,858 (2.8%)</td></tr>
    <tr><td headers="label" class="gt_row gt_left">    hybridfull_245-305</td>
<td headers="stat_0" class="gt_row gt_center">1,140,811 (1.3%)</td></tr>
    <tr><td headers="label" class="gt_row gt_left">    hybridfull_306-366</td>
<td headers="stat_0" class="gt_row gt_center">499,248 (0.6%)</td></tr>
    <tr><td headers="label" class="gt_row gt_left">    hybridfull_367-427</td>
<td headers="stat_0" class="gt_row gt_center">283,322 (0.3%)</td></tr>
    <tr><td headers="label" class="gt_row gt_left">    inf_062-122</td>
<td headers="stat_0" class="gt_row gt_center">2,786,836 (3.3%)</td></tr>
    <tr><td headers="label" class="gt_row gt_left">    inf_123-183</td>
<td headers="stat_0" class="gt_row gt_center">2,503,460 (3.0%)</td></tr>
    <tr><td headers="label" class="gt_row gt_left">    inf_184-244</td>
<td headers="stat_0" class="gt_row gt_center">2,095,559 (2.5%)</td></tr>
    <tr><td headers="label" class="gt_row gt_left">    inf_245-305</td>
<td headers="stat_0" class="gt_row gt_center">1,436,074 (1.7%)</td></tr>
    <tr><td headers="label" class="gt_row gt_left">    inf_306-366</td>
<td headers="stat_0" class="gt_row gt_center">847,733 (1.0%)</td></tr>
    <tr><td headers="label" class="gt_row gt_left">    inf_367-427</td>
<td headers="stat_0" class="gt_row gt_center">497,934 (0.6%)</td></tr>
    <tr><td headers="label" class="gt_row gt_left">    inf_428-488</td>
<td headers="stat_0" class="gt_row gt_center">424,595 (0.5%)</td></tr>
    <tr><td headers="label" class="gt_row gt_left">    inf_489-549</td>
<td headers="stat_0" class="gt_row gt_center">385,493 (0.5%)</td></tr>
    <tr><td headers="label" class="gt_row gt_left">    secboost_001-061</td>
<td headers="stat_0" class="gt_row gt_center">211,609 (0.3%)</td></tr>
    <tr><td headers="label" class="gt_row gt_left">    (Missing Observations)</td>
<td headers="stat_0" class="gt_row gt_center">2,127,635</td></tr>
    <tr><td headers="label" class="gt_row gt_left" style="font-weight: bold;">Age</td>
<td headers="stat_0" class="gt_row gt_center">48 (32, 65)</td></tr>
    <tr><td headers="label" class="gt_row gt_left" style="font-weight: bold;">AgeGr</td>
<td headers="stat_0" class="gt_row gt_center"></td></tr>
    <tr><td headers="label" class="gt_row gt_left">    _40-44</td>
<td headers="stat_0" class="gt_row gt_center">7,482,994 (8.6%)</td></tr>
    <tr><td headers="label" class="gt_row gt_left">    0-11</td>
<td headers="stat_0" class="gt_row gt_center">3,884,310 (4.5%)</td></tr>
    <tr><td headers="label" class="gt_row gt_left">    12-15</td>
<td headers="stat_0" class="gt_row gt_center">3,006,305 (3.5%)</td></tr>
    <tr><td headers="label" class="gt_row gt_left">    16-17</td>
<td headers="stat_0" class="gt_row gt_center">1,599,556 (1.8%)</td></tr>
    <tr><td headers="label" class="gt_row gt_left">    18-24</td>
<td headers="stat_0" class="gt_row gt_center">5,731,204 (6.6%)</td></tr>
    <tr><td headers="label" class="gt_row gt_left">    25-29</td>
<td headers="stat_0" class="gt_row gt_center">4,699,766 (5.4%)</td></tr>
    <tr><td headers="label" class="gt_row gt_left">    30-34</td>
<td headers="stat_0" class="gt_row gt_center">5,586,472 (6.4%)</td></tr>
    <tr><td headers="label" class="gt_row gt_left">    35-39</td>
<td headers="stat_0" class="gt_row gt_center">6,022,395 (6.9%)</td></tr>
    <tr><td headers="label" class="gt_row gt_left">    45-49</td>
<td headers="stat_0" class="gt_row gt_center">8,341,745 (9.6%)</td></tr>
    <tr><td headers="label" class="gt_row gt_left">    50-54</td>
<td headers="stat_0" class="gt_row gt_center">6,562,758 (7.6%)</td></tr>
    <tr><td headers="label" class="gt_row gt_left">    55-59</td>
<td headers="stat_0" class="gt_row gt_center">6,323,398 (7.3%)</td></tr>
    <tr><td headers="label" class="gt_row gt_left">    60-64</td>
<td headers="stat_0" class="gt_row gt_center">5,663,773 (6.5%)</td></tr>
    <tr><td headers="label" class="gt_row gt_left">    65-69</td>
<td headers="stat_0" class="gt_row gt_center">6,250,424 (7.2%)</td></tr>
    <tr><td headers="label" class="gt_row gt_left">    70-74</td>
<td headers="stat_0" class="gt_row gt_center">6,116,334 (7.1%)</td></tr>
    <tr><td headers="label" class="gt_row gt_left">    75-79</td>
<td headers="stat_0" class="gt_row gt_center">4,605,841 (5.3%)</td></tr>
    <tr><td headers="label" class="gt_row gt_left">    80+</td>
<td headers="stat_0" class="gt_row gt_center">4,852,003 (5.6%)</td></tr>
    <tr><td headers="label" class="gt_row gt_left" style="font-weight: bold;">Sex</td>
<td headers="stat_0" class="gt_row gt_center"></td></tr>
    <tr><td headers="label" class="gt_row gt_left">    F</td>
<td headers="stat_0" class="gt_row gt_center">44,710,733 (52%)</td></tr>
    <tr><td headers="label" class="gt_row gt_left">    M</td>
<td headers="stat_0" class="gt_row gt_center">42,018,545 (48%)</td></tr>
    <tr><td headers="label" class="gt_row gt_left" style="font-weight: bold;">InfPriorTime</td>
<td headers="stat_0" class="gt_row gt_center">0 (NA%)</td></tr>
    <tr><td headers="label" class="gt_row gt_left">    (Missing Observations)</td>
<td headers="stat_0" class="gt_row gt_center">86,729,278</td></tr>
    <tr><td headers="label" class="gt_row gt_left" style="font-weight: bold;">LastVaccTime</td>
<td headers="stat_0" class="gt_row gt_center">0 (NA%)</td></tr>
    <tr><td headers="label" class="gt_row gt_left">    (Missing Observations)</td>
<td headers="stat_0" class="gt_row gt_center">86,729,278</td></tr>
  </tbody>
  
  <tfoot class="gt_footnotes">
    <tr>
      <td class="gt_footnote" colspan="2"><sup class="gt_footnote_marks">1</sup> n; Median (IQR); n (%)</td>
    </tr>
  </tfoot>
</table>
</div>
[[1]]
 [1] "Immunity_other"              "Immunityboost_001-061"      
 [3] "Immunityboost_062-122"       "Immunityboost_123-183"      
 [5] "Immunityboost_184-244"       "Immunityboost_245-305"      
 [7] "Immunityfull_001-061"        "Immunityfull_062-122"       
 [9] "Immunityfull_123-183"        "Immunityfull_184-244"       
[11] "Immunityfull_245-305"        "Immunityfull_306-366"       
[13] "Immunityhybridboost_001-061" "Immunityhybridboost_062-122"
[15] "Immunityhybridboost_245-305" "Immunityhybridfull_001-061" 
[17] "Immunityhybridfull_062-122"  "Immunityhybridfull_123-183" 
[19] "Immunityhybridfull_184-244"  "Immunityhybridfull_245-305" 
[21] "Immunityhybridfull_306-366"  "Immunityinf_062-122"        
[23] "Immunityinf_123-183"         "Immunityinf_184-244"        
[25] "Immunityinf_245-305"         "Immunityinf_306-366"        
[27] "Immunityinf_428-488"         "Immunityinf_489-549"        
[29] "Immunitysecboost_001-061"    "AgeGr0-11"                  
[31] "AgeGr12-15"                  "AgeGr16-17"                 
[33] "AgeGr18-24"                  "AgeGr25-29"                 
[35] "AgeGr30-34"                  "AgeGr35-39"                 
[37] "AgeGr45-49"                  "AgeGr50-54"                 
[39] "AgeGr55-59"                  "AgeGr60-64"                 
[41] "AgeGr65-69"                  "AgeGr70-74"                 
[43] "AgeGr75-79"                  "AgeGr80+"                   
[45] "SexM"                       

[[2]]
[1] "beta"          "beta_CI_lower" "beta_CI_upper" "HR"           
[5] "HR_CI_lower"   "HR_CI_upper"   "eff"           "eff_CI_upper" 
[9] "eff_CI_lower" 

null device 
          1 
null device 
          1 
null device 
          1 
null device 
          1 
null device 
          1 
