<div id="rwtkimrqvo" style="padding-left:0px;padding-right:0px;padding-top:10px;padding-bottom:10px;overflow-x:auto;overflow-y:auto;width:auto;height:auto;">
  <style>html {
  font-family: -apple-system, BlinkMacSystemFont, 'Segoe UI', Roboto, Oxygen, Ubuntu, Cantarell, 'Helvetica Neue', 'Fira Sans', 'Droid Sans', Arial, sans-serif;
}

#rwtkimrqvo .gt_table {
  display: table;
  border-collapse: collapse;
  margin-left: auto;
  margin-right: auto;
  color: #333333;
  font-size: 16px;
  font-weight: normal;
  font-style: normal;
  background-color: #FFFFFF;
  width: auto;
  border-top-style: solid;
  border-top-width: 2px;
  border-top-color: #A8A8A8;
  border-right-style: none;
  border-right-width: 2px;
  border-right-color: #D3D3D3;
  border-bottom-style: solid;
  border-bottom-width: 2px;
  border-bottom-color: #A8A8A8;
  border-left-style: none;
  border-left-width: 2px;
  border-left-color: #D3D3D3;
}

#rwtkimrqvo .gt_heading {
  background-color: #FFFFFF;
  text-align: center;
  border-bottom-color: #FFFFFF;
  border-left-style: none;
  border-left-width: 1px;
  border-left-color: #D3D3D3;
  border-right-style: none;
  border-right-width: 1px;
  border-right-color: #D3D3D3;
}

#rwtkimrqvo .gt_caption {
  padding-top: 4px;
  padding-bottom: 4px;
}

#rwtkimrqvo .gt_title {
  color: #333333;
  font-size: 125%;
  font-weight: initial;
  padding-top: 4px;
  padding-bottom: 4px;
  padding-left: 5px;
  padding-right: 5px;
  border-bottom-color: #FFFFFF;
  border-bottom-width: 0;
}

#rwtkimrqvo .gt_subtitle {
  color: #333333;
  font-size: 85%;
  font-weight: initial;
  padding-top: 0;
  padding-bottom: 6px;
  padding-left: 5px;
  padding-right: 5px;
  border-top-color: #FFFFFF;
  border-top-width: 0;
}

#rwtkimrqvo .gt_bottom_border {
  border-bottom-style: solid;
  border-bottom-width: 2px;
  border-bottom-color: #D3D3D3;
}

#rwtkimrqvo .gt_col_headings {
  border-top-style: solid;
  border-top-width: 2px;
  border-top-color: #D3D3D3;
  border-bottom-style: solid;
  border-bottom-width: 2px;
  border-bottom-color: #D3D3D3;
  border-left-style: none;
  border-left-width: 1px;
  border-left-color: #D3D3D3;
  border-right-style: none;
  border-right-width: 1px;
  border-right-color: #D3D3D3;
}

#rwtkimrqvo .gt_col_heading {
  color: #333333;
  background-color: #FFFFFF;
  font-size: 100%;
  font-weight: normal;
  text-transform: inherit;
  border-left-style: none;
  border-left-width: 1px;
  border-left-color: #D3D3D3;
  border-right-style: none;
  border-right-width: 1px;
  border-right-color: #D3D3D3;
  vertical-align: bottom;
  padding-top: 5px;
  padding-bottom: 6px;
  padding-left: 5px;
  padding-right: 5px;
  overflow-x: hidden;
}

#rwtkimrqvo .gt_column_spanner_outer {
  color: #333333;
  background-color: #FFFFFF;
  font-size: 100%;
  font-weight: normal;
  text-transform: inherit;
  padding-top: 0;
  padding-bottom: 0;
  padding-left: 4px;
  padding-right: 4px;
}

#rwtkimrqvo .gt_column_spanner_outer:first-child {
  padding-left: 0;
}

#rwtkimrqvo .gt_column_spanner_outer:last-child {
  padding-right: 0;
}

#rwtkimrqvo .gt_column_spanner {
  border-bottom-style: solid;
  border-bottom-width: 2px;
  border-bottom-color: #D3D3D3;
  vertical-align: bottom;
  padding-top: 5px;
  padding-bottom: 5px;
  overflow-x: hidden;
  display: inline-block;
  width: 100%;
}

#rwtkimrqvo .gt_group_heading {
  padding-top: 8px;
  padding-bottom: 8px;
  padding-left: 5px;
  padding-right: 5px;
  color: #333333;
  background-color: #FFFFFF;
  font-size: 100%;
  font-weight: initial;
  text-transform: inherit;
  border-top-style: solid;
  border-top-width: 2px;
  border-top-color: #D3D3D3;
  border-bottom-style: solid;
  border-bottom-width: 2px;
  border-bottom-color: #D3D3D3;
  border-left-style: none;
  border-left-width: 1px;
  border-left-color: #D3D3D3;
  border-right-style: none;
  border-right-width: 1px;
  border-right-color: #D3D3D3;
  vertical-align: middle;
  text-align: left;
}

#rwtkimrqvo .gt_empty_group_heading {
  padding: 0.5px;
  color: #333333;
  background-color: #FFFFFF;
  font-size: 100%;
  font-weight: initial;
  border-top-style: solid;
  border-top-width: 2px;
  border-top-color: #D3D3D3;
  border-bottom-style: solid;
  border-bottom-width: 2px;
  border-bottom-color: #D3D3D3;
  vertical-align: middle;
}

#rwtkimrqvo .gt_from_md > :first-child {
  margin-top: 0;
}

#rwtkimrqvo .gt_from_md > :last-child {
  margin-bottom: 0;
}

#rwtkimrqvo .gt_row {
  padding-top: 8px;
  padding-bottom: 8px;
  padding-left: 5px;
  padding-right: 5px;
  margin: 10px;
  border-top-style: solid;
  border-top-width: 1px;
  border-top-color: #D3D3D3;
  border-left-style: none;
  border-left-width: 1px;
  border-left-color: #D3D3D3;
  border-right-style: none;
  border-right-width: 1px;
  border-right-color: #D3D3D3;
  vertical-align: middle;
  overflow-x: hidden;
}

#rwtkimrqvo .gt_stub {
  color: #333333;
  background-color: #FFFFFF;
  font-size: 100%;
  font-weight: initial;
  text-transform: inherit;
  border-right-style: solid;
  border-right-width: 2px;
  border-right-color: #D3D3D3;
  padding-left: 5px;
  padding-right: 5px;
}

#rwtkimrqvo .gt_stub_row_group {
  color: #333333;
  background-color: #FFFFFF;
  font-size: 100%;
  font-weight: initial;
  text-transform: inherit;
  border-right-style: solid;
  border-right-width: 2px;
  border-right-color: #D3D3D3;
  padding-left: 5px;
  padding-right: 5px;
  vertical-align: top;
}

#rwtkimrqvo .gt_row_group_first td {
  border-top-width: 2px;
}

#rwtkimrqvo .gt_summary_row {
  color: #333333;
  background-color: #FFFFFF;
  text-transform: inherit;
  padding-top: 8px;
  padding-bottom: 8px;
  padding-left: 5px;
  padding-right: 5px;
}

#rwtkimrqvo .gt_first_summary_row {
  border-top-style: solid;
  border-top-color: #D3D3D3;
}

#rwtkimrqvo .gt_first_summary_row.thick {
  border-top-width: 2px;
}

#rwtkimrqvo .gt_last_summary_row {
  padding-top: 8px;
  padding-bottom: 8px;
  padding-left: 5px;
  padding-right: 5px;
  border-bottom-style: solid;
  border-bottom-width: 2px;
  border-bottom-color: #D3D3D3;
}

#rwtkimrqvo .gt_grand_summary_row {
  color: #333333;
  background-color: #FFFFFF;
  text-transform: inherit;
  padding-top: 8px;
  padding-bottom: 8px;
  padding-left: 5px;
  padding-right: 5px;
}

#rwtkimrqvo .gt_first_grand_summary_row {
  padding-top: 8px;
  padding-bottom: 8px;
  padding-left: 5px;
  padding-right: 5px;
  border-top-style: double;
  border-top-width: 6px;
  border-top-color: #D3D3D3;
}

#rwtkimrqvo .gt_striped {
  background-color: rgba(128, 128, 128, 0.05);
}

#rwtkimrqvo .gt_table_body {
  border-top-style: solid;
  border-top-width: 2px;
  border-top-color: #D3D3D3;
  border-bottom-style: solid;
  border-bottom-width: 2px;
  border-bottom-color: #D3D3D3;
}

#rwtkimrqvo .gt_footnotes {
  color: #333333;
  background-color: #FFFFFF;
  border-bottom-style: none;
  border-bottom-width: 2px;
  border-bottom-color: #D3D3D3;
  border-left-style: none;
  border-left-width: 2px;
  border-left-color: #D3D3D3;
  border-right-style: none;
  border-right-width: 2px;
  border-right-color: #D3D3D3;
}

#rwtkimrqvo .gt_footnote {
  margin: 0px;
  font-size: 90%;
  padding-left: 4px;
  padding-right: 4px;
  padding-left: 5px;
  padding-right: 5px;
}

#rwtkimrqvo .gt_sourcenotes {
  color: #333333;
  background-color: #FFFFFF;
  border-bottom-style: none;
  border-bottom-width: 2px;
  border-bottom-color: #D3D3D3;
  border-left-style: none;
  border-left-width: 2px;
  border-left-color: #D3D3D3;
  border-right-style: none;
  border-right-width: 2px;
  border-right-color: #D3D3D3;
}

#rwtkimrqvo .gt_sourcenote {
  font-size: 90%;
  padding-top: 4px;
  padding-bottom: 4px;
  padding-left: 5px;
  padding-right: 5px;
}

#rwtkimrqvo .gt_left {
  text-align: left;
}

#rwtkimrqvo .gt_center {
  text-align: center;
}

#rwtkimrqvo .gt_right {
  text-align: right;
  font-variant-numeric: tabular-nums;
}

#rwtkimrqvo .gt_font_normal {
  font-weight: normal;
}

#rwtkimrqvo .gt_font_bold {
  font-weight: bold;
}

#rwtkimrqvo .gt_font_italic {
  font-style: italic;
}

#rwtkimrqvo .gt_super {
  font-size: 65%;
}

#rwtkimrqvo .gt_footnote_marks {
  font-style: italic;
  font-weight: normal;
  font-size: 75%;
  vertical-align: 0.4em;
}

#rwtkimrqvo .gt_asterisk {
  font-size: 100%;
  vertical-align: 0;
}

#rwtkimrqvo .gt_indent_1 {
  text-indent: 5px;
}

#rwtkimrqvo .gt_indent_2 {
  text-indent: 10px;
}

#rwtkimrqvo .gt_indent_3 {
  text-indent: 15px;
}

#rwtkimrqvo .gt_indent_4 {
  text-indent: 20px;
}

#rwtkimrqvo .gt_indent_5 {
  text-indent: 25px;
}
</style>
  <table class="gt_table">
  
  <thead class="gt_col_headings">
    <tr>
      <th class="gt_col_heading gt_columns_bottom_border gt_left" rowspan="1" colspan="1" scope="col" id="&lt;strong&gt;Characteristic&lt;/strong&gt;"><strong>Characteristic</strong></th>
      <th class="gt_col_heading gt_columns_bottom_border gt_center" rowspan="1" colspan="1" scope="col" id="&lt;strong&gt;N = 45,647,124&lt;/strong&gt;"><strong>N = 45,647,124</strong></th>
    </tr>
  </thead>
  <tbody class="gt_table_body">
    <tr><td headers="label" class="gt_row gt_left" style="font-weight: bold;">Number of unique patients, n</td>
<td headers="stat_0" class="gt_row gt_center">10,585,137</td></tr>
    <tr><td headers="label" class="gt_row gt_left" style="font-weight: bold;">T1, Median (IQR)</td>
<td headers="stat_0" class="gt_row gt_center">86 (11 – 166)</td></tr>
    <tr><td headers="label" class="gt_row gt_left" style="font-weight: bold;">T2, Median (IQR)</td>
<td headers="stat_0" class="gt_row gt_center">158 (81 – 254)</td></tr>
    <tr><td headers="label" class="gt_row gt_left" style="font-weight: bold;">Infected, n (%)</td>
<td headers="stat_0" class="gt_row gt_center">245,148 (0.5%)</td></tr>
    <tr><td headers="label" class="gt_row gt_left" style="font-weight: bold;">Hospitalized, n (%)</td>
<td headers="stat_0" class="gt_row gt_center">7,370 (&lt;0.1%)</td></tr>
    <tr><td headers="label" class="gt_row gt_left" style="font-weight: bold;">SeriousCovidProxy, n (%)</td>
<td headers="stat_0" class="gt_row gt_center">0 (NA%)</td></tr>
    <tr><td headers="label" class="gt_row gt_left">    (Missing Observations)</td>
<td headers="stat_0" class="gt_row gt_center">45,647,124</td></tr>
    <tr><td headers="label" class="gt_row gt_left" style="font-weight: bold;">LongCovid, n (%)</td>
<td headers="stat_0" class="gt_row gt_center">0 (NA%)</td></tr>
    <tr><td headers="label" class="gt_row gt_left">    (Missing Observations)</td>
<td headers="stat_0" class="gt_row gt_center">45,647,124</td></tr>
    <tr><td headers="label" class="gt_row gt_left" style="font-weight: bold;">DeadByCovid, n (%)</td>
<td headers="stat_0" class="gt_row gt_center">226 (&lt;0.1%)</td></tr>
    <tr><td headers="label" class="gt_row gt_left" style="font-weight: bold;">DeadByOther, n (%)</td>
<td headers="stat_0" class="gt_row gt_center">60,709 (0.1%)</td></tr>
    <tr><td headers="label" class="gt_row gt_left" style="font-weight: bold;">VariantOfInf, n (%)</td>
<td headers="stat_0" class="gt_row gt_center">0 (NA%)</td></tr>
    <tr><td headers="label" class="gt_row gt_left">    (Missing Observations)</td>
<td headers="stat_0" class="gt_row gt_center">45,647,124</td></tr>
    <tr><td headers="label" class="gt_row gt_left" style="font-weight: bold;">InfPrior, n (%)</td>
<td headers="stat_0" class="gt_row gt_center"></td></tr>
    <tr><td headers="label" class="gt_row gt_left">    _uninfected</td>
<td headers="stat_0" class="gt_row gt_center">23,775,326 (52%)</td></tr>
    <tr><td headers="label" class="gt_row gt_left">    inf_NA_062-122</td>
<td headers="stat_0" class="gt_row gt_center">2,813,312 (6.2%)</td></tr>
    <tr><td headers="label" class="gt_row gt_left">    inf_NA_123-183</td>
<td headers="stat_0" class="gt_row gt_center">3,686,911 (8.1%)</td></tr>
    <tr><td headers="label" class="gt_row gt_left">    inf_NA_184-244</td>
<td headers="stat_0" class="gt_row gt_center">3,483,599 (7.6%)</td></tr>
    <tr><td headers="label" class="gt_row gt_left">    inf_NA_245-305</td>
<td headers="stat_0" class="gt_row gt_center">3,081,099 (6.7%)</td></tr>
    <tr><td headers="label" class="gt_row gt_left">    inf_NA_306-366</td>
<td headers="stat_0" class="gt_row gt_center">2,589,425 (5.7%)</td></tr>
    <tr><td headers="label" class="gt_row gt_left">    inf_NA_367+</td>
<td headers="stat_0" class="gt_row gt_center">6,217,452 (14%)</td></tr>
    <tr><td headers="label" class="gt_row gt_left" style="font-weight: bold;">VaccStatus, n (%)</td>
<td headers="stat_0" class="gt_row gt_center"></td></tr>
    <tr><td headers="label" class="gt_row gt_left">    _unvaccinated</td>
<td headers="stat_0" class="gt_row gt_center">8,411,704 (18%)</td></tr>
    <tr><td headers="label" class="gt_row gt_left">    boost_001-061</td>
<td headers="stat_0" class="gt_row gt_center">467,361 (1.0%)</td></tr>
    <tr><td headers="label" class="gt_row gt_left">    boost_062-122</td>
<td headers="stat_0" class="gt_row gt_center">2,246,016 (4.9%)</td></tr>
    <tr><td headers="label" class="gt_row gt_left">    boost_123-183</td>
<td headers="stat_0" class="gt_row gt_center">4,455,123 (9.8%)</td></tr>
    <tr><td headers="label" class="gt_row gt_left">    boost_184-244</td>
<td headers="stat_0" class="gt_row gt_center">4,644,818 (10%)</td></tr>
    <tr><td headers="label" class="gt_row gt_left">    boost_245-305</td>
<td headers="stat_0" class="gt_row gt_center">4,491,116 (9.8%)</td></tr>
    <tr><td headers="label" class="gt_row gt_left">    boost_306-366</td>
<td headers="stat_0" class="gt_row gt_center">4,033,885 (8.8%)</td></tr>
    <tr><td headers="label" class="gt_row gt_left">    boost_367+</td>
<td headers="stat_0" class="gt_row gt_center">2,539,336 (5.6%)</td></tr>
    <tr><td headers="label" class="gt_row gt_left">    full_062-122</td>
<td headers="stat_0" class="gt_row gt_center">354,560 (0.8%)</td></tr>
    <tr><td headers="label" class="gt_row gt_left">    full_123-183</td>
<td headers="stat_0" class="gt_row gt_center">893,196 (2.0%)</td></tr>
    <tr><td headers="label" class="gt_row gt_left">    full_184-244</td>
<td headers="stat_0" class="gt_row gt_center">1,420,597 (3.1%)</td></tr>
    <tr><td headers="label" class="gt_row gt_left">    full_245-305</td>
<td headers="stat_0" class="gt_row gt_center">2,742,410 (6.0%)</td></tr>
    <tr><td headers="label" class="gt_row gt_left">    full_306-366</td>
<td headers="stat_0" class="gt_row gt_center">3,124,876 (6.8%)</td></tr>
    <tr><td headers="label" class="gt_row gt_left">    full_367+</td>
<td headers="stat_0" class="gt_row gt_center">4,033,841 (8.8%)</td></tr>
    <tr><td headers="label" class="gt_row gt_left">    partial_001-061</td>
<td headers="stat_0" class="gt_row gt_center">29,645 (&lt;0.1%)</td></tr>
    <tr><td headers="label" class="gt_row gt_left">    partial_062+</td>
<td headers="stat_0" class="gt_row gt_center">198,116 (0.4%)</td></tr>
    <tr><td headers="label" class="gt_row gt_left">    secboost_001-061</td>
<td headers="stat_0" class="gt_row gt_center">861,778 (1.9%)</td></tr>
    <tr><td headers="label" class="gt_row gt_left">    secboost_062-122</td>
<td headers="stat_0" class="gt_row gt_center">698,746 (1.5%)</td></tr>
    <tr><td headers="label" class="gt_row gt_left" style="font-weight: bold;">Immunity, n (%)</td>
<td headers="stat_0" class="gt_row gt_center"></td></tr>
    <tr><td headers="label" class="gt_row gt_left">    _noimmunity</td>
<td headers="stat_0" class="gt_row gt_center">2,184,789 (4.8%)</td></tr>
    <tr><td headers="label" class="gt_row gt_left">    boost_001-061</td>
<td headers="stat_0" class="gt_row gt_center">194,769 (0.4%)</td></tr>
    <tr><td headers="label" class="gt_row gt_left">    boost_062-122</td>
<td headers="stat_0" class="gt_row gt_center">1,459,053 (3.2%)</td></tr>
    <tr><td headers="label" class="gt_row gt_left">    boost_123-183</td>
<td headers="stat_0" class="gt_row gt_center">3,058,215 (6.7%)</td></tr>
    <tr><td headers="label" class="gt_row gt_left">    boost_184-244</td>
<td headers="stat_0" class="gt_row gt_center">3,095,956 (6.8%)</td></tr>
    <tr><td headers="label" class="gt_row gt_left">    boost_245-305</td>
<td headers="stat_0" class="gt_row gt_center">2,951,063 (6.5%)</td></tr>
    <tr><td headers="label" class="gt_row gt_left">    boost_306-366</td>
<td headers="stat_0" class="gt_row gt_center">2,591,661 (5.7%)</td></tr>
    <tr><td headers="label" class="gt_row gt_left">    full_062-122</td>
<td headers="stat_0" class="gt_row gt_center">216,093 (0.5%)</td></tr>
    <tr><td headers="label" class="gt_row gt_left">    full_123-183</td>
<td headers="stat_0" class="gt_row gt_center">506,430 (1.1%)</td></tr>
    <tr><td headers="label" class="gt_row gt_left">    full_184-244</td>
<td headers="stat_0" class="gt_row gt_center">756,412 (1.7%)</td></tr>
    <tr><td headers="label" class="gt_row gt_left">    full_245-305</td>
<td headers="stat_0" class="gt_row gt_center">1,307,712 (2.9%)</td></tr>
    <tr><td headers="label" class="gt_row gt_left">    full_306-366</td>
<td headers="stat_0" class="gt_row gt_center">1,351,402 (3.0%)</td></tr>
    <tr><td headers="label" class="gt_row gt_left">    hybridboost_001-061</td>
<td headers="stat_0" class="gt_row gt_center">272,592 (0.6%)</td></tr>
    <tr><td headers="label" class="gt_row gt_left">    hybridboost_062-122</td>
<td headers="stat_0" class="gt_row gt_center">1,642,730 (3.6%)</td></tr>
    <tr><td headers="label" class="gt_row gt_left">    hybridboost_123-183</td>
<td headers="stat_0" class="gt_row gt_center">1,775,616 (3.9%)</td></tr>
    <tr><td headers="label" class="gt_row gt_left">    hybridboost_184-244</td>
<td headers="stat_0" class="gt_row gt_center">1,552,590 (3.4%)</td></tr>
    <tr><td headers="label" class="gt_row gt_left">    hybridboost_245-305</td>
<td headers="stat_0" class="gt_row gt_center">1,332,699 (2.9%)</td></tr>
    <tr><td headers="label" class="gt_row gt_left">    hybridboost_306-366</td>
<td headers="stat_0" class="gt_row gt_center">933,167 (2.0%)</td></tr>
    <tr><td headers="label" class="gt_row gt_left">    hybridfull_062-122</td>
<td headers="stat_0" class="gt_row gt_center">1,100,408 (2.4%)</td></tr>
    <tr><td headers="label" class="gt_row gt_left">    hybridfull_123-183</td>
<td headers="stat_0" class="gt_row gt_center">1,600,636 (3.5%)</td></tr>
    <tr><td headers="label" class="gt_row gt_left">    hybridfull_184-244</td>
<td headers="stat_0" class="gt_row gt_center">1,509,693 (3.3%)</td></tr>
    <tr><td headers="label" class="gt_row gt_left">    hybridfull_245-305</td>
<td headers="stat_0" class="gt_row gt_center">1,289,292 (2.8%)</td></tr>
    <tr><td headers="label" class="gt_row gt_left">    hybridfull_306-366</td>
<td headers="stat_0" class="gt_row gt_center">1,090,517 (2.4%)</td></tr>
    <tr><td headers="label" class="gt_row gt_left">    inf_062-122</td>
<td headers="stat_0" class="gt_row gt_center">758,112 (1.7%)</td></tr>
    <tr><td headers="label" class="gt_row gt_left">    inf_123-183</td>
<td headers="stat_0" class="gt_row gt_center">1,156,042 (2.5%)</td></tr>
    <tr><td headers="label" class="gt_row gt_left">    inf_184-244</td>
<td headers="stat_0" class="gt_row gt_center">1,156,793 (2.5%)</td></tr>
    <tr><td headers="label" class="gt_row gt_left">    inf_245-305</td>
<td headers="stat_0" class="gt_row gt_center">1,132,893 (2.5%)</td></tr>
    <tr><td headers="label" class="gt_row gt_left">    inf_306-366</td>
<td headers="stat_0" class="gt_row gt_center">1,077,692 (2.4%)</td></tr>
    <tr><td headers="label" class="gt_row gt_left">    other</td>
<td headers="stat_0" class="gt_row gt_center">5,479,236 (12%)</td></tr>
    <tr><td headers="label" class="gt_row gt_left">    secboost_001-061</td>
<td headers="stat_0" class="gt_row gt_center">602,427 (1.3%)</td></tr>
    <tr><td headers="label" class="gt_row gt_left">    secboost_062-122</td>
<td headers="stat_0" class="gt_row gt_center">510,434 (1.1%)</td></tr>
    <tr><td headers="label" class="gt_row gt_left" style="font-weight: bold;">Age, Median (IQR)</td>
<td headers="stat_0" class="gt_row gt_center">46 (30 – 63)</td></tr>
    <tr><td headers="label" class="gt_row gt_left" style="font-weight: bold;">AgeGr, n (%)</td>
<td headers="stat_0" class="gt_row gt_center"></td></tr>
    <tr><td headers="label" class="gt_row gt_left">    _40-44</td>
<td headers="stat_0" class="gt_row gt_center">3,943,779 (8.6%)</td></tr>
    <tr><td headers="label" class="gt_row gt_left">    0-11</td>
<td headers="stat_0" class="gt_row gt_center">2,803,016 (6.1%)</td></tr>
    <tr><td headers="label" class="gt_row gt_left">    12-15</td>
<td headers="stat_0" class="gt_row gt_center">1,944,510 (4.3%)</td></tr>
    <tr><td headers="label" class="gt_row gt_left">    16-17</td>
<td headers="stat_0" class="gt_row gt_center">953,617 (2.1%)</td></tr>
    <tr><td headers="label" class="gt_row gt_left">    18-24</td>
<td headers="stat_0" class="gt_row gt_center">3,098,159 (6.8%)</td></tr>
    <tr><td headers="label" class="gt_row gt_left">    25-29</td>
<td headers="stat_0" class="gt_row gt_center">2,495,754 (5.5%)</td></tr>
    <tr><td headers="label" class="gt_row gt_left">    30-34</td>
<td headers="stat_0" class="gt_row gt_center">3,047,029 (6.7%)</td></tr>
    <tr><td headers="label" class="gt_row gt_left">    35-39</td>
<td headers="stat_0" class="gt_row gt_center">3,265,440 (7.2%)</td></tr>
    <tr><td headers="label" class="gt_row gt_left">    45-49</td>
<td headers="stat_0" class="gt_row gt_center">4,367,888 (9.6%)</td></tr>
    <tr><td headers="label" class="gt_row gt_left">    50-54</td>
<td headers="stat_0" class="gt_row gt_center">3,364,686 (7.4%)</td></tr>
    <tr><td headers="label" class="gt_row gt_left">    55-59</td>
<td headers="stat_0" class="gt_row gt_center">3,186,463 (7.0%)</td></tr>
    <tr><td headers="label" class="gt_row gt_left">    60-64</td>
<td headers="stat_0" class="gt_row gt_center">2,824,121 (6.2%)</td></tr>
    <tr><td headers="label" class="gt_row gt_left">    65-69</td>
<td headers="stat_0" class="gt_row gt_center">3,124,780 (6.8%)</td></tr>
    <tr><td headers="label" class="gt_row gt_left">    70-74</td>
<td headers="stat_0" class="gt_row gt_center">2,954,253 (6.5%)</td></tr>
    <tr><td headers="label" class="gt_row gt_left">    75-79</td>
<td headers="stat_0" class="gt_row gt_center">2,174,518 (4.8%)</td></tr>
    <tr><td headers="label" class="gt_row gt_left">    80+</td>
<td headers="stat_0" class="gt_row gt_center">2,099,111 (4.6%)</td></tr>
    <tr><td headers="label" class="gt_row gt_left" style="font-weight: bold;">Sex, n (%)</td>
<td headers="stat_0" class="gt_row gt_center"></td></tr>
    <tr><td headers="label" class="gt_row gt_left">    F</td>
<td headers="stat_0" class="gt_row gt_center">23,406,321 (51%)</td></tr>
    <tr><td headers="label" class="gt_row gt_left">    M</td>
<td headers="stat_0" class="gt_row gt_center">22,240,803 (49%)</td></tr>
    <tr><td headers="label" class="gt_row gt_left" style="font-weight: bold;">InfPriorTime, n (%)</td>
<td headers="stat_0" class="gt_row gt_center">0 (NA%)</td></tr>
    <tr><td headers="label" class="gt_row gt_left">    (Missing Observations)</td>
<td headers="stat_0" class="gt_row gt_center">45,647,124</td></tr>
    <tr><td headers="label" class="gt_row gt_left" style="font-weight: bold;">LastVaccTime, n (%)</td>
<td headers="stat_0" class="gt_row gt_center">0 (NA%)</td></tr>
    <tr><td headers="label" class="gt_row gt_left">    (Missing Observations)</td>
<td headers="stat_0" class="gt_row gt_center">45,647,124</td></tr>
  </tbody>
  
  
</table>
</div>
Call:
coxph(formula = f.input, data = data)

  n= 45647124, number of events= 7370 

                                coef exp(coef) se(coef)       z Pr(>|z|)    
Immunityboost_001-061       -1.01835   0.36119  0.35440  -2.873 0.004060 ** 
Immunityboost_062-122       -1.45958   0.23233  0.44795  -3.258 0.001121 ** 
Immunityboost_123-183       -0.49549   0.60927  0.14356  -3.451 0.000558 ***
Immunityboost_184-244       -0.57336   0.56363  0.04816 -11.905  < 2e-16 ***
Immunityboost_245-305       -0.45653   0.63347  0.03281 -13.915  < 2e-16 ***
Immunityboost_306-366       -0.44391   0.64153  0.04323 -10.268  < 2e-16 ***
Immunityfull_062-122        -0.75464   0.47018  1.00032  -0.754 0.450606    
Immunityfull_123-183         0.34167   1.40729  0.23737   1.439 0.150036    
Immunityfull_184-244        -0.07547   0.92730  0.11826  -0.638 0.523334    
Immunityfull_245-305        -0.08492   0.91859  0.09374  -0.906 0.364988    
Immunityfull_306-366        -0.29372   0.74549  0.11958  -2.456 0.014042 *  
Immunityhybridboost_001-061 -1.27763   0.27870  0.37876  -3.373 0.000743 ***
Immunityhybridboost_062-122 -2.98237   0.05067  0.44790  -6.659 2.76e-11 ***
Immunityhybridboost_123-183 -3.14245   0.04318  0.33432  -9.399  < 2e-16 ***
Immunityhybridboost_184-244 -1.91218   0.14776  0.12562 -15.222  < 2e-16 ***
Immunityhybridboost_245-305 -1.82581   0.16109  0.12123 -15.061  < 2e-16 ***
Immunityhybridboost_306-366 -1.75747   0.17248  0.23729  -7.406 1.30e-13 ***
Immunityhybridfull_062-122  -2.62730   0.07227  1.00032  -2.626 0.008628 ** 
Immunityhybridfull_123-183  -1.88620   0.15165  0.37904  -4.976 6.48e-07 ***
Immunityhybridfull_184-244  -1.92816   0.14542  0.22537  -8.556  < 2e-16 ***
Immunityhybridfull_245-305  -1.85012   0.15722  0.20170  -9.173  < 2e-16 ***
Immunityhybridfull_306-366  -1.69150   0.18424  0.25133  -6.730 1.70e-11 ***
Immunityinf_062-122         -1.95619   0.14140  0.70753  -2.765 0.005695 ** 
Immunityinf_123-183         -1.46394   0.23132  0.28989  -5.050 4.42e-07 ***
Immunityinf_184-244         -1.14370   0.31864  0.14973  -7.638 2.20e-14 ***
Immunityinf_245-305         -1.46466   0.23116  0.17880  -8.192 2.57e-16 ***
Immunityinf_306-366         -1.45883   0.23251  0.26877  -5.428 5.70e-08 ***
Immunityother               -0.32230   0.72448  0.04236  -7.609 2.76e-14 ***
Immunitysecboost_001-061    -1.32608   0.26552  0.08175 -16.221  < 2e-16 ***
Immunitysecboost_062-122    -1.18280   0.30642  0.20244  -5.843 5.14e-09 ***
AgeGr0-11                    0.50204   1.65208  0.12603   3.984 6.79e-05 ***
AgeGr12-15                  -1.24326   0.28844  0.29004  -4.287 1.81e-05 ***
AgeGr16-17                  -0.41458   0.66062  0.29924  -1.385 0.165909    
AgeGr18-24                  -0.74661   0.47397  0.20934  -3.566 0.000362 ***
AgeGr25-29                  -0.36954   0.69105  0.19216  -1.923 0.054464 .  
AgeGr30-34                  -0.03061   0.96985  0.16500  -0.186 0.852826    
AgeGr35-39                  -0.35207   0.70323  0.18029  -1.953 0.050850 .  
AgeGr45-49                   0.13835   1.14838  0.15069   0.918 0.358567    
AgeGr50-54                   0.55314   1.73870  0.14511   3.812 0.000138 ***
AgeGr55-59                   0.87806   2.40623  0.13716   6.402 1.54e-10 ***
AgeGr60-64                   1.50795   4.51746  0.12729  11.846  < 2e-16 ***
AgeGr65-69                   2.17966   8.84334  0.11933  18.265  < 2e-16 ***
AgeGr70-74                   2.80949  16.60149  0.11652  24.113  < 2e-16 ***
AgeGr75-79                   3.44859  31.45598  0.11564  29.822  < 2e-16 ***
AgeGr80+                     4.12581  61.91815  0.11410  36.160  < 2e-16 ***
SexM                         0.38390   1.46800  0.02358  16.282  < 2e-16 ***
---
Signif. codes:  0 ‘***’ 0.001 ‘**’ 0.01 ‘*’ 0.05 ‘.’ 0.1 ‘ ’ 1

                            exp(coef) exp(-coef) lower .95 upper .95
Immunityboost_001-061         0.36119    2.76862   0.18033   0.72343
Immunityboost_062-122         0.23233    4.30416   0.09656   0.55900
Immunityboost_123-183         0.60927    1.64131   0.45984   0.80725
Immunityboost_184-244         0.56363    1.77421   0.51286   0.61943
Immunityboost_245-305         0.63347    1.57859   0.59402   0.67555
Immunityboost_306-366         0.64153    1.55878   0.58941   0.69825
Immunityfull_062-122          0.47018    2.12685   0.06619   3.33990
Immunityfull_123-183          1.40729    0.71059   0.88377   2.24094
Immunityfull_184-244          0.92730    1.07840   0.73546   1.16919
Immunityfull_245-305          0.91859    1.08863   0.76442   1.10385
Immunityfull_306-366          0.74549    1.34141   0.58973   0.94239
Immunityhybridboost_001-061   0.27870    3.58811   0.13266   0.58552
Immunityhybridboost_062-122   0.05067   19.73457   0.02106   0.12191
Immunityhybridboost_123-183   0.04318   23.16056   0.02242   0.08314
Immunityhybridboost_184-244   0.14776    6.76780   0.11551   0.18901
Immunityhybridboost_245-305   0.16109    6.20784   0.12702   0.20429
Immunityhybridboost_306-366   0.17248    5.79774   0.10833   0.27462
Immunityhybridfull_062-122    0.07227   13.83633   0.01017   0.51339
Immunityhybridfull_123-183    0.15165    6.59425   0.07214   0.31877
Immunityhybridfull_184-244    0.14542    6.87681   0.09349   0.22618
Immunityhybridfull_245-305    0.15722    6.36061   0.10588   0.23345
Immunityhybridfull_306-366    0.18424    5.42762   0.11258   0.30153
Immunityinf_062-122           0.14140    7.07234   0.03533   0.56583
Immunityinf_123-183           0.23132    4.32294   0.13106   0.40830
Immunityinf_184-244           0.31864    3.13837   0.23760   0.42732
Immunityinf_245-305           0.23116    4.32609   0.16282   0.32817
Immunityinf_306-366           0.23251    4.30094   0.13730   0.39374
Immunityother                 0.72448    1.38030   0.66676   0.78720
Immunitysecboost_001-061      0.26552    3.76626   0.22621   0.31166
Immunitysecboost_062-122      0.30642    3.26351   0.20606   0.45565
AgeGr0-11                     1.65208    0.60530   1.29049   2.11499
AgeGr12-15                    0.28844    3.46689   0.16337   0.50926
AgeGr16-17                    0.66062    1.51374   0.36748   1.18757
AgeGr18-24                    0.47397    2.10984   0.31446   0.71440
AgeGr25-29                    0.69105    1.44707   0.47418   1.00710
AgeGr30-34                    0.96985    1.03108   0.70188   1.34014
AgeGr35-39                    0.70323    1.42201   0.49389   1.00130
AgeGr45-49                    1.14838    0.87079   0.85470   1.54295
AgeGr50-54                    1.73870    0.57514   1.30829   2.31071
AgeGr55-59                    2.40623    0.41559   1.83902   3.14839
AgeGr60-64                    4.51746    0.22136   3.52000   5.79757
AgeGr65-69                    8.84334    0.11308   6.99905  11.17361
AgeGr70-74                   16.60149    0.06024  13.21201  20.86052
AgeGr75-79                   31.45598    0.03179  25.07679  39.45794
AgeGr80+                     61.91815    0.01615  49.51059  77.43511
SexM                          1.46800    0.68120   1.40171   1.53744

Concordance= 0.885  (se = 0.002 )
Likelihood ratio test= 18564  on 46 df,   p=<2e-16
Wald test            = 13341  on 46 df,   p=<2e-16
Score (logrank) test = 32486  on 46 df,   p=<2e-16

[[1]]
 [1] "Immunityboost_001-061"       "Immunityboost_062-122"      
 [3] "Immunityboost_123-183"       "Immunityboost_184-244"      
 [5] "Immunityboost_245-305"       "Immunityboost_306-366"      
 [7] "Immunityfull_062-122"        "Immunityfull_123-183"       
 [9] "Immunityfull_184-244"        "Immunityfull_245-305"       
[11] "Immunityfull_306-366"        "Immunityhybridboost_001-061"
[13] "Immunityhybridboost_062-122" "Immunityhybridboost_123-183"
[15] "Immunityhybridboost_184-244" "Immunityhybridboost_245-305"
[17] "Immunityhybridboost_306-366" "Immunityhybridfull_062-122" 
[19] "Immunityhybridfull_123-183"  "Immunityhybridfull_184-244" 
[21] "Immunityhybridfull_245-305"  "Immunityhybridfull_306-366" 
[23] "Immunityinf_062-122"         "Immunityinf_123-183"        
[25] "Immunityinf_184-244"         "Immunityinf_245-305"        
[27] "Immunityinf_306-366"         "Immunityother"              
[29] "Immunitysecboost_001-061"    "Immunitysecboost_062-122"   
[31] "AgeGr0-11"                   "AgeGr12-15"                 
[33] "AgeGr16-17"                  "AgeGr18-24"                 
[35] "AgeGr25-29"                  "AgeGr30-34"                 
[37] "AgeGr35-39"                  "AgeGr45-49"                 
[39] "AgeGr50-54"                  "AgeGr55-59"                 
[41] "AgeGr60-64"                  "AgeGr65-69"                 
[43] "AgeGr70-74"                  "AgeGr75-79"                 
[45] "AgeGr80+"                    "SexM"                       

[[2]]
[1] "beta"          "beta_CI_lower" "beta_CI_upper" "HR"           
[5] "HR_CI_lower"   "HR_CI_upper"   "eff"           "eff_CI_upper" 
[9] "eff_CI_lower" 

null device 
          1 
null device 
          1 
null device 
          1 
null device 
          1 
<div id="eskzafuhsk" style="padding-left:0px;padding-right:0px;padding-top:10px;padding-bottom:10px;overflow-x:auto;overflow-y:auto;width:auto;height:auto;">
  <style>html {
  font-family: -apple-system, BlinkMacSystemFont, 'Segoe UI', Roboto, Oxygen, Ubuntu, Cantarell, 'Helvetica Neue', 'Fira Sans', 'Droid Sans', Arial, sans-serif;
}

#eskzafuhsk .gt_table {
  display: table;
  border-collapse: collapse;
  margin-left: auto;
  margin-right: auto;
  color: #333333;
  font-size: 16px;
  font-weight: normal;
  font-style: normal;
  background-color: #FFFFFF;
  width: auto;
  border-top-style: solid;
  border-top-width: 2px;
  border-top-color: #A8A8A8;
  border-right-style: none;
  border-right-width: 2px;
  border-right-color: #D3D3D3;
  border-bottom-style: solid;
  border-bottom-width: 2px;
  border-bottom-color: #A8A8A8;
  border-left-style: none;
  border-left-width: 2px;
  border-left-color: #D3D3D3;
}

#eskzafuhsk .gt_heading {
  background-color: #FFFFFF;
  text-align: center;
  border-bottom-color: #FFFFFF;
  border-left-style: none;
  border-left-width: 1px;
  border-left-color: #D3D3D3;
  border-right-style: none;
  border-right-width: 1px;
  border-right-color: #D3D3D3;
}

#eskzafuhsk .gt_caption {
  padding-top: 4px;
  padding-bottom: 4px;
}

#eskzafuhsk .gt_title {
  color: #333333;
  font-size: 125%;
  font-weight: initial;
  padding-top: 4px;
  padding-bottom: 4px;
  padding-left: 5px;
  padding-right: 5px;
  border-bottom-color: #FFFFFF;
  border-bottom-width: 0;
}

#eskzafuhsk .gt_subtitle {
  color: #333333;
  font-size: 85%;
  font-weight: initial;
  padding-top: 0;
  padding-bottom: 6px;
  padding-left: 5px;
  padding-right: 5px;
  border-top-color: #FFFFFF;
  border-top-width: 0;
}

#eskzafuhsk .gt_bottom_border {
  border-bottom-style: solid;
  border-bottom-width: 2px;
  border-bottom-color: #D3D3D3;
}

#eskzafuhsk .gt_col_headings {
  border-top-style: solid;
  border-top-width: 2px;
  border-top-color: #D3D3D3;
  border-bottom-style: solid;
  border-bottom-width: 2px;
  border-bottom-color: #D3D3D3;
  border-left-style: none;
  border-left-width: 1px;
  border-left-color: #D3D3D3;
  border-right-style: none;
  border-right-width: 1px;
  border-right-color: #D3D3D3;
}

#eskzafuhsk .gt_col_heading {
  color: #333333;
  background-color: #FFFFFF;
  font-size: 100%;
  font-weight: normal;
  text-transform: inherit;
  border-left-style: none;
  border-left-width: 1px;
  border-left-color: #D3D3D3;
  border-right-style: none;
  border-right-width: 1px;
  border-right-color: #D3D3D3;
  vertical-align: bottom;
  padding-top: 5px;
  padding-bottom: 6px;
  padding-left: 5px;
  padding-right: 5px;
  overflow-x: hidden;
}

#eskzafuhsk .gt_column_spanner_outer {
  color: #333333;
  background-color: #FFFFFF;
  font-size: 100%;
  font-weight: normal;
  text-transform: inherit;
  padding-top: 0;
  padding-bottom: 0;
  padding-left: 4px;
  padding-right: 4px;
}

#eskzafuhsk .gt_column_spanner_outer:first-child {
  padding-left: 0;
}

#eskzafuhsk .gt_column_spanner_outer:last-child {
  padding-right: 0;
}

#eskzafuhsk .gt_column_spanner {
  border-bottom-style: solid;
  border-bottom-width: 2px;
  border-bottom-color: #D3D3D3;
  vertical-align: bottom;
  padding-top: 5px;
  padding-bottom: 5px;
  overflow-x: hidden;
  display: inline-block;
  width: 100%;
}

#eskzafuhsk .gt_group_heading {
  padding-top: 8px;
  padding-bottom: 8px;
  padding-left: 5px;
  padding-right: 5px;
  color: #333333;
  background-color: #FFFFFF;
  font-size: 100%;
  font-weight: initial;
  text-transform: inherit;
  border-top-style: solid;
  border-top-width: 2px;
  border-top-color: #D3D3D3;
  border-bottom-style: solid;
  border-bottom-width: 2px;
  border-bottom-color: #D3D3D3;
  border-left-style: none;
  border-left-width: 1px;
  border-left-color: #D3D3D3;
  border-right-style: none;
  border-right-width: 1px;
  border-right-color: #D3D3D3;
  vertical-align: middle;
  text-align: left;
}

#eskzafuhsk .gt_empty_group_heading {
  padding: 0.5px;
  color: #333333;
  background-color: #FFFFFF;
  font-size: 100%;
  font-weight: initial;
  border-top-style: solid;
  border-top-width: 2px;
  border-top-color: #D3D3D3;
  border-bottom-style: solid;
  border-bottom-width: 2px;
  border-bottom-color: #D3D3D3;
  vertical-align: middle;
}

#eskzafuhsk .gt_from_md > :first-child {
  margin-top: 0;
}

#eskzafuhsk .gt_from_md > :last-child {
  margin-bottom: 0;
}

#eskzafuhsk .gt_row {
  padding-top: 8px;
  padding-bottom: 8px;
  padding-left: 5px;
  padding-right: 5px;
  margin: 10px;
  border-top-style: solid;
  border-top-width: 1px;
  border-top-color: #D3D3D3;
  border-left-style: none;
  border-left-width: 1px;
  border-left-color: #D3D3D3;
  border-right-style: none;
  border-right-width: 1px;
  border-right-color: #D3D3D3;
  vertical-align: middle;
  overflow-x: hidden;
}

#eskzafuhsk .gt_stub {
  color: #333333;
  background-color: #FFFFFF;
  font-size: 100%;
  font-weight: initial;
  text-transform: inherit;
  border-right-style: solid;
  border-right-width: 2px;
  border-right-color: #D3D3D3;
  padding-left: 5px;
  padding-right: 5px;
}

#eskzafuhsk .gt_stub_row_group {
  color: #333333;
  background-color: #FFFFFF;
  font-size: 100%;
  font-weight: initial;
  text-transform: inherit;
  border-right-style: solid;
  border-right-width: 2px;
  border-right-color: #D3D3D3;
  padding-left: 5px;
  padding-right: 5px;
  vertical-align: top;
}

#eskzafuhsk .gt_row_group_first td {
  border-top-width: 2px;
}

#eskzafuhsk .gt_summary_row {
  color: #333333;
  background-color: #FFFFFF;
  text-transform: inherit;
  padding-top: 8px;
  padding-bottom: 8px;
  padding-left: 5px;
  padding-right: 5px;
}

#eskzafuhsk .gt_first_summary_row {
  border-top-style: solid;
  border-top-color: #D3D3D3;
}

#eskzafuhsk .gt_first_summary_row.thick {
  border-top-width: 2px;
}

#eskzafuhsk .gt_last_summary_row {
  padding-top: 8px;
  padding-bottom: 8px;
  padding-left: 5px;
  padding-right: 5px;
  border-bottom-style: solid;
  border-bottom-width: 2px;
  border-bottom-color: #D3D3D3;
}

#eskzafuhsk .gt_grand_summary_row {
  color: #333333;
  background-color: #FFFFFF;
  text-transform: inherit;
  padding-top: 8px;
  padding-bottom: 8px;
  padding-left: 5px;
  padding-right: 5px;
}

#eskzafuhsk .gt_first_grand_summary_row {
  padding-top: 8px;
  padding-bottom: 8px;
  padding-left: 5px;
  padding-right: 5px;
  border-top-style: double;
  border-top-width: 6px;
  border-top-color: #D3D3D3;
}

#eskzafuhsk .gt_striped {
  background-color: rgba(128, 128, 128, 0.05);
}

#eskzafuhsk .gt_table_body {
  border-top-style: solid;
  border-top-width: 2px;
  border-top-color: #D3D3D3;
  border-bottom-style: solid;
  border-bottom-width: 2px;
  border-bottom-color: #D3D3D3;
}

#eskzafuhsk .gt_footnotes {
  color: #333333;
  background-color: #FFFFFF;
  border-bottom-style: none;
  border-bottom-width: 2px;
  border-bottom-color: #D3D3D3;
  border-left-style: none;
  border-left-width: 2px;
  border-left-color: #D3D3D3;
  border-right-style: none;
  border-right-width: 2px;
  border-right-color: #D3D3D3;
}

#eskzafuhsk .gt_footnote {
  margin: 0px;
  font-size: 90%;
  padding-left: 4px;
  padding-right: 4px;
  padding-left: 5px;
  padding-right: 5px;
}

#eskzafuhsk .gt_sourcenotes {
  color: #333333;
  background-color: #FFFFFF;
  border-bottom-style: none;
  border-bottom-width: 2px;
  border-bottom-color: #D3D3D3;
  border-left-style: none;
  border-left-width: 2px;
  border-left-color: #D3D3D3;
  border-right-style: none;
  border-right-width: 2px;
  border-right-color: #D3D3D3;
}

#eskzafuhsk .gt_sourcenote {
  font-size: 90%;
  padding-top: 4px;
  padding-bottom: 4px;
  padding-left: 5px;
  padding-right: 5px;
}

#eskzafuhsk .gt_left {
  text-align: left;
}

#eskzafuhsk .gt_center {
  text-align: center;
}

#eskzafuhsk .gt_right {
  text-align: right;
  font-variant-numeric: tabular-nums;
}

#eskzafuhsk .gt_font_normal {
  font-weight: normal;
}

#eskzafuhsk .gt_font_bold {
  font-weight: bold;
}

#eskzafuhsk .gt_font_italic {
  font-style: italic;
}

#eskzafuhsk .gt_super {
  font-size: 65%;
}

#eskzafuhsk .gt_footnote_marks {
  font-style: italic;
  font-weight: normal;
  font-size: 75%;
  vertical-align: 0.4em;
}

#eskzafuhsk .gt_asterisk {
  font-size: 100%;
  vertical-align: 0;
}

#eskzafuhsk .gt_indent_1 {
  text-indent: 5px;
}

#eskzafuhsk .gt_indent_2 {
  text-indent: 10px;
}

#eskzafuhsk .gt_indent_3 {
  text-indent: 15px;
}

#eskzafuhsk .gt_indent_4 {
  text-indent: 20px;
}

#eskzafuhsk .gt_indent_5 {
  text-indent: 25px;
}
</style>
  <table class="gt_table">
  
  <thead class="gt_col_headings">
    <tr>
      <th class="gt_col_heading gt_columns_bottom_border gt_left" rowspan="1" colspan="1" scope="col" id="&lt;strong&gt;Characteristic&lt;/strong&gt;"><strong>Characteristic</strong></th>
      <th class="gt_col_heading gt_columns_bottom_border gt_center" rowspan="1" colspan="1" scope="col" id="&lt;strong&gt;N&lt;/strong&gt;"><strong>N</strong></th>
      <th class="gt_col_heading gt_columns_bottom_border gt_center" rowspan="1" colspan="1" scope="col" id="&lt;strong&gt;Event N&lt;/strong&gt;"><strong>Event N</strong></th>
      <th class="gt_col_heading gt_columns_bottom_border gt_center" rowspan="1" colspan="1" scope="col" id="&lt;strong&gt;HR&lt;/strong&gt; &lt;strong&gt;(95% CI)&lt;/strong&gt;&lt;sup class=&quot;gt_footnote_marks&quot;&gt;1&lt;/sup&gt;"><strong>HR</strong> <strong>(95% CI)</strong><sup class="gt_footnote_marks">1</sup></th>
      <th class="gt_col_heading gt_columns_bottom_border gt_center" rowspan="1" colspan="1" scope="col" id="&lt;strong&gt;p-value&lt;/strong&gt;"><strong>p-value</strong></th>
    </tr>
  </thead>
  <tbody class="gt_table_body">
    <tr><td headers="label" class="gt_row gt_left" style="font-weight: bold;">Immunity</td>
<td headers="stat_n" class="gt_row gt_center"></td>
<td headers="stat_nevent" class="gt_row gt_center"></td>
<td headers="estimate" class="gt_row gt_center"></td>
<td headers="p.value" class="gt_row gt_center"></td></tr>
    <tr><td headers="label" class="gt_row gt_left">    _noimmunity</td>
<td headers="stat_n" class="gt_row gt_center">2,184,789</td>
<td headers="stat_nevent" class="gt_row gt_center">1933</td>
<td headers="estimate" class="gt_row gt_center">—</td>
<td headers="p.value" class="gt_row gt_center"></td></tr>
    <tr><td headers="label" class="gt_row gt_left">    boost_001-061</td>
<td headers="stat_n" class="gt_row gt_center">194,769</td>
<td headers="stat_nevent" class="gt_row gt_center">8</td>
<td headers="estimate" class="gt_row gt_center">0.36 (0.18 to 0.72)</td>
<td headers="p.value" class="gt_row gt_center" style="font-weight: bold;">0.004</td></tr>
    <tr><td headers="label" class="gt_row gt_left">    boost_062-122</td>
<td headers="stat_n" class="gt_row gt_center">1,459,053</td>
<td headers="stat_nevent" class="gt_row gt_center">5</td>
<td headers="estimate" class="gt_row gt_center">0.23 (0.10 to 0.56)</td>
<td headers="p.value" class="gt_row gt_center" style="font-weight: bold;">0.001</td></tr>
    <tr><td headers="label" class="gt_row gt_left">    boost_123-183</td>
<td headers="stat_n" class="gt_row gt_center">3,058,215</td>
<td headers="stat_nevent" class="gt_row gt_center">51</td>
<td headers="estimate" class="gt_row gt_center">0.61 (0.46 to 0.81)</td>
<td headers="p.value" class="gt_row gt_center" style="font-weight: bold;"><0.001</td></tr>
    <tr><td headers="label" class="gt_row gt_left">    boost_184-244</td>
<td headers="stat_n" class="gt_row gt_center">3,095,956</td>
<td headers="stat_nevent" class="gt_row gt_center">664</td>
<td headers="estimate" class="gt_row gt_center">0.56 (0.51 to 0.62)</td>
<td headers="p.value" class="gt_row gt_center" style="font-weight: bold;"><0.001</td></tr>
    <tr><td headers="label" class="gt_row gt_left">    boost_245-305</td>
<td headers="stat_n" class="gt_row gt_center">2,951,063</td>
<td headers="stat_nevent" class="gt_row gt_center">2160</td>
<td headers="estimate" class="gt_row gt_center">0.63 (0.59 to 0.68)</td>
<td headers="p.value" class="gt_row gt_center" style="font-weight: bold;"><0.001</td></tr>
    <tr><td headers="label" class="gt_row gt_left">    boost_306-366</td>
<td headers="stat_n" class="gt_row gt_center">2,591,661</td>
<td headers="stat_nevent" class="gt_row gt_center">895</td>
<td headers="estimate" class="gt_row gt_center">0.64 (0.59 to 0.70)</td>
<td headers="p.value" class="gt_row gt_center" style="font-weight: bold;"><0.001</td></tr>
    <tr><td headers="label" class="gt_row gt_left">    full_062-122</td>
<td headers="stat_n" class="gt_row gt_center">216,093</td>
<td headers="stat_nevent" class="gt_row gt_center">1</td>
<td headers="estimate" class="gt_row gt_center">0.47 (0.07 to 3.34)</td>
<td headers="p.value" class="gt_row gt_center">0.45</td></tr>
    <tr><td headers="label" class="gt_row gt_left">    full_123-183</td>
<td headers="stat_n" class="gt_row gt_center">506,430</td>
<td headers="stat_nevent" class="gt_row gt_center">18</td>
<td headers="estimate" class="gt_row gt_center">1.41 (0.88 to 2.24)</td>
<td headers="p.value" class="gt_row gt_center">0.15</td></tr>
    <tr><td headers="label" class="gt_row gt_left">    full_184-244</td>
<td headers="stat_n" class="gt_row gt_center">756,412</td>
<td headers="stat_nevent" class="gt_row gt_center">75</td>
<td headers="estimate" class="gt_row gt_center">0.93 (0.74 to 1.17)</td>
<td headers="p.value" class="gt_row gt_center">0.52</td></tr>
    <tr><td headers="label" class="gt_row gt_left">    full_245-305</td>
<td headers="stat_n" class="gt_row gt_center">1,307,712</td>
<td headers="stat_nevent" class="gt_row gt_center">123</td>
<td headers="estimate" class="gt_row gt_center">0.92 (0.76 to 1.10)</td>
<td headers="p.value" class="gt_row gt_center">0.36</td></tr>
    <tr><td headers="label" class="gt_row gt_left">    full_306-366</td>
<td headers="stat_n" class="gt_row gt_center">1,351,402</td>
<td headers="stat_nevent" class="gt_row gt_center">74</td>
<td headers="estimate" class="gt_row gt_center">0.75 (0.59 to 0.94)</td>
<td headers="p.value" class="gt_row gt_center" style="font-weight: bold;">0.014</td></tr>
    <tr><td headers="label" class="gt_row gt_left">    hybridboost_001-061</td>
<td headers="stat_n" class="gt_row gt_center">272,592</td>
<td headers="stat_nevent" class="gt_row gt_center">7</td>
<td headers="estimate" class="gt_row gt_center">0.28 (0.13 to 0.59)</td>
<td headers="p.value" class="gt_row gt_center" style="font-weight: bold;"><0.001</td></tr>
    <tr><td headers="label" class="gt_row gt_left">    hybridboost_062-122</td>
<td headers="stat_n" class="gt_row gt_center">1,642,730</td>
<td headers="stat_nevent" class="gt_row gt_center">5</td>
<td headers="estimate" class="gt_row gt_center">0.05 (0.02 to 0.12)</td>
<td headers="p.value" class="gt_row gt_center" style="font-weight: bold;"><0.001</td></tr>
    <tr><td headers="label" class="gt_row gt_left">    hybridboost_123-183</td>
<td headers="stat_n" class="gt_row gt_center">1,775,616</td>
<td headers="stat_nevent" class="gt_row gt_center">9</td>
<td headers="estimate" class="gt_row gt_center">0.04 (0.02 to 0.08)</td>
<td headers="p.value" class="gt_row gt_center" style="font-weight: bold;"><0.001</td></tr>
    <tr><td headers="label" class="gt_row gt_left">    hybridboost_184-244</td>
<td headers="stat_n" class="gt_row gt_center">1,552,590</td>
<td headers="stat_nevent" class="gt_row gt_center">66</td>
<td headers="estimate" class="gt_row gt_center">0.15 (0.12 to 0.19)</td>
<td headers="p.value" class="gt_row gt_center" style="font-weight: bold;"><0.001</td></tr>
    <tr><td headers="label" class="gt_row gt_left">    hybridboost_245-305</td>
<td headers="stat_n" class="gt_row gt_center">1,332,699</td>
<td headers="stat_nevent" class="gt_row gt_center">71</td>
<td headers="estimate" class="gt_row gt_center">0.16 (0.13 to 0.20)</td>
<td headers="p.value" class="gt_row gt_center" style="font-weight: bold;"><0.001</td></tr>
    <tr><td headers="label" class="gt_row gt_left">    hybridboost_306-366</td>
<td headers="stat_n" class="gt_row gt_center">933,167</td>
<td headers="stat_nevent" class="gt_row gt_center">18</td>
<td headers="estimate" class="gt_row gt_center">0.17 (0.11 to 0.27)</td>
<td headers="p.value" class="gt_row gt_center" style="font-weight: bold;"><0.001</td></tr>
    <tr><td headers="label" class="gt_row gt_left">    hybridfull_062-122</td>
<td headers="stat_n" class="gt_row gt_center">1,100,408</td>
<td headers="stat_nevent" class="gt_row gt_center">1</td>
<td headers="estimate" class="gt_row gt_center">0.07 (0.01 to 0.51)</td>
<td headers="p.value" class="gt_row gt_center" style="font-weight: bold;">0.009</td></tr>
    <tr><td headers="label" class="gt_row gt_left">    hybridfull_123-183</td>
<td headers="stat_n" class="gt_row gt_center">1,600,636</td>
<td headers="stat_nevent" class="gt_row gt_center">7</td>
<td headers="estimate" class="gt_row gt_center">0.15 (0.07 to 0.32)</td>
<td headers="p.value" class="gt_row gt_center" style="font-weight: bold;"><0.001</td></tr>
    <tr><td headers="label" class="gt_row gt_left">    hybridfull_184-244</td>
<td headers="stat_n" class="gt_row gt_center">1,509,693</td>
<td headers="stat_nevent" class="gt_row gt_center">20</td>
<td headers="estimate" class="gt_row gt_center">0.15 (0.09 to 0.23)</td>
<td headers="p.value" class="gt_row gt_center" style="font-weight: bold;"><0.001</td></tr>
    <tr><td headers="label" class="gt_row gt_left">    hybridfull_245-305</td>
<td headers="stat_n" class="gt_row gt_center">1,289,292</td>
<td headers="stat_nevent" class="gt_row gt_center">25</td>
<td headers="estimate" class="gt_row gt_center">0.16 (0.11 to 0.23)</td>
<td headers="p.value" class="gt_row gt_center" style="font-weight: bold;"><0.001</td></tr>
    <tr><td headers="label" class="gt_row gt_left">    hybridfull_306-366</td>
<td headers="stat_n" class="gt_row gt_center">1,090,517</td>
<td headers="stat_nevent" class="gt_row gt_center">16</td>
<td headers="estimate" class="gt_row gt_center">0.18 (0.11 to 0.30)</td>
<td headers="p.value" class="gt_row gt_center" style="font-weight: bold;"><0.001</td></tr>
    <tr><td headers="label" class="gt_row gt_left">    inf_062-122</td>
<td headers="stat_n" class="gt_row gt_center">758,112</td>
<td headers="stat_nevent" class="gt_row gt_center">2</td>
<td headers="estimate" class="gt_row gt_center">0.14 (0.04 to 0.57)</td>
<td headers="p.value" class="gt_row gt_center" style="font-weight: bold;">0.006</td></tr>
    <tr><td headers="label" class="gt_row gt_left">    inf_123-183</td>
<td headers="stat_n" class="gt_row gt_center">1,156,042</td>
<td headers="stat_nevent" class="gt_row gt_center">12</td>
<td headers="estimate" class="gt_row gt_center">0.23 (0.13 to 0.41)</td>
<td headers="p.value" class="gt_row gt_center" style="font-weight: bold;"><0.001</td></tr>
    <tr><td headers="label" class="gt_row gt_left">    inf_184-244</td>
<td headers="stat_n" class="gt_row gt_center">1,156,793</td>
<td headers="stat_nevent" class="gt_row gt_center">46</td>
<td headers="estimate" class="gt_row gt_center">0.32 (0.24 to 0.43)</td>
<td headers="p.value" class="gt_row gt_center" style="font-weight: bold;"><0.001</td></tr>
    <tr><td headers="label" class="gt_row gt_left">    inf_245-305</td>
<td headers="stat_n" class="gt_row gt_center">1,132,893</td>
<td headers="stat_nevent" class="gt_row gt_center">32</td>
<td headers="estimate" class="gt_row gt_center">0.23 (0.16 to 0.33)</td>
<td headers="p.value" class="gt_row gt_center" style="font-weight: bold;"><0.001</td></tr>
    <tr><td headers="label" class="gt_row gt_left">    inf_306-366</td>
<td headers="stat_n" class="gt_row gt_center">1,077,692</td>
<td headers="stat_nevent" class="gt_row gt_center">14</td>
<td headers="estimate" class="gt_row gt_center">0.23 (0.14 to 0.39)</td>
<td headers="p.value" class="gt_row gt_center" style="font-weight: bold;"><0.001</td></tr>
    <tr><td headers="label" class="gt_row gt_left">    other</td>
<td headers="stat_n" class="gt_row gt_center">5,479,236</td>
<td headers="stat_nevent" class="gt_row gt_center">821</td>
<td headers="estimate" class="gt_row gt_center">0.72 (0.67 to 0.79)</td>
<td headers="p.value" class="gt_row gt_center" style="font-weight: bold;"><0.001</td></tr>
    <tr><td headers="label" class="gt_row gt_left">    secboost_001-061</td>
<td headers="stat_n" class="gt_row gt_center">602,427</td>
<td headers="stat_nevent" class="gt_row gt_center">166</td>
<td headers="estimate" class="gt_row gt_center">0.27 (0.23 to 0.31)</td>
<td headers="p.value" class="gt_row gt_center" style="font-weight: bold;"><0.001</td></tr>
    <tr><td headers="label" class="gt_row gt_left">    secboost_062-122</td>
<td headers="stat_n" class="gt_row gt_center">510,434</td>
<td headers="stat_nevent" class="gt_row gt_center">25</td>
<td headers="estimate" class="gt_row gt_center">0.31 (0.21 to 0.46)</td>
<td headers="p.value" class="gt_row gt_center" style="font-weight: bold;"><0.001</td></tr>
    <tr><td headers="label" class="gt_row gt_left" style="font-weight: bold;">AgeGr</td>
<td headers="stat_n" class="gt_row gt_center"></td>
<td headers="stat_nevent" class="gt_row gt_center"></td>
<td headers="estimate" class="gt_row gt_center"></td>
<td headers="p.value" class="gt_row gt_center"></td></tr>
    <tr><td headers="label" class="gt_row gt_left">    _40-44</td>
<td headers="stat_n" class="gt_row gt_center">3,943,779</td>
<td headers="stat_nevent" class="gt_row gt_center">80</td>
<td headers="estimate" class="gt_row gt_center">—</td>
<td headers="p.value" class="gt_row gt_center"></td></tr>
    <tr><td headers="label" class="gt_row gt_left">    0-11</td>
<td headers="stat_n" class="gt_row gt_center">2,803,016</td>
<td headers="stat_nevent" class="gt_row gt_center">326</td>
<td headers="estimate" class="gt_row gt_center">1.65 (1.29 to 2.11)</td>
<td headers="p.value" class="gt_row gt_center" style="font-weight: bold;"><0.001</td></tr>
    <tr><td headers="label" class="gt_row gt_left">    12-15</td>
<td headers="stat_n" class="gt_row gt_center">1,944,510</td>
<td headers="stat_nevent" class="gt_row gt_center">14</td>
<td headers="estimate" class="gt_row gt_center">0.29 (0.16 to 0.51)</td>
<td headers="p.value" class="gt_row gt_center" style="font-weight: bold;"><0.001</td></tr>
    <tr><td headers="label" class="gt_row gt_left">    16-17</td>
<td headers="stat_n" class="gt_row gt_center">953,617</td>
<td headers="stat_nevent" class="gt_row gt_center">13</td>
<td headers="estimate" class="gt_row gt_center">0.66 (0.37 to 1.19)</td>
<td headers="p.value" class="gt_row gt_center">0.17</td></tr>
    <tr><td headers="label" class="gt_row gt_left">    18-24</td>
<td headers="stat_n" class="gt_row gt_center">3,098,159</td>
<td headers="stat_nevent" class="gt_row gt_center">32</td>
<td headers="estimate" class="gt_row gt_center">0.47 (0.31 to 0.71)</td>
<td headers="p.value" class="gt_row gt_center" style="font-weight: bold;"><0.001</td></tr>
    <tr><td headers="label" class="gt_row gt_left">    25-29</td>
<td headers="stat_n" class="gt_row gt_center">2,495,754</td>
<td headers="stat_nevent" class="gt_row gt_center">41</td>
<td headers="estimate" class="gt_row gt_center">0.69 (0.47 to 1.01)</td>
<td headers="p.value" class="gt_row gt_center">0.054</td></tr>
    <tr><td headers="label" class="gt_row gt_left">    30-34</td>
<td headers="stat_n" class="gt_row gt_center">3,047,029</td>
<td headers="stat_nevent" class="gt_row gt_center">68</td>
<td headers="estimate" class="gt_row gt_center">0.97 (0.70 to 1.34)</td>
<td headers="p.value" class="gt_row gt_center">0.85</td></tr>
    <tr><td headers="label" class="gt_row gt_left">    35-39</td>
<td headers="stat_n" class="gt_row gt_center">3,265,440</td>
<td headers="stat_nevent" class="gt_row gt_center">50</td>
<td headers="estimate" class="gt_row gt_center">0.70 (0.49 to 1.00)</td>
<td headers="p.value" class="gt_row gt_center">0.051</td></tr>
    <tr><td headers="label" class="gt_row gt_left">    45-49</td>
<td headers="stat_n" class="gt_row gt_center">4,367,888</td>
<td headers="stat_nevent" class="gt_row gt_center">98</td>
<td headers="estimate" class="gt_row gt_center">1.15 (0.85 to 1.54)</td>
<td headers="p.value" class="gt_row gt_center">0.36</td></tr>
    <tr><td headers="label" class="gt_row gt_left">    50-54</td>
<td headers="stat_n" class="gt_row gt_center">3,364,686</td>
<td headers="stat_nevent" class="gt_row gt_center">117</td>
<td headers="estimate" class="gt_row gt_center">1.74 (1.31 to 2.31)</td>
<td headers="p.value" class="gt_row gt_center" style="font-weight: bold;"><0.001</td></tr>
    <tr><td headers="label" class="gt_row gt_left">    55-59</td>
<td headers="stat_n" class="gt_row gt_center">3,186,463</td>
<td headers="stat_nevent" class="gt_row gt_center">159</td>
<td headers="estimate" class="gt_row gt_center">2.41 (1.84 to 3.15)</td>
<td headers="p.value" class="gt_row gt_center" style="font-weight: bold;"><0.001</td></tr>
    <tr><td headers="label" class="gt_row gt_left">    60-64</td>
<td headers="stat_n" class="gt_row gt_center">2,824,121</td>
<td headers="stat_nevent" class="gt_row gt_center">274</td>
<td headers="estimate" class="gt_row gt_center">4.52 (3.52 to 5.80)</td>
<td headers="p.value" class="gt_row gt_center" style="font-weight: bold;"><0.001</td></tr>
    <tr><td headers="label" class="gt_row gt_left">    65-69</td>
<td headers="stat_n" class="gt_row gt_center">3,124,780</td>
<td headers="stat_nevent" class="gt_row gt_center">608</td>
<td headers="estimate" class="gt_row gt_center">8.84 (7.00 to 11.2)</td>
<td headers="p.value" class="gt_row gt_center" style="font-weight: bold;"><0.001</td></tr>
    <tr><td headers="label" class="gt_row gt_left">    70-74</td>
<td headers="stat_n" class="gt_row gt_center">2,954,253</td>
<td headers="stat_nevent" class="gt_row gt_center">1060</td>
<td headers="estimate" class="gt_row gt_center">16.6 (13.2 to 20.9)</td>
<td headers="p.value" class="gt_row gt_center" style="font-weight: bold;"><0.001</td></tr>
    <tr><td headers="label" class="gt_row gt_left">    75-79</td>
<td headers="stat_n" class="gt_row gt_center">2,174,518</td>
<td headers="stat_nevent" class="gt_row gt_center">1420</td>
<td headers="estimate" class="gt_row gt_center">31.5 (25.1 to 39.5)</td>
<td headers="p.value" class="gt_row gt_center" style="font-weight: bold;"><0.001</td></tr>
    <tr><td headers="label" class="gt_row gt_left">    80+</td>
<td headers="stat_n" class="gt_row gt_center">2,099,111</td>
<td headers="stat_nevent" class="gt_row gt_center">3010</td>
<td headers="estimate" class="gt_row gt_center">61.9 (49.5 to 77.4)</td>
<td headers="p.value" class="gt_row gt_center" style="font-weight: bold;"><0.001</td></tr>
    <tr><td headers="label" class="gt_row gt_left" style="font-weight: bold;">Sex</td>
<td headers="stat_n" class="gt_row gt_center"></td>
<td headers="stat_nevent" class="gt_row gt_center"></td>
<td headers="estimate" class="gt_row gt_center"></td>
<td headers="p.value" class="gt_row gt_center"></td></tr>
    <tr><td headers="label" class="gt_row gt_left">    F</td>
<td headers="stat_n" class="gt_row gt_center">23,406,321</td>
<td headers="stat_nevent" class="gt_row gt_center">3714</td>
<td headers="estimate" class="gt_row gt_center">—</td>
<td headers="p.value" class="gt_row gt_center"></td></tr>
    <tr><td headers="label" class="gt_row gt_left">    M</td>
<td headers="stat_n" class="gt_row gt_center">22,240,803</td>
<td headers="stat_nevent" class="gt_row gt_center">3656</td>
<td headers="estimate" class="gt_row gt_center">1.47 (1.40 to 1.54)</td>
<td headers="p.value" class="gt_row gt_center" style="font-weight: bold;"><0.001</td></tr>
  </tbody>
  
  <tfoot class="gt_footnotes">
    <tr>
      <td class="gt_footnote" colspan="5"><sup class="gt_footnote_marks">1</sup> HR = Hazard Ratio, CI = Confidence Interval</td>
    </tr>
  </tfoot>
</table>
</div>
null device 
          1 
