<div id="auarkehdcn" style="padding-left:0px;padding-right:0px;padding-top:10px;padding-bottom:10px;overflow-x:auto;overflow-y:auto;width:auto;height:auto;">
  <style>html {
  font-family: -apple-system, BlinkMacSystemFont, 'Segoe UI', Roboto, Oxygen, Ubuntu, Cantarell, 'Helvetica Neue', 'Fira Sans', 'Droid Sans', Arial, sans-serif;
}

#auarkehdcn .gt_table {
  display: table;
  border-collapse: collapse;
  margin-left: auto;
  margin-right: auto;
  color: #333333;
  font-size: 16px;
  font-weight: normal;
  font-style: normal;
  background-color: #FFFFFF;
  width: auto;
  border-top-style: solid;
  border-top-width: 2px;
  border-top-color: #A8A8A8;
  border-right-style: none;
  border-right-width: 2px;
  border-right-color: #D3D3D3;
  border-bottom-style: solid;
  border-bottom-width: 2px;
  border-bottom-color: #A8A8A8;
  border-left-style: none;
  border-left-width: 2px;
  border-left-color: #D3D3D3;
}

#auarkehdcn .gt_heading {
  background-color: #FFFFFF;
  text-align: center;
  border-bottom-color: #FFFFFF;
  border-left-style: none;
  border-left-width: 1px;
  border-left-color: #D3D3D3;
  border-right-style: none;
  border-right-width: 1px;
  border-right-color: #D3D3D3;
}

#auarkehdcn .gt_caption {
  padding-top: 4px;
  padding-bottom: 4px;
}

#auarkehdcn .gt_title {
  color: #333333;
  font-size: 125%;
  font-weight: initial;
  padding-top: 4px;
  padding-bottom: 4px;
  padding-left: 5px;
  padding-right: 5px;
  border-bottom-color: #FFFFFF;
  border-bottom-width: 0;
}

#auarkehdcn .gt_subtitle {
  color: #333333;
  font-size: 85%;
  font-weight: initial;
  padding-top: 0;
  padding-bottom: 6px;
  padding-left: 5px;
  padding-right: 5px;
  border-top-color: #FFFFFF;
  border-top-width: 0;
}

#auarkehdcn .gt_bottom_border {
  border-bottom-style: solid;
  border-bottom-width: 2px;
  border-bottom-color: #D3D3D3;
}

#auarkehdcn .gt_col_headings {
  border-top-style: solid;
  border-top-width: 2px;
  border-top-color: #D3D3D3;
  border-bottom-style: solid;
  border-bottom-width: 2px;
  border-bottom-color: #D3D3D3;
  border-left-style: none;
  border-left-width: 1px;
  border-left-color: #D3D3D3;
  border-right-style: none;
  border-right-width: 1px;
  border-right-color: #D3D3D3;
}

#auarkehdcn .gt_col_heading {
  color: #333333;
  background-color: #FFFFFF;
  font-size: 100%;
  font-weight: normal;
  text-transform: inherit;
  border-left-style: none;
  border-left-width: 1px;
  border-left-color: #D3D3D3;
  border-right-style: none;
  border-right-width: 1px;
  border-right-color: #D3D3D3;
  vertical-align: bottom;
  padding-top: 5px;
  padding-bottom: 6px;
  padding-left: 5px;
  padding-right: 5px;
  overflow-x: hidden;
}

#auarkehdcn .gt_column_spanner_outer {
  color: #333333;
  background-color: #FFFFFF;
  font-size: 100%;
  font-weight: normal;
  text-transform: inherit;
  padding-top: 0;
  padding-bottom: 0;
  padding-left: 4px;
  padding-right: 4px;
}

#auarkehdcn .gt_column_spanner_outer:first-child {
  padding-left: 0;
}

#auarkehdcn .gt_column_spanner_outer:last-child {
  padding-right: 0;
}

#auarkehdcn .gt_column_spanner {
  border-bottom-style: solid;
  border-bottom-width: 2px;
  border-bottom-color: #D3D3D3;
  vertical-align: bottom;
  padding-top: 5px;
  padding-bottom: 5px;
  overflow-x: hidden;
  display: inline-block;
  width: 100%;
}

#auarkehdcn .gt_group_heading {
  padding-top: 8px;
  padding-bottom: 8px;
  padding-left: 5px;
  padding-right: 5px;
  color: #333333;
  background-color: #FFFFFF;
  font-size: 100%;
  font-weight: initial;
  text-transform: inherit;
  border-top-style: solid;
  border-top-width: 2px;
  border-top-color: #D3D3D3;
  border-bottom-style: solid;
  border-bottom-width: 2px;
  border-bottom-color: #D3D3D3;
  border-left-style: none;
  border-left-width: 1px;
  border-left-color: #D3D3D3;
  border-right-style: none;
  border-right-width: 1px;
  border-right-color: #D3D3D3;
  vertical-align: middle;
  text-align: left;
}

#auarkehdcn .gt_empty_group_heading {
  padding: 0.5px;
  color: #333333;
  background-color: #FFFFFF;
  font-size: 100%;
  font-weight: initial;
  border-top-style: solid;
  border-top-width: 2px;
  border-top-color: #D3D3D3;
  border-bottom-style: solid;
  border-bottom-width: 2px;
  border-bottom-color: #D3D3D3;
  vertical-align: middle;
}

#auarkehdcn .gt_from_md > :first-child {
  margin-top: 0;
}

#auarkehdcn .gt_from_md > :last-child {
  margin-bottom: 0;
}

#auarkehdcn .gt_row {
  padding-top: 8px;
  padding-bottom: 8px;
  padding-left: 5px;
  padding-right: 5px;
  margin: 10px;
  border-top-style: solid;
  border-top-width: 1px;
  border-top-color: #D3D3D3;
  border-left-style: none;
  border-left-width: 1px;
  border-left-color: #D3D3D3;
  border-right-style: none;
  border-right-width: 1px;
  border-right-color: #D3D3D3;
  vertical-align: middle;
  overflow-x: hidden;
}

#auarkehdcn .gt_stub {
  color: #333333;
  background-color: #FFFFFF;
  font-size: 100%;
  font-weight: initial;
  text-transform: inherit;
  border-right-style: solid;
  border-right-width: 2px;
  border-right-color: #D3D3D3;
  padding-left: 5px;
  padding-right: 5px;
}

#auarkehdcn .gt_stub_row_group {
  color: #333333;
  background-color: #FFFFFF;
  font-size: 100%;
  font-weight: initial;
  text-transform: inherit;
  border-right-style: solid;
  border-right-width: 2px;
  border-right-color: #D3D3D3;
  padding-left: 5px;
  padding-right: 5px;
  vertical-align: top;
}

#auarkehdcn .gt_row_group_first td {
  border-top-width: 2px;
}

#auarkehdcn .gt_summary_row {
  color: #333333;
  background-color: #FFFFFF;
  text-transform: inherit;
  padding-top: 8px;
  padding-bottom: 8px;
  padding-left: 5px;
  padding-right: 5px;
}

#auarkehdcn .gt_first_summary_row {
  border-top-style: solid;
  border-top-color: #D3D3D3;
}

#auarkehdcn .gt_first_summary_row.thick {
  border-top-width: 2px;
}

#auarkehdcn .gt_last_summary_row {
  padding-top: 8px;
  padding-bottom: 8px;
  padding-left: 5px;
  padding-right: 5px;
  border-bottom-style: solid;
  border-bottom-width: 2px;
  border-bottom-color: #D3D3D3;
}

#auarkehdcn .gt_grand_summary_row {
  color: #333333;
  background-color: #FFFFFF;
  text-transform: inherit;
  padding-top: 8px;
  padding-bottom: 8px;
  padding-left: 5px;
  padding-right: 5px;
}

#auarkehdcn .gt_first_grand_summary_row {
  padding-top: 8px;
  padding-bottom: 8px;
  padding-left: 5px;
  padding-right: 5px;
  border-top-style: double;
  border-top-width: 6px;
  border-top-color: #D3D3D3;
}

#auarkehdcn .gt_striped {
  background-color: rgba(128, 128, 128, 0.05);
}

#auarkehdcn .gt_table_body {
  border-top-style: solid;
  border-top-width: 2px;
  border-top-color: #D3D3D3;
  border-bottom-style: solid;
  border-bottom-width: 2px;
  border-bottom-color: #D3D3D3;
}

#auarkehdcn .gt_footnotes {
  color: #333333;
  background-color: #FFFFFF;
  border-bottom-style: none;
  border-bottom-width: 2px;
  border-bottom-color: #D3D3D3;
  border-left-style: none;
  border-left-width: 2px;
  border-left-color: #D3D3D3;
  border-right-style: none;
  border-right-width: 2px;
  border-right-color: #D3D3D3;
}

#auarkehdcn .gt_footnote {
  margin: 0px;
  font-size: 90%;
  padding-left: 4px;
  padding-right: 4px;
  padding-left: 5px;
  padding-right: 5px;
}

#auarkehdcn .gt_sourcenotes {
  color: #333333;
  background-color: #FFFFFF;
  border-bottom-style: none;
  border-bottom-width: 2px;
  border-bottom-color: #D3D3D3;
  border-left-style: none;
  border-left-width: 2px;
  border-left-color: #D3D3D3;
  border-right-style: none;
  border-right-width: 2px;
  border-right-color: #D3D3D3;
}

#auarkehdcn .gt_sourcenote {
  font-size: 90%;
  padding-top: 4px;
  padding-bottom: 4px;
  padding-left: 5px;
  padding-right: 5px;
}

#auarkehdcn .gt_left {
  text-align: left;
}

#auarkehdcn .gt_center {
  text-align: center;
}

#auarkehdcn .gt_right {
  text-align: right;
  font-variant-numeric: tabular-nums;
}

#auarkehdcn .gt_font_normal {
  font-weight: normal;
}

#auarkehdcn .gt_font_bold {
  font-weight: bold;
}

#auarkehdcn .gt_font_italic {
  font-style: italic;
}

#auarkehdcn .gt_super {
  font-size: 65%;
}

#auarkehdcn .gt_footnote_marks {
  font-style: italic;
  font-weight: normal;
  font-size: 75%;
  vertical-align: 0.4em;
}

#auarkehdcn .gt_asterisk {
  font-size: 100%;
  vertical-align: 0;
}

#auarkehdcn .gt_indent_1 {
  text-indent: 5px;
}

#auarkehdcn .gt_indent_2 {
  text-indent: 10px;
}

#auarkehdcn .gt_indent_3 {
  text-indent: 15px;
}

#auarkehdcn .gt_indent_4 {
  text-indent: 20px;
}

#auarkehdcn .gt_indent_5 {
  text-indent: 25px;
}
</style>
  <table class="gt_table">
  
  <thead class="gt_col_headings">
    <tr>
      <th class="gt_col_heading gt_columns_bottom_border gt_left" rowspan="1" colspan="1" scope="col" id="&lt;strong&gt;Characteristic&lt;/strong&gt;"><strong>Characteristic</strong></th>
      <th class="gt_col_heading gt_columns_bottom_border gt_center" rowspan="1" colspan="1" scope="col" id="&lt;strong&gt;N = 96,651,782&lt;/strong&gt;"><strong>N = 96,651,782</strong></th>
    </tr>
  </thead>
  <tbody class="gt_table_body">
    <tr><td headers="label" class="gt_row gt_left" style="font-weight: bold;">Number of unique patients, n</td>
<td headers="stat_0" class="gt_row gt_center">10,696,655</td></tr>
    <tr><td headers="label" class="gt_row gt_left" style="font-weight: bold;">T1, Median (IQR)</td>
<td headers="stat_0" class="gt_row gt_center">356 (186 – 493)</td></tr>
    <tr><td headers="label" class="gt_row gt_left" style="font-weight: bold;">T2, Median (IQR)</td>
<td headers="stat_0" class="gt_row gt_center">413 (268 – 556)</td></tr>
    <tr><td headers="label" class="gt_row gt_left" style="font-weight: bold;">Infected, n (%)</td>
<td headers="stat_0" class="gt_row gt_center">3,701,534 (3.8%)</td></tr>
    <tr><td headers="label" class="gt_row gt_left" style="font-weight: bold;">Hospitalized, n (%)</td>
<td headers="stat_0" class="gt_row gt_center">0 (NA%)</td></tr>
    <tr><td headers="label" class="gt_row gt_left">    (Missing Observations)</td>
<td headers="stat_0" class="gt_row gt_center">96,651,782</td></tr>
    <tr><td headers="label" class="gt_row gt_left" style="font-weight: bold;">SeriousCovidProxy, n (%)</td>
<td headers="stat_0" class="gt_row gt_center">0 (NA%)</td></tr>
    <tr><td headers="label" class="gt_row gt_left">    (Missing Observations)</td>
<td headers="stat_0" class="gt_row gt_center">96,651,782</td></tr>
    <tr><td headers="label" class="gt_row gt_left" style="font-weight: bold;">LongCovid, n (%)</td>
<td headers="stat_0" class="gt_row gt_center">86,393 (&lt;0.1%)</td></tr>
    <tr><td headers="label" class="gt_row gt_left" style="font-weight: bold;">DeadByCovid, n (%)</td>
<td headers="stat_0" class="gt_row gt_center">28,393 (&lt;0.1%)</td></tr>
    <tr><td headers="label" class="gt_row gt_left" style="font-weight: bold;">DeadByOther, n (%)</td>
<td headers="stat_0" class="gt_row gt_center">158,759 (0.2%)</td></tr>
    <tr><td headers="label" class="gt_row gt_left" style="font-weight: bold;">VariantOfInf, n (%)</td>
<td headers="stat_0" class="gt_row gt_center">0 (NA%)</td></tr>
    <tr><td headers="label" class="gt_row gt_left">    (Missing Observations)</td>
<td headers="stat_0" class="gt_row gt_center">96,651,782</td></tr>
    <tr><td headers="label" class="gt_row gt_left" style="font-weight: bold;">InfPrior, n (%)</td>
<td headers="stat_0" class="gt_row gt_center"></td></tr>
    <tr><td headers="label" class="gt_row gt_left">    _uninfected</td>
<td headers="stat_0" class="gt_row gt_center">56,118,459 (58%)</td></tr>
    <tr><td headers="label" class="gt_row gt_left">    inf_NA_001-061</td>
<td headers="stat_0" class="gt_row gt_center">5,504,959 (5.7%)</td></tr>
    <tr><td headers="label" class="gt_row gt_left">    inf_NA_062-122</td>
<td headers="stat_0" class="gt_row gt_center">5,727,995 (5.9%)</td></tr>
    <tr><td headers="label" class="gt_row gt_left">    inf_NA_123-183</td>
<td headers="stat_0" class="gt_row gt_center">5,987,236 (6.2%)</td></tr>
    <tr><td headers="label" class="gt_row gt_left">    inf_NA_184-244</td>
<td headers="stat_0" class="gt_row gt_center">5,790,842 (6.0%)</td></tr>
    <tr><td headers="label" class="gt_row gt_left">    inf_NA_245-305</td>
<td headers="stat_0" class="gt_row gt_center">4,262,190 (4.4%)</td></tr>
    <tr><td headers="label" class="gt_row gt_left">    inf_NA_306-366</td>
<td headers="stat_0" class="gt_row gt_center">3,171,083 (3.3%)</td></tr>
    <tr><td headers="label" class="gt_row gt_left">    inf_NA_367-427</td>
<td headers="stat_0" class="gt_row gt_center">2,653,439 (2.7%)</td></tr>
    <tr><td headers="label" class="gt_row gt_left">    inf_NA_428-488</td>
<td headers="stat_0" class="gt_row gt_center">2,492,762 (2.6%)</td></tr>
    <tr><td headers="label" class="gt_row gt_left">    inf_NA_489-549</td>
<td headers="stat_0" class="gt_row gt_center">2,321,043 (2.4%)</td></tr>
    <tr><td headers="label" class="gt_row gt_left">    inf_NA_550+</td>
<td headers="stat_0" class="gt_row gt_center">2,621,774 (2.7%)</td></tr>
    <tr><td headers="label" class="gt_row gt_left" style="font-weight: bold;">VaccStatus, n (%)</td>
<td headers="stat_0" class="gt_row gt_center"></td></tr>
    <tr><td headers="label" class="gt_row gt_left">    _unvaccinated</td>
<td headers="stat_0" class="gt_row gt_center">23,777,603 (25%)</td></tr>
    <tr><td headers="label" class="gt_row gt_left">    boost_001-061</td>
<td headers="stat_0" class="gt_row gt_center">5,208,638 (5.4%)</td></tr>
    <tr><td headers="label" class="gt_row gt_left">    boost_062-122</td>
<td headers="stat_0" class="gt_row gt_center">5,228,209 (5.4%)</td></tr>
    <tr><td headers="label" class="gt_row gt_left">    boost_123-183</td>
<td headers="stat_0" class="gt_row gt_center">5,045,931 (5.2%)</td></tr>
    <tr><td headers="label" class="gt_row gt_left">    boost_184-244</td>
<td headers="stat_0" class="gt_row gt_center">4,739,795 (4.9%)</td></tr>
    <tr><td headers="label" class="gt_row gt_left">    boost_245-305</td>
<td headers="stat_0" class="gt_row gt_center">3,705,527 (3.8%)</td></tr>
    <tr><td headers="label" class="gt_row gt_left">    boost_306-366</td>
<td headers="stat_0" class="gt_row gt_center">583,388 (0.6%)</td></tr>
    <tr><td headers="label" class="gt_row gt_left">    full_001-061</td>
<td headers="stat_0" class="gt_row gt_center">8,046,039 (8.3%)</td></tr>
    <tr><td headers="label" class="gt_row gt_left">    full_062-122</td>
<td headers="stat_0" class="gt_row gt_center">8,125,122 (8.4%)</td></tr>
    <tr><td headers="label" class="gt_row gt_left">    full_123-183</td>
<td headers="stat_0" class="gt_row gt_center">8,291,284 (8.6%)</td></tr>
    <tr><td headers="label" class="gt_row gt_left">    full_184-244</td>
<td headers="stat_0" class="gt_row gt_center">5,921,585 (6.1%)</td></tr>
    <tr><td headers="label" class="gt_row gt_left">    full_245-305</td>
<td headers="stat_0" class="gt_row gt_center">3,870,640 (4.0%)</td></tr>
    <tr><td headers="label" class="gt_row gt_left">    full_306-366</td>
<td headers="stat_0" class="gt_row gt_center">2,763,270 (2.9%)</td></tr>
    <tr><td headers="label" class="gt_row gt_left">    full_367-427</td>
<td headers="stat_0" class="gt_row gt_center">2,184,406 (2.3%)</td></tr>
    <tr><td headers="label" class="gt_row gt_left">    full_428-488</td>
<td headers="stat_0" class="gt_row gt_center">852,497 (0.9%)</td></tr>
    <tr><td headers="label" class="gt_row gt_left">    full_489-549</td>
<td headers="stat_0" class="gt_row gt_center">123,130 (0.1%)</td></tr>
    <tr><td headers="label" class="gt_row gt_left">    full_550+</td>
<td headers="stat_0" class="gt_row gt_center">26,105 (&lt;0.1%)</td></tr>
    <tr><td headers="label" class="gt_row gt_left">    partial_001-061</td>
<td headers="stat_0" class="gt_row gt_center">7,174,277 (7.4%)</td></tr>
    <tr><td headers="label" class="gt_row gt_left">    partial_062+</td>
<td headers="stat_0" class="gt_row gt_center">700,336 (0.7%)</td></tr>
    <tr><td headers="label" class="gt_row gt_left">    secboost_001-061</td>
<td headers="stat_0" class="gt_row gt_center">279,924 (0.3%)</td></tr>
    <tr><td headers="label" class="gt_row gt_left">    secboost_062-122</td>
<td headers="stat_0" class="gt_row gt_center">4,076 (&lt;0.1%)</td></tr>
    <tr><td headers="label" class="gt_row gt_left" style="font-weight: bold;">Immunity, n (%)</td>
<td headers="stat_0" class="gt_row gt_center"></td></tr>
    <tr><td headers="label" class="gt_row gt_left">    _noimmunity</td>
<td headers="stat_0" class="gt_row gt_center">9,979,691 (10%)</td></tr>
    <tr><td headers="label" class="gt_row gt_left">    _other</td>
<td headers="stat_0" class="gt_row gt_center">8,210,509 (8.5%)</td></tr>
    <tr><td headers="label" class="gt_row gt_left">    boost_001-061</td>
<td headers="stat_0" class="gt_row gt_center">3,509,867 (3.6%)</td></tr>
    <tr><td headers="label" class="gt_row gt_left">    boost_062-122</td>
<td headers="stat_0" class="gt_row gt_center">3,296,816 (3.4%)</td></tr>
    <tr><td headers="label" class="gt_row gt_left">    boost_123-183</td>
<td headers="stat_0" class="gt_row gt_center">3,123,117 (3.2%)</td></tr>
    <tr><td headers="label" class="gt_row gt_left">    boost_184-244</td>
<td headers="stat_0" class="gt_row gt_center">3,008,081 (3.1%)</td></tr>
    <tr><td headers="label" class="gt_row gt_left">    boost_245-305</td>
<td headers="stat_0" class="gt_row gt_center">2,535,972 (2.6%)</td></tr>
    <tr><td headers="label" class="gt_row gt_left">    boost_306-366</td>
<td headers="stat_0" class="gt_row gt_center">417,428 (0.4%)</td></tr>
    <tr><td headers="label" class="gt_row gt_left">    full_001-061</td>
<td headers="stat_0" class="gt_row gt_center">5,707,655 (5.9%)</td></tr>
    <tr><td headers="label" class="gt_row gt_left">    full_062-122</td>
<td headers="stat_0" class="gt_row gt_center">5,622,953 (5.8%)</td></tr>
    <tr><td headers="label" class="gt_row gt_left">    full_123-183</td>
<td headers="stat_0" class="gt_row gt_center">5,455,648 (5.6%)</td></tr>
    <tr><td headers="label" class="gt_row gt_left">    full_184-244</td>
<td headers="stat_0" class="gt_row gt_center">3,384,753 (3.5%)</td></tr>
    <tr><td headers="label" class="gt_row gt_left">    full_245-305</td>
<td headers="stat_0" class="gt_row gt_center">1,684,712 (1.7%)</td></tr>
    <tr><td headers="label" class="gt_row gt_left">    full_306-366</td>
<td headers="stat_0" class="gt_row gt_center">1,035,512 (1.1%)</td></tr>
    <tr><td headers="label" class="gt_row gt_left">    full_367-427</td>
<td headers="stat_0" class="gt_row gt_center">843,336 (0.9%)</td></tr>
    <tr><td headers="label" class="gt_row gt_left">    full_428-488</td>
<td headers="stat_0" class="gt_row gt_center">349,319 (0.4%)</td></tr>
    <tr><td headers="label" class="gt_row gt_left">    full_489-549</td>
<td headers="stat_0" class="gt_row gt_center">42,716 (&lt;0.1%)</td></tr>
    <tr><td headers="label" class="gt_row gt_left">    hybridboost_001-061</td>
<td headers="stat_0" class="gt_row gt_center">2,538,579 (2.6%)</td></tr>
    <tr><td headers="label" class="gt_row gt_left">    hybridboost_062-122</td>
<td headers="stat_0" class="gt_row gt_center">2,192,140 (2.3%)</td></tr>
    <tr><td headers="label" class="gt_row gt_left">    hybridboost_123-183</td>
<td headers="stat_0" class="gt_row gt_center">1,913,800 (2.0%)</td></tr>
    <tr><td headers="label" class="gt_row gt_left">    hybridboost_184-244</td>
<td headers="stat_0" class="gt_row gt_center">1,427,462 (1.5%)</td></tr>
    <tr><td headers="label" class="gt_row gt_left">    hybridboost_245-305</td>
<td headers="stat_0" class="gt_row gt_center">570,779 (0.6%)</td></tr>
    <tr><td headers="label" class="gt_row gt_left">    hybridboost_306-366</td>
<td headers="stat_0" class="gt_row gt_center">49,100 (&lt;0.1%)</td></tr>
    <tr><td headers="label" class="gt_row gt_left">    hybridfull_001-061</td>
<td headers="stat_0" class="gt_row gt_center">4,014,361 (4.2%)</td></tr>
    <tr><td headers="label" class="gt_row gt_left">    hybridfull_062-122</td>
<td headers="stat_0" class="gt_row gt_center">3,815,775 (3.9%)</td></tr>
    <tr><td headers="label" class="gt_row gt_left">    hybridfull_123-183</td>
<td headers="stat_0" class="gt_row gt_center">3,530,835 (3.7%)</td></tr>
    <tr><td headers="label" class="gt_row gt_left">    hybridfull_184-244</td>
<td headers="stat_0" class="gt_row gt_center">2,498,377 (2.6%)</td></tr>
    <tr><td headers="label" class="gt_row gt_left">    hybridfull_245-305</td>
<td headers="stat_0" class="gt_row gt_center">1,292,978 (1.3%)</td></tr>
    <tr><td headers="label" class="gt_row gt_left">    hybridfull_306-366</td>
<td headers="stat_0" class="gt_row gt_center">546,019 (0.6%)</td></tr>
    <tr><td headers="label" class="gt_row gt_left">    hybridfull_367-427</td>
<td headers="stat_0" class="gt_row gt_center">277,793 (0.3%)</td></tr>
    <tr><td headers="label" class="gt_row gt_left">    hybridfull_428-488</td>
<td headers="stat_0" class="gt_row gt_center">80,432 (&lt;0.1%)</td></tr>
    <tr><td headers="label" class="gt_row gt_left">    hybridfull_489-549</td>
<td headers="stat_0" class="gt_row gt_center">9,933 (&lt;0.1%)</td></tr>
    <tr><td headers="label" class="gt_row gt_left">    inf_001-061</td>
<td headers="stat_0" class="gt_row gt_center">2,606,511 (2.7%)</td></tr>
    <tr><td headers="label" class="gt_row gt_left">    inf_062-122</td>
<td headers="stat_0" class="gt_row gt_center">2,769,885 (2.9%)</td></tr>
    <tr><td headers="label" class="gt_row gt_left">    inf_123-183</td>
<td headers="stat_0" class="gt_row gt_center">2,479,078 (2.6%)</td></tr>
    <tr><td headers="label" class="gt_row gt_left">    inf_184-244</td>
<td headers="stat_0" class="gt_row gt_center">2,072,558 (2.1%)</td></tr>
    <tr><td headers="label" class="gt_row gt_left">    inf_245-305</td>
<td headers="stat_0" class="gt_row gt_center">1,419,017 (1.5%)</td></tr>
    <tr><td headers="label" class="gt_row gt_left">    inf_306-366</td>
<td headers="stat_0" class="gt_row gt_center">836,754 (0.9%)</td></tr>
    <tr><td headers="label" class="gt_row gt_left">    inf_367-427</td>
<td headers="stat_0" class="gt_row gt_center">491,226 (0.5%)</td></tr>
    <tr><td headers="label" class="gt_row gt_left">    inf_428-488</td>
<td headers="stat_0" class="gt_row gt_center">418,440 (0.4%)</td></tr>
    <tr><td headers="label" class="gt_row gt_left">    inf_489-549</td>
<td headers="stat_0" class="gt_row gt_center">379,518 (0.4%)</td></tr>
    <tr><td headers="label" class="gt_row gt_left">    secboost_001-061</td>
<td headers="stat_0" class="gt_row gt_center">212,347 (0.2%)</td></tr>
    <tr><td headers="label" class="gt_row gt_left" style="font-weight: bold;">Age, Median (IQR)</td>
<td headers="stat_0" class="gt_row gt_center">47 (32 – 64)</td></tr>
    <tr><td headers="label" class="gt_row gt_left" style="font-weight: bold;">AgeGr, n (%)</td>
<td headers="stat_0" class="gt_row gt_center"></td></tr>
    <tr><td headers="label" class="gt_row gt_left">    _40-44</td>
<td headers="stat_0" class="gt_row gt_center">8,511,158 (8.8%)</td></tr>
    <tr><td headers="label" class="gt_row gt_left">    0-11</td>
<td headers="stat_0" class="gt_row gt_center">4,327,236 (4.5%)</td></tr>
    <tr><td headers="label" class="gt_row gt_left">    12-15</td>
<td headers="stat_0" class="gt_row gt_center">3,318,179 (3.4%)</td></tr>
    <tr><td headers="label" class="gt_row gt_left">    16-17</td>
<td headers="stat_0" class="gt_row gt_center">1,768,657 (1.8%)</td></tr>
    <tr><td headers="label" class="gt_row gt_left">    18-24</td>
<td headers="stat_0" class="gt_row gt_center">6,332,007 (6.6%)</td></tr>
    <tr><td headers="label" class="gt_row gt_left">    25-29</td>
<td headers="stat_0" class="gt_row gt_center">5,234,762 (5.4%)</td></tr>
    <tr><td headers="label" class="gt_row gt_left">    30-34</td>
<td headers="stat_0" class="gt_row gt_center">6,262,662 (6.5%)</td></tr>
    <tr><td headers="label" class="gt_row gt_left">    35-39</td>
<td headers="stat_0" class="gt_row gt_center">6,807,273 (7.0%)</td></tr>
    <tr><td headers="label" class="gt_row gt_left">    45-49</td>
<td headers="stat_0" class="gt_row gt_center">9,498,032 (9.8%)</td></tr>
    <tr><td headers="label" class="gt_row gt_left">    50-54</td>
<td headers="stat_0" class="gt_row gt_center">7,426,809 (7.7%)</td></tr>
    <tr><td headers="label" class="gt_row gt_left">    55-59</td>
<td headers="stat_0" class="gt_row gt_center">7,118,020 (7.4%)</td></tr>
    <tr><td headers="label" class="gt_row gt_left">    60-64</td>
<td headers="stat_0" class="gt_row gt_center">6,273,610 (6.5%)</td></tr>
    <tr><td headers="label" class="gt_row gt_left">    65-69</td>
<td headers="stat_0" class="gt_row gt_center">6,776,479 (7.0%)</td></tr>
    <tr><td headers="label" class="gt_row gt_left">    70-74</td>
<td headers="stat_0" class="gt_row gt_center">6,631,250 (6.9%)</td></tr>
    <tr><td headers="label" class="gt_row gt_left">    75-79</td>
<td headers="stat_0" class="gt_row gt_center">5,026,636 (5.2%)</td></tr>
    <tr><td headers="label" class="gt_row gt_left">    80+</td>
<td headers="stat_0" class="gt_row gt_center">5,339,012 (5.5%)</td></tr>
    <tr><td headers="label" class="gt_row gt_left" style="font-weight: bold;">Sex, n (%)</td>
<td headers="stat_0" class="gt_row gt_center"></td></tr>
    <tr><td headers="label" class="gt_row gt_left">    F</td>
<td headers="stat_0" class="gt_row gt_center">50,040,114 (52%)</td></tr>
    <tr><td headers="label" class="gt_row gt_left">    M</td>
<td headers="stat_0" class="gt_row gt_center">46,611,668 (48%)</td></tr>
    <tr><td headers="label" class="gt_row gt_left" style="font-weight: bold;">InfPriorTime, n (%)</td>
<td headers="stat_0" class="gt_row gt_center">0 (NA%)</td></tr>
    <tr><td headers="label" class="gt_row gt_left">    (Missing Observations)</td>
<td headers="stat_0" class="gt_row gt_center">96,651,782</td></tr>
    <tr><td headers="label" class="gt_row gt_left" style="font-weight: bold;">LastVaccTime, n (%)</td>
<td headers="stat_0" class="gt_row gt_center">0 (NA%)</td></tr>
    <tr><td headers="label" class="gt_row gt_left">    (Missing Observations)</td>
<td headers="stat_0" class="gt_row gt_center">96,651,782</td></tr>
  </tbody>
  
  
</table>
</div>
Call:
coxph(formula = f.input, data = data)

  n= 96651782, number of events= 86393 

                                coef exp(coef)  se(coef)       z Pr(>|z|)    
InfPriorinf_NA_001-061      4.539318 93.626969  0.012314 368.636  < 2e-16 ***
InfPriorinf_NA_062-122      3.782302 43.917007  0.013473 280.729  < 2e-16 ***
InfPriorinf_NA_123-183      3.297364 27.041257  0.015081 218.637  < 2e-16 ***
InfPriorinf_NA_184-244      2.994176 19.968900  0.017360 172.474  < 2e-16 ***
InfPriorinf_NA_245-305      2.856918 17.407789  0.020352 140.375  < 2e-16 ***
InfPriorinf_NA_306-366      2.761794 15.828208  0.022189 124.468  < 2e-16 ***
InfPriorinf_NA_367-427      2.695917 14.819099  0.024395 110.511  < 2e-16 ***
InfPriorinf_NA_428-488      2.682277 14.618345  0.027009  99.309  < 2e-16 ***
InfPriorinf_NA_489-549      2.579735 13.193635  0.032000  80.618  < 2e-16 ***
InfPriorinf_NA_550+         2.458673 11.689291  0.031773  77.382  < 2e-16 ***
VaccStatusboost_001-061    -0.489690  0.612816  0.021634 -22.636  < 2e-16 ***
VaccStatusboost_062-122    -0.258807  0.771972  0.018940 -13.665  < 2e-16 ***
VaccStatusboost_123-183    -0.084788  0.918707  0.021699  -3.908 9.32e-05 ***
VaccStatusboost_184-244     0.025834  1.026171  0.027719   0.932  0.35132    
VaccStatusboost_245-305     0.162147  1.176033  0.034638   4.681 2.85e-06 ***
VaccStatusboost_306-366     0.070879  1.073452  0.089212   0.795  0.42690    
VaccStatusfull_001-061     -0.310890  0.732794  0.018034 -17.240  < 2e-16 ***
VaccStatusfull_062-122     -0.254370  0.775405  0.018493 -13.755  < 2e-16 ***
VaccStatusfull_123-183     -0.274716  0.759788  0.016992 -16.167  < 2e-16 ***
VaccStatusfull_184-244     -0.200712  0.818148  0.016723 -12.002  < 2e-16 ***
VaccStatusfull_245-305     -0.133916  0.874664  0.020720  -6.463 1.03e-10 ***
VaccStatusfull_306-366     -0.059888  0.941870  0.028905  -2.072  0.03828 *  
VaccStatusfull_367-427     -0.086764  0.916893  0.039493  -2.197  0.02802 *  
VaccStatusfull_428-488     -0.150701  0.860105  0.069412  -2.171  0.02992 *  
VaccStatusfull_489-549      0.202129  1.224005  0.127790   1.582  0.11371    
VaccStatusfull_550+         0.086635  1.090498  0.334298   0.259  0.79552    
VaccStatuspartial_001-061  -0.206751  0.813222  0.018092 -11.428  < 2e-16 ***
VaccStatuspartial_062+      0.101220  1.106520  0.037162   2.724  0.00646 ** 
VaccStatussecboost_001-061 -0.332494  0.717133  0.146411  -2.271  0.02315 *  
VaccStatussecboost_062-122  0.568097  1.764905  1.001704   0.567  0.57063    
AgeGr0-11                  -3.213825  0.040203  0.053380 -60.206  < 2e-16 ***
AgeGr12-15                 -2.448764  0.086400  0.051893 -47.189  < 2e-16 ***
AgeGr16-17                 -2.077966  0.125185  0.065910 -31.527  < 2e-16 ***
AgeGr18-24                 -1.103457  0.331722  0.025907 -42.593  < 2e-16 ***
AgeGr25-29                 -0.674670  0.509324  0.023148 -29.145  < 2e-16 ***
AgeGr30-34                 -0.517744  0.595863  0.020672 -25.045  < 2e-16 ***
AgeGr35-39                 -0.273924  0.760390  0.018751 -14.608  < 2e-16 ***
AgeGr45-49                  0.273601  1.314690  0.015460  17.698  < 2e-16 ***
AgeGr50-54                  0.487735  1.628623  0.015811  30.848  < 2e-16 ***
AgeGr55-59                  0.710964  2.035953  0.015455  46.001  < 2e-16 ***
AgeGr60-64                  0.868793  2.384031  0.015944  54.490  < 2e-16 ***
AgeGr65-69                  1.026842  2.792234  0.016098  63.786  < 2e-16 ***
AgeGr70-74                  1.160811  3.192520  0.016384  70.850  < 2e-16 ***
AgeGr75-79                  1.239014  3.452207  0.017700  70.001  < 2e-16 ***
AgeGr80+                    1.072497  2.922668  0.018307  58.582  < 2e-16 ***
SexM                       -0.086897  0.916772  0.006871 -12.646  < 2e-16 ***
---
Signif. codes:  0 ‘***’ 0.001 ‘**’ 0.01 ‘*’ 0.05 ‘.’ 0.1 ‘ ’ 1

                           exp(coef) exp(-coef) lower .95 upper .95
InfPriorinf_NA_001-061       93.6270    0.01068  91.39437  95.91411
InfPriorinf_NA_062-122       43.9170    0.02277  42.77248  45.09217
InfPriorinf_NA_123-183       27.0413    0.03698  26.25364  27.85250
InfPriorinf_NA_184-244       19.9689    0.05008  19.30088  20.66004
InfPriorinf_NA_245-305       17.4078    0.05745  16.72707  18.11621
InfPriorinf_NA_306-366       15.8282    0.06318  15.15460  16.53175
InfPriorinf_NA_367-427       14.8191    0.06748  14.12722  15.54486
InfPriorinf_NA_428-488       14.6183    0.06841  13.86461  15.41305
InfPriorinf_NA_489-549       13.1936    0.07579  12.39157  14.04761
InfPriorinf_NA_550+          11.6893    0.08555  10.98355  12.44038
VaccStatusboost_001-061       0.6128    1.63181   0.58738   0.63936
VaccStatusboost_062-122       0.7720    1.29538   0.74384   0.80117
VaccStatusboost_123-183       0.9187    1.08849   0.88046   0.95862
VaccStatusboost_184-244       1.0262    0.97450   0.97191   1.08346
VaccStatusboost_245-305       1.1760    0.85032   1.09884   1.25865
VaccStatusboost_306-366       1.0735    0.93157   0.90125   1.27856
VaccStatusfull_001-061        0.7328    1.36464   0.70735   0.75916
VaccStatusfull_062-122        0.7754    1.28965   0.74780   0.80403
VaccStatusfull_123-183        0.7598    1.31616   0.73490   0.78552
VaccStatusfull_184-244        0.8181    1.22227   0.79177   0.84541
VaccStatusfull_245-305        0.8747    1.14330   0.83985   0.91092
VaccStatusfull_306-366        0.9419    1.06172   0.88999   0.99677
VaccStatusfull_367-427        0.9169    1.09064   0.84860   0.99068
VaccStatusfull_428-488        0.8601    1.16265   0.75070   0.98545
VaccStatusfull_489-549        1.2240    0.81699   0.95281   1.57238
VaccStatusfull_550+           1.0905    0.91701   0.56633   2.09981
VaccStatuspartial_001-061     0.8132    1.22968   0.78489   0.84258
VaccStatuspartial_062+        1.1065    0.90373   1.02879   1.19012
VaccStatussecboost_001-061    0.7171    1.39444   0.53824   0.95549
VaccStatussecboost_062-122    1.7649    0.56660   0.24778  12.57112
AgeGr0-11                     0.0402   24.87404   0.03621   0.04464
AgeGr12-15                    0.0864   11.57403   0.07804   0.09565
AgeGr16-17                    0.1252    7.98820   0.11001   0.14245
AgeGr18-24                    0.3317    3.01457   0.31530   0.34900
AgeGr25-29                    0.5093    1.96339   0.48673   0.53296
AgeGr30-34                    0.5959    1.67824   0.57220   0.62050
AgeGr35-39                    0.7604    1.31511   0.73295   0.78886
AgeGr45-49                    1.3147    0.76064   1.27545   1.35514
AgeGr50-54                    1.6286    0.61402   1.57893   1.67988
AgeGr55-59                    2.0360    0.49117   1.97520   2.09857
AgeGr60-64                    2.3840    0.41946   2.31068   2.45971
AgeGr65-69                    2.7922    0.35814   2.70551   2.88174
AgeGr70-74                    3.1925    0.31323   3.09163   3.29670
AgeGr75-79                    3.4522    0.28967   3.33450   3.57407
AgeGr80+                      2.9227    0.34215   2.81966   3.02944
SexM                          0.9168    1.09078   0.90451   0.92920

Concordance= 0.902  (se = 0.001 )
Likelihood ratio test= 272166  on 46 df,   p=<2e-16
Wald test            = 176269  on 46 df,   p=<2e-16
Score (logrank) test = 395747  on 46 df,   p=<2e-16

[[1]]
 [1] "InfPriorinf_NA_001-061"     "InfPriorinf_NA_062-122"    
 [3] "InfPriorinf_NA_123-183"     "InfPriorinf_NA_184-244"    
 [5] "InfPriorinf_NA_245-305"     "InfPriorinf_NA_306-366"    
 [7] "InfPriorinf_NA_428-488"     "InfPriorinf_NA_489-549"    
 [9] "InfPriorinf_NA_550+"        "VaccStatusboost_001-061"   
[11] "VaccStatusboost_062-122"    "VaccStatusboost_123-183"   
[13] "VaccStatusboost_184-244"    "VaccStatusboost_245-305"   
[15] "VaccStatusboost_306-366"    "VaccStatusfull_001-061"    
[17] "VaccStatusfull_062-122"     "VaccStatusfull_123-183"    
[19] "VaccStatusfull_184-244"     "VaccStatusfull_245-305"    
[21] "VaccStatusfull_306-366"     "VaccStatusfull_428-488"    
[23] "VaccStatusfull_489-549"     "VaccStatusfull_550+"       
[25] "VaccStatuspartial_001-061"  "VaccStatussecboost_001-061"
[27] "VaccStatussecboost_062-122" "AgeGr0-11"                 
[29] "AgeGr12-15"                 "AgeGr16-17"                
[31] "AgeGr18-24"                 "AgeGr25-29"                
[33] "AgeGr30-34"                 "AgeGr35-39"                
[35] "AgeGr45-49"                 "AgeGr50-54"                
[37] "AgeGr55-59"                 "AgeGr60-64"                
[39] "AgeGr65-69"                 "AgeGr70-74"                
[41] "AgeGr75-79"                 "AgeGr80+"                  
[43] "SexM"                      

[[2]]
[1] "beta"          "beta_CI_lower" "beta_CI_upper" "HR"           
[5] "HR_CI_lower"   "HR_CI_upper"   "eff"           "eff_CI_upper" 
[9] "eff_CI_lower" 

null device 
          1 
null device 
          1 
null device 
          1 
null device 
          1 
