<div id="yyygbqaefy" style="padding-left:0px;padding-right:0px;padding-top:10px;padding-bottom:10px;overflow-x:auto;overflow-y:auto;width:auto;height:auto;">
  <style>html {
  font-family: -apple-system, BlinkMacSystemFont, 'Segoe UI', Roboto, Oxygen, Ubuntu, Cantarell, 'Helvetica Neue', 'Fira Sans', 'Droid Sans', Arial, sans-serif;
}

#yyygbqaefy .gt_table {
  display: table;
  border-collapse: collapse;
  margin-left: auto;
  margin-right: auto;
  color: #333333;
  font-size: 16px;
  font-weight: normal;
  font-style: normal;
  background-color: #FFFFFF;
  width: auto;
  border-top-style: solid;
  border-top-width: 2px;
  border-top-color: #A8A8A8;
  border-right-style: none;
  border-right-width: 2px;
  border-right-color: #D3D3D3;
  border-bottom-style: solid;
  border-bottom-width: 2px;
  border-bottom-color: #A8A8A8;
  border-left-style: none;
  border-left-width: 2px;
  border-left-color: #D3D3D3;
}

#yyygbqaefy .gt_heading {
  background-color: #FFFFFF;
  text-align: center;
  border-bottom-color: #FFFFFF;
  border-left-style: none;
  border-left-width: 1px;
  border-left-color: #D3D3D3;
  border-right-style: none;
  border-right-width: 1px;
  border-right-color: #D3D3D3;
}

#yyygbqaefy .gt_caption {
  padding-top: 4px;
  padding-bottom: 4px;
}

#yyygbqaefy .gt_title {
  color: #333333;
  font-size: 125%;
  font-weight: initial;
  padding-top: 4px;
  padding-bottom: 4px;
  padding-left: 5px;
  padding-right: 5px;
  border-bottom-color: #FFFFFF;
  border-bottom-width: 0;
}

#yyygbqaefy .gt_subtitle {
  color: #333333;
  font-size: 85%;
  font-weight: initial;
  padding-top: 0;
  padding-bottom: 6px;
  padding-left: 5px;
  padding-right: 5px;
  border-top-color: #FFFFFF;
  border-top-width: 0;
}

#yyygbqaefy .gt_bottom_border {
  border-bottom-style: solid;
  border-bottom-width: 2px;
  border-bottom-color: #D3D3D3;
}

#yyygbqaefy .gt_col_headings {
  border-top-style: solid;
  border-top-width: 2px;
  border-top-color: #D3D3D3;
  border-bottom-style: solid;
  border-bottom-width: 2px;
  border-bottom-color: #D3D3D3;
  border-left-style: none;
  border-left-width: 1px;
  border-left-color: #D3D3D3;
  border-right-style: none;
  border-right-width: 1px;
  border-right-color: #D3D3D3;
}

#yyygbqaefy .gt_col_heading {
  color: #333333;
  background-color: #FFFFFF;
  font-size: 100%;
  font-weight: normal;
  text-transform: inherit;
  border-left-style: none;
  border-left-width: 1px;
  border-left-color: #D3D3D3;
  border-right-style: none;
  border-right-width: 1px;
  border-right-color: #D3D3D3;
  vertical-align: bottom;
  padding-top: 5px;
  padding-bottom: 6px;
  padding-left: 5px;
  padding-right: 5px;
  overflow-x: hidden;
}

#yyygbqaefy .gt_column_spanner_outer {
  color: #333333;
  background-color: #FFFFFF;
  font-size: 100%;
  font-weight: normal;
  text-transform: inherit;
  padding-top: 0;
  padding-bottom: 0;
  padding-left: 4px;
  padding-right: 4px;
}

#yyygbqaefy .gt_column_spanner_outer:first-child {
  padding-left: 0;
}

#yyygbqaefy .gt_column_spanner_outer:last-child {
  padding-right: 0;
}

#yyygbqaefy .gt_column_spanner {
  border-bottom-style: solid;
  border-bottom-width: 2px;
  border-bottom-color: #D3D3D3;
  vertical-align: bottom;
  padding-top: 5px;
  padding-bottom: 5px;
  overflow-x: hidden;
  display: inline-block;
  width: 100%;
}

#yyygbqaefy .gt_group_heading {
  padding-top: 8px;
  padding-bottom: 8px;
  padding-left: 5px;
  padding-right: 5px;
  color: #333333;
  background-color: #FFFFFF;
  font-size: 100%;
  font-weight: initial;
  text-transform: inherit;
  border-top-style: solid;
  border-top-width: 2px;
  border-top-color: #D3D3D3;
  border-bottom-style: solid;
  border-bottom-width: 2px;
  border-bottom-color: #D3D3D3;
  border-left-style: none;
  border-left-width: 1px;
  border-left-color: #D3D3D3;
  border-right-style: none;
  border-right-width: 1px;
  border-right-color: #D3D3D3;
  vertical-align: middle;
  text-align: left;
}

#yyygbqaefy .gt_empty_group_heading {
  padding: 0.5px;
  color: #333333;
  background-color: #FFFFFF;
  font-size: 100%;
  font-weight: initial;
  border-top-style: solid;
  border-top-width: 2px;
  border-top-color: #D3D3D3;
  border-bottom-style: solid;
  border-bottom-width: 2px;
  border-bottom-color: #D3D3D3;
  vertical-align: middle;
}

#yyygbqaefy .gt_from_md > :first-child {
  margin-top: 0;
}

#yyygbqaefy .gt_from_md > :last-child {
  margin-bottom: 0;
}

#yyygbqaefy .gt_row {
  padding-top: 8px;
  padding-bottom: 8px;
  padding-left: 5px;
  padding-right: 5px;
  margin: 10px;
  border-top-style: solid;
  border-top-width: 1px;
  border-top-color: #D3D3D3;
  border-left-style: none;
  border-left-width: 1px;
  border-left-color: #D3D3D3;
  border-right-style: none;
  border-right-width: 1px;
  border-right-color: #D3D3D3;
  vertical-align: middle;
  overflow-x: hidden;
}

#yyygbqaefy .gt_stub {
  color: #333333;
  background-color: #FFFFFF;
  font-size: 100%;
  font-weight: initial;
  text-transform: inherit;
  border-right-style: solid;
  border-right-width: 2px;
  border-right-color: #D3D3D3;
  padding-left: 5px;
  padding-right: 5px;
}

#yyygbqaefy .gt_stub_row_group {
  color: #333333;
  background-color: #FFFFFF;
  font-size: 100%;
  font-weight: initial;
  text-transform: inherit;
  border-right-style: solid;
  border-right-width: 2px;
  border-right-color: #D3D3D3;
  padding-left: 5px;
  padding-right: 5px;
  vertical-align: top;
}

#yyygbqaefy .gt_row_group_first td {
  border-top-width: 2px;
}

#yyygbqaefy .gt_summary_row {
  color: #333333;
  background-color: #FFFFFF;
  text-transform: inherit;
  padding-top: 8px;
  padding-bottom: 8px;
  padding-left: 5px;
  padding-right: 5px;
}

#yyygbqaefy .gt_first_summary_row {
  border-top-style: solid;
  border-top-color: #D3D3D3;
}

#yyygbqaefy .gt_first_summary_row.thick {
  border-top-width: 2px;
}

#yyygbqaefy .gt_last_summary_row {
  padding-top: 8px;
  padding-bottom: 8px;
  padding-left: 5px;
  padding-right: 5px;
  border-bottom-style: solid;
  border-bottom-width: 2px;
  border-bottom-color: #D3D3D3;
}

#yyygbqaefy .gt_grand_summary_row {
  color: #333333;
  background-color: #FFFFFF;
  text-transform: inherit;
  padding-top: 8px;
  padding-bottom: 8px;
  padding-left: 5px;
  padding-right: 5px;
}

#yyygbqaefy .gt_first_grand_summary_row {
  padding-top: 8px;
  padding-bottom: 8px;
  padding-left: 5px;
  padding-right: 5px;
  border-top-style: double;
  border-top-width: 6px;
  border-top-color: #D3D3D3;
}

#yyygbqaefy .gt_striped {
  background-color: rgba(128, 128, 128, 0.05);
}

#yyygbqaefy .gt_table_body {
  border-top-style: solid;
  border-top-width: 2px;
  border-top-color: #D3D3D3;
  border-bottom-style: solid;
  border-bottom-width: 2px;
  border-bottom-color: #D3D3D3;
}

#yyygbqaefy .gt_footnotes {
  color: #333333;
  background-color: #FFFFFF;
  border-bottom-style: none;
  border-bottom-width: 2px;
  border-bottom-color: #D3D3D3;
  border-left-style: none;
  border-left-width: 2px;
  border-left-color: #D3D3D3;
  border-right-style: none;
  border-right-width: 2px;
  border-right-color: #D3D3D3;
}

#yyygbqaefy .gt_footnote {
  margin: 0px;
  font-size: 90%;
  padding-left: 4px;
  padding-right: 4px;
  padding-left: 5px;
  padding-right: 5px;
}

#yyygbqaefy .gt_sourcenotes {
  color: #333333;
  background-color: #FFFFFF;
  border-bottom-style: none;
  border-bottom-width: 2px;
  border-bottom-color: #D3D3D3;
  border-left-style: none;
  border-left-width: 2px;
  border-left-color: #D3D3D3;
  border-right-style: none;
  border-right-width: 2px;
  border-right-color: #D3D3D3;
}

#yyygbqaefy .gt_sourcenote {
  font-size: 90%;
  padding-top: 4px;
  padding-bottom: 4px;
  padding-left: 5px;
  padding-right: 5px;
}

#yyygbqaefy .gt_left {
  text-align: left;
}

#yyygbqaefy .gt_center {
  text-align: center;
}

#yyygbqaefy .gt_right {
  text-align: right;
  font-variant-numeric: tabular-nums;
}

#yyygbqaefy .gt_font_normal {
  font-weight: normal;
}

#yyygbqaefy .gt_font_bold {
  font-weight: bold;
}

#yyygbqaefy .gt_font_italic {
  font-style: italic;
}

#yyygbqaefy .gt_super {
  font-size: 65%;
}

#yyygbqaefy .gt_footnote_marks {
  font-style: italic;
  font-weight: normal;
  font-size: 75%;
  vertical-align: 0.4em;
}

#yyygbqaefy .gt_asterisk {
  font-size: 100%;
  vertical-align: 0;
}

#yyygbqaefy .gt_indent_1 {
  text-indent: 5px;
}

#yyygbqaefy .gt_indent_2 {
  text-indent: 10px;
}

#yyygbqaefy .gt_indent_3 {
  text-indent: 15px;
}

#yyygbqaefy .gt_indent_4 {
  text-indent: 20px;
}

#yyygbqaefy .gt_indent_5 {
  text-indent: 25px;
}
</style>
  <table class="gt_table">
  
  <thead class="gt_col_headings">
    <tr>
      <th class="gt_col_heading gt_columns_bottom_border gt_left" rowspan="1" colspan="1" scope="col" id="&lt;strong&gt;Characteristic&lt;/strong&gt;"><strong>Characteristic</strong></th>
      <th class="gt_col_heading gt_columns_bottom_border gt_center" rowspan="1" colspan="1" scope="col" id="&lt;strong&gt;N = 42,661,831&lt;/strong&gt;"><strong>N = 42,661,831</strong></th>
    </tr>
  </thead>
  <tbody class="gt_table_body">
    <tr><td headers="label" class="gt_row gt_left" style="font-weight: bold;">Number of unique patients, n</td>
<td headers="stat_0" class="gt_row gt_center">10,571,125</td></tr>
    <tr><td headers="label" class="gt_row gt_left" style="font-weight: bold;">T1, Median (IQR)</td>
<td headers="stat_0" class="gt_row gt_center">67 (2 – 135)</td></tr>
    <tr><td headers="label" class="gt_row gt_left" style="font-weight: bold;">T2, Median (IQR)</td>
<td headers="stat_0" class="gt_row gt_center">133 (65 – 203)</td></tr>
    <tr><td headers="label" class="gt_row gt_left" style="font-weight: bold;">Infected, n (%)</td>
<td headers="stat_0" class="gt_row gt_center">300,689 (0.7%)</td></tr>
    <tr><td headers="label" class="gt_row gt_left" style="font-weight: bold;">Hospitalized, n (%)</td>
<td headers="stat_0" class="gt_row gt_center">10,964 (&lt;0.1%)</td></tr>
    <tr><td headers="label" class="gt_row gt_left" style="font-weight: bold;">SeriousCovidProxy, n (%)</td>
<td headers="stat_0" class="gt_row gt_center">0 (NA%)</td></tr>
    <tr><td headers="label" class="gt_row gt_left">    (Missing Observations)</td>
<td headers="stat_0" class="gt_row gt_center">42,661,831</td></tr>
    <tr><td headers="label" class="gt_row gt_left" style="font-weight: bold;">LongCovid, n (%)</td>
<td headers="stat_0" class="gt_row gt_center">0 (NA%)</td></tr>
    <tr><td headers="label" class="gt_row gt_left">    (Missing Observations)</td>
<td headers="stat_0" class="gt_row gt_center">42,661,831</td></tr>
    <tr><td headers="label" class="gt_row gt_left" style="font-weight: bold;">DeadByCovid, n (%)</td>
<td headers="stat_0" class="gt_row gt_center">221 (&lt;0.1%)</td></tr>
    <tr><td headers="label" class="gt_row gt_left" style="font-weight: bold;">DeadByOther, n (%)</td>
<td headers="stat_0" class="gt_row gt_center">47,472 (0.1%)</td></tr>
    <tr><td headers="label" class="gt_row gt_left" style="font-weight: bold;">VariantOfInf, n (%)</td>
<td headers="stat_0" class="gt_row gt_center">0 (NA%)</td></tr>
    <tr><td headers="label" class="gt_row gt_left">    (Missing Observations)</td>
<td headers="stat_0" class="gt_row gt_center">42,661,831</td></tr>
    <tr><td headers="label" class="gt_row gt_left" style="font-weight: bold;">InfPrior, n (%)</td>
<td headers="stat_0" class="gt_row gt_center"></td></tr>
    <tr><td headers="label" class="gt_row gt_left">    _uninfected</td>
<td headers="stat_0" class="gt_row gt_center">21,516,411 (50%)</td></tr>
    <tr><td headers="label" class="gt_row gt_left">    inf_NA_062-122</td>
<td headers="stat_0" class="gt_row gt_center">1,045,706 (2.5%)</td></tr>
    <tr><td headers="label" class="gt_row gt_left">    inf_NA_123-183</td>
<td headers="stat_0" class="gt_row gt_center">2,636,278 (6.2%)</td></tr>
    <tr><td headers="label" class="gt_row gt_left">    inf_NA_184-244</td>
<td headers="stat_0" class="gt_row gt_center">3,501,572 (8.2%)</td></tr>
    <tr><td headers="label" class="gt_row gt_left">    inf_NA_245-305</td>
<td headers="stat_0" class="gt_row gt_center">3,567,871 (8.4%)</td></tr>
    <tr><td headers="label" class="gt_row gt_left">    inf_NA_306-366</td>
<td headers="stat_0" class="gt_row gt_center">3,003,343 (7.0%)</td></tr>
    <tr><td headers="label" class="gt_row gt_left">    inf_NA_367-427</td>
<td headers="stat_0" class="gt_row gt_center">1,211,575 (2.8%)</td></tr>
    <tr><td headers="label" class="gt_row gt_left">    inf_NA_428-488</td>
<td headers="stat_0" class="gt_row gt_center">760,315 (1.8%)</td></tr>
    <tr><td headers="label" class="gt_row gt_left">    inf_NA_489-549</td>
<td headers="stat_0" class="gt_row gt_center">1,236,260 (2.9%)</td></tr>
    <tr><td headers="label" class="gt_row gt_left">    inf_NA_550+</td>
<td headers="stat_0" class="gt_row gt_center">4,182,500 (9.8%)</td></tr>
    <tr><td headers="label" class="gt_row gt_left" style="font-weight: bold;">VaccStatus, n (%)</td>
<td headers="stat_0" class="gt_row gt_center"></td></tr>
    <tr><td headers="label" class="gt_row gt_left">    _unvaccinated</td>
<td headers="stat_0" class="gt_row gt_center">7,939,323 (19%)</td></tr>
    <tr><td headers="label" class="gt_row gt_left">    boost_001-061</td>
<td headers="stat_0" class="gt_row gt_center">289,928 (0.7%)</td></tr>
    <tr><td headers="label" class="gt_row gt_left">    boost_062-122</td>
<td headers="stat_0" class="gt_row gt_center">465,471 (1.1%)</td></tr>
    <tr><td headers="label" class="gt_row gt_left">    boost_123-183</td>
<td headers="stat_0" class="gt_row gt_center">2,346,892 (5.5%)</td></tr>
    <tr><td headers="label" class="gt_row gt_left">    boost_184-244</td>
<td headers="stat_0" class="gt_row gt_center">4,672,602 (11%)</td></tr>
    <tr><td headers="label" class="gt_row gt_left">    boost_245-305</td>
<td headers="stat_0" class="gt_row gt_center">4,548,947 (11%)</td></tr>
    <tr><td headers="label" class="gt_row gt_left">    boost_306-366</td>
<td headers="stat_0" class="gt_row gt_center">4,047,330 (9.5%)</td></tr>
    <tr><td headers="label" class="gt_row gt_left">    boost_367-427</td>
<td headers="stat_0" class="gt_row gt_center">2,529,783 (5.9%)</td></tr>
    <tr><td headers="label" class="gt_row gt_left">    boost_428-488</td>
<td headers="stat_0" class="gt_row gt_center">301,953 (0.7%)</td></tr>
    <tr><td headers="label" class="gt_row gt_left">    full_062-122</td>
<td headers="stat_0" class="gt_row gt_center">77,486 (0.2%)</td></tr>
    <tr><td headers="label" class="gt_row gt_left">    full_123-183</td>
<td headers="stat_0" class="gt_row gt_center">366,444 (0.9%)</td></tr>
    <tr><td headers="label" class="gt_row gt_left">    full_184-244</td>
<td headers="stat_0" class="gt_row gt_center">942,446 (2.2%)</td></tr>
    <tr><td headers="label" class="gt_row gt_left">    full_245-305</td>
<td headers="stat_0" class="gt_row gt_center">1,477,323 (3.5%)</td></tr>
    <tr><td headers="label" class="gt_row gt_left">    full_306-366</td>
<td headers="stat_0" class="gt_row gt_center">2,809,701 (6.6%)</td></tr>
    <tr><td headers="label" class="gt_row gt_left">    full_367-427</td>
<td headers="stat_0" class="gt_row gt_center">2,938,079 (6.9%)</td></tr>
    <tr><td headers="label" class="gt_row gt_left">    full_428-488</td>
<td headers="stat_0" class="gt_row gt_center">2,389,681 (5.6%)</td></tr>
    <tr><td headers="label" class="gt_row gt_left">    full_489-549</td>
<td headers="stat_0" class="gt_row gt_center">1,917,657 (4.5%)</td></tr>
    <tr><td headers="label" class="gt_row gt_left">    full_550+</td>
<td headers="stat_0" class="gt_row gt_center">618,973 (1.5%)</td></tr>
    <tr><td headers="label" class="gt_row gt_left">    partial_001-061</td>
<td headers="stat_0" class="gt_row gt_center">16,468 (&lt;0.1%)</td></tr>
    <tr><td headers="label" class="gt_row gt_left">    partial_062+</td>
<td headers="stat_0" class="gt_row gt_center">178,286 (0.4%)</td></tr>
    <tr><td headers="label" class="gt_row gt_left">    secboost_001-061</td>
<td headers="stat_0" class="gt_row gt_center">869,650 (2.0%)</td></tr>
    <tr><td headers="label" class="gt_row gt_left">    secboost_062-122</td>
<td headers="stat_0" class="gt_row gt_center">702,482 (1.6%)</td></tr>
    <tr><td headers="label" class="gt_row gt_left">    secboost_123-183</td>
<td headers="stat_0" class="gt_row gt_center">214,926 (0.5%)</td></tr>
    <tr><td headers="label" class="gt_row gt_left" style="font-weight: bold;">Immunity, n (%)</td>
<td headers="stat_0" class="gt_row gt_center"></td></tr>
    <tr><td headers="label" class="gt_row gt_left">    _noimmunity</td>
<td headers="stat_0" class="gt_row gt_center">2,174,644 (5.1%)</td></tr>
    <tr><td headers="label" class="gt_row gt_left">    _other</td>
<td headers="stat_0" class="gt_row gt_center">869,647 (2.0%)</td></tr>
    <tr><td headers="label" class="gt_row gt_left">    boost_001-061</td>
<td headers="stat_0" class="gt_row gt_center">97,784 (0.2%)</td></tr>
    <tr><td headers="label" class="gt_row gt_left">    boost_062-122</td>
<td headers="stat_0" class="gt_row gt_center">188,431 (0.4%)</td></tr>
    <tr><td headers="label" class="gt_row gt_left">    boost_123-183</td>
<td headers="stat_0" class="gt_row gt_center">1,431,822 (3.4%)</td></tr>
    <tr><td headers="label" class="gt_row gt_left">    boost_184-244</td>
<td headers="stat_0" class="gt_row gt_center">3,002,665 (7.0%)</td></tr>
    <tr><td headers="label" class="gt_row gt_left">    boost_245-305</td>
<td headers="stat_0" class="gt_row gt_center">2,950,869 (6.9%)</td></tr>
    <tr><td headers="label" class="gt_row gt_left">    boost_306-366</td>
<td headers="stat_0" class="gt_row gt_center">2,591,660 (6.1%)</td></tr>
    <tr><td headers="label" class="gt_row gt_left">    boost_367-427</td>
<td headers="stat_0" class="gt_row gt_center">1,691,161 (4.0%)</td></tr>
    <tr><td headers="label" class="gt_row gt_left">    boost_428-488</td>
<td headers="stat_0" class="gt_row gt_center">205,072 (0.5%)</td></tr>
    <tr><td headers="label" class="gt_row gt_left">    full_062-122</td>
<td headers="stat_0" class="gt_row gt_center">32,736 (&lt;0.1%)</td></tr>
    <tr><td headers="label" class="gt_row gt_left">    full_123-183</td>
<td headers="stat_0" class="gt_row gt_center">210,301 (0.5%)</td></tr>
    <tr><td headers="label" class="gt_row gt_left">    full_184-244</td>
<td headers="stat_0" class="gt_row gt_center">487,495 (1.1%)</td></tr>
    <tr><td headers="label" class="gt_row gt_left">    full_245-305</td>
<td headers="stat_0" class="gt_row gt_center">725,838 (1.7%)</td></tr>
    <tr><td headers="label" class="gt_row gt_left">    full_306-366</td>
<td headers="stat_0" class="gt_row gt_center">1,250,142 (2.9%)</td></tr>
    <tr><td headers="label" class="gt_row gt_left">    full_367-427</td>
<td headers="stat_0" class="gt_row gt_center">1,215,850 (2.8%)</td></tr>
    <tr><td headers="label" class="gt_row gt_left">    full_428-488</td>
<td headers="stat_0" class="gt_row gt_center">924,104 (2.2%)</td></tr>
    <tr><td headers="label" class="gt_row gt_left">    full_489-549</td>
<td headers="stat_0" class="gt_row gt_center">772,190 (1.8%)</td></tr>
    <tr><td headers="label" class="gt_row gt_left">    hybridboost_001-061</td>
<td headers="stat_0" class="gt_row gt_center">459,367 (1.1%)</td></tr>
    <tr><td headers="label" class="gt_row gt_left">    hybridboost_062-122</td>
<td headers="stat_0" class="gt_row gt_center">999,872 (2.3%)</td></tr>
    <tr><td headers="label" class="gt_row gt_left">    hybridboost_123-183</td>
<td headers="stat_0" class="gt_row gt_center">1,604,762 (3.8%)</td></tr>
    <tr><td headers="label" class="gt_row gt_left">    hybridboost_184-244</td>
<td headers="stat_0" class="gt_row gt_center">1,759,352 (4.1%)</td></tr>
    <tr><td headers="label" class="gt_row gt_left">    hybridboost_245-305</td>
<td headers="stat_0" class="gt_row gt_center">1,403,820 (3.3%)</td></tr>
    <tr><td headers="label" class="gt_row gt_left">    hybridboost_306-366</td>
<td headers="stat_0" class="gt_row gt_center">970,687 (2.3%)</td></tr>
    <tr><td headers="label" class="gt_row gt_left">    hybridboost_367-427</td>
<td headers="stat_0" class="gt_row gt_center">331,497 (0.8%)</td></tr>
    <tr><td headers="label" class="gt_row gt_left">    hybridboost_428-488</td>
<td headers="stat_0" class="gt_row gt_center">25,577 (&lt;0.1%)</td></tr>
    <tr><td headers="label" class="gt_row gt_left">    hybridfull_062-122</td>
<td headers="stat_0" class="gt_row gt_center">326,299 (0.8%)</td></tr>
    <tr><td headers="label" class="gt_row gt_left">    hybridfull_123-183</td>
<td headers="stat_0" class="gt_row gt_center">1,077,451 (2.5%)</td></tr>
    <tr><td headers="label" class="gt_row gt_left">    hybridfull_184-244</td>
<td headers="stat_0" class="gt_row gt_center">1,604,341 (3.8%)</td></tr>
    <tr><td headers="label" class="gt_row gt_left">    hybridfull_245-305</td>
<td headers="stat_0" class="gt_row gt_center">1,721,442 (4.0%)</td></tr>
    <tr><td headers="label" class="gt_row gt_left">    hybridfull_306-366</td>
<td headers="stat_0" class="gt_row gt_center">1,609,418 (3.8%)</td></tr>
    <tr><td headers="label" class="gt_row gt_left">    hybridfull_367-427</td>
<td headers="stat_0" class="gt_row gt_center">769,839 (1.8%)</td></tr>
    <tr><td headers="label" class="gt_row gt_left">    hybridfull_428-488</td>
<td headers="stat_0" class="gt_row gt_center">314,800 (0.7%)</td></tr>
    <tr><td headers="label" class="gt_row gt_left">    hybridfull_489-549</td>
<td headers="stat_0" class="gt_row gt_center">197,432 (0.5%)</td></tr>
    <tr><td headers="label" class="gt_row gt_left">    inf_062-122</td>
<td headers="stat_0" class="gt_row gt_center">208,354 (0.5%)</td></tr>
    <tr><td headers="label" class="gt_row gt_left">    inf_123-183</td>
<td headers="stat_0" class="gt_row gt_center">727,413 (1.7%)</td></tr>
    <tr><td headers="label" class="gt_row gt_left">    inf_184-244</td>
<td headers="stat_0" class="gt_row gt_center">1,101,601 (2.6%)</td></tr>
    <tr><td headers="label" class="gt_row gt_left">    inf_245-305</td>
<td headers="stat_0" class="gt_row gt_center">1,127,431 (2.6%)</td></tr>
    <tr><td headers="label" class="gt_row gt_left">    inf_306-366</td>
<td headers="stat_0" class="gt_row gt_center">1,064,926 (2.5%)</td></tr>
    <tr><td headers="label" class="gt_row gt_left">    inf_367-427</td>
<td headers="stat_0" class="gt_row gt_center">577,513 (1.4%)</td></tr>
    <tr><td headers="label" class="gt_row gt_left">    inf_428-488</td>
<td headers="stat_0" class="gt_row gt_center">315,687 (0.7%)</td></tr>
    <tr><td headers="label" class="gt_row gt_left">    inf_489-549</td>
<td headers="stat_0" class="gt_row gt_center">264,973 (0.6%)</td></tr>
    <tr><td headers="label" class="gt_row gt_left">    secboost_001-061</td>
<td headers="stat_0" class="gt_row gt_center">602,427 (1.4%)</td></tr>
    <tr><td headers="label" class="gt_row gt_left">    secboost_062-122</td>
<td headers="stat_0" class="gt_row gt_center">510,434 (1.2%)</td></tr>
    <tr><td headers="label" class="gt_row gt_left">    secboost_123-183</td>
<td headers="stat_0" class="gt_row gt_center">162,705 (0.4%)</td></tr>
    <tr><td headers="label" class="gt_row gt_left" style="font-weight: bold;">Age, Median (IQR)</td>
<td headers="stat_0" class="gt_row gt_center">46 (29 – 62)</td></tr>
    <tr><td headers="label" class="gt_row gt_left" style="font-weight: bold;">AgeGr, n (%)</td>
<td headers="stat_0" class="gt_row gt_center"></td></tr>
    <tr><td headers="label" class="gt_row gt_left">    _40-44</td>
<td headers="stat_0" class="gt_row gt_center">3,744,826 (8.8%)</td></tr>
    <tr><td headers="label" class="gt_row gt_left">    0-11</td>
<td headers="stat_0" class="gt_row gt_center">2,641,175 (6.2%)</td></tr>
    <tr><td headers="label" class="gt_row gt_left">    12-15</td>
<td headers="stat_0" class="gt_row gt_center">1,790,847 (4.2%)</td></tr>
    <tr><td headers="label" class="gt_row gt_left">    16-17</td>
<td headers="stat_0" class="gt_row gt_center">897,689 (2.1%)</td></tr>
    <tr><td headers="label" class="gt_row gt_left">    18-24</td>
<td headers="stat_0" class="gt_row gt_center">2,961,682 (6.9%)</td></tr>
    <tr><td headers="label" class="gt_row gt_left">    25-29</td>
<td headers="stat_0" class="gt_row gt_center">2,388,441 (5.6%)</td></tr>
    <tr><td headers="label" class="gt_row gt_left">    30-34</td>
<td headers="stat_0" class="gt_row gt_center">2,899,274 (6.8%)</td></tr>
    <tr><td headers="label" class="gt_row gt_left">    35-39</td>
<td headers="stat_0" class="gt_row gt_center">3,097,949 (7.3%)</td></tr>
    <tr><td headers="label" class="gt_row gt_left">    45-49</td>
<td headers="stat_0" class="gt_row gt_center">4,136,652 (9.7%)</td></tr>
    <tr><td headers="label" class="gt_row gt_left">    50-54</td>
<td headers="stat_0" class="gt_row gt_center">3,180,673 (7.5%)</td></tr>
    <tr><td headers="label" class="gt_row gt_left">    55-59</td>
<td headers="stat_0" class="gt_row gt_center">2,987,071 (7.0%)</td></tr>
    <tr><td headers="label" class="gt_row gt_left">    60-64</td>
<td headers="stat_0" class="gt_row gt_center">2,589,959 (6.1%)</td></tr>
    <tr><td headers="label" class="gt_row gt_left">    65-69</td>
<td headers="stat_0" class="gt_row gt_center">2,804,146 (6.6%)</td></tr>
    <tr><td headers="label" class="gt_row gt_left">    70-74</td>
<td headers="stat_0" class="gt_row gt_center">2,656,230 (6.2%)</td></tr>
    <tr><td headers="label" class="gt_row gt_left">    75-79</td>
<td headers="stat_0" class="gt_row gt_center">1,969,954 (4.6%)</td></tr>
    <tr><td headers="label" class="gt_row gt_left">    80+</td>
<td headers="stat_0" class="gt_row gt_center">1,915,263 (4.5%)</td></tr>
    <tr><td headers="label" class="gt_row gt_left" style="font-weight: bold;">Sex, n (%)</td>
<td headers="stat_0" class="gt_row gt_center"></td></tr>
    <tr><td headers="label" class="gt_row gt_left">    F</td>
<td headers="stat_0" class="gt_row gt_center">21,857,881 (51%)</td></tr>
    <tr><td headers="label" class="gt_row gt_left">    M</td>
<td headers="stat_0" class="gt_row gt_center">20,803,950 (49%)</td></tr>
    <tr><td headers="label" class="gt_row gt_left" style="font-weight: bold;">InfPriorTime, n (%)</td>
<td headers="stat_0" class="gt_row gt_center">0 (NA%)</td></tr>
    <tr><td headers="label" class="gt_row gt_left">    (Missing Observations)</td>
<td headers="stat_0" class="gt_row gt_center">42,661,831</td></tr>
    <tr><td headers="label" class="gt_row gt_left" style="font-weight: bold;">LastVaccTime, n (%)</td>
<td headers="stat_0" class="gt_row gt_center">0 (NA%)</td></tr>
    <tr><td headers="label" class="gt_row gt_left">    (Missing Observations)</td>
<td headers="stat_0" class="gt_row gt_center">42,661,831</td></tr>
  </tbody>
  
  
</table>
</div>
Call:
coxph(formula = f.input, data = data)

  n= 42661831, number of events= 10964 

                                 coef exp(coef)  se(coef)       z Pr(>|z|)    
Immunity_other              -0.377442  0.685613  0.060359  -6.253 4.02e-10 ***
Immunityboost_001-061       -0.857185  0.424355  0.268010  -3.198 0.001382 ** 
Immunityboost_062-122       -1.093835  0.334930  0.302201  -3.620 0.000295 ***
Immunityboost_123-183       -0.455655  0.634033  0.137407  -3.316 0.000913 ***
Immunityboost_184-244       -0.547325  0.578495  0.046852 -11.682  < 2e-16 ***
Immunityboost_245-305       -0.442701  0.642299  0.030096 -14.710  < 2e-16 ***
Immunityboost_306-366       -0.409745  0.663820  0.032424 -12.637  < 2e-16 ***
Immunityboost_367-427       -0.384026  0.681114  0.050702  -7.574 3.62e-14 ***
Immunityboost_428-488       -0.218196  0.803968  0.192410  -1.134 0.256787    
Immunityfull_062-122        -1.043021  0.352389  1.000202  -1.043 0.297036    
Immunityfull_123-183         0.355940  1.427521  0.237053   1.502 0.133221    
Immunityfull_184-244        -0.046750  0.954326  0.117052  -0.399 0.689600    
Immunityfull_245-305        -0.021948  0.978291  0.085223  -0.258 0.796762    
Immunityfull_306-366        -0.135845  0.872978  0.088177  -1.541 0.123416    
Immunityfull_367-427        -0.058564  0.943118  0.065374  -0.896 0.370341    
Immunityfull_428-488         0.001444  1.001445  0.058317   0.025 0.980248    
Immunityfull_489-549        -0.070145  0.932259  0.070052  -1.001 0.316672    
Immunityhybridboost_001-061 -2.047336  0.129078  0.165704 -12.355  < 2e-16 ***
Immunityhybridboost_062-122 -2.118166  0.120252  0.165846 -12.772  < 2e-16 ***
Immunityhybridboost_123-183 -2.433934  0.087691  0.205220 -11.860  < 2e-16 ***
Immunityhybridboost_184-244 -1.830542  0.160327  0.115284 -15.878  < 2e-16 ***
Immunityhybridboost_245-305 -1.726862  0.177842  0.101126 -17.076  < 2e-16 ***
Immunityhybridboost_306-366 -1.800308  0.165248  0.144550 -12.455  < 2e-16 ***
Immunityhybridboost_367-427 -1.317593  0.267779  0.225655  -5.839 5.25e-09 ***
Immunityhybridboost_428-488  0.302443  1.353161  0.579499   0.522 0.601736    
Immunityhybridfull_062-122  -1.481961  0.227192  0.408776  -3.625 0.000289 ***
Immunityhybridfull_123-183  -1.853322  0.156716  0.354369  -5.230 1.70e-07 ***
Immunityhybridfull_184-244  -1.954334  0.141659  0.224905  -8.690  < 2e-16 ***
Immunityhybridfull_245-305  -1.784191  0.167933  0.172900 -10.319  < 2e-16 ***
Immunityhybridfull_306-366  -1.636919  0.194579  0.180912  -9.048  < 2e-16 ***
Immunityhybridfull_367-427  -1.095202  0.334472  0.172907  -6.334 2.39e-10 ***
Immunityhybridfull_428-488  -1.331296  0.264135  0.259115  -5.138 2.78e-07 ***
Immunityhybridfull_489-549  -1.314992  0.268476  0.354289  -3.712 0.000206 ***
Immunityinf_062-122         -0.944180  0.388999  0.302181  -3.125 0.001781 ** 
Immunityinf_123-183         -1.337748  0.262436  0.259195  -5.161 2.45e-07 ***
Immunityinf_184-244         -1.128061  0.323660  0.146079  -7.722 1.14e-14 ***
Immunityinf_245-305         -1.380208  0.251526  0.147490  -9.358  < 2e-16 ***
Immunityinf_306-366         -1.502882  0.222488  0.187133  -8.031 9.66e-16 ***
Immunityinf_367-427         -0.903905  0.404985  0.231160  -3.910 9.22e-05 ***
Immunityinf_428-488         -0.935859  0.392249  0.500580  -1.870 0.061547 .  
Immunityinf_489-549         -1.221015  0.294931  0.289591  -4.216 2.48e-05 ***
Immunitysecboost_001-061    -1.364925  0.255400  0.061622 -22.150  < 2e-16 ***
Immunitysecboost_062-122    -0.975032  0.377180  0.075424 -12.927  < 2e-16 ***
Immunitysecboost_123-183    -0.596393  0.550795  0.133342  -4.473 7.73e-06 ***
AgeGr0-11                    0.533790  1.705384  0.108231   4.932 8.14e-07 ***
AgeGr12-15                  -1.012205  0.363417  0.225752  -4.484 7.34e-06 ***
AgeGr16-17                  -0.741697  0.476305  0.293547  -2.527 0.011515 *  
AgeGr18-24                  -0.774697  0.460843  0.180213  -4.299 1.72e-05 ***
AgeGr25-29                  -0.401846  0.669084  0.166479  -2.414 0.015787 *  
AgeGr30-34                  -0.103648  0.901543  0.144271  -0.718 0.472495    
AgeGr35-39                  -0.255060  0.774870  0.150040  -1.700 0.089140 .  
AgeGr45-49                   0.250691  1.284913  0.126049   1.989 0.046719 *  
AgeGr50-54                   0.617747  1.854744  0.122878   5.027 4.97e-07 ***
AgeGr55-59                   1.041410  2.833208  0.114713   9.078  < 2e-16 ***
AgeGr60-64                   1.654262  5.229218  0.107593  15.375  < 2e-16 ***
AgeGr65-69                   2.278308  9.760155  0.101826  22.375  < 2e-16 ***
AgeGr70-74                   2.929492 18.718121  0.099541  29.430  < 2e-16 ***
AgeGr75-79                   3.587775 36.153557  0.098824  36.305  < 2e-16 ***
AgeGr80+                     4.296289 73.426828  0.097610  44.015  < 2e-16 ***
SexM                         0.403806  1.497514  0.019344  20.875  < 2e-16 ***
---
Signif. codes:  0 ‘***’ 0.001 ‘**’ 0.01 ‘*’ 0.05 ‘.’ 0.1 ‘ ’ 1

                            exp(coef) exp(-coef) lower .95 upper .95
Immunity_other                0.68561    1.45855   0.60912    0.7717
Immunityboost_001-061         0.42436    2.35652   0.25096    0.7176
Immunityboost_062-122         0.33493    2.98570   0.18523    0.6056
Immunityboost_123-183         0.63403    1.57721   0.48434    0.8300
Immunityboost_184-244         0.57850    1.72862   0.52774    0.6341
Immunityboost_245-305         0.64230    1.55691   0.60551    0.6813
Immunityboost_306-366         0.66382    1.50643   0.62295    0.7074
Immunityboost_367-427         0.68111    1.46818   0.61668    0.7523
Immunityboost_428-488         0.80397    1.24383   0.55139    1.1722
Immunityfull_062-122          0.35239    2.83778   0.04962    2.5026
Immunityfull_123-183          1.42752    0.70051   0.89702    2.2718
Immunityfull_184-244          0.95433    1.04786   0.75869    1.2004
Immunityfull_245-305          0.97829    1.02219   0.82780    1.1561
Immunityfull_306-366          0.87298    1.14550   0.73442    1.0377
Immunityfull_367-427          0.94312    1.06031   0.82970    1.0720
Immunityfull_428-488          1.00144    0.99856   0.89328    1.1227
Immunityfull_489-549          0.93226    1.07266   0.81266    1.0695
Immunityhybridboost_001-061   0.12908    7.74723   0.09328    0.1786
Immunityhybridboost_062-122   0.12025    8.31587   0.08688    0.1664
Immunityhybridboost_123-183   0.08769   11.40366   0.05865    0.1311
Immunityhybridboost_184-244   0.16033    6.23727   0.12790    0.2010
Immunityhybridboost_245-305   0.17784    5.62298   0.14587    0.2168
Immunityhybridboost_306-366   0.16525    6.05151   0.12448    0.2194
Immunityhybridboost_367-427   0.26778    3.73442   0.17207    0.4167
Immunityhybridboost_428-488   1.35316    0.73901   0.43459    4.2133
Immunityhybridfull_062-122    0.22719    4.40157   0.10196    0.5062
Immunityhybridfull_123-183    0.15672    6.38098   0.07825    0.3139
Immunityhybridfull_184-244    0.14166    7.05921   0.09116    0.2201
Immunityhybridfull_245-305    0.16793    5.95476   0.11966    0.2357
Immunityhybridfull_306-366    0.19458    5.13931   0.13649    0.2774
Immunityhybridfull_367-427    0.33447    2.98979   0.23833    0.4694
Immunityhybridfull_428-488    0.26413    3.78595   0.15895    0.4389
Immunityhybridfull_489-549    0.26848    3.72472   0.13407    0.5376
Immunityinf_062-122           0.38900    2.57070   0.21514    0.7033
Immunityinf_123-183           0.26244    3.81045   0.15791    0.4362
Immunityinf_184-244           0.32366    3.08966   0.24308    0.4310
Immunityinf_245-305           0.25153    3.97573   0.18838    0.3358
Immunityinf_306-366           0.22249    4.49463   0.15418    0.3211
Immunityinf_367-427           0.40499    2.46923   0.25744    0.6371
Immunityinf_428-488           0.39225    2.54940   0.14705    1.0463
Immunityinf_489-549           0.29493    3.39063   0.16719    0.5203
Immunitysecboost_001-061      0.25540    3.91543   0.22634    0.2882
Immunitysecboost_062-122      0.37718    2.65125   0.32535    0.4373
Immunitysecboost_123-183      0.55079    1.81556   0.42412    0.7153
AgeGr0-11                     1.70538    0.58638   1.37942    2.1084
AgeGr12-15                    0.36342    2.75166   0.23348    0.5657
AgeGr16-17                    0.47631    2.09949   0.26793    0.8467
AgeGr18-24                    0.46084    2.16993   0.32371    0.6561
AgeGr25-29                    0.66908    1.49458   0.48281    0.9272
AgeGr30-34                    0.90154    1.10921   0.67949    1.1962
AgeGr35-39                    0.77487    1.29054   0.57745    1.0398
AgeGr45-49                    1.28491    0.77826   1.00365    1.6450
AgeGr50-54                    1.85474    0.53916   1.45777    2.3598
AgeGr55-59                    2.83321    0.35296   2.26274    3.5475
AgeGr60-64                    5.22922    0.19123   4.23500    6.4568
AgeGr65-69                    9.76015    0.10246   7.99434   11.9160
AgeGr70-74                   18.71812    0.05342  15.40043   22.7505
AgeGr75-79                   36.15356    0.02766  29.78736   43.8803
AgeGr80+                     73.42683    0.01362  60.64131   88.9080
SexM                          1.49751    0.66777   1.44180    1.5554

Concordance= 0.889  (se = 0.001 )
Likelihood ratio test= 28564  on 60 df,   p=<2e-16
Wald test            = 20491  on 60 df,   p=<2e-16
Score (logrank) test = 50780  on 60 df,   p=<2e-16

[[1]]
 [1] "Immunity_other"              "Immunityboost_001-061"      
 [3] "Immunityboost_062-122"       "Immunityboost_123-183"      
 [5] "Immunityboost_184-244"       "Immunityboost_245-305"      
 [7] "Immunityboost_306-366"       "Immunityboost_428-488"      
 [9] "Immunityfull_062-122"        "Immunityfull_123-183"       
[11] "Immunityfull_184-244"        "Immunityfull_245-305"       
[13] "Immunityfull_306-366"        "Immunityfull_428-488"       
[15] "Immunityfull_489-549"        "Immunityhybridboost_001-061"
[17] "Immunityhybridboost_062-122" "Immunityhybridboost_123-183"
[19] "Immunityhybridboost_184-244" "Immunityhybridboost_245-305"
[21] "Immunityhybridboost_306-366" "Immunityhybridboost_428-488"
[23] "Immunityhybridfull_062-122"  "Immunityhybridfull_123-183" 
[25] "Immunityhybridfull_184-244"  "Immunityhybridfull_245-305" 
[27] "Immunityhybridfull_306-366"  "Immunityhybridfull_428-488" 
[29] "Immunityhybridfull_489-549"  "Immunityinf_062-122"        
[31] "Immunityinf_123-183"         "Immunityinf_184-244"        
[33] "Immunityinf_245-305"         "Immunityinf_306-366"        
[35] "Immunityinf_428-488"         "Immunityinf_489-549"        
[37] "Immunitysecboost_001-061"    "Immunitysecboost_062-122"   
[39] "Immunitysecboost_123-183"    "AgeGr0-11"                  
[41] "AgeGr12-15"                  "AgeGr16-17"                 
[43] "AgeGr18-24"                  "AgeGr25-29"                 
[45] "AgeGr30-34"                  "AgeGr35-39"                 
[47] "AgeGr45-49"                  "AgeGr50-54"                 
[49] "AgeGr55-59"                  "AgeGr60-64"                 
[51] "AgeGr65-69"                  "AgeGr70-74"                 
[53] "AgeGr75-79"                  "AgeGr80+"                   
[55] "SexM"                       

[[2]]
[1] "beta"          "beta_CI_lower" "beta_CI_upper" "HR"           
[5] "HR_CI_lower"   "HR_CI_upper"   "eff"           "eff_CI_upper" 
[9] "eff_CI_lower" 

null device 
          1 
null device 
          1 
null device 
          1 
null device 
          1 
<div id="rduuqzsjgu" style="padding-left:0px;padding-right:0px;padding-top:10px;padding-bottom:10px;overflow-x:auto;overflow-y:auto;width:auto;height:auto;">
  <style>html {
  font-family: -apple-system, BlinkMacSystemFont, 'Segoe UI', Roboto, Oxygen, Ubuntu, Cantarell, 'Helvetica Neue', 'Fira Sans', 'Droid Sans', Arial, sans-serif;
}

#rduuqzsjgu .gt_table {
  display: table;
  border-collapse: collapse;
  margin-left: auto;
  margin-right: auto;
  color: #333333;
  font-size: 16px;
  font-weight: normal;
  font-style: normal;
  background-color: #FFFFFF;
  width: auto;
  border-top-style: solid;
  border-top-width: 2px;
  border-top-color: #A8A8A8;
  border-right-style: none;
  border-right-width: 2px;
  border-right-color: #D3D3D3;
  border-bottom-style: solid;
  border-bottom-width: 2px;
  border-bottom-color: #A8A8A8;
  border-left-style: none;
  border-left-width: 2px;
  border-left-color: #D3D3D3;
}

#rduuqzsjgu .gt_heading {
  background-color: #FFFFFF;
  text-align: center;
  border-bottom-color: #FFFFFF;
  border-left-style: none;
  border-left-width: 1px;
  border-left-color: #D3D3D3;
  border-right-style: none;
  border-right-width: 1px;
  border-right-color: #D3D3D3;
}

#rduuqzsjgu .gt_caption {
  padding-top: 4px;
  padding-bottom: 4px;
}

#rduuqzsjgu .gt_title {
  color: #333333;
  font-size: 125%;
  font-weight: initial;
  padding-top: 4px;
  padding-bottom: 4px;
  padding-left: 5px;
  padding-right: 5px;
  border-bottom-color: #FFFFFF;
  border-bottom-width: 0;
}

#rduuqzsjgu .gt_subtitle {
  color: #333333;
  font-size: 85%;
  font-weight: initial;
  padding-top: 0;
  padding-bottom: 6px;
  padding-left: 5px;
  padding-right: 5px;
  border-top-color: #FFFFFF;
  border-top-width: 0;
}

#rduuqzsjgu .gt_bottom_border {
  border-bottom-style: solid;
  border-bottom-width: 2px;
  border-bottom-color: #D3D3D3;
}

#rduuqzsjgu .gt_col_headings {
  border-top-style: solid;
  border-top-width: 2px;
  border-top-color: #D3D3D3;
  border-bottom-style: solid;
  border-bottom-width: 2px;
  border-bottom-color: #D3D3D3;
  border-left-style: none;
  border-left-width: 1px;
  border-left-color: #D3D3D3;
  border-right-style: none;
  border-right-width: 1px;
  border-right-color: #D3D3D3;
}

#rduuqzsjgu .gt_col_heading {
  color: #333333;
  background-color: #FFFFFF;
  font-size: 100%;
  font-weight: normal;
  text-transform: inherit;
  border-left-style: none;
  border-left-width: 1px;
  border-left-color: #D3D3D3;
  border-right-style: none;
  border-right-width: 1px;
  border-right-color: #D3D3D3;
  vertical-align: bottom;
  padding-top: 5px;
  padding-bottom: 6px;
  padding-left: 5px;
  padding-right: 5px;
  overflow-x: hidden;
}

#rduuqzsjgu .gt_column_spanner_outer {
  color: #333333;
  background-color: #FFFFFF;
  font-size: 100%;
  font-weight: normal;
  text-transform: inherit;
  padding-top: 0;
  padding-bottom: 0;
  padding-left: 4px;
  padding-right: 4px;
}

#rduuqzsjgu .gt_column_spanner_outer:first-child {
  padding-left: 0;
}

#rduuqzsjgu .gt_column_spanner_outer:last-child {
  padding-right: 0;
}

#rduuqzsjgu .gt_column_spanner {
  border-bottom-style: solid;
  border-bottom-width: 2px;
  border-bottom-color: #D3D3D3;
  vertical-align: bottom;
  padding-top: 5px;
  padding-bottom: 5px;
  overflow-x: hidden;
  display: inline-block;
  width: 100%;
}

#rduuqzsjgu .gt_group_heading {
  padding-top: 8px;
  padding-bottom: 8px;
  padding-left: 5px;
  padding-right: 5px;
  color: #333333;
  background-color: #FFFFFF;
  font-size: 100%;
  font-weight: initial;
  text-transform: inherit;
  border-top-style: solid;
  border-top-width: 2px;
  border-top-color: #D3D3D3;
  border-bottom-style: solid;
  border-bottom-width: 2px;
  border-bottom-color: #D3D3D3;
  border-left-style: none;
  border-left-width: 1px;
  border-left-color: #D3D3D3;
  border-right-style: none;
  border-right-width: 1px;
  border-right-color: #D3D3D3;
  vertical-align: middle;
  text-align: left;
}

#rduuqzsjgu .gt_empty_group_heading {
  padding: 0.5px;
  color: #333333;
  background-color: #FFFFFF;
  font-size: 100%;
  font-weight: initial;
  border-top-style: solid;
  border-top-width: 2px;
  border-top-color: #D3D3D3;
  border-bottom-style: solid;
  border-bottom-width: 2px;
  border-bottom-color: #D3D3D3;
  vertical-align: middle;
}

#rduuqzsjgu .gt_from_md > :first-child {
  margin-top: 0;
}

#rduuqzsjgu .gt_from_md > :last-child {
  margin-bottom: 0;
}

#rduuqzsjgu .gt_row {
  padding-top: 8px;
  padding-bottom: 8px;
  padding-left: 5px;
  padding-right: 5px;
  margin: 10px;
  border-top-style: solid;
  border-top-width: 1px;
  border-top-color: #D3D3D3;
  border-left-style: none;
  border-left-width: 1px;
  border-left-color: #D3D3D3;
  border-right-style: none;
  border-right-width: 1px;
  border-right-color: #D3D3D3;
  vertical-align: middle;
  overflow-x: hidden;
}

#rduuqzsjgu .gt_stub {
  color: #333333;
  background-color: #FFFFFF;
  font-size: 100%;
  font-weight: initial;
  text-transform: inherit;
  border-right-style: solid;
  border-right-width: 2px;
  border-right-color: #D3D3D3;
  padding-left: 5px;
  padding-right: 5px;
}

#rduuqzsjgu .gt_stub_row_group {
  color: #333333;
  background-color: #FFFFFF;
  font-size: 100%;
  font-weight: initial;
  text-transform: inherit;
  border-right-style: solid;
  border-right-width: 2px;
  border-right-color: #D3D3D3;
  padding-left: 5px;
  padding-right: 5px;
  vertical-align: top;
}

#rduuqzsjgu .gt_row_group_first td {
  border-top-width: 2px;
}

#rduuqzsjgu .gt_summary_row {
  color: #333333;
  background-color: #FFFFFF;
  text-transform: inherit;
  padding-top: 8px;
  padding-bottom: 8px;
  padding-left: 5px;
  padding-right: 5px;
}

#rduuqzsjgu .gt_first_summary_row {
  border-top-style: solid;
  border-top-color: #D3D3D3;
}

#rduuqzsjgu .gt_first_summary_row.thick {
  border-top-width: 2px;
}

#rduuqzsjgu .gt_last_summary_row {
  padding-top: 8px;
  padding-bottom: 8px;
  padding-left: 5px;
  padding-right: 5px;
  border-bottom-style: solid;
  border-bottom-width: 2px;
  border-bottom-color: #D3D3D3;
}

#rduuqzsjgu .gt_grand_summary_row {
  color: #333333;
  background-color: #FFFFFF;
  text-transform: inherit;
  padding-top: 8px;
  padding-bottom: 8px;
  padding-left: 5px;
  padding-right: 5px;
}

#rduuqzsjgu .gt_first_grand_summary_row {
  padding-top: 8px;
  padding-bottom: 8px;
  padding-left: 5px;
  padding-right: 5px;
  border-top-style: double;
  border-top-width: 6px;
  border-top-color: #D3D3D3;
}

#rduuqzsjgu .gt_striped {
  background-color: rgba(128, 128, 128, 0.05);
}

#rduuqzsjgu .gt_table_body {
  border-top-style: solid;
  border-top-width: 2px;
  border-top-color: #D3D3D3;
  border-bottom-style: solid;
  border-bottom-width: 2px;
  border-bottom-color: #D3D3D3;
}

#rduuqzsjgu .gt_footnotes {
  color: #333333;
  background-color: #FFFFFF;
  border-bottom-style: none;
  border-bottom-width: 2px;
  border-bottom-color: #D3D3D3;
  border-left-style: none;
  border-left-width: 2px;
  border-left-color: #D3D3D3;
  border-right-style: none;
  border-right-width: 2px;
  border-right-color: #D3D3D3;
}

#rduuqzsjgu .gt_footnote {
  margin: 0px;
  font-size: 90%;
  padding-left: 4px;
  padding-right: 4px;
  padding-left: 5px;
  padding-right: 5px;
}

#rduuqzsjgu .gt_sourcenotes {
  color: #333333;
  background-color: #FFFFFF;
  border-bottom-style: none;
  border-bottom-width: 2px;
  border-bottom-color: #D3D3D3;
  border-left-style: none;
  border-left-width: 2px;
  border-left-color: #D3D3D3;
  border-right-style: none;
  border-right-width: 2px;
  border-right-color: #D3D3D3;
}

#rduuqzsjgu .gt_sourcenote {
  font-size: 90%;
  padding-top: 4px;
  padding-bottom: 4px;
  padding-left: 5px;
  padding-right: 5px;
}

#rduuqzsjgu .gt_left {
  text-align: left;
}

#rduuqzsjgu .gt_center {
  text-align: center;
}

#rduuqzsjgu .gt_right {
  text-align: right;
  font-variant-numeric: tabular-nums;
}

#rduuqzsjgu .gt_font_normal {
  font-weight: normal;
}

#rduuqzsjgu .gt_font_bold {
  font-weight: bold;
}

#rduuqzsjgu .gt_font_italic {
  font-style: italic;
}

#rduuqzsjgu .gt_super {
  font-size: 65%;
}

#rduuqzsjgu .gt_footnote_marks {
  font-style: italic;
  font-weight: normal;
  font-size: 75%;
  vertical-align: 0.4em;
}

#rduuqzsjgu .gt_asterisk {
  font-size: 100%;
  vertical-align: 0;
}

#rduuqzsjgu .gt_indent_1 {
  text-indent: 5px;
}

#rduuqzsjgu .gt_indent_2 {
  text-indent: 10px;
}

#rduuqzsjgu .gt_indent_3 {
  text-indent: 15px;
}

#rduuqzsjgu .gt_indent_4 {
  text-indent: 20px;
}

#rduuqzsjgu .gt_indent_5 {
  text-indent: 25px;
}
</style>
  <table class="gt_table">
  
  <thead class="gt_col_headings">
    <tr>
      <th class="gt_col_heading gt_columns_bottom_border gt_left" rowspan="1" colspan="1" scope="col" id="&lt;strong&gt;Characteristic&lt;/strong&gt;"><strong>Characteristic</strong></th>
      <th class="gt_col_heading gt_columns_bottom_border gt_center" rowspan="1" colspan="1" scope="col" id="&lt;strong&gt;N&lt;/strong&gt;"><strong>N</strong></th>
      <th class="gt_col_heading gt_columns_bottom_border gt_center" rowspan="1" colspan="1" scope="col" id="&lt;strong&gt;Event N&lt;/strong&gt;"><strong>Event N</strong></th>
      <th class="gt_col_heading gt_columns_bottom_border gt_center" rowspan="1" colspan="1" scope="col" id="&lt;strong&gt;HR&lt;/strong&gt; &lt;strong&gt;(95% CI)&lt;/strong&gt;&lt;sup class=&quot;gt_footnote_marks&quot;&gt;1&lt;/sup&gt;"><strong>HR</strong> <strong>(95% CI)</strong><sup class="gt_footnote_marks">1</sup></th>
      <th class="gt_col_heading gt_columns_bottom_border gt_center" rowspan="1" colspan="1" scope="col" id="&lt;strong&gt;p-value&lt;/strong&gt;"><strong>p-value</strong></th>
    </tr>
  </thead>
  <tbody class="gt_table_body">
    <tr><td headers="label" class="gt_row gt_left" style="font-weight: bold;">Immunity</td>
<td headers="stat_n" class="gt_row gt_center"></td>
<td headers="stat_nevent" class="gt_row gt_center"></td>
<td headers="estimate" class="gt_row gt_center"></td>
<td headers="p.value" class="gt_row gt_center"></td></tr>
    <tr><td headers="label" class="gt_row gt_left">    _noimmunity</td>
<td headers="stat_n" class="gt_row gt_center">2,174,644</td>
<td headers="stat_nevent" class="gt_row gt_center">2842</td>
<td headers="estimate" class="gt_row gt_center">—</td>
<td headers="p.value" class="gt_row gt_center"></td></tr>
    <tr><td headers="label" class="gt_row gt_left">    _other</td>
<td headers="stat_n" class="gt_row gt_center">869,647</td>
<td headers="stat_nevent" class="gt_row gt_center">307</td>
<td headers="estimate" class="gt_row gt_center">0.69 (0.61 to 0.77)</td>
<td headers="p.value" class="gt_row gt_center" style="font-weight: bold;"><0.001</td></tr>
    <tr><td headers="label" class="gt_row gt_left">    boost_001-061</td>
<td headers="stat_n" class="gt_row gt_center">97,784</td>
<td headers="stat_nevent" class="gt_row gt_center">14</td>
<td headers="estimate" class="gt_row gt_center">0.42 (0.25 to 0.72)</td>
<td headers="p.value" class="gt_row gt_center" style="font-weight: bold;">0.001</td></tr>
    <tr><td headers="label" class="gt_row gt_left">    boost_062-122</td>
<td headers="stat_n" class="gt_row gt_center">188,431</td>
<td headers="stat_nevent" class="gt_row gt_center">11</td>
<td headers="estimate" class="gt_row gt_center">0.33 (0.19 to 0.61)</td>
<td headers="p.value" class="gt_row gt_center" style="font-weight: bold;"><0.001</td></tr>
    <tr><td headers="label" class="gt_row gt_left">    boost_123-183</td>
<td headers="stat_n" class="gt_row gt_center">1,431,822</td>
<td headers="stat_nevent" class="gt_row gt_center">55</td>
<td headers="estimate" class="gt_row gt_center">0.63 (0.48 to 0.83)</td>
<td headers="p.value" class="gt_row gt_center" style="font-weight: bold;"><0.001</td></tr>
    <tr><td headers="label" class="gt_row gt_left">    boost_184-244</td>
<td headers="stat_n" class="gt_row gt_center">3,002,665</td>
<td headers="stat_nevent" class="gt_row gt_center">668</td>
<td headers="estimate" class="gt_row gt_center">0.58 (0.53 to 0.63)</td>
<td headers="p.value" class="gt_row gt_center" style="font-weight: bold;"><0.001</td></tr>
    <tr><td headers="label" class="gt_row gt_left">    boost_245-305</td>
<td headers="stat_n" class="gt_row gt_center">2,950,869</td>
<td headers="stat_nevent" class="gt_row gt_center">2294</td>
<td headers="estimate" class="gt_row gt_center">0.64 (0.61 to 0.68)</td>
<td headers="p.value" class="gt_row gt_center" style="font-weight: bold;"><0.001</td></tr>
    <tr><td headers="label" class="gt_row gt_left">    boost_306-366</td>
<td headers="stat_n" class="gt_row gt_center">2,591,660</td>
<td headers="stat_nevent" class="gt_row gt_center">1706</td>
<td headers="estimate" class="gt_row gt_center">0.66 (0.62 to 0.71)</td>
<td headers="p.value" class="gt_row gt_center" style="font-weight: bold;"><0.001</td></tr>
    <tr><td headers="label" class="gt_row gt_left">    boost_367-427</td>
<td headers="stat_n" class="gt_row gt_center">1,691,161</td>
<td headers="stat_nevent" class="gt_row gt_center">586</td>
<td headers="estimate" class="gt_row gt_center">0.68 (0.62 to 0.75)</td>
<td headers="p.value" class="gt_row gt_center" style="font-weight: bold;"><0.001</td></tr>
    <tr><td headers="label" class="gt_row gt_left">    boost_428-488</td>
<td headers="stat_n" class="gt_row gt_center">205,072</td>
<td headers="stat_nevent" class="gt_row gt_center">29</td>
<td headers="estimate" class="gt_row gt_center">0.80 (0.55 to 1.17)</td>
<td headers="p.value" class="gt_row gt_center">0.26</td></tr>
    <tr><td headers="label" class="gt_row gt_left">    full_062-122</td>
<td headers="stat_n" class="gt_row gt_center">32,736</td>
<td headers="stat_nevent" class="gt_row gt_center">1</td>
<td headers="estimate" class="gt_row gt_center">0.35 (0.05 to 2.50)</td>
<td headers="p.value" class="gt_row gt_center">0.30</td></tr>
    <tr><td headers="label" class="gt_row gt_left">    full_123-183</td>
<td headers="stat_n" class="gt_row gt_center">210,301</td>
<td headers="stat_nevent" class="gt_row gt_center">18</td>
<td headers="estimate" class="gt_row gt_center">1.43 (0.90 to 2.27)</td>
<td headers="p.value" class="gt_row gt_center">0.13</td></tr>
    <tr><td headers="label" class="gt_row gt_left">    full_184-244</td>
<td headers="stat_n" class="gt_row gt_center">487,495</td>
<td headers="stat_nevent" class="gt_row gt_center">76</td>
<td headers="estimate" class="gt_row gt_center">0.95 (0.76 to 1.20)</td>
<td headers="p.value" class="gt_row gt_center">0.69</td></tr>
    <tr><td headers="label" class="gt_row gt_left">    full_245-305</td>
<td headers="stat_n" class="gt_row gt_center">725,838</td>
<td headers="stat_nevent" class="gt_row gt_center">147</td>
<td headers="estimate" class="gt_row gt_center">0.98 (0.83 to 1.16)</td>
<td headers="p.value" class="gt_row gt_center">0.80</td></tr>
    <tr><td headers="label" class="gt_row gt_left">    full_306-366</td>
<td headers="stat_n" class="gt_row gt_center">1,250,142</td>
<td headers="stat_nevent" class="gt_row gt_center">137</td>
<td headers="estimate" class="gt_row gt_center">0.87 (0.73 to 1.04)</td>
<td headers="p.value" class="gt_row gt_center">0.12</td></tr>
    <tr><td headers="label" class="gt_row gt_left">    full_367-427</td>
<td headers="stat_n" class="gt_row gt_center">1,215,850</td>
<td headers="stat_nevent" class="gt_row gt_center">265</td>
<td headers="estimate" class="gt_row gt_center">0.94 (0.83 to 1.07)</td>
<td headers="p.value" class="gt_row gt_center">0.37</td></tr>
    <tr><td headers="label" class="gt_row gt_left">    full_428-488</td>
<td headers="stat_n" class="gt_row gt_center">924,104</td>
<td headers="stat_nevent" class="gt_row gt_center">337</td>
<td headers="estimate" class="gt_row gt_center">1.00 (0.89 to 1.12)</td>
<td headers="p.value" class="gt_row gt_center">0.98</td></tr>
    <tr><td headers="label" class="gt_row gt_left">    full_489-549</td>
<td headers="stat_n" class="gt_row gt_center">772,190</td>
<td headers="stat_nevent" class="gt_row gt_center">224</td>
<td headers="estimate" class="gt_row gt_center">0.93 (0.81 to 1.07)</td>
<td headers="p.value" class="gt_row gt_center">0.32</td></tr>
    <tr><td headers="label" class="gt_row gt_left">    hybridboost_001-061</td>
<td headers="stat_n" class="gt_row gt_center">459,367</td>
<td headers="stat_nevent" class="gt_row gt_center">37</td>
<td headers="estimate" class="gt_row gt_center">0.13 (0.09 to 0.18)</td>
<td headers="p.value" class="gt_row gt_center" style="font-weight: bold;"><0.001</td></tr>
    <tr><td headers="label" class="gt_row gt_left">    hybridboost_062-122</td>
<td headers="stat_n" class="gt_row gt_center">999,872</td>
<td headers="stat_nevent" class="gt_row gt_center">37</td>
<td headers="estimate" class="gt_row gt_center">0.12 (0.09 to 0.17)</td>
<td headers="p.value" class="gt_row gt_center" style="font-weight: bold;"><0.001</td></tr>
    <tr><td headers="label" class="gt_row gt_left">    hybridboost_123-183</td>
<td headers="stat_n" class="gt_row gt_center">1,604,762</td>
<td headers="stat_nevent" class="gt_row gt_center">24</td>
<td headers="estimate" class="gt_row gt_center">0.09 (0.06 to 0.13)</td>
<td headers="p.value" class="gt_row gt_center" style="font-weight: bold;"><0.001</td></tr>
    <tr><td headers="label" class="gt_row gt_left">    hybridboost_184-244</td>
<td headers="stat_n" class="gt_row gt_center">1,759,352</td>
<td headers="stat_nevent" class="gt_row gt_center">78</td>
<td headers="estimate" class="gt_row gt_center">0.16 (0.13 to 0.20)</td>
<td headers="p.value" class="gt_row gt_center" style="font-weight: bold;"><0.001</td></tr>
    <tr><td headers="label" class="gt_row gt_left">    hybridboost_245-305</td>
<td headers="stat_n" class="gt_row gt_center">1,403,820</td>
<td headers="stat_nevent" class="gt_row gt_center">102</td>
<td headers="estimate" class="gt_row gt_center">0.18 (0.15 to 0.22)</td>
<td headers="p.value" class="gt_row gt_center" style="font-weight: bold;"><0.001</td></tr>
    <tr><td headers="label" class="gt_row gt_left">    hybridboost_306-366</td>
<td headers="stat_n" class="gt_row gt_center">970,687</td>
<td headers="stat_nevent" class="gt_row gt_center">49</td>
<td headers="estimate" class="gt_row gt_center">0.17 (0.12 to 0.22)</td>
<td headers="p.value" class="gt_row gt_center" style="font-weight: bold;"><0.001</td></tr>
    <tr><td headers="label" class="gt_row gt_left">    hybridboost_367-427</td>
<td headers="stat_n" class="gt_row gt_center">331,497</td>
<td headers="stat_nevent" class="gt_row gt_center">20</td>
<td headers="estimate" class="gt_row gt_center">0.27 (0.17 to 0.42)</td>
<td headers="p.value" class="gt_row gt_center" style="font-weight: bold;"><0.001</td></tr>
    <tr><td headers="label" class="gt_row gt_left">    hybridboost_428-488</td>
<td headers="stat_n" class="gt_row gt_center">25,577</td>
<td headers="stat_nevent" class="gt_row gt_center">3</td>
<td headers="estimate" class="gt_row gt_center">1.35 (0.43 to 4.21)</td>
<td headers="p.value" class="gt_row gt_center">0.60</td></tr>
    <tr><td headers="label" class="gt_row gt_left">    hybridfull_062-122</td>
<td headers="stat_n" class="gt_row gt_center">326,299</td>
<td headers="stat_nevent" class="gt_row gt_center">6</td>
<td headers="estimate" class="gt_row gt_center">0.23 (0.10 to 0.51)</td>
<td headers="p.value" class="gt_row gt_center" style="font-weight: bold;"><0.001</td></tr>
    <tr><td headers="label" class="gt_row gt_left">    hybridfull_123-183</td>
<td headers="stat_n" class="gt_row gt_center">1,077,451</td>
<td headers="stat_nevent" class="gt_row gt_center">8</td>
<td headers="estimate" class="gt_row gt_center">0.16 (0.08 to 0.31)</td>
<td headers="p.value" class="gt_row gt_center" style="font-weight: bold;"><0.001</td></tr>
    <tr><td headers="label" class="gt_row gt_left">    hybridfull_184-244</td>
<td headers="stat_n" class="gt_row gt_center">1,604,341</td>
<td headers="stat_nevent" class="gt_row gt_center">20</td>
<td headers="estimate" class="gt_row gt_center">0.14 (0.09 to 0.22)</td>
<td headers="p.value" class="gt_row gt_center" style="font-weight: bold;"><0.001</td></tr>
    <tr><td headers="label" class="gt_row gt_left">    hybridfull_245-305</td>
<td headers="stat_n" class="gt_row gt_center">1,721,442</td>
<td headers="stat_nevent" class="gt_row gt_center">34</td>
<td headers="estimate" class="gt_row gt_center">0.17 (0.12 to 0.24)</td>
<td headers="p.value" class="gt_row gt_center" style="font-weight: bold;"><0.001</td></tr>
    <tr><td headers="label" class="gt_row gt_left">    hybridfull_306-366</td>
<td headers="stat_n" class="gt_row gt_center">1,609,418</td>
<td headers="stat_nevent" class="gt_row gt_center">31</td>
<td headers="estimate" class="gt_row gt_center">0.19 (0.14 to 0.28)</td>
<td headers="p.value" class="gt_row gt_center" style="font-weight: bold;"><0.001</td></tr>
    <tr><td headers="label" class="gt_row gt_left">    hybridfull_367-427</td>
<td headers="stat_n" class="gt_row gt_center">769,839</td>
<td headers="stat_nevent" class="gt_row gt_center">34</td>
<td headers="estimate" class="gt_row gt_center">0.33 (0.24 to 0.47)</td>
<td headers="p.value" class="gt_row gt_center" style="font-weight: bold;"><0.001</td></tr>
    <tr><td headers="label" class="gt_row gt_left">    hybridfull_428-488</td>
<td headers="stat_n" class="gt_row gt_center">314,800</td>
<td headers="stat_nevent" class="gt_row gt_center">15</td>
<td headers="estimate" class="gt_row gt_center">0.26 (0.16 to 0.44)</td>
<td headers="p.value" class="gt_row gt_center" style="font-weight: bold;"><0.001</td></tr>
    <tr><td headers="label" class="gt_row gt_left">    hybridfull_489-549</td>
<td headers="stat_n" class="gt_row gt_center">197,432</td>
<td headers="stat_nevent" class="gt_row gt_center">8</td>
<td headers="estimate" class="gt_row gt_center">0.27 (0.13 to 0.54)</td>
<td headers="p.value" class="gt_row gt_center" style="font-weight: bold;"><0.001</td></tr>
    <tr><td headers="label" class="gt_row gt_left">    inf_062-122</td>
<td headers="stat_n" class="gt_row gt_center">208,354</td>
<td headers="stat_nevent" class="gt_row gt_center">11</td>
<td headers="estimate" class="gt_row gt_center">0.39 (0.22 to 0.70)</td>
<td headers="p.value" class="gt_row gt_center" style="font-weight: bold;">0.002</td></tr>
    <tr><td headers="label" class="gt_row gt_left">    inf_123-183</td>
<td headers="stat_n" class="gt_row gt_center">727,413</td>
<td headers="stat_nevent" class="gt_row gt_center">15</td>
<td headers="estimate" class="gt_row gt_center">0.26 (0.16 to 0.44)</td>
<td headers="p.value" class="gt_row gt_center" style="font-weight: bold;"><0.001</td></tr>
    <tr><td headers="label" class="gt_row gt_left">    inf_184-244</td>
<td headers="stat_n" class="gt_row gt_center">1,101,601</td>
<td headers="stat_nevent" class="gt_row gt_center">48</td>
<td headers="estimate" class="gt_row gt_center">0.32 (0.24 to 0.43)</td>
<td headers="p.value" class="gt_row gt_center" style="font-weight: bold;"><0.001</td></tr>
    <tr><td headers="label" class="gt_row gt_left">    inf_245-305</td>
<td headers="stat_n" class="gt_row gt_center">1,127,431</td>
<td headers="stat_nevent" class="gt_row gt_center">47</td>
<td headers="estimate" class="gt_row gt_center">0.25 (0.19 to 0.34)</td>
<td headers="p.value" class="gt_row gt_center" style="font-weight: bold;"><0.001</td></tr>
    <tr><td headers="label" class="gt_row gt_left">    inf_306-366</td>
<td headers="stat_n" class="gt_row gt_center">1,064,926</td>
<td headers="stat_nevent" class="gt_row gt_center">29</td>
<td headers="estimate" class="gt_row gt_center">0.22 (0.15 to 0.32)</td>
<td headers="p.value" class="gt_row gt_center" style="font-weight: bold;"><0.001</td></tr>
    <tr><td headers="label" class="gt_row gt_left">    inf_367-427</td>
<td headers="stat_n" class="gt_row gt_center">577,513</td>
<td headers="stat_nevent" class="gt_row gt_center">19</td>
<td headers="estimate" class="gt_row gt_center">0.40 (0.26 to 0.64)</td>
<td headers="p.value" class="gt_row gt_center" style="font-weight: bold;"><0.001</td></tr>
    <tr><td headers="label" class="gt_row gt_left">    inf_428-488</td>
<td headers="stat_n" class="gt_row gt_center">315,687</td>
<td headers="stat_nevent" class="gt_row gt_center">4</td>
<td headers="estimate" class="gt_row gt_center">0.39 (0.15 to 1.05)</td>
<td headers="p.value" class="gt_row gt_center">0.062</td></tr>
    <tr><td headers="label" class="gt_row gt_left">    inf_489-549</td>
<td headers="stat_n" class="gt_row gt_center">264,973</td>
<td headers="stat_nevent" class="gt_row gt_center">12</td>
<td headers="estimate" class="gt_row gt_center">0.29 (0.17 to 0.52)</td>
<td headers="p.value" class="gt_row gt_center" style="font-weight: bold;"><0.001</td></tr>
    <tr><td headers="label" class="gt_row gt_left">    secboost_001-061</td>
<td headers="stat_n" class="gt_row gt_center">602,427</td>
<td headers="stat_nevent" class="gt_row gt_center">298</td>
<td headers="estimate" class="gt_row gt_center">0.26 (0.23 to 0.29)</td>
<td headers="p.value" class="gt_row gt_center" style="font-weight: bold;"><0.001</td></tr>
    <tr><td headers="label" class="gt_row gt_left">    secboost_062-122</td>
<td headers="stat_n" class="gt_row gt_center">510,434</td>
<td headers="stat_nevent" class="gt_row gt_center">198</td>
<td headers="estimate" class="gt_row gt_center">0.38 (0.33 to 0.44)</td>
<td headers="p.value" class="gt_row gt_center" style="font-weight: bold;"><0.001</td></tr>
    <tr><td headers="label" class="gt_row gt_left">    secboost_123-183</td>
<td headers="stat_n" class="gt_row gt_center">162,705</td>
<td headers="stat_nevent" class="gt_row gt_center">60</td>
<td headers="estimate" class="gt_row gt_center">0.55 (0.42 to 0.72)</td>
<td headers="p.value" class="gt_row gt_center" style="font-weight: bold;"><0.001</td></tr>
    <tr><td headers="label" class="gt_row gt_left" style="font-weight: bold;">AgeGr</td>
<td headers="stat_n" class="gt_row gt_center"></td>
<td headers="stat_nevent" class="gt_row gt_center"></td>
<td headers="estimate" class="gt_row gt_center"></td>
<td headers="p.value" class="gt_row gt_center"></td></tr>
    <tr><td headers="label" class="gt_row gt_left">    _40-44</td>
<td headers="stat_n" class="gt_row gt_center">3,744,826</td>
<td headers="stat_nevent" class="gt_row gt_center">109</td>
<td headers="estimate" class="gt_row gt_center">—</td>
<td headers="p.value" class="gt_row gt_center"></td></tr>
    <tr><td headers="label" class="gt_row gt_left">    0-11</td>
<td headers="stat_n" class="gt_row gt_center">2,641,175</td>
<td headers="stat_nevent" class="gt_row gt_center">436</td>
<td headers="estimate" class="gt_row gt_center">1.71 (1.38 to 2.11)</td>
<td headers="p.value" class="gt_row gt_center" style="font-weight: bold;"><0.001</td></tr>
    <tr><td headers="label" class="gt_row gt_left">    12-15</td>
<td headers="stat_n" class="gt_row gt_center">1,790,847</td>
<td headers="stat_nevent" class="gt_row gt_center">24</td>
<td headers="estimate" class="gt_row gt_center">0.36 (0.23 to 0.57)</td>
<td headers="p.value" class="gt_row gt_center" style="font-weight: bold;"><0.001</td></tr>
    <tr><td headers="label" class="gt_row gt_left">    16-17</td>
<td headers="stat_n" class="gt_row gt_center">897,689</td>
<td headers="stat_nevent" class="gt_row gt_center">13</td>
<td headers="estimate" class="gt_row gt_center">0.48 (0.27 to 0.85)</td>
<td headers="p.value" class="gt_row gt_center" style="font-weight: bold;">0.012</td></tr>
    <tr><td headers="label" class="gt_row gt_left">    18-24</td>
<td headers="stat_n" class="gt_row gt_center">2,961,682</td>
<td headers="stat_nevent" class="gt_row gt_center">43</td>
<td headers="estimate" class="gt_row gt_center">0.46 (0.32 to 0.66)</td>
<td headers="p.value" class="gt_row gt_center" style="font-weight: bold;"><0.001</td></tr>
    <tr><td headers="label" class="gt_row gt_left">    25-29</td>
<td headers="stat_n" class="gt_row gt_center">2,388,441</td>
<td headers="stat_nevent" class="gt_row gt_center">54</td>
<td headers="estimate" class="gt_row gt_center">0.67 (0.48 to 0.93)</td>
<td headers="p.value" class="gt_row gt_center" style="font-weight: bold;">0.016</td></tr>
    <tr><td headers="label" class="gt_row gt_left">    30-34</td>
<td headers="stat_n" class="gt_row gt_center">2,899,274</td>
<td headers="stat_nevent" class="gt_row gt_center">86</td>
<td headers="estimate" class="gt_row gt_center">0.90 (0.68 to 1.20)</td>
<td headers="p.value" class="gt_row gt_center">0.47</td></tr>
    <tr><td headers="label" class="gt_row gt_left">    35-39</td>
<td headers="stat_n" class="gt_row gt_center">3,097,949</td>
<td headers="stat_nevent" class="gt_row gt_center">75</td>
<td headers="estimate" class="gt_row gt_center">0.77 (0.58 to 1.04)</td>
<td headers="p.value" class="gt_row gt_center">0.089</td></tr>
    <tr><td headers="label" class="gt_row gt_left">    45-49</td>
<td headers="stat_n" class="gt_row gt_center">4,136,652</td>
<td headers="stat_nevent" class="gt_row gt_center">149</td>
<td headers="estimate" class="gt_row gt_center">1.28 (1.00 to 1.65)</td>
<td headers="p.value" class="gt_row gt_center" style="font-weight: bold;">0.047</td></tr>
    <tr><td headers="label" class="gt_row gt_left">    50-54</td>
<td headers="stat_n" class="gt_row gt_center">3,180,673</td>
<td headers="stat_nevent" class="gt_row gt_center">169</td>
<td headers="estimate" class="gt_row gt_center">1.85 (1.46 to 2.36)</td>
<td headers="p.value" class="gt_row gt_center" style="font-weight: bold;"><0.001</td></tr>
    <tr><td headers="label" class="gt_row gt_left">    55-59</td>
<td headers="stat_n" class="gt_row gt_center">2,987,071</td>
<td headers="stat_nevent" class="gt_row gt_center">252</td>
<td headers="estimate" class="gt_row gt_center">2.83 (2.26 to 3.55)</td>
<td headers="p.value" class="gt_row gt_center" style="font-weight: bold;"><0.001</td></tr>
    <tr><td headers="label" class="gt_row gt_left">    60-64</td>
<td headers="stat_n" class="gt_row gt_center">2,589,959</td>
<td headers="stat_nevent" class="gt_row gt_center">423</td>
<td headers="estimate" class="gt_row gt_center">5.23 (4.24 to 6.46)</td>
<td headers="p.value" class="gt_row gt_center" style="font-weight: bold;"><0.001</td></tr>
    <tr><td headers="label" class="gt_row gt_left">    65-69</td>
<td headers="stat_n" class="gt_row gt_center">2,804,146</td>
<td headers="stat_nevent" class="gt_row gt_center">887</td>
<td headers="estimate" class="gt_row gt_center">9.76 (7.99 to 11.9)</td>
<td headers="p.value" class="gt_row gt_center" style="font-weight: bold;"><0.001</td></tr>
    <tr><td headers="label" class="gt_row gt_left">    70-74</td>
<td headers="stat_n" class="gt_row gt_center">2,656,230</td>
<td headers="stat_nevent" class="gt_row gt_center">1564</td>
<td headers="estimate" class="gt_row gt_center">18.7 (15.4 to 22.8)</td>
<td headers="p.value" class="gt_row gt_center" style="font-weight: bold;"><0.001</td></tr>
    <tr><td headers="label" class="gt_row gt_left">    75-79</td>
<td headers="stat_n" class="gt_row gt_center">1,969,954</td>
<td headers="stat_nevent" class="gt_row gt_center">2114</td>
<td headers="estimate" class="gt_row gt_center">36.2 (29.8 to 43.9)</td>
<td headers="p.value" class="gt_row gt_center" style="font-weight: bold;"><0.001</td></tr>
    <tr><td headers="label" class="gt_row gt_left">    80+</td>
<td headers="stat_n" class="gt_row gt_center">1,915,263</td>
<td headers="stat_nevent" class="gt_row gt_center">4566</td>
<td headers="estimate" class="gt_row gt_center">73.4 (60.6 to 88.9)</td>
<td headers="p.value" class="gt_row gt_center" style="font-weight: bold;"><0.001</td></tr>
    <tr><td headers="label" class="gt_row gt_left" style="font-weight: bold;">Sex</td>
<td headers="stat_n" class="gt_row gt_center"></td>
<td headers="stat_nevent" class="gt_row gt_center"></td>
<td headers="estimate" class="gt_row gt_center"></td>
<td headers="p.value" class="gt_row gt_center"></td></tr>
    <tr><td headers="label" class="gt_row gt_left">    F</td>
<td headers="stat_n" class="gt_row gt_center">21,857,881</td>
<td headers="stat_nevent" class="gt_row gt_center">5515</td>
<td headers="estimate" class="gt_row gt_center">—</td>
<td headers="p.value" class="gt_row gt_center"></td></tr>
    <tr><td headers="label" class="gt_row gt_left">    M</td>
<td headers="stat_n" class="gt_row gt_center">20,803,950</td>
<td headers="stat_nevent" class="gt_row gt_center">5449</td>
<td headers="estimate" class="gt_row gt_center">1.50 (1.44 to 1.56)</td>
<td headers="p.value" class="gt_row gt_center" style="font-weight: bold;"><0.001</td></tr>
  </tbody>
  
  <tfoot class="gt_footnotes">
    <tr>
      <td class="gt_footnote" colspan="5"><sup class="gt_footnote_marks">1</sup> HR = Hazard Ratio, CI = Confidence Interval</td>
    </tr>
  </tfoot>
</table>
</div>
null device 
          1 
