<div id="qkfcdmyuts" style="padding-left:0px;padding-right:0px;padding-top:10px;padding-bottom:10px;overflow-x:auto;overflow-y:auto;width:auto;height:auto;">
  <style>html {
  font-family: -apple-system, BlinkMacSystemFont, 'Segoe UI', Roboto, Oxygen, Ubuntu, Cantarell, 'Helvetica Neue', 'Fira Sans', 'Droid Sans', Arial, sans-serif;
}

#qkfcdmyuts .gt_table {
  display: table;
  border-collapse: collapse;
  margin-left: auto;
  margin-right: auto;
  color: #333333;
  font-size: 16px;
  font-weight: normal;
  font-style: normal;
  background-color: #FFFFFF;
  width: auto;
  border-top-style: solid;
  border-top-width: 2px;
  border-top-color: #A8A8A8;
  border-right-style: none;
  border-right-width: 2px;
  border-right-color: #D3D3D3;
  border-bottom-style: solid;
  border-bottom-width: 2px;
  border-bottom-color: #A8A8A8;
  border-left-style: none;
  border-left-width: 2px;
  border-left-color: #D3D3D3;
}

#qkfcdmyuts .gt_heading {
  background-color: #FFFFFF;
  text-align: center;
  border-bottom-color: #FFFFFF;
  border-left-style: none;
  border-left-width: 1px;
  border-left-color: #D3D3D3;
  border-right-style: none;
  border-right-width: 1px;
  border-right-color: #D3D3D3;
}

#qkfcdmyuts .gt_caption {
  padding-top: 4px;
  padding-bottom: 4px;
}

#qkfcdmyuts .gt_title {
  color: #333333;
  font-size: 125%;
  font-weight: initial;
  padding-top: 4px;
  padding-bottom: 4px;
  padding-left: 5px;
  padding-right: 5px;
  border-bottom-color: #FFFFFF;
  border-bottom-width: 0;
}

#qkfcdmyuts .gt_subtitle {
  color: #333333;
  font-size: 85%;
  font-weight: initial;
  padding-top: 0;
  padding-bottom: 6px;
  padding-left: 5px;
  padding-right: 5px;
  border-top-color: #FFFFFF;
  border-top-width: 0;
}

#qkfcdmyuts .gt_bottom_border {
  border-bottom-style: solid;
  border-bottom-width: 2px;
  border-bottom-color: #D3D3D3;
}

#qkfcdmyuts .gt_col_headings {
  border-top-style: solid;
  border-top-width: 2px;
  border-top-color: #D3D3D3;
  border-bottom-style: solid;
  border-bottom-width: 2px;
  border-bottom-color: #D3D3D3;
  border-left-style: none;
  border-left-width: 1px;
  border-left-color: #D3D3D3;
  border-right-style: none;
  border-right-width: 1px;
  border-right-color: #D3D3D3;
}

#qkfcdmyuts .gt_col_heading {
  color: #333333;
  background-color: #FFFFFF;
  font-size: 100%;
  font-weight: normal;
  text-transform: inherit;
  border-left-style: none;
  border-left-width: 1px;
  border-left-color: #D3D3D3;
  border-right-style: none;
  border-right-width: 1px;
  border-right-color: #D3D3D3;
  vertical-align: bottom;
  padding-top: 5px;
  padding-bottom: 6px;
  padding-left: 5px;
  padding-right: 5px;
  overflow-x: hidden;
}

#qkfcdmyuts .gt_column_spanner_outer {
  color: #333333;
  background-color: #FFFFFF;
  font-size: 100%;
  font-weight: normal;
  text-transform: inherit;
  padding-top: 0;
  padding-bottom: 0;
  padding-left: 4px;
  padding-right: 4px;
}

#qkfcdmyuts .gt_column_spanner_outer:first-child {
  padding-left: 0;
}

#qkfcdmyuts .gt_column_spanner_outer:last-child {
  padding-right: 0;
}

#qkfcdmyuts .gt_column_spanner {
  border-bottom-style: solid;
  border-bottom-width: 2px;
  border-bottom-color: #D3D3D3;
  vertical-align: bottom;
  padding-top: 5px;
  padding-bottom: 5px;
  overflow-x: hidden;
  display: inline-block;
  width: 100%;
}

#qkfcdmyuts .gt_group_heading {
  padding-top: 8px;
  padding-bottom: 8px;
  padding-left: 5px;
  padding-right: 5px;
  color: #333333;
  background-color: #FFFFFF;
  font-size: 100%;
  font-weight: initial;
  text-transform: inherit;
  border-top-style: solid;
  border-top-width: 2px;
  border-top-color: #D3D3D3;
  border-bottom-style: solid;
  border-bottom-width: 2px;
  border-bottom-color: #D3D3D3;
  border-left-style: none;
  border-left-width: 1px;
  border-left-color: #D3D3D3;
  border-right-style: none;
  border-right-width: 1px;
  border-right-color: #D3D3D3;
  vertical-align: middle;
  text-align: left;
}

#qkfcdmyuts .gt_empty_group_heading {
  padding: 0.5px;
  color: #333333;
  background-color: #FFFFFF;
  font-size: 100%;
  font-weight: initial;
  border-top-style: solid;
  border-top-width: 2px;
  border-top-color: #D3D3D3;
  border-bottom-style: solid;
  border-bottom-width: 2px;
  border-bottom-color: #D3D3D3;
  vertical-align: middle;
}

#qkfcdmyuts .gt_from_md > :first-child {
  margin-top: 0;
}

#qkfcdmyuts .gt_from_md > :last-child {
  margin-bottom: 0;
}

#qkfcdmyuts .gt_row {
  padding-top: 8px;
  padding-bottom: 8px;
  padding-left: 5px;
  padding-right: 5px;
  margin: 10px;
  border-top-style: solid;
  border-top-width: 1px;
  border-top-color: #D3D3D3;
  border-left-style: none;
  border-left-width: 1px;
  border-left-color: #D3D3D3;
  border-right-style: none;
  border-right-width: 1px;
  border-right-color: #D3D3D3;
  vertical-align: middle;
  overflow-x: hidden;
}

#qkfcdmyuts .gt_stub {
  color: #333333;
  background-color: #FFFFFF;
  font-size: 100%;
  font-weight: initial;
  text-transform: inherit;
  border-right-style: solid;
  border-right-width: 2px;
  border-right-color: #D3D3D3;
  padding-left: 5px;
  padding-right: 5px;
}

#qkfcdmyuts .gt_stub_row_group {
  color: #333333;
  background-color: #FFFFFF;
  font-size: 100%;
  font-weight: initial;
  text-transform: inherit;
  border-right-style: solid;
  border-right-width: 2px;
  border-right-color: #D3D3D3;
  padding-left: 5px;
  padding-right: 5px;
  vertical-align: top;
}

#qkfcdmyuts .gt_row_group_first td {
  border-top-width: 2px;
}

#qkfcdmyuts .gt_summary_row {
  color: #333333;
  background-color: #FFFFFF;
  text-transform: inherit;
  padding-top: 8px;
  padding-bottom: 8px;
  padding-left: 5px;
  padding-right: 5px;
}

#qkfcdmyuts .gt_first_summary_row {
  border-top-style: solid;
  border-top-color: #D3D3D3;
}

#qkfcdmyuts .gt_first_summary_row.thick {
  border-top-width: 2px;
}

#qkfcdmyuts .gt_last_summary_row {
  padding-top: 8px;
  padding-bottom: 8px;
  padding-left: 5px;
  padding-right: 5px;
  border-bottom-style: solid;
  border-bottom-width: 2px;
  border-bottom-color: #D3D3D3;
}

#qkfcdmyuts .gt_grand_summary_row {
  color: #333333;
  background-color: #FFFFFF;
  text-transform: inherit;
  padding-top: 8px;
  padding-bottom: 8px;
  padding-left: 5px;
  padding-right: 5px;
}

#qkfcdmyuts .gt_first_grand_summary_row {
  padding-top: 8px;
  padding-bottom: 8px;
  padding-left: 5px;
  padding-right: 5px;
  border-top-style: double;
  border-top-width: 6px;
  border-top-color: #D3D3D3;
}

#qkfcdmyuts .gt_striped {
  background-color: rgba(128, 128, 128, 0.05);
}

#qkfcdmyuts .gt_table_body {
  border-top-style: solid;
  border-top-width: 2px;
  border-top-color: #D3D3D3;
  border-bottom-style: solid;
  border-bottom-width: 2px;
  border-bottom-color: #D3D3D3;
}

#qkfcdmyuts .gt_footnotes {
  color: #333333;
  background-color: #FFFFFF;
  border-bottom-style: none;
  border-bottom-width: 2px;
  border-bottom-color: #D3D3D3;
  border-left-style: none;
  border-left-width: 2px;
  border-left-color: #D3D3D3;
  border-right-style: none;
  border-right-width: 2px;
  border-right-color: #D3D3D3;
}

#qkfcdmyuts .gt_footnote {
  margin: 0px;
  font-size: 90%;
  padding-left: 4px;
  padding-right: 4px;
  padding-left: 5px;
  padding-right: 5px;
}

#qkfcdmyuts .gt_sourcenotes {
  color: #333333;
  background-color: #FFFFFF;
  border-bottom-style: none;
  border-bottom-width: 2px;
  border-bottom-color: #D3D3D3;
  border-left-style: none;
  border-left-width: 2px;
  border-left-color: #D3D3D3;
  border-right-style: none;
  border-right-width: 2px;
  border-right-color: #D3D3D3;
}

#qkfcdmyuts .gt_sourcenote {
  font-size: 90%;
  padding-top: 4px;
  padding-bottom: 4px;
  padding-left: 5px;
  padding-right: 5px;
}

#qkfcdmyuts .gt_left {
  text-align: left;
}

#qkfcdmyuts .gt_center {
  text-align: center;
}

#qkfcdmyuts .gt_right {
  text-align: right;
  font-variant-numeric: tabular-nums;
}

#qkfcdmyuts .gt_font_normal {
  font-weight: normal;
}

#qkfcdmyuts .gt_font_bold {
  font-weight: bold;
}

#qkfcdmyuts .gt_font_italic {
  font-style: italic;
}

#qkfcdmyuts .gt_super {
  font-size: 65%;
}

#qkfcdmyuts .gt_footnote_marks {
  font-style: italic;
  font-weight: normal;
  font-size: 75%;
  vertical-align: 0.4em;
}

#qkfcdmyuts .gt_asterisk {
  font-size: 100%;
  vertical-align: 0;
}

#qkfcdmyuts .gt_indent_1 {
  text-indent: 5px;
}

#qkfcdmyuts .gt_indent_2 {
  text-indent: 10px;
}

#qkfcdmyuts .gt_indent_3 {
  text-indent: 15px;
}

#qkfcdmyuts .gt_indent_4 {
  text-indent: 20px;
}

#qkfcdmyuts .gt_indent_5 {
  text-indent: 25px;
}
</style>
  <table class="gt_table">
  
  <thead class="gt_col_headings">
    <tr>
      <th class="gt_col_heading gt_columns_bottom_border gt_left" rowspan="1" colspan="1" scope="col" id="&lt;strong&gt;Characteristic&lt;/strong&gt;"><strong>Characteristic</strong></th>
      <th class="gt_col_heading gt_columns_bottom_border gt_center" rowspan="1" colspan="1" scope="col" id="&lt;strong&gt;N = 1,176,493&lt;/strong&gt;&lt;sup class=&quot;gt_footnote_marks&quot;&gt;1&lt;/sup&gt;"><strong>N = 1,176,493</strong><sup class="gt_footnote_marks">1</sup></th>
    </tr>
  </thead>
  <tbody class="gt_table_body">
    <tr><td headers="label" class="gt_row gt_left" style="font-weight: bold;">LongCovid</td>
<td headers="stat_0" class="gt_row gt_center">15,587 (1.3%)</td></tr>
    <tr><td headers="label" class="gt_row gt_left" style="font-weight: bold;">Immunity</td>
<td headers="stat_0" class="gt_row gt_center"></td></tr>
    <tr><td headers="label" class="gt_row gt_left">    _noimmunity</td>
<td headers="stat_0" class="gt_row gt_center">253,202 (22%)</td></tr>
    <tr><td headers="label" class="gt_row gt_left">    _other</td>
<td headers="stat_0" class="gt_row gt_center">13,320 (1.1%)</td></tr>
    <tr><td headers="label" class="gt_row gt_left">    boost_001-061</td>
<td headers="stat_0" class="gt_row gt_center">126,737 (11%)</td></tr>
    <tr><td headers="label" class="gt_row gt_left">    boost_062-122</td>
<td headers="stat_0" class="gt_row gt_center">121,903 (10%)</td></tr>
    <tr><td headers="label" class="gt_row gt_left">    boost_123-183</td>
<td headers="stat_0" class="gt_row gt_center">41,718 (3.5%)</td></tr>
    <tr><td headers="label" class="gt_row gt_left">    boost_184-244</td>
<td headers="stat_0" class="gt_row gt_center">48,291 (4.1%)</td></tr>
    <tr><td headers="label" class="gt_row gt_left">    boost_245-305</td>
<td headers="stat_0" class="gt_row gt_center">38,005 (3.2%)</td></tr>
    <tr><td headers="label" class="gt_row gt_left">    boost_306-366</td>
<td headers="stat_0" class="gt_row gt_center">4,909 (0.4%)</td></tr>
    <tr><td headers="label" class="gt_row gt_left">    full_001-061</td>
<td headers="stat_0" class="gt_row gt_center">23,079 (2.0%)</td></tr>
    <tr><td headers="label" class="gt_row gt_left">    full_062-122</td>
<td headers="stat_0" class="gt_row gt_center">28,503 (2.4%)</td></tr>
    <tr><td headers="label" class="gt_row gt_left">    full_123-183</td>
<td headers="stat_0" class="gt_row gt_center">85,332 (7.3%)</td></tr>
    <tr><td headers="label" class="gt_row gt_left">    full_184-244</td>
<td headers="stat_0" class="gt_row gt_center">118,129 (10%)</td></tr>
    <tr><td headers="label" class="gt_row gt_left">    full_245-305</td>
<td headers="stat_0" class="gt_row gt_center">31,911 (2.7%)</td></tr>
    <tr><td headers="label" class="gt_row gt_left">    full_306-366</td>
<td headers="stat_0" class="gt_row gt_center">14,088 (1.2%)</td></tr>
    <tr><td headers="label" class="gt_row gt_left">    full_367-427</td>
<td headers="stat_0" class="gt_row gt_center">11,161 (0.9%)</td></tr>
    <tr><td headers="label" class="gt_row gt_left">    full_428-488</td>
<td headers="stat_0" class="gt_row gt_center">3,053 (0.3%)</td></tr>
    <tr><td headers="label" class="gt_row gt_left">    full_489-549</td>
<td headers="stat_0" class="gt_row gt_center">652 (&lt;0.1%)</td></tr>
    <tr><td headers="label" class="gt_row gt_left">    hybridboost_001-061</td>
<td headers="stat_0" class="gt_row gt_center">17,027 (1.4%)</td></tr>
    <tr><td headers="label" class="gt_row gt_left">    hybridboost_062-122</td>
<td headers="stat_0" class="gt_row gt_center">13,256 (1.1%)</td></tr>
    <tr><td headers="label" class="gt_row gt_left">    hybridboost_123-183</td>
<td headers="stat_0" class="gt_row gt_center">6,418 (0.5%)</td></tr>
    <tr><td headers="label" class="gt_row gt_left">    hybridboost_184-244</td>
<td headers="stat_0" class="gt_row gt_center">10,842 (0.9%)</td></tr>
    <tr><td headers="label" class="gt_row gt_left">    hybridboost_245-305</td>
<td headers="stat_0" class="gt_row gt_center">5,312 (0.5%)</td></tr>
    <tr><td headers="label" class="gt_row gt_left">    hybridboost_306-366</td>
<td headers="stat_0" class="gt_row gt_center">415 (&lt;0.1%)</td></tr>
    <tr><td headers="label" class="gt_row gt_left">    hybridfull_001-061</td>
<td headers="stat_0" class="gt_row gt_center">3,393 (0.3%)</td></tr>
    <tr><td headers="label" class="gt_row gt_left">    hybridfull_062-122</td>
<td headers="stat_0" class="gt_row gt_center">10,710 (0.9%)</td></tr>
    <tr><td headers="label" class="gt_row gt_left">    hybridfull_123-183</td>
<td headers="stat_0" class="gt_row gt_center">19,823 (1.7%)</td></tr>
    <tr><td headers="label" class="gt_row gt_left">    hybridfull_184-244</td>
<td headers="stat_0" class="gt_row gt_center">25,882 (2.2%)</td></tr>
    <tr><td headers="label" class="gt_row gt_left">    hybridfull_245-305</td>
<td headers="stat_0" class="gt_row gt_center">10,386 (0.9%)</td></tr>
    <tr><td headers="label" class="gt_row gt_left">    hybridfull_306-366</td>
<td headers="stat_0" class="gt_row gt_center">4,448 (0.4%)</td></tr>
    <tr><td headers="label" class="gt_row gt_left">    hybridfull_367-427</td>
<td headers="stat_0" class="gt_row gt_center">2,813 (0.2%)</td></tr>
    <tr><td headers="label" class="gt_row gt_left">    hybridfull_428-488</td>
<td headers="stat_0" class="gt_row gt_center">749 (&lt;0.1%)</td></tr>
    <tr><td headers="label" class="gt_row gt_left">    hybridfull_489-549</td>
<td headers="stat_0" class="gt_row gt_center">141 (&lt;0.1%)</td></tr>
    <tr><td headers="label" class="gt_row gt_left">    inf_062-122</td>
<td headers="stat_0" class="gt_row gt_center">10,435 (0.9%)</td></tr>
    <tr><td headers="label" class="gt_row gt_left">    inf_123-183</td>
<td headers="stat_0" class="gt_row gt_center">7,152 (0.6%)</td></tr>
    <tr><td headers="label" class="gt_row gt_left">    inf_184-244</td>
<td headers="stat_0" class="gt_row gt_center">7,406 (0.6%)</td></tr>
    <tr><td headers="label" class="gt_row gt_left">    inf_245-305</td>
<td headers="stat_0" class="gt_row gt_center">6,841 (0.6%)</td></tr>
    <tr><td headers="label" class="gt_row gt_left">    inf_306-366</td>
<td headers="stat_0" class="gt_row gt_center">13,880 (1.2%)</td></tr>
    <tr><td headers="label" class="gt_row gt_left">    inf_367-427</td>
<td headers="stat_0" class="gt_row gt_center">14,166 (1.2%)</td></tr>
    <tr><td headers="label" class="gt_row gt_left">    inf_428-488</td>
<td headers="stat_0" class="gt_row gt_center">13,251 (1.1%)</td></tr>
    <tr><td headers="label" class="gt_row gt_left">    inf_489-549</td>
<td headers="stat_0" class="gt_row gt_center">5,942 (0.5%)</td></tr>
    <tr><td headers="label" class="gt_row gt_left">    secboost_001-061</td>
<td headers="stat_0" class="gt_row gt_center">1,764 (0.1%)</td></tr>
    <tr><td headers="label" class="gt_row gt_left">    secboost_062-122</td>
<td headers="stat_0" class="gt_row gt_center">48 (&lt;0.1%)</td></tr>
    <tr><td headers="label" class="gt_row gt_left" style="font-weight: bold;">DCCI</td>
<td headers="stat_0" class="gt_row gt_center"></td></tr>
    <tr><td headers="label" class="gt_row gt_left">    0</td>
<td headers="stat_0" class="gt_row gt_center">648,332 (55%)</td></tr>
    <tr><td headers="label" class="gt_row gt_left">    1</td>
<td headers="stat_0" class="gt_row gt_center">282,607 (24%)</td></tr>
    <tr><td headers="label" class="gt_row gt_left">    2</td>
<td headers="stat_0" class="gt_row gt_center">118,879 (10%)</td></tr>
    <tr><td headers="label" class="gt_row gt_left">    3</td>
<td headers="stat_0" class="gt_row gt_center">57,730 (4.9%)</td></tr>
    <tr><td headers="label" class="gt_row gt_left">    4</td>
<td headers="stat_0" class="gt_row gt_center">29,690 (2.5%)</td></tr>
    <tr><td headers="label" class="gt_row gt_left">    5</td>
<td headers="stat_0" class="gt_row gt_center">15,810 (1.3%)</td></tr>
    <tr><td headers="label" class="gt_row gt_left">    6+</td>
<td headers="stat_0" class="gt_row gt_center">23,445 (2.0%)</td></tr>
    <tr><td headers="label" class="gt_row gt_left" style="font-weight: bold;">Sex</td>
<td headers="stat_0" class="gt_row gt_center"></td></tr>
    <tr><td headers="label" class="gt_row gt_left">    F</td>
<td headers="stat_0" class="gt_row gt_center">649,835 (55%)</td></tr>
    <tr><td headers="label" class="gt_row gt_left">    M</td>
<td headers="stat_0" class="gt_row gt_center">526,658 (45%)</td></tr>
  </tbody>
  
  <tfoot class="gt_footnotes">
    <tr>
      <td class="gt_footnote" colspan="2"><sup class="gt_footnote_marks">1</sup> n (%)</td>
    </tr>
  </tfoot>
</table>
</div>
 [1] "(Intercept)"                 "Immunity_other"             
 [3] "Immunityboost_001-061"       "Immunityboost_062-122"      
 [5] "Immunityboost_123-183"       "Immunityboost_184-244"      
 [7] "Immunityboost_245-305"       "Immunityboost_306-366"      
 [9] "Immunityfull_001-061"        "Immunityfull_062-122"       
[11] "Immunityfull_123-183"        "Immunityfull_184-244"       
[13] "Immunityfull_245-305"        "Immunityfull_306-366"       
[15] "Immunityfull_367-427"        "Immunityfull_428-488"       
[17] "Immunityfull_489-549"        "Immunityhybridboost_001-061"
[19] "Immunityhybridboost_062-122" "Immunityhybridboost_123-183"
[21] "Immunityhybridboost_184-244" "Immunityhybridboost_245-305"
[23] "Immunityhybridboost_306-366" "Immunityhybridfull_001-061" 
[25] "Immunityhybridfull_062-122"  "Immunityhybridfull_123-183" 
[27] "Immunityhybridfull_184-244"  "Immunityhybridfull_245-305" 
[29] "Immunityhybridfull_306-366"  "Immunityhybridfull_367-427" 
[31] "Immunityhybridfull_428-488"  "Immunityhybridfull_489-549" 
[33] "Immunityinf_062-122"         "Immunityinf_123-183"        
[35] "Immunityinf_184-244"         "Immunityinf_245-305"        
[37] "Immunityinf_306-366"         "Immunityinf_367-427"        
[39] "Immunityinf_428-488"         "Immunityinf_489-549"        
[41] "Immunitysecboost_001-061"    "Immunitysecboost_062-122"   
[43] "DCCI1"                       "DCCI2"                      
[45] "DCCI3"                       "DCCI4"                      
[47] "DCCI5"                       "DCCI6+"                     
[49] "AgeGr18-24"                  "AgeGr25-29"                 
[51] "AgeGr30-34"                  "AgeGr35-39"                 
[53] "AgeGr45-49"                  "AgeGr50-54"                 
[55] "AgeGr55-59"                  "AgeGr60-64"                 
[57] "AgeGr65-69"                  "AgeGr70-74"                 
[59] "AgeGr75-79"                  "AgeGr80+"                   
[61] "SexM"                       
