<div id="rdbjzbkyvn" style="padding-left:0px;padding-right:0px;padding-top:10px;padding-bottom:10px;overflow-x:auto;overflow-y:auto;width:auto;height:auto;">
  <style>html {
  font-family: -apple-system, BlinkMacSystemFont, 'Segoe UI', Roboto, Oxygen, Ubuntu, Cantarell, 'Helvetica Neue', 'Fira Sans', 'Droid Sans', Arial, sans-serif;
}

#rdbjzbkyvn .gt_table {
  display: table;
  border-collapse: collapse;
  margin-left: auto;
  margin-right: auto;
  color: #333333;
  font-size: 16px;
  font-weight: normal;
  font-style: normal;
  background-color: #FFFFFF;
  width: auto;
  border-top-style: solid;
  border-top-width: 2px;
  border-top-color: #A8A8A8;
  border-right-style: none;
  border-right-width: 2px;
  border-right-color: #D3D3D3;
  border-bottom-style: solid;
  border-bottom-width: 2px;
  border-bottom-color: #A8A8A8;
  border-left-style: none;
  border-left-width: 2px;
  border-left-color: #D3D3D3;
}

#rdbjzbkyvn .gt_heading {
  background-color: #FFFFFF;
  text-align: center;
  border-bottom-color: #FFFFFF;
  border-left-style: none;
  border-left-width: 1px;
  border-left-color: #D3D3D3;
  border-right-style: none;
  border-right-width: 1px;
  border-right-color: #D3D3D3;
}

#rdbjzbkyvn .gt_caption {
  padding-top: 4px;
  padding-bottom: 4px;
}

#rdbjzbkyvn .gt_title {
  color: #333333;
  font-size: 125%;
  font-weight: initial;
  padding-top: 4px;
  padding-bottom: 4px;
  padding-left: 5px;
  padding-right: 5px;
  border-bottom-color: #FFFFFF;
  border-bottom-width: 0;
}

#rdbjzbkyvn .gt_subtitle {
  color: #333333;
  font-size: 85%;
  font-weight: initial;
  padding-top: 0;
  padding-bottom: 6px;
  padding-left: 5px;
  padding-right: 5px;
  border-top-color: #FFFFFF;
  border-top-width: 0;
}

#rdbjzbkyvn .gt_bottom_border {
  border-bottom-style: solid;
  border-bottom-width: 2px;
  border-bottom-color: #D3D3D3;
}

#rdbjzbkyvn .gt_col_headings {
  border-top-style: solid;
  border-top-width: 2px;
  border-top-color: #D3D3D3;
  border-bottom-style: solid;
  border-bottom-width: 2px;
  border-bottom-color: #D3D3D3;
  border-left-style: none;
  border-left-width: 1px;
  border-left-color: #D3D3D3;
  border-right-style: none;
  border-right-width: 1px;
  border-right-color: #D3D3D3;
}

#rdbjzbkyvn .gt_col_heading {
  color: #333333;
  background-color: #FFFFFF;
  font-size: 100%;
  font-weight: normal;
  text-transform: inherit;
  border-left-style: none;
  border-left-width: 1px;
  border-left-color: #D3D3D3;
  border-right-style: none;
  border-right-width: 1px;
  border-right-color: #D3D3D3;
  vertical-align: bottom;
  padding-top: 5px;
  padding-bottom: 6px;
  padding-left: 5px;
  padding-right: 5px;
  overflow-x: hidden;
}

#rdbjzbkyvn .gt_column_spanner_outer {
  color: #333333;
  background-color: #FFFFFF;
  font-size: 100%;
  font-weight: normal;
  text-transform: inherit;
  padding-top: 0;
  padding-bottom: 0;
  padding-left: 4px;
  padding-right: 4px;
}

#rdbjzbkyvn .gt_column_spanner_outer:first-child {
  padding-left: 0;
}

#rdbjzbkyvn .gt_column_spanner_outer:last-child {
  padding-right: 0;
}

#rdbjzbkyvn .gt_column_spanner {
  border-bottom-style: solid;
  border-bottom-width: 2px;
  border-bottom-color: #D3D3D3;
  vertical-align: bottom;
  padding-top: 5px;
  padding-bottom: 5px;
  overflow-x: hidden;
  display: inline-block;
  width: 100%;
}

#rdbjzbkyvn .gt_group_heading {
  padding-top: 8px;
  padding-bottom: 8px;
  padding-left: 5px;
  padding-right: 5px;
  color: #333333;
  background-color: #FFFFFF;
  font-size: 100%;
  font-weight: initial;
  text-transform: inherit;
  border-top-style: solid;
  border-top-width: 2px;
  border-top-color: #D3D3D3;
  border-bottom-style: solid;
  border-bottom-width: 2px;
  border-bottom-color: #D3D3D3;
  border-left-style: none;
  border-left-width: 1px;
  border-left-color: #D3D3D3;
  border-right-style: none;
  border-right-width: 1px;
  border-right-color: #D3D3D3;
  vertical-align: middle;
  text-align: left;
}

#rdbjzbkyvn .gt_empty_group_heading {
  padding: 0.5px;
  color: #333333;
  background-color: #FFFFFF;
  font-size: 100%;
  font-weight: initial;
  border-top-style: solid;
  border-top-width: 2px;
  border-top-color: #D3D3D3;
  border-bottom-style: solid;
  border-bottom-width: 2px;
  border-bottom-color: #D3D3D3;
  vertical-align: middle;
}

#rdbjzbkyvn .gt_from_md > :first-child {
  margin-top: 0;
}

#rdbjzbkyvn .gt_from_md > :last-child {
  margin-bottom: 0;
}

#rdbjzbkyvn .gt_row {
  padding-top: 8px;
  padding-bottom: 8px;
  padding-left: 5px;
  padding-right: 5px;
  margin: 10px;
  border-top-style: solid;
  border-top-width: 1px;
  border-top-color: #D3D3D3;
  border-left-style: none;
  border-left-width: 1px;
  border-left-color: #D3D3D3;
  border-right-style: none;
  border-right-width: 1px;
  border-right-color: #D3D3D3;
  vertical-align: middle;
  overflow-x: hidden;
}

#rdbjzbkyvn .gt_stub {
  color: #333333;
  background-color: #FFFFFF;
  font-size: 100%;
  font-weight: initial;
  text-transform: inherit;
  border-right-style: solid;
  border-right-width: 2px;
  border-right-color: #D3D3D3;
  padding-left: 5px;
  padding-right: 5px;
}

#rdbjzbkyvn .gt_stub_row_group {
  color: #333333;
  background-color: #FFFFFF;
  font-size: 100%;
  font-weight: initial;
  text-transform: inherit;
  border-right-style: solid;
  border-right-width: 2px;
  border-right-color: #D3D3D3;
  padding-left: 5px;
  padding-right: 5px;
  vertical-align: top;
}

#rdbjzbkyvn .gt_row_group_first td {
  border-top-width: 2px;
}

#rdbjzbkyvn .gt_summary_row {
  color: #333333;
  background-color: #FFFFFF;
  text-transform: inherit;
  padding-top: 8px;
  padding-bottom: 8px;
  padding-left: 5px;
  padding-right: 5px;
}

#rdbjzbkyvn .gt_first_summary_row {
  border-top-style: solid;
  border-top-color: #D3D3D3;
}

#rdbjzbkyvn .gt_first_summary_row.thick {
  border-top-width: 2px;
}

#rdbjzbkyvn .gt_last_summary_row {
  padding-top: 8px;
  padding-bottom: 8px;
  padding-left: 5px;
  padding-right: 5px;
  border-bottom-style: solid;
  border-bottom-width: 2px;
  border-bottom-color: #D3D3D3;
}

#rdbjzbkyvn .gt_grand_summary_row {
  color: #333333;
  background-color: #FFFFFF;
  text-transform: inherit;
  padding-top: 8px;
  padding-bottom: 8px;
  padding-left: 5px;
  padding-right: 5px;
}

#rdbjzbkyvn .gt_first_grand_summary_row {
  padding-top: 8px;
  padding-bottom: 8px;
  padding-left: 5px;
  padding-right: 5px;
  border-top-style: double;
  border-top-width: 6px;
  border-top-color: #D3D3D3;
}

#rdbjzbkyvn .gt_striped {
  background-color: rgba(128, 128, 128, 0.05);
}

#rdbjzbkyvn .gt_table_body {
  border-top-style: solid;
  border-top-width: 2px;
  border-top-color: #D3D3D3;
  border-bottom-style: solid;
  border-bottom-width: 2px;
  border-bottom-color: #D3D3D3;
}

#rdbjzbkyvn .gt_footnotes {
  color: #333333;
  background-color: #FFFFFF;
  border-bottom-style: none;
  border-bottom-width: 2px;
  border-bottom-color: #D3D3D3;
  border-left-style: none;
  border-left-width: 2px;
  border-left-color: #D3D3D3;
  border-right-style: none;
  border-right-width: 2px;
  border-right-color: #D3D3D3;
}

#rdbjzbkyvn .gt_footnote {
  margin: 0px;
  font-size: 90%;
  padding-left: 4px;
  padding-right: 4px;
  padding-left: 5px;
  padding-right: 5px;
}

#rdbjzbkyvn .gt_sourcenotes {
  color: #333333;
  background-color: #FFFFFF;
  border-bottom-style: none;
  border-bottom-width: 2px;
  border-bottom-color: #D3D3D3;
  border-left-style: none;
  border-left-width: 2px;
  border-left-color: #D3D3D3;
  border-right-style: none;
  border-right-width: 2px;
  border-right-color: #D3D3D3;
}

#rdbjzbkyvn .gt_sourcenote {
  font-size: 90%;
  padding-top: 4px;
  padding-bottom: 4px;
  padding-left: 5px;
  padding-right: 5px;
}

#rdbjzbkyvn .gt_left {
  text-align: left;
}

#rdbjzbkyvn .gt_center {
  text-align: center;
}

#rdbjzbkyvn .gt_right {
  text-align: right;
  font-variant-numeric: tabular-nums;
}

#rdbjzbkyvn .gt_font_normal {
  font-weight: normal;
}

#rdbjzbkyvn .gt_font_bold {
  font-weight: bold;
}

#rdbjzbkyvn .gt_font_italic {
  font-style: italic;
}

#rdbjzbkyvn .gt_super {
  font-size: 65%;
}

#rdbjzbkyvn .gt_footnote_marks {
  font-style: italic;
  font-weight: normal;
  font-size: 75%;
  vertical-align: 0.4em;
}

#rdbjzbkyvn .gt_asterisk {
  font-size: 100%;
  vertical-align: 0;
}

#rdbjzbkyvn .gt_indent_1 {
  text-indent: 5px;
}

#rdbjzbkyvn .gt_indent_2 {
  text-indent: 10px;
}

#rdbjzbkyvn .gt_indent_3 {
  text-indent: 15px;
}

#rdbjzbkyvn .gt_indent_4 {
  text-indent: 20px;
}

#rdbjzbkyvn .gt_indent_5 {
  text-indent: 25px;
}
</style>
  <table class="gt_table">
  
  <thead class="gt_col_headings">
    <tr>
      <th class="gt_col_heading gt_columns_bottom_border gt_left" rowspan="1" colspan="1" scope="col" id="&lt;strong&gt;Characteristic&lt;/strong&gt;"><strong>Characteristic</strong></th>
      <th class="gt_col_heading gt_columns_bottom_border gt_center" rowspan="1" colspan="1" scope="col" id="&lt;strong&gt;N = 1,595,824&lt;/strong&gt;&lt;sup class=&quot;gt_footnote_marks&quot;&gt;1&lt;/sup&gt;"><strong>N = 1,595,824</strong><sup class="gt_footnote_marks">1</sup></th>
    </tr>
  </thead>
  <tbody class="gt_table_body">
    <tr><td headers="label" class="gt_row gt_left" style="font-weight: bold;">Infected</td>
<td headers="stat_0" class="gt_row gt_center">2,499 (0.2%)</td></tr>
    <tr><td headers="label" class="gt_row gt_left" style="font-weight: bold;">Immunity</td>
<td headers="stat_0" class="gt_row gt_center"></td></tr>
    <tr><td headers="label" class="gt_row gt_left">    _noimmunity</td>
<td headers="stat_0" class="gt_row gt_center">32,706 (2.0%)</td></tr>
    <tr><td headers="label" class="gt_row gt_left">    _other</td>
<td headers="stat_0" class="gt_row gt_center">88,865 (5.6%)</td></tr>
    <tr><td headers="label" class="gt_row gt_left">    boost_001-061</td>
<td headers="stat_0" class="gt_row gt_center">138,010 (8.6%)</td></tr>
    <tr><td headers="label" class="gt_row gt_left">    boost_062-122</td>
<td headers="stat_0" class="gt_row gt_center">135,269 (8.5%)</td></tr>
    <tr><td headers="label" class="gt_row gt_left">    boost_123-183</td>
<td headers="stat_0" class="gt_row gt_center">130,114 (8.2%)</td></tr>
    <tr><td headers="label" class="gt_row gt_left">    boost_184-244</td>
<td headers="stat_0" class="gt_row gt_center">127,404 (8.0%)</td></tr>
    <tr><td headers="label" class="gt_row gt_left">    boost_245-305</td>
<td headers="stat_0" class="gt_row gt_center">122,383 (7.7%)</td></tr>
    <tr><td headers="label" class="gt_row gt_left">    full_001-061</td>
<td headers="stat_0" class="gt_row gt_center">5,597 (0.4%)</td></tr>
    <tr><td headers="label" class="gt_row gt_left">    full_062-122</td>
<td headers="stat_0" class="gt_row gt_center">14,343 (0.9%)</td></tr>
    <tr><td headers="label" class="gt_row gt_left">    full_123-183</td>
<td headers="stat_0" class="gt_row gt_center">93,053 (5.8%)</td></tr>
    <tr><td headers="label" class="gt_row gt_left">    full_184-244</td>
<td headers="stat_0" class="gt_row gt_center">56,311 (3.5%)</td></tr>
    <tr><td headers="label" class="gt_row gt_left">    full_245-305</td>
<td headers="stat_0" class="gt_row gt_center">23,463 (1.5%)</td></tr>
    <tr><td headers="label" class="gt_row gt_left">    full_306-366</td>
<td headers="stat_0" class="gt_row gt_center">16,590 (1.0%)</td></tr>
    <tr><td headers="label" class="gt_row gt_left">    full_367-427</td>
<td headers="stat_0" class="gt_row gt_center">15,356 (1.0%)</td></tr>
    <tr><td headers="label" class="gt_row gt_left">    full_428-488</td>
<td headers="stat_0" class="gt_row gt_center">14,951 (0.9%)</td></tr>
    <tr><td headers="label" class="gt_row gt_left">    full_489-549</td>
<td headers="stat_0" class="gt_row gt_center">14,663 (0.9%)</td></tr>
    <tr><td headers="label" class="gt_row gt_left">    hybridboost_001-061</td>
<td headers="stat_0" class="gt_row gt_center">83,993 (5.3%)</td></tr>
    <tr><td headers="label" class="gt_row gt_left">    hybridboost_062-122</td>
<td headers="stat_0" class="gt_row gt_center">81,960 (5.1%)</td></tr>
    <tr><td headers="label" class="gt_row gt_left">    hybridboost_123-183</td>
<td headers="stat_0" class="gt_row gt_center">75,957 (4.8%)</td></tr>
    <tr><td headers="label" class="gt_row gt_left">    hybridboost_184-244</td>
<td headers="stat_0" class="gt_row gt_center">65,584 (4.1%)</td></tr>
    <tr><td headers="label" class="gt_row gt_left">    hybridboost_245-305</td>
<td headers="stat_0" class="gt_row gt_center">46,015 (2.9%)</td></tr>
    <tr><td headers="label" class="gt_row gt_left">    hybridfull_001-061</td>
<td headers="stat_0" class="gt_row gt_center">18,265 (1.1%)</td></tr>
    <tr><td headers="label" class="gt_row gt_left">    hybridfull_062-122</td>
<td headers="stat_0" class="gt_row gt_center">21,881 (1.4%)</td></tr>
    <tr><td headers="label" class="gt_row gt_left">    hybridfull_123-183</td>
<td headers="stat_0" class="gt_row gt_center">30,529 (1.9%)</td></tr>
    <tr><td headers="label" class="gt_row gt_left">    hybridfull_184-244</td>
<td headers="stat_0" class="gt_row gt_center">21,233 (1.3%)</td></tr>
    <tr><td headers="label" class="gt_row gt_left">    hybridfull_245-305</td>
<td headers="stat_0" class="gt_row gt_center">16,136 (1.0%)</td></tr>
    <tr><td headers="label" class="gt_row gt_left">    hybridfull_306-366</td>
<td headers="stat_0" class="gt_row gt_center">12,809 (0.8%)</td></tr>
    <tr><td headers="label" class="gt_row gt_left">    hybridfull_367-427</td>
<td headers="stat_0" class="gt_row gt_center">9,629 (0.6%)</td></tr>
    <tr><td headers="label" class="gt_row gt_left">    hybridfull_428-488</td>
<td headers="stat_0" class="gt_row gt_center">7,079 (0.4%)</td></tr>
    <tr><td headers="label" class="gt_row gt_left">    hybridfull_489-549</td>
<td headers="stat_0" class="gt_row gt_center">5,786 (0.4%)</td></tr>
    <tr><td headers="label" class="gt_row gt_left">    inf_062-122</td>
<td headers="stat_0" class="gt_row gt_center">5,249 (0.3%)</td></tr>
    <tr><td headers="label" class="gt_row gt_left">    inf_123-183</td>
<td headers="stat_0" class="gt_row gt_center">4,991 (0.3%)</td></tr>
    <tr><td headers="label" class="gt_row gt_left">    inf_184-244</td>
<td headers="stat_0" class="gt_row gt_center">5,215 (0.3%)</td></tr>
    <tr><td headers="label" class="gt_row gt_left">    inf_245-305</td>
<td headers="stat_0" class="gt_row gt_center">6,297 (0.4%)</td></tr>
    <tr><td headers="label" class="gt_row gt_left">    inf_306-366</td>
<td headers="stat_0" class="gt_row gt_center">6,266 (0.4%)</td></tr>
    <tr><td headers="label" class="gt_row gt_left">    inf_367-427</td>
<td headers="stat_0" class="gt_row gt_center">6,327 (0.4%)</td></tr>
    <tr><td headers="label" class="gt_row gt_left">    inf_428-488</td>
<td headers="stat_0" class="gt_row gt_center">5,973 (0.4%)</td></tr>
    <tr><td headers="label" class="gt_row gt_left">    inf_489-549</td>
<td headers="stat_0" class="gt_row gt_center">5,090 (0.3%)</td></tr>
    <tr><td headers="label" class="gt_row gt_left">    secboost_001-061</td>
<td headers="stat_0" class="gt_row gt_center">24,482 (1.5%)</td></tr>
    <tr><td headers="label" class="gt_row gt_left" style="font-weight: bold;">Sex</td>
<td headers="stat_0" class="gt_row gt_center"></td></tr>
    <tr><td headers="label" class="gt_row gt_left">    F</td>
<td headers="stat_0" class="gt_row gt_center">914,148 (57%)</td></tr>
    <tr><td headers="label" class="gt_row gt_left">    M</td>
<td headers="stat_0" class="gt_row gt_center">681,676 (43%)</td></tr>
  </tbody>
  
  <tfoot class="gt_footnotes">
    <tr>
      <td class="gt_footnote" colspan="2"><sup class="gt_footnote_marks">1</sup> n (%)</td>
    </tr>
  </tfoot>
</table>
</div>
 [1] "Immunity_other"              "Immunityboost_001-061"      
 [3] "Immunityboost_062-122"       "Immunityboost_123-183"      
 [5] "Immunityboost_184-244"       "Immunityboost_245-305"      
 [7] "Immunityfull_001-061"        "Immunityfull_062-122"       
 [9] "Immunityfull_123-183"        "Immunityfull_184-244"       
[11] "Immunityfull_245-305"        "Immunityfull_306-366"       
[13] "Immunityfull_367-427"        "Immunityfull_428-488"       
[15] "Immunityfull_489-549"        "Immunityhybridboost_001-061"
[17] "Immunityhybridboost_062-122" "Immunityhybridboost_123-183"
[19] "Immunityhybridboost_184-244" "Immunityhybridboost_245-305"
[21] "Immunityhybridfull_001-061"  "Immunityhybridfull_062-122" 
[23] "Immunityhybridfull_123-183"  "Immunityhybridfull_184-244" 
[25] "Immunityhybridfull_245-305"  "Immunityhybridfull_306-366" 
[27] "Immunityhybridfull_367-427"  "Immunityhybridfull_428-488" 
[29] "Immunityhybridfull_489-549"  "Immunityinf_062-122"        
[31] "Immunityinf_123-183"         "Immunityinf_184-244"        
[33] "Immunityinf_245-305"         "Immunityinf_306-366"        
[35] "Immunityinf_367-427"         "Immunityinf_428-488"        
[37] "Immunityinf_489-549"         "Immunitysecboost_001-061"   
[39] "AgeGr70-74"                  "AgeGr75-79"                 
[41] "AgeGr80+"                    "SexM"                       
